<?xml version="1.0" encoding="UTF-8"?>
<testsuites name="Rule Editor" time="387" tests="4" failures="4" errors="0">
   <testsuite name="Rule Editor" tests="4" failures="4" errors="0" time="387" timestamp="2019-01-23 21:56:21" hostname="rogelio medrano - TDG-MBL-MTY0325.tiempodev.local" id="Test Suites/UI/Rule Editor/Rule Editor">
      <properties>
         <property name="deviceName" value=""/>
         <property name="devicePlatform" value=""/>
         <property name="logFolder" value="C:\\Users\\rogelio medrano\\git\\AMPSAutRegression\\Reports\\UI\\Rule Editor\\Rule Editor\\20190123_215620"/>
         <property name="logFiles" value="C:\\Users\\rogelio medrano\\git\\AMPSAutRegression\\Reports\\UI\\Rule Editor\\Rule Editor\\20190123_215620\\execution0.log"/>
         <property name="attachments" value="C:\\Users\\rogelio medrano\\git\\AMPSAutRegression\\Reports\\UI\\Rule Editor\\Rule Editor\\20190123_215620\\1548302444642.png, C:\\Users\\rogelio medrano\\git\\AMPSAutRegression\\Reports\\UI\\Rule Editor\\Rule Editor\\20190123_215620\\1548302515847.png, C:\\Users\\rogelio medrano\\git\\AMPSAutRegression\\Reports\\UI\\Rule Editor\\Rule Editor\\20190123_215620\\1548302568281.png, C:\\Users\\rogelio medrano\\git\\AMPSAutRegression\\Reports\\UI\\Rule Editor\\Rule Editor\\20190123_215620\\1548302568640.png"/>
         <property name="hostName" value="rogelio medrano - TDG-MBL-MTY0325.tiempodev.local"/>
         <property name="os" value="Windows 10 64bit"/>
         <property name="katalonVersion" value="5.10.1.1"/>
         <property name="browser" value="Chrome 71.0.3578.98"/>
         <property name="hostAddress" value="192.168.0.103"/>
         <property name="sessionId" value="b91d989cbaade5c2bd4fdac3ed2e6509"/>
         <property name="seleniumVersion" value="3.7.1"/>
         <property name="proxyInformation" value="ProxyInformation{proxyOption=NO_PROXY, proxyServerType=HTTP, password=, proxyServerAddress=, proxyServerPort=0}"/>
         <property name="platform" value="Windows 10"/>
      </properties>
      <testcase name="Test Cases/UI/Client/Rule Editor/Create New Rule Set Empty" classname="Test Cases/UI/Client/Rule Editor/Create New Rule Set Empty" status="PASSED">
         <system-out><![CDATA[2019-01-23 21:56:21 - [TEST_CASE][PASSED] - Test Cases/UI/Client/Rule Editor/Create New Rule Set Empty: Test Cases/UI/Client/Rule Editor/Create New Rule Set Empty

2019-01-23 21:56:22 - [TEST_STEP][PASSED] - UAT = "https://uat.advancedpricing.com": null

2019-01-23 21:56:22 - [TEST_STEP][PASSED] - USER = "qaAuto": null

2019-01-23 21:56:22 - [TEST_STEP][PASSED] - PASSWD = "a9yk100dD": null

2019-01-23 21:56:22 - [TEST_STEP][PASSED] - RULESETNAME = "AAAAAAN Empty Rule Set": null

2019-01-23 21:56:22 - [TEST_STEP][PASSED] - VALIDFROM = "01/18/2019": null

2019-01-23 21:56:22 - [TEST_STEP][PASSED] - VALIDTO = "01/30/2019": null

2019-01-23 21:56:22 - [TEST_STEP][PASSED] - RULESETTYPE = "Claim": null

2019-01-23 21:56:22 - [TEST_STEP][PASSED] - openBrowser(""): Browser is opened with url: ''

2019-01-23 21:56:22 - [MESSAGE][INFO] - Starting 'Chrome' driver

2019-01-23 21:56:22 - [MESSAGE][INFO] - Action delay is set to 0 seconds

2019-01-23 21:56:25 - [MESSAGE][PASSED] - Browser is opened with url: ''

2019-01-23 21:56:25 - [TEST_STEP][PASSED] - maximizeWindow(): Current window maximized

2019-01-23 21:56:26 - [MESSAGE][PASSED] - Current window maximized

2019-01-23 21:56:26 - [TEST_STEP][PASSED] - navigateToUrl(UAT): Navigate to 'https://uat.advancedpricing.com' successfully

2019-01-23 21:56:28 - [MESSAGE][PASSED] - Navigate to 'https://uat.advancedpricing.com' successfully

2019-01-23 21:56:28 - [TEST_STEP][PASSED] - waitForPageLoad(5): Wait for page load successfully

2019-01-23 21:56:28 - [MESSAGE][PASSED] - Wait for page load successfully

2019-01-23 21:56:28 - [TEST_STEP][PASSED] - setText(findTestObject("UI/Client/Claim Services/input_userCode"), USER): Text 'qaAuto' is set on object 'Object Repository/UI/Client/Claim Services/input_userCode'

2019-01-23 21:56:29 - [MESSAGE][PASSED] - Text 'qaAuto' is set on object 'Object Repository/UI/Client/Claim Services/input_userCode'

2019-01-23 21:56:29 - [TEST_STEP][PASSED] - setText(findTestObject("UI/Client/Claim Services/input_userPassword"), PASSWD): Text 'a9yk100dD' is set on object 'Object Repository/UI/Client/Claim Services/input_userPassword'

2019-01-23 21:56:29 - [MESSAGE][PASSED] - Text 'a9yk100dD' is set on object 'Object Repository/UI/Client/Claim Services/input_userPassword'

2019-01-23 21:56:29 - [TEST_STEP][PASSED] - waitForElementClickable(findTestObject("UI/Client/Claim Services/input_loginButton"), 5): Object 'Object Repository/UI/Client/Claim Services/input_loginButton' is clickable

2019-01-23 21:56:29 - [MESSAGE][PASSED] - Object 'Object Repository/UI/Client/Claim Services/input_loginButton' is clickable

2019-01-23 21:56:29 - [TEST_STEP][PASSED] - click(findTestObject("UI/Client/Claim Services/input_loginButton")): Object: 'Object Repository/UI/Client/Claim Services/input_loginButton' is clicked on

2019-01-23 21:56:29 - [MESSAGE][PASSED] - Object: 'Object Repository/UI/Client/Claim Services/input_loginButton' is clicked on

2019-01-23 21:56:29 - [TEST_STEP][PASSED] - delay(1): Delayed 1 second(s)

2019-01-23 21:56:30 - [MESSAGE][PASSED] - Delayed 1 second(s)

2019-01-23 21:56:30 - [TEST_STEP][PASSED] - waitForPageLoad(5): Wait for page load successfully

2019-01-23 21:56:30 - [MESSAGE][PASSED] - Wait for page load successfully

2019-01-23 21:56:30 - [TEST_STEP][PASSED] - waitForElementPresent(findTestObject("UI/Client/Rule Editor/h1_Clients"), 5): Object 'Object Repository/UI/Client/Rule Editor/h1_Clients' is present

2019-01-23 21:56:30 - [MESSAGE][PASSED] - Object 'Object Repository/UI/Client/Rule Editor/h1_Clients' is present

2019-01-23 21:56:30 - [TEST_STEP][PASSED] - pageTitle = getText(findTestObject("UI/Client/Rule Editor/h1_Clients")): Text of object 'Object Repository/UI/Client/Rule Editor/h1_Clients' is: 'Clients'

2019-01-23 21:56:30 - [MESSAGE][PASSED] - Text of object 'Object Repository/UI/Client/Rule Editor/h1_Clients' is: 'Clients'

2019-01-23 21:56:30 - [TEST_STEP][PASSED] - verifyMatch(pageTitle, "Clients", false): Actual text 'Clients' and expected text 'Clients' are matched 

2019-01-23 21:56:30 - [MESSAGE][PASSED] - Actual text 'Clients' and expected text 'Clients' are matched 

2019-01-23 21:56:30 - [TEST_STEP][PASSED] - delay(3): Delayed 3 second(s)

2019-01-23 21:56:33 - [MESSAGE][PASSED] - Delayed 3 second(s)

2019-01-23 21:56:33 - [TEST_STEP][PASSED] - waitForElementClickable(findTestObject("UI/Client/Rule Editor/span_ruleEditorMenu"), 5): Object 'Object Repository/UI/Client/Rule Editor/span_ruleEditorMenu' is clickable

2019-01-23 21:56:33 - [MESSAGE][PASSED] - Object 'Object Repository/UI/Client/Rule Editor/span_ruleEditorMenu' is clickable

2019-01-23 21:56:33 - [TEST_STEP][PASSED] - click(findTestObject("UI/Client/Rule Editor/span_ruleEditorMenu")): Object: 'Object Repository/UI/Client/Rule Editor/span_ruleEditorMenu' is clicked on

2019-01-23 21:56:33 - [MESSAGE][PASSED] - Object: 'Object Repository/UI/Client/Rule Editor/span_ruleEditorMenu' is clicked on

2019-01-23 21:56:33 - [TEST_STEP][PASSED] - delay(1): Delayed 1 second(s)

2019-01-23 21:56:34 - [MESSAGE][PASSED] - Delayed 1 second(s)

2019-01-23 21:56:34 - [TEST_STEP][PASSED] - waitForPageLoad(5): Wait for page load successfully

2019-01-23 21:56:34 - [MESSAGE][PASSED] - Wait for page load successfully

2019-01-23 21:56:34 - [TEST_STEP][PASSED] - waitForElementPresent(findTestObject("UI/Client/Rule Editor/h1_ruleEditor"), 5): Object 'Object Repository/UI/Client/Rule Editor/h1_ruleEditor' is present

2019-01-23 21:56:34 - [MESSAGE][PASSED] - Object 'Object Repository/UI/Client/Rule Editor/h1_ruleEditor' is present

2019-01-23 21:56:34 - [TEST_STEP][PASSED] - pageTitle = getText(findTestObject("UI/Client/Rule Editor/h1_ruleEditor")): Text of object 'Object Repository/UI/Client/Rule Editor/h1_ruleEditor' is: 'Rule Editor'

2019-01-23 21:56:34 - [MESSAGE][PASSED] - Text of object 'Object Repository/UI/Client/Rule Editor/h1_ruleEditor' is: 'Rule Editor'

2019-01-23 21:56:34 - [TEST_STEP][PASSED] - verifyMatch(pageTitle, "Rule Editor", false): Actual text 'Rule Editor' and expected text 'Rule Editor' are matched 

2019-01-23 21:56:34 - [MESSAGE][PASSED] - Actual text 'Rule Editor' and expected text 'Rule Editor' are matched 

2019-01-23 21:56:34 - [TEST_STEP][PASSED] - delay(3): Delayed 3 second(s)

2019-01-23 21:56:37 - [MESSAGE][PASSED] - Delayed 3 second(s)

2019-01-23 21:56:37 - [TEST_STEP][PASSED] - waitForElementClickable(findTestObject("UI/Client/Rule Editor/Create Rule Set/a_createNewRuleSet"), 5): Object 'Object Repository/UI/Client/Rule Editor/Create Rule Set/a_createNewRuleSet' is clickable

2019-01-23 21:56:37 - [MESSAGE][PASSED] - Object 'Object Repository/UI/Client/Rule Editor/Create Rule Set/a_createNewRuleSet' is clickable

2019-01-23 21:56:37 - [TEST_STEP][PASSED] - click(findTestObject("UI/Client/Rule Editor/Create Rule Set/a_createNewRuleSet")): Object: 'Object Repository/UI/Client/Rule Editor/Create Rule Set/a_createNewRuleSet' is clicked on

2019-01-23 21:56:38 - [MESSAGE][PASSED] - Object: 'Object Repository/UI/Client/Rule Editor/Create Rule Set/a_createNewRuleSet' is clicked on

2019-01-23 21:56:38 - [TEST_STEP][PASSED] - delay(1): Delayed 1 second(s)

2019-01-23 21:56:39 - [MESSAGE][PASSED] - Delayed 1 second(s)

2019-01-23 21:56:39 - [TEST_STEP][PASSED] - waitForPageLoad(5): Wait for page load successfully

2019-01-23 21:56:39 - [MESSAGE][PASSED] - Wait for page load successfully

2019-01-23 21:56:39 - [TEST_STEP][PASSED] - waitForElementPresent(findTestObject("UI/Client/Rule Editor/Create Rule Set/h2_newRulesetForm"), 5): Object 'Object Repository/UI/Client/Rule Editor/Create Rule Set/h2_newRulesetForm' is present

2019-01-23 21:56:39 - [MESSAGE][PASSED] - Object 'Object Repository/UI/Client/Rule Editor/Create Rule Set/h2_newRulesetForm' is present

2019-01-23 21:56:39 - [TEST_STEP][PASSED] - formTitle = getText(findTestObject("UI/Client/Rule Editor/Create Rule Set/h2_newRulesetForm")): Text of object 'Object Repository/UI/Client/Rule Editor/Create Rule Set/h2_newRulesetForm' is: 'New Ruleset'

2019-01-23 21:56:39 - [MESSAGE][PASSED] - Text of object 'Object Repository/UI/Client/Rule Editor/Create Rule Set/h2_newRulesetForm' is: 'New Ruleset'

2019-01-23 21:56:39 - [TEST_STEP][PASSED] - verifyMatch(formTitle, "New Ruleset", false): Actual text 'New Ruleset' and expected text 'New Ruleset' are matched 

2019-01-23 21:56:39 - [MESSAGE][PASSED] - Actual text 'New Ruleset' and expected text 'New Ruleset' are matched 

2019-01-23 21:56:39 - [TEST_STEP][PASSED] - delay(3): Delayed 3 second(s)

2019-01-23 21:56:42 - [MESSAGE][PASSED] - Delayed 3 second(s)

2019-01-23 21:56:42 - [TEST_STEP][PASSED] - waitForElementVisible(findTestObject("UI/Client/Rule Editor/Create Rule Set/input_ruleSetName"), 5): Object 'Object Repository/UI/Client/Rule Editor/Create Rule Set/input_ruleSetName' is visible

2019-01-23 21:56:42 - [MESSAGE][PASSED] - Object 'Object Repository/UI/Client/Rule Editor/Create Rule Set/input_ruleSetName' is visible

2019-01-23 21:56:42 - [TEST_STEP][PASSED] - setText(findTestObject("UI/Client/Rule Editor/Create Rule Set/input_ruleSetName"), RULESETNAME): Text 'AAAAAAN Empty Rule Set' is set on object 'Object Repository/UI/Client/Rule Editor/Create Rule Set/input_ruleSetName'

2019-01-23 21:56:42 - [MESSAGE][PASSED] - Text 'AAAAAAN Empty Rule Set' is set on object 'Object Repository/UI/Client/Rule Editor/Create Rule Set/input_ruleSetName'

2019-01-23 21:56:42 - [TEST_STEP][PASSED] - delay(2): Delayed 2 second(s)

2019-01-23 21:56:44 - [MESSAGE][PASSED] - Delayed 2 second(s)

2019-01-23 21:56:44 - [TEST_STEP][PASSED] - waitForElementVisible(findTestObject("UI/Client/Rule Editor/Create Rule Set/input_validFromDate"), 5): Object 'Object Repository/UI/Client/Rule Editor/Create Rule Set/input_validFromDate' is visible

2019-01-23 21:56:44 - [MESSAGE][PASSED] - Object 'Object Repository/UI/Client/Rule Editor/Create Rule Set/input_validFromDate' is visible

2019-01-23 21:56:44 - [TEST_STEP][PASSED] - setText(findTestObject("UI/Client/Rule Editor/Create Rule Set/input_validFromDate"), VALIDFROM): Text '01/18/2019' is set on object 'Object Repository/UI/Client/Rule Editor/Create Rule Set/input_validFromDate'

2019-01-23 21:56:44 - [MESSAGE][PASSED] - Text '01/18/2019' is set on object 'Object Repository/UI/Client/Rule Editor/Create Rule Set/input_validFromDate'

2019-01-23 21:56:44 - [TEST_STEP][PASSED] - delay(2): Delayed 2 second(s)

2019-01-23 21:56:46 - [MESSAGE][PASSED] - Delayed 2 second(s)

2019-01-23 21:56:46 - [TEST_STEP][PASSED] - waitForElementVisible(findTestObject("UI/Client/Rule Editor/Create Rule Set/input_validToDate"), 5): Object 'Object Repository/UI/Client/Rule Editor/Create Rule Set/input_validToDate' is visible

2019-01-23 21:56:46 - [MESSAGE][PASSED] - Object 'Object Repository/UI/Client/Rule Editor/Create Rule Set/input_validToDate' is visible

2019-01-23 21:56:46 - [TEST_STEP][PASSED] - setText(findTestObject("UI/Client/Rule Editor/Create Rule Set/input_validToDate"), VALIDTO): Text '01/30/2019' is set on object 'Object Repository/UI/Client/Rule Editor/Create Rule Set/input_validToDate'

2019-01-23 21:56:47 - [MESSAGE][PASSED] - Text '01/30/2019' is set on object 'Object Repository/UI/Client/Rule Editor/Create Rule Set/input_validToDate'

2019-01-23 21:56:47 - [TEST_STEP][PASSED] - delay(2): Delayed 2 second(s)

2019-01-23 21:56:49 - [MESSAGE][PASSED] - Delayed 2 second(s)

2019-01-23 21:56:49 - [TEST_STEP][PASSED] - waitForElementClickable(findTestObject("UI/Client/Rule Editor/Create Rule Set/select_ruleSetType"), 5): Object 'Object Repository/UI/Client/Rule Editor/Create Rule Set/select_ruleSetType' is clickable

2019-01-23 21:56:49 - [MESSAGE][PASSED] - Object 'Object Repository/UI/Client/Rule Editor/Create Rule Set/select_ruleSetType' is clickable

2019-01-23 21:56:49 - [TEST_STEP][PASSED] - click(findTestObject("UI/Client/Rule Editor/Create Rule Set/select_ruleSetType")): Object: 'Object Repository/UI/Client/Rule Editor/Create Rule Set/select_ruleSetType' is clicked on

2019-01-23 21:56:49 - [MESSAGE][PASSED] - Object: 'Object Repository/UI/Client/Rule Editor/Create Rule Set/select_ruleSetType' is clicked on

2019-01-23 21:56:49 - [TEST_STEP][PASSED] - delay(2): Delayed 2 second(s)

2019-01-23 21:56:51 - [MESSAGE][PASSED] - Delayed 2 second(s)

2019-01-23 21:56:51 - [TEST_STEP][PASSED] - waitForElementPresent(findTestObject("UI/Client/Rule Editor/Create Rule Set/option_claimType"), 5): Object 'Object Repository/UI/Client/Rule Editor/Create Rule Set/option_claimType' is present

2019-01-23 21:56:51 - [MESSAGE][PASSED] - Object 'Object Repository/UI/Client/Rule Editor/Create Rule Set/option_claimType' is present

2019-01-23 21:56:51 - [TEST_STEP][PASSED] - waitForElementVisible(findTestObject("UI/Client/Rule Editor/Create Rule Set/option_claimType"), 5): Object 'Object Repository/UI/Client/Rule Editor/Create Rule Set/option_claimType' is visible

2019-01-23 21:56:51 - [MESSAGE][PASSED] - Object 'Object Repository/UI/Client/Rule Editor/Create Rule Set/option_claimType' is visible

2019-01-23 21:56:51 - [TEST_STEP][PASSED] - sendKeys(findTestObject("UI/Client/Rule Editor/Create Rule Set/option_claimType"), Keys.chord(ENTER)): Keys 'ENTER + ' sent to object: 'Object Repository/UI/Client/Rule Editor/Create Rule Set/option_claimType'

2019-01-23 21:56:51 - [MESSAGE][PASSED] - Keys 'ENTER + ' sent to object: 'Object Repository/UI/Client/Rule Editor/Create Rule Set/option_claimType'

2019-01-23 21:56:51 - [TEST_STEP][PASSED] - delay(2): Delayed 2 second(s)

2019-01-23 21:56:53 - [MESSAGE][PASSED] - Delayed 2 second(s)

2019-01-23 21:56:53 - [TEST_STEP][PASSED] - waitForElementClickable(findTestObject("UI/Client/Rule Editor/Create Rule Set/button_saveRuleSet"), 5): Object 'Object Repository/UI/Client/Rule Editor/Create Rule Set/button_saveRuleSet' is clickable

2019-01-23 21:56:53 - [MESSAGE][PASSED] - Object 'Object Repository/UI/Client/Rule Editor/Create Rule Set/button_saveRuleSet' is clickable

2019-01-23 21:56:53 - [TEST_STEP][PASSED] - click(findTestObject("UI/Client/Rule Editor/Create Rule Set/button_saveRuleSet")): Object: 'Object Repository/UI/Client/Rule Editor/Create Rule Set/button_saveRuleSet' is clicked on

2019-01-23 21:56:53 - [MESSAGE][PASSED] - Object: 'Object Repository/UI/Client/Rule Editor/Create Rule Set/button_saveRuleSet' is clicked on

2019-01-23 21:56:53 - [TEST_STEP][PASSED] - delay(1): Delayed 1 second(s)

2019-01-23 21:56:54 - [MESSAGE][PASSED] - Delayed 1 second(s)

2019-01-23 21:56:54 - [TEST_STEP][PASSED] - waitForPageLoad(5): Wait for page load successfully

2019-01-23 21:56:54 - [MESSAGE][PASSED] - Wait for page load successfully

2019-01-23 21:56:54 - [TEST_STEP][PASSED] - waitForElementPresent(findTestObject("UI/Client/Rule Editor/Create Rule Set/div_alertRuleSetSaved"), 5): Object 'Object Repository/UI/Client/Rule Editor/Create Rule Set/div_alertRuleSetSaved' is present

2019-01-23 21:56:54 - [MESSAGE][PASSED] - Object 'Object Repository/UI/Client/Rule Editor/Create Rule Set/div_alertRuleSetSaved' is present

2019-01-23 21:56:54 - [TEST_STEP][PASSED] - waitForElementVisible(findTestObject("UI/Client/Rule Editor/Create Rule Set/div_alertRuleSetSaved"), 5): Object 'Object Repository/UI/Client/Rule Editor/Create Rule Set/div_alertRuleSetSaved' is visible

2019-01-23 21:56:54 - [MESSAGE][PASSED] - Object 'Object Repository/UI/Client/Rule Editor/Create Rule Set/div_alertRuleSetSaved' is visible

2019-01-23 21:56:54 - [TEST_STEP][PASSED] - focus(findTestObject("UI/Client/Rule Editor/Create Rule Set/div_alertRuleSetSaved")): Object: 'Object Repository/UI/Client/Rule Editor/Create Rule Set/div_alertRuleSetSaved' is focused

2019-01-23 21:56:54 - [MESSAGE][PASSED] - Object: 'Object Repository/UI/Client/Rule Editor/Create Rule Set/div_alertRuleSetSaved' is focused

2019-01-23 21:56:54 - [TEST_STEP][PASSED] - click(findTestObject("UI/Client/Rule Editor/Create Rule Set/button_acceptRuleSetSavedPopUp")): Object: 'Object Repository/UI/Client/Rule Editor/Create Rule Set/button_acceptRuleSetSavedPopUp' is clicked on

2019-01-23 21:56:54 - [MESSAGE][PASSED] - Object: 'Object Repository/UI/Client/Rule Editor/Create Rule Set/button_acceptRuleSetSavedPopUp' is clicked on

2019-01-23 21:56:54 - [TEST_STEP][PASSED] - delay(3): Delayed 3 second(s)

2019-01-23 21:56:57 - [MESSAGE][PASSED] - Delayed 3 second(s)

2019-01-23 21:56:57 - [TEST_STEP][PASSED] - waitForPageLoad(5): Wait for page load successfully

2019-01-23 21:56:57 - [MESSAGE][PASSED] - Wait for page load successfully

2019-01-23 21:56:57 - [TEST_STEP][PASSED] - waitForElementPresent(findTestObject("UI/Client/Rule Editor/Create Rule Set/h2_editRulesetForm"), 5): Object 'Object Repository/UI/Client/Rule Editor/Create Rule Set/h2_editRulesetForm' is present

2019-01-23 21:56:58 - [MESSAGE][PASSED] - Object 'Object Repository/UI/Client/Rule Editor/Create Rule Set/h2_editRulesetForm' is present

2019-01-23 21:56:58 - [TEST_STEP][PASSED] - formTitle = getText(findTestObject("UI/Client/Rule Editor/Create Rule Set/h2_editRulesetForm")): Text of object 'Object Repository/UI/Client/Rule Editor/Create Rule Set/h2_editRulesetForm' is: 'Edit Ruleset'

2019-01-23 21:56:58 - [MESSAGE][PASSED] - Text of object 'Object Repository/UI/Client/Rule Editor/Create Rule Set/h2_editRulesetForm' is: 'Edit Ruleset'

2019-01-23 21:56:58 - [TEST_STEP][PASSED] - verifyMatch(formTitle, "Edit Ruleset", false): Actual text 'Edit Ruleset' and expected text 'Edit Ruleset' are matched 

2019-01-23 21:56:58 - [MESSAGE][PASSED] - Actual text 'Edit Ruleset' and expected text 'Edit Ruleset' are matched 

2019-01-23 21:56:58 - [TEST_STEP][PASSED] - delay(3): Delayed 3 second(s)

2019-01-23 21:57:01 - [MESSAGE][PASSED] - Delayed 3 second(s)

2019-01-23 21:57:01 - [TEST_STEP][PASSED] - waitForElementClickable(findTestObject("UI/General/Log/a_userAvatar"), 5): Object 'Object Repository/UI/General/Log/a_userAvatar' is clickable

2019-01-23 21:57:01 - [MESSAGE][PASSED] - Object 'Object Repository/UI/General/Log/a_userAvatar' is clickable

2019-01-23 21:57:01 - [TEST_STEP][PASSED] - click(findTestObject("UI/General/Log/a_userAvatar")): Object: 'Object Repository/UI/General/Log/a_userAvatar' is clicked on

2019-01-23 21:57:01 - [MESSAGE][PASSED] - Object: 'Object Repository/UI/General/Log/a_userAvatar' is clicked on

2019-01-23 21:57:01 - [TEST_STEP][PASSED] - delay(1): Delayed 1 second(s)

2019-01-23 21:57:02 - [MESSAGE][PASSED] - Delayed 1 second(s)

2019-01-23 21:57:02 - [TEST_STEP][PASSED] - waitForElementClickable(findTestObject("UI/General/Log/a_signOutAMPS"), 5): Object 'Object Repository/UI/General/Log/a_signOutAMPS' is clickable

2019-01-23 21:57:02 - [MESSAGE][PASSED] - Object 'Object Repository/UI/General/Log/a_signOutAMPS' is clickable

2019-01-23 21:57:02 - [TEST_STEP][PASSED] - click(findTestObject("UI/General/Log/a_signOutAMPS")): Object: 'Object Repository/UI/General/Log/a_signOutAMPS' is clicked on

2019-01-23 21:57:02 - [MESSAGE][PASSED] - Object: 'Object Repository/UI/General/Log/a_signOutAMPS' is clicked on

2019-01-23 21:57:02 - [TEST_STEP][PASSED] - delay(1): Delayed 1 second(s)

2019-01-23 21:57:03 - [MESSAGE][PASSED] - Delayed 1 second(s)

2019-01-23 21:57:03 - [TEST_STEP][PASSED] - closeBrowser(): Browser is closed

2019-01-23 21:57:04 - [MESSAGE][PASSED] - Browser is closed]]></system-out>
         <system-err><![CDATA[]]></system-err>
      </testcase>
      <testcase name="Test Cases/UI/Client/Rule Editor/Edit Rule Set To Execute" classname="Test Cases/UI/Client/Rule Editor/Edit Rule Set To Execute" status="PASSED">
         <system-out><![CDATA[2019-01-23 21:57:04 - [TEST_CASE][PASSED] - Test Cases/UI/Client/Rule Editor/Edit Rule Set To Execute: Test Cases/UI/Client/Rule Editor/Edit Rule Set To Execute

2019-01-23 21:57:04 - [TEST_STEP][PASSED] - UAT = "https://uat.advancedpricing.com": null

2019-01-23 21:57:04 - [TEST_STEP][PASSED] - USER = "qaAuto": null

2019-01-23 21:57:04 - [TEST_STEP][PASSED] - PASSWD = "a9yk100dD": null

2019-01-23 21:57:04 - [TEST_STEP][PASSED] - VALIDTO = "12/31/2019": null

2019-01-23 21:57:04 - [TEST_STEP][PASSED] - RULENAME = "Date Creation Rule": null

2019-01-23 21:57:04 - [TEST_STEP][PASSED] - CONDITION = "Claim: Create Date": null

2019-01-23 21:57:04 - [TEST_STEP][PASSED] - CREATEDATE = "08/27/2018": null

2019-01-23 21:57:04 - [TEST_STEP][PASSED] - ACTION = "Generic: Log a Debug Message": null

2019-01-23 21:57:04 - [TEST_STEP][PASSED] - MESSAGE = "Testing Execution of Rules": null

2019-01-23 21:57:04 - [TEST_STEP][PASSED] - CLAIMID = "1027963": null

2019-01-23 21:57:04 - [TEST_STEP][PASSED] - openBrowser(""): Browser is opened with url: ''

2019-01-23 21:57:04 - [MESSAGE][INFO] - Starting 'Chrome' driver

2019-01-23 21:57:06 - [MESSAGE][PASSED] - Browser is opened with url: ''

2019-01-23 21:57:06 - [TEST_STEP][PASSED] - maximizeWindow(): Current window maximized

2019-01-23 21:57:07 - [MESSAGE][PASSED] - Current window maximized

2019-01-23 21:57:07 - [TEST_STEP][PASSED] - navigateToUrl(UAT): Navigate to 'https://uat.advancedpricing.com' successfully

2019-01-23 21:57:09 - [MESSAGE][PASSED] - Navigate to 'https://uat.advancedpricing.com' successfully

2019-01-23 21:57:09 - [TEST_STEP][PASSED] - waitForPageLoad(5): Wait for page load successfully

2019-01-23 21:57:09 - [MESSAGE][PASSED] - Wait for page load successfully

2019-01-23 21:57:09 - [TEST_STEP][PASSED] - setText(findTestObject("UI/Client/Claim Services/input_userCode"), USER): Text 'qaAuto' is set on object 'Object Repository/UI/Client/Claim Services/input_userCode'

2019-01-23 21:57:09 - [MESSAGE][PASSED] - Text 'qaAuto' is set on object 'Object Repository/UI/Client/Claim Services/input_userCode'

2019-01-23 21:57:09 - [TEST_STEP][PASSED] - setText(findTestObject("UI/Client/Claim Services/input_userPassword"), PASSWD): Text 'a9yk100dD' is set on object 'Object Repository/UI/Client/Claim Services/input_userPassword'

2019-01-23 21:57:09 - [MESSAGE][PASSED] - Text 'a9yk100dD' is set on object 'Object Repository/UI/Client/Claim Services/input_userPassword'

2019-01-23 21:57:09 - [TEST_STEP][PASSED] - waitForElementClickable(findTestObject("UI/Client/Claim Services/input_loginButton"), 5): Object 'Object Repository/UI/Client/Claim Services/input_loginButton' is clickable

2019-01-23 21:57:09 - [MESSAGE][PASSED] - Object 'Object Repository/UI/Client/Claim Services/input_loginButton' is clickable

2019-01-23 21:57:09 - [TEST_STEP][PASSED] - click(findTestObject("UI/Client/Claim Services/input_loginButton")): Object: 'Object Repository/UI/Client/Claim Services/input_loginButton' is clicked on

2019-01-23 21:57:10 - [MESSAGE][PASSED] - Object: 'Object Repository/UI/Client/Claim Services/input_loginButton' is clicked on

2019-01-23 21:57:10 - [TEST_STEP][PASSED] - delay(1): Delayed 1 second(s)

2019-01-23 21:57:11 - [MESSAGE][PASSED] - Delayed 1 second(s)

2019-01-23 21:57:11 - [TEST_STEP][PASSED] - waitForPageLoad(5): Wait for page load successfully

2019-01-23 21:57:11 - [MESSAGE][PASSED] - Wait for page load successfully

2019-01-23 21:57:11 - [TEST_STEP][PASSED] - waitForElementPresent(findTestObject("UI/Client/Rule Editor/h1_Clients"), 5): Object 'Object Repository/UI/Client/Rule Editor/h1_Clients' is present

2019-01-23 21:57:11 - [MESSAGE][PASSED] - Object 'Object Repository/UI/Client/Rule Editor/h1_Clients' is present

2019-01-23 21:57:11 - [TEST_STEP][PASSED] - pageTitle = getText(findTestObject("UI/Client/Rule Editor/h1_Clients")): Text of object 'Object Repository/UI/Client/Rule Editor/h1_Clients' is: 'Clients'

2019-01-23 21:57:11 - [MESSAGE][PASSED] - Text of object 'Object Repository/UI/Client/Rule Editor/h1_Clients' is: 'Clients'

2019-01-23 21:57:11 - [TEST_STEP][PASSED] - verifyMatch(pageTitle, "Clients", false): Actual text 'Clients' and expected text 'Clients' are matched 

2019-01-23 21:57:11 - [MESSAGE][PASSED] - Actual text 'Clients' and expected text 'Clients' are matched 

2019-01-23 21:57:11 - [TEST_STEP][PASSED] - delay(3): Delayed 3 second(s)

2019-01-23 21:57:14 - [MESSAGE][PASSED] - Delayed 3 second(s)

2019-01-23 21:57:14 - [TEST_STEP][PASSED] - waitForElementClickable(findTestObject("UI/Client/Rule Editor/span_ruleEditorMenu"), 5): Object 'Object Repository/UI/Client/Rule Editor/span_ruleEditorMenu' is clickable

2019-01-23 21:57:14 - [MESSAGE][PASSED] - Object 'Object Repository/UI/Client/Rule Editor/span_ruleEditorMenu' is clickable

2019-01-23 21:57:14 - [TEST_STEP][PASSED] - click(findTestObject("UI/Client/Rule Editor/span_ruleEditorMenu")): Object: 'Object Repository/UI/Client/Rule Editor/span_ruleEditorMenu' is clicked on

2019-01-23 21:57:14 - [MESSAGE][PASSED] - Object: 'Object Repository/UI/Client/Rule Editor/span_ruleEditorMenu' is clicked on

2019-01-23 21:57:14 - [TEST_STEP][PASSED] - delay(1): Delayed 1 second(s)

2019-01-23 21:57:15 - [MESSAGE][PASSED] - Delayed 1 second(s)

2019-01-23 21:57:15 - [TEST_STEP][PASSED] - waitForPageLoad(5): Wait for page load successfully

2019-01-23 21:57:15 - [MESSAGE][PASSED] - Wait for page load successfully

2019-01-23 21:57:15 - [TEST_STEP][PASSED] - waitForElementPresent(findTestObject("UI/Client/Rule Editor/h1_ruleEditor"), 5): Object 'Object Repository/UI/Client/Rule Editor/h1_ruleEditor' is present

2019-01-23 21:57:15 - [MESSAGE][PASSED] - Object 'Object Repository/UI/Client/Rule Editor/h1_ruleEditor' is present

2019-01-23 21:57:15 - [TEST_STEP][PASSED] - pageTitle = getText(findTestObject("UI/Client/Rule Editor/h1_ruleEditor")): Text of object 'Object Repository/UI/Client/Rule Editor/h1_ruleEditor' is: 'Rule Editor'

2019-01-23 21:57:15 - [MESSAGE][PASSED] - Text of object 'Object Repository/UI/Client/Rule Editor/h1_ruleEditor' is: 'Rule Editor'

2019-01-23 21:57:15 - [TEST_STEP][PASSED] - verifyMatch(pageTitle, "Rule Editor", false): Actual text 'Rule Editor' and expected text 'Rule Editor' are matched 

2019-01-23 21:57:15 - [MESSAGE][PASSED] - Actual text 'Rule Editor' and expected text 'Rule Editor' are matched 

2019-01-23 21:57:15 - [TEST_STEP][PASSED] - delay(3): Delayed 3 second(s)

2019-01-23 21:57:18 - [MESSAGE][PASSED] - Delayed 3 second(s)

2019-01-23 21:57:18 - [TEST_STEP][PASSED] - waitForElementClickable(findTestObject("UI/Client/Rule Editor/Edit Rule Set/a_editRuleSetIcon"), 5): Object 'Object Repository/UI/Client/Rule Editor/Edit Rule Set/a_editRuleSetIcon' is clickable

2019-01-23 21:57:18 - [MESSAGE][PASSED] - Object 'Object Repository/UI/Client/Rule Editor/Edit Rule Set/a_editRuleSetIcon' is clickable

2019-01-23 21:57:18 - [TEST_STEP][PASSED] - click(findTestObject("UI/Client/Rule Editor/Edit Rule Set/a_editRuleSetIcon")): Object: 'Object Repository/UI/Client/Rule Editor/Edit Rule Set/a_editRuleSetIcon' is clicked on

2019-01-23 21:57:18 - [MESSAGE][PASSED] - Object: 'Object Repository/UI/Client/Rule Editor/Edit Rule Set/a_editRuleSetIcon' is clicked on

2019-01-23 21:57:18 - [TEST_STEP][PASSED] - delay(1): Delayed 1 second(s)

2019-01-23 21:57:19 - [MESSAGE][PASSED] - Delayed 1 second(s)

2019-01-23 21:57:19 - [TEST_STEP][PASSED] - waitForPageLoad(5): Wait for page load successfully

2019-01-23 21:57:19 - [MESSAGE][PASSED] - Wait for page load successfully

2019-01-23 21:57:19 - [TEST_STEP][PASSED] - click(findTestObject("UI/Client/Rule Editor/Edit Rule Set/span_clearValidTo")): Object: 'Object Repository/UI/Client/Rule Editor/Edit Rule Set/span_clearValidTo' is clicked on

2019-01-23 21:57:19 - [MESSAGE][PASSED] - Object: 'Object Repository/UI/Client/Rule Editor/Edit Rule Set/span_clearValidTo' is clicked on

2019-01-23 21:57:19 - [TEST_STEP][PASSED] - delay(1): Delayed 1 second(s)

2019-01-23 21:57:20 - [MESSAGE][PASSED] - Delayed 1 second(s)

2019-01-23 21:57:20 - [TEST_STEP][PASSED] - waitForElementVisible(findTestObject("UI/Client/Rule Editor/Create Rule Set/input_validToDate"), 5): Object 'Object Repository/UI/Client/Rule Editor/Create Rule Set/input_validToDate' is visible

2019-01-23 21:57:20 - [MESSAGE][PASSED] - Object 'Object Repository/UI/Client/Rule Editor/Create Rule Set/input_validToDate' is visible

2019-01-23 21:57:20 - [TEST_STEP][PASSED] - setText(findTestObject("UI/Client/Rule Editor/Create Rule Set/input_validToDate"), VALIDTO): Text '12/31/2019' is set on object 'Object Repository/UI/Client/Rule Editor/Create Rule Set/input_validToDate'

2019-01-23 21:57:21 - [MESSAGE][PASSED] - Text '12/31/2019' is set on object 'Object Repository/UI/Client/Rule Editor/Create Rule Set/input_validToDate'

2019-01-23 21:57:21 - [TEST_STEP][PASSED] - delay(2): Delayed 2 second(s)

2019-01-23 21:57:23 - [MESSAGE][PASSED] - Delayed 2 second(s)

2019-01-23 21:57:23 - [TEST_STEP][PASSED] - waitForElementPresent(findTestObject("Object Repository/UI/Client/Rule Editor/Create Rule Set/a_addRuleToRuleSet"), 5): Object 'Object Repository/UI/Client/Rule Editor/Create Rule Set/a_addRuleToRuleSet' is present

2019-01-23 21:57:23 - [MESSAGE][PASSED] - Object 'Object Repository/UI/Client/Rule Editor/Create Rule Set/a_addRuleToRuleSet' is present

2019-01-23 21:57:23 - [TEST_STEP][PASSED] - waitForElementClickable(findTestObject("UI/Client/Rule Editor/Create Rule Set/a_addRuleToRuleSet"), 5): Object 'Object Repository/UI/Client/Rule Editor/Create Rule Set/a_addRuleToRuleSet' is clickable

2019-01-23 21:57:23 - [MESSAGE][PASSED] - Object 'Object Repository/UI/Client/Rule Editor/Create Rule Set/a_addRuleToRuleSet' is clickable

2019-01-23 21:57:23 - [TEST_STEP][PASSED] - click(findTestObject("UI/Client/Rule Editor/Create Rule Set/a_addRuleToRuleSet")): Object: 'Object Repository/UI/Client/Rule Editor/Create Rule Set/a_addRuleToRuleSet' is clicked on

2019-01-23 21:57:23 - [MESSAGE][PASSED] - Object: 'Object Repository/UI/Client/Rule Editor/Create Rule Set/a_addRuleToRuleSet' is clicked on

2019-01-23 21:57:23 - [TEST_STEP][PASSED] - delay(1): Delayed 1 second(s)

2019-01-23 21:57:24 - [MESSAGE][PASSED] - Delayed 1 second(s)

2019-01-23 21:57:24 - [TEST_STEP][PASSED] - waitForPageLoad(5): Wait for page load successfully

2019-01-23 21:57:24 - [MESSAGE][PASSED] - Wait for page load successfully

2019-01-23 21:57:24 - [TEST_STEP][PASSED] - waitForElementPresent(findTestObject("UI/Client/Rule Editor/Create Rule Set/h2_newRulesForm"), 5): Object 'Object Repository/UI/Client/Rule Editor/Create Rule Set/h2_newRulesForm' is present

2019-01-23 21:57:24 - [MESSAGE][PASSED] - Object 'Object Repository/UI/Client/Rule Editor/Create Rule Set/h2_newRulesForm' is present

2019-01-23 21:57:24 - [TEST_STEP][PASSED] - formTitle = getText(findTestObject("UI/Client/Rule Editor/Create Rule Set/h2_newRulesForm")): Text of object 'Object Repository/UI/Client/Rule Editor/Create Rule Set/h2_newRulesForm' is: 'New Rules'

2019-01-23 21:57:24 - [MESSAGE][PASSED] - Text of object 'Object Repository/UI/Client/Rule Editor/Create Rule Set/h2_newRulesForm' is: 'New Rules'

2019-01-23 21:57:24 - [TEST_STEP][PASSED] - verifyMatch(formTitle, "New Rules", false): Actual text 'New Rules' and expected text 'New Rules' are matched 

2019-01-23 21:57:24 - [MESSAGE][PASSED] - Actual text 'New Rules' and expected text 'New Rules' are matched 

2019-01-23 21:57:24 - [TEST_STEP][PASSED] - delay(3): Delayed 3 second(s)

2019-01-23 21:57:27 - [MESSAGE][PASSED] - Delayed 3 second(s)

2019-01-23 21:57:27 - [TEST_STEP][PASSED] - waitForElementVisible(findTestObject("UI/Client/Rule Editor/Create Rule Set/input_ruleName"), 5): Object 'Object Repository/UI/Client/Rule Editor/Create Rule Set/input_ruleName' is visible

2019-01-23 21:57:27 - [MESSAGE][PASSED] - Object 'Object Repository/UI/Client/Rule Editor/Create Rule Set/input_ruleName' is visible

2019-01-23 21:57:27 - [TEST_STEP][PASSED] - setText(findTestObject("UI/Client/Rule Editor/Create Rule Set/input_ruleName"), RULENAME): Text 'Date Creation Rule' is set on object 'Object Repository/UI/Client/Rule Editor/Create Rule Set/input_ruleName'

2019-01-23 21:57:27 - [MESSAGE][PASSED] - Text 'Date Creation Rule' is set on object 'Object Repository/UI/Client/Rule Editor/Create Rule Set/input_ruleName'

2019-01-23 21:57:27 - [TEST_STEP][PASSED] - delay(2): Delayed 2 second(s)

2019-01-23 21:57:29 - [MESSAGE][PASSED] - Delayed 2 second(s)

2019-01-23 21:57:29 - [TEST_STEP][PASSED] - waitForElementClickable(findTestObject("UI/Client/Rule Editor/Create Rule Set/select_addCondition"), 5): Object 'Object Repository/UI/Client/Rule Editor/Create Rule Set/select_addCondition' is clickable

2019-01-23 21:57:30 - [MESSAGE][PASSED] - Object 'Object Repository/UI/Client/Rule Editor/Create Rule Set/select_addCondition' is clickable

2019-01-23 21:57:30 - [TEST_STEP][PASSED] - click(findTestObject("UI/Client/Rule Editor/Create Rule Set/select_focusAddCondition")): Object: 'Object Repository/UI/Client/Rule Editor/Create Rule Set/select_focusAddCondition' is clicked on

2019-01-23 21:57:30 - [MESSAGE][PASSED] - Object: 'Object Repository/UI/Client/Rule Editor/Create Rule Set/select_focusAddCondition' is clicked on

2019-01-23 21:57:30 - [TEST_STEP][PASSED] - delay(1): Delayed 1 second(s)

2019-01-23 21:57:31 - [MESSAGE][PASSED] - Delayed 1 second(s)

2019-01-23 21:57:31 - [TEST_STEP][PASSED] - for ([i = 0, i < 12, (i++)]): Delayed 1 second(s)

2019-01-23 21:57:31 - [TEST_STEP][PASSED] - sendKeys(findTestObject("UI/Client/Rule Editor/Create Rule Set/select_addCondition"), Keys.chord(ARROW_DOWN)): Keys 'DOWN + ' sent to object: 'Object Repository/UI/Client/Rule Editor/Create Rule Set/select_addCondition'

2019-01-23 21:57:31 - [MESSAGE][PASSED] - Keys 'DOWN + ' sent to object: 'Object Repository/UI/Client/Rule Editor/Create Rule Set/select_addCondition'

2019-01-23 21:57:31 - [TEST_STEP][PASSED] - delay(1): Delayed 1 second(s)

2019-01-23 21:57:32 - [MESSAGE][PASSED] - Delayed 1 second(s)

2019-01-23 21:57:32 - [TEST_STEP][PASSED] - sendKeys(findTestObject("UI/Client/Rule Editor/Create Rule Set/select_addCondition"), Keys.chord(ARROW_DOWN)): Keys 'DOWN + ' sent to object: 'Object Repository/UI/Client/Rule Editor/Create Rule Set/select_addCondition'

2019-01-23 21:57:32 - [MESSAGE][PASSED] - Keys 'DOWN + ' sent to object: 'Object Repository/UI/Client/Rule Editor/Create Rule Set/select_addCondition'

2019-01-23 21:57:32 - [TEST_STEP][PASSED] - delay(1): Delayed 1 second(s)

2019-01-23 21:57:33 - [MESSAGE][PASSED] - Delayed 1 second(s)

2019-01-23 21:57:33 - [TEST_STEP][PASSED] - sendKeys(findTestObject("UI/Client/Rule Editor/Create Rule Set/select_addCondition"), Keys.chord(ARROW_DOWN)): Keys 'DOWN + ' sent to object: 'Object Repository/UI/Client/Rule Editor/Create Rule Set/select_addCondition'

2019-01-23 21:57:33 - [MESSAGE][PASSED] - Keys 'DOWN + ' sent to object: 'Object Repository/UI/Client/Rule Editor/Create Rule Set/select_addCondition'

2019-01-23 21:57:33 - [TEST_STEP][PASSED] - delay(1): Delayed 1 second(s)

2019-01-23 21:57:34 - [MESSAGE][PASSED] - Delayed 1 second(s)

2019-01-23 21:57:34 - [TEST_STEP][PASSED] - sendKeys(findTestObject("UI/Client/Rule Editor/Create Rule Set/select_addCondition"), Keys.chord(ARROW_DOWN)): Keys 'DOWN + ' sent to object: 'Object Repository/UI/Client/Rule Editor/Create Rule Set/select_addCondition'

2019-01-23 21:57:34 - [MESSAGE][PASSED] - Keys 'DOWN + ' sent to object: 'Object Repository/UI/Client/Rule Editor/Create Rule Set/select_addCondition'

2019-01-23 21:57:34 - [TEST_STEP][PASSED] - delay(1): Delayed 1 second(s)

2019-01-23 21:57:35 - [MESSAGE][PASSED] - Delayed 1 second(s)

2019-01-23 21:57:35 - [TEST_STEP][PASSED] - sendKeys(findTestObject("UI/Client/Rule Editor/Create Rule Set/select_addCondition"), Keys.chord(ARROW_DOWN)): Keys 'DOWN + ' sent to object: 'Object Repository/UI/Client/Rule Editor/Create Rule Set/select_addCondition'

2019-01-23 21:57:35 - [MESSAGE][PASSED] - Keys 'DOWN + ' sent to object: 'Object Repository/UI/Client/Rule Editor/Create Rule Set/select_addCondition'

2019-01-23 21:57:35 - [TEST_STEP][PASSED] - delay(1): Delayed 1 second(s)

2019-01-23 21:57:36 - [MESSAGE][PASSED] - Delayed 1 second(s)

2019-01-23 21:57:36 - [TEST_STEP][PASSED] - sendKeys(findTestObject("UI/Client/Rule Editor/Create Rule Set/select_addCondition"), Keys.chord(ARROW_DOWN)): Keys 'DOWN + ' sent to object: 'Object Repository/UI/Client/Rule Editor/Create Rule Set/select_addCondition'

2019-01-23 21:57:36 - [MESSAGE][PASSED] - Keys 'DOWN + ' sent to object: 'Object Repository/UI/Client/Rule Editor/Create Rule Set/select_addCondition'

2019-01-23 21:57:36 - [TEST_STEP][PASSED] - delay(1): Delayed 1 second(s)

2019-01-23 21:57:37 - [MESSAGE][PASSED] - Delayed 1 second(s)

2019-01-23 21:57:37 - [TEST_STEP][PASSED] - sendKeys(findTestObject("UI/Client/Rule Editor/Create Rule Set/select_addCondition"), Keys.chord(ARROW_DOWN)): Keys 'DOWN + ' sent to object: 'Object Repository/UI/Client/Rule Editor/Create Rule Set/select_addCondition'

2019-01-23 21:57:37 - [MESSAGE][PASSED] - Keys 'DOWN + ' sent to object: 'Object Repository/UI/Client/Rule Editor/Create Rule Set/select_addCondition'

2019-01-23 21:57:37 - [TEST_STEP][PASSED] - delay(1): Delayed 1 second(s)

2019-01-23 21:57:38 - [MESSAGE][PASSED] - Delayed 1 second(s)

2019-01-23 21:57:38 - [TEST_STEP][PASSED] - sendKeys(findTestObject("UI/Client/Rule Editor/Create Rule Set/select_addCondition"), Keys.chord(ARROW_DOWN)): Keys 'DOWN + ' sent to object: 'Object Repository/UI/Client/Rule Editor/Create Rule Set/select_addCondition'

2019-01-23 21:57:38 - [MESSAGE][PASSED] - Keys 'DOWN + ' sent to object: 'Object Repository/UI/Client/Rule Editor/Create Rule Set/select_addCondition'

2019-01-23 21:57:38 - [TEST_STEP][PASSED] - delay(1): Delayed 1 second(s)

2019-01-23 21:57:39 - [MESSAGE][PASSED] - Delayed 1 second(s)

2019-01-23 21:57:39 - [TEST_STEP][PASSED] - sendKeys(findTestObject("UI/Client/Rule Editor/Create Rule Set/select_addCondition"), Keys.chord(ARROW_DOWN)): Keys 'DOWN + ' sent to object: 'Object Repository/UI/Client/Rule Editor/Create Rule Set/select_addCondition'

2019-01-23 21:57:39 - [MESSAGE][PASSED] - Keys 'DOWN + ' sent to object: 'Object Repository/UI/Client/Rule Editor/Create Rule Set/select_addCondition'

2019-01-23 21:57:39 - [TEST_STEP][PASSED] - delay(1): Delayed 1 second(s)

2019-01-23 21:57:40 - [MESSAGE][PASSED] - Delayed 1 second(s)

2019-01-23 21:57:40 - [TEST_STEP][PASSED] - sendKeys(findTestObject("UI/Client/Rule Editor/Create Rule Set/select_addCondition"), Keys.chord(ARROW_DOWN)): Keys 'DOWN + ' sent to object: 'Object Repository/UI/Client/Rule Editor/Create Rule Set/select_addCondition'

2019-01-23 21:57:40 - [MESSAGE][PASSED] - Keys 'DOWN + ' sent to object: 'Object Repository/UI/Client/Rule Editor/Create Rule Set/select_addCondition'

2019-01-23 21:57:40 - [TEST_STEP][PASSED] - delay(1): Delayed 1 second(s)

2019-01-23 21:57:41 - [MESSAGE][PASSED] - Delayed 1 second(s)

2019-01-23 21:57:41 - [TEST_STEP][PASSED] - sendKeys(findTestObject("UI/Client/Rule Editor/Create Rule Set/select_addCondition"), Keys.chord(ARROW_DOWN)): Keys 'DOWN + ' sent to object: 'Object Repository/UI/Client/Rule Editor/Create Rule Set/select_addCondition'

2019-01-23 21:57:41 - [MESSAGE][PASSED] - Keys 'DOWN + ' sent to object: 'Object Repository/UI/Client/Rule Editor/Create Rule Set/select_addCondition'

2019-01-23 21:57:41 - [TEST_STEP][PASSED] - delay(1): Delayed 1 second(s)

2019-01-23 21:57:42 - [MESSAGE][PASSED] - Delayed 1 second(s)

2019-01-23 21:57:42 - [TEST_STEP][PASSED] - sendKeys(findTestObject("UI/Client/Rule Editor/Create Rule Set/select_addCondition"), Keys.chord(ARROW_DOWN)): Keys 'DOWN + ' sent to object: 'Object Repository/UI/Client/Rule Editor/Create Rule Set/select_addCondition'

2019-01-23 21:57:42 - [MESSAGE][PASSED] - Keys 'DOWN + ' sent to object: 'Object Repository/UI/Client/Rule Editor/Create Rule Set/select_addCondition'

2019-01-23 21:57:42 - [TEST_STEP][PASSED] - delay(1): Delayed 1 second(s)

2019-01-23 21:57:43 - [MESSAGE][PASSED] - Delayed 1 second(s)

2019-01-23 21:57:43 - [TEST_STEP][PASSED] - sendKeys(findTestObject("UI/Client/Rule Editor/Create Rule Set/select_addCondition"), Keys.chord(ENTER)): Keys 'ENTER + ' sent to object: 'Object Repository/UI/Client/Rule Editor/Create Rule Set/select_addCondition'

2019-01-23 21:57:44 - [MESSAGE][PASSED] - Keys 'ENTER + ' sent to object: 'Object Repository/UI/Client/Rule Editor/Create Rule Set/select_addCondition'

2019-01-23 21:57:44 - [TEST_STEP][PASSED] - delay(1): Delayed 1 second(s)

2019-01-23 21:57:45 - [MESSAGE][PASSED] - Delayed 1 second(s)

2019-01-23 21:57:45 - [TEST_STEP][PASSED] - waitForElementClickable(findTestObject("Object Repository/UI/Client/Rule Editor/Edit Rule Set/a_addConditionLogic"), 5): Object 'Object Repository/UI/Client/Rule Editor/Edit Rule Set/a_addConditionLogic' is clickable

2019-01-23 21:57:45 - [MESSAGE][PASSED] - Object 'Object Repository/UI/Client/Rule Editor/Edit Rule Set/a_addConditionLogic' is clickable

2019-01-23 21:57:45 - [TEST_STEP][PASSED] - click(findTestObject("Object Repository/UI/Client/Rule Editor/Edit Rule Set/a_addConditionLogic")): Object: 'Object Repository/UI/Client/Rule Editor/Edit Rule Set/a_addConditionLogic' is clicked on

2019-01-23 21:57:45 - [MESSAGE][PASSED] - Object: 'Object Repository/UI/Client/Rule Editor/Edit Rule Set/a_addConditionLogic' is clicked on

2019-01-23 21:57:45 - [TEST_STEP][PASSED] - delay(1): Delayed 1 second(s)

2019-01-23 21:57:46 - [MESSAGE][PASSED] - Delayed 1 second(s)

2019-01-23 21:57:46 - [TEST_STEP][PASSED] - waitForElementPresent(findTestObject("Object Repository/UI/Client/Rule Editor/Edit Rule Set/div_conditionForm"), 5): Object 'Object Repository/UI/Client/Rule Editor/Edit Rule Set/div_conditionForm' is present

2019-01-23 21:57:46 - [MESSAGE][PASSED] - Object 'Object Repository/UI/Client/Rule Editor/Edit Rule Set/div_conditionForm' is present

2019-01-23 21:57:46 - [TEST_STEP][PASSED] - formTitle = getText(findTestObject("Object Repository/UI/Client/Rule Editor/Edit Rule Set/div_conditionForm")): Text of object 'Object Repository/UI/Client/Rule Editor/Edit Rule Set/div_conditionForm' is: 'Claim: Create Date'

2019-01-23 21:57:46 - [MESSAGE][PASSED] - Text of object 'Object Repository/UI/Client/Rule Editor/Edit Rule Set/div_conditionForm' is: 'Claim: Create Date'

2019-01-23 21:57:46 - [TEST_STEP][PASSED] - verifyMatch(formTitle, CONDITION, false): Actual text 'Claim: Create Date' and expected text 'Claim: Create Date' are matched 

2019-01-23 21:57:46 - [MESSAGE][PASSED] - Actual text 'Claim: Create Date' and expected text 'Claim: Create Date' are matched 

2019-01-23 21:57:46 - [TEST_STEP][PASSED] - waitForElementClickable(findTestObject("Object Repository/UI/Client/Rule Editor/Edit Rule Set/span_clearDate"), 5): Object 'Object Repository/UI/Client/Rule Editor/Edit Rule Set/span_clearDate' is clickable

2019-01-23 21:57:46 - [MESSAGE][PASSED] - Object 'Object Repository/UI/Client/Rule Editor/Edit Rule Set/span_clearDate' is clickable

2019-01-23 21:57:46 - [TEST_STEP][PASSED] - click(findTestObject("Object Repository/UI/Client/Rule Editor/Edit Rule Set/span_clearDate")): Object: 'Object Repository/UI/Client/Rule Editor/Edit Rule Set/span_clearDate' is clicked on

2019-01-23 21:57:46 - [MESSAGE][PASSED] - Object: 'Object Repository/UI/Client/Rule Editor/Edit Rule Set/span_clearDate' is clicked on

2019-01-23 21:57:46 - [TEST_STEP][PASSED] - delay(1): Delayed 1 second(s)

2019-01-23 21:57:47 - [MESSAGE][PASSED] - Delayed 1 second(s)

2019-01-23 21:57:47 - [TEST_STEP][PASSED] - setText(findTestObject("Object Repository/UI/Client/Rule Editor/Edit Rule Set/input_dateCreated"), CREATEDATE): Text '08/27/2018' is set on object 'Object Repository/UI/Client/Rule Editor/Edit Rule Set/input_dateCreated'

2019-01-23 21:57:47 - [MESSAGE][PASSED] - Text '08/27/2018' is set on object 'Object Repository/UI/Client/Rule Editor/Edit Rule Set/input_dateCreated'

2019-01-23 21:57:47 - [TEST_STEP][PASSED] - sendKeys(findTestObject("UI/Client/Rule Editor/Edit Rule Set/input_dateCreated"), Keys.chord(TAB)): Keys 'TAB + ' sent to object: 'Object Repository/UI/Client/Rule Editor/Edit Rule Set/input_dateCreated'

2019-01-23 21:57:47 - [MESSAGE][PASSED] - Keys 'TAB + ' sent to object: 'Object Repository/UI/Client/Rule Editor/Edit Rule Set/input_dateCreated'

2019-01-23 21:57:47 - [TEST_STEP][PASSED] - delay(1): Delayed 1 second(s)

2019-01-23 21:57:48 - [MESSAGE][PASSED] - Delayed 1 second(s)

2019-01-23 21:57:48 - [TEST_STEP][PASSED] - waitForElementClickable(findTestObject("UI/Client/Rule Editor/Create Rule Set/select_addAction"), 5): Object 'Object Repository/UI/Client/Rule Editor/Create Rule Set/select_addAction' is clickable

2019-01-23 21:57:48 - [MESSAGE][PASSED] - Object 'Object Repository/UI/Client/Rule Editor/Create Rule Set/select_addAction' is clickable

2019-01-23 21:57:48 - [TEST_STEP][PASSED] - click(findTestObject("UI/Client/Rule Editor/Create Rule Set/select_addAction")): Object: 'Object Repository/UI/Client/Rule Editor/Create Rule Set/select_addAction' is clicked on

2019-01-23 21:57:48 - [MESSAGE][PASSED] - Object: 'Object Repository/UI/Client/Rule Editor/Create Rule Set/select_addAction' is clicked on

2019-01-23 21:57:48 - [TEST_STEP][PASSED] - delay(1): Delayed 1 second(s)

2019-01-23 21:57:49 - [MESSAGE][PASSED] - Delayed 1 second(s)

2019-01-23 21:57:49 - [TEST_STEP][PASSED] - for ([i = 0, i < 16, (i++)]): Delayed 1 second(s)

2019-01-23 21:57:49 - [TEST_STEP][PASSED] - sendKeys(findTestObject("UI/Client/Rule Editor/Create Rule Set/select_focusAddAction"), Keys.chord(ARROW_DOWN)): Keys 'DOWN + ' sent to object: 'Object Repository/UI/Client/Rule Editor/Create Rule Set/select_focusAddAction'

2019-01-23 21:57:49 - [MESSAGE][PASSED] - Keys 'DOWN + ' sent to object: 'Object Repository/UI/Client/Rule Editor/Create Rule Set/select_focusAddAction'

2019-01-23 21:57:49 - [TEST_STEP][PASSED] - delay(1): Delayed 1 second(s)

2019-01-23 21:57:50 - [MESSAGE][PASSED] - Delayed 1 second(s)

2019-01-23 21:57:50 - [TEST_STEP][PASSED] - sendKeys(findTestObject("UI/Client/Rule Editor/Create Rule Set/select_focusAddAction"), Keys.chord(ARROW_DOWN)): Keys 'DOWN + ' sent to object: 'Object Repository/UI/Client/Rule Editor/Create Rule Set/select_focusAddAction'

2019-01-23 21:57:51 - [MESSAGE][PASSED] - Keys 'DOWN + ' sent to object: 'Object Repository/UI/Client/Rule Editor/Create Rule Set/select_focusAddAction'

2019-01-23 21:57:51 - [TEST_STEP][PASSED] - delay(1): Delayed 1 second(s)

2019-01-23 21:57:52 - [MESSAGE][PASSED] - Delayed 1 second(s)

2019-01-23 21:57:52 - [TEST_STEP][PASSED] - sendKeys(findTestObject("UI/Client/Rule Editor/Create Rule Set/select_focusAddAction"), Keys.chord(ARROW_DOWN)): Keys 'DOWN + ' sent to object: 'Object Repository/UI/Client/Rule Editor/Create Rule Set/select_focusAddAction'

2019-01-23 21:57:52 - [MESSAGE][PASSED] - Keys 'DOWN + ' sent to object: 'Object Repository/UI/Client/Rule Editor/Create Rule Set/select_focusAddAction'

2019-01-23 21:57:52 - [TEST_STEP][PASSED] - delay(1): Delayed 1 second(s)

2019-01-23 21:57:53 - [MESSAGE][PASSED] - Delayed 1 second(s)

2019-01-23 21:57:53 - [TEST_STEP][PASSED] - sendKeys(findTestObject("UI/Client/Rule Editor/Create Rule Set/select_focusAddAction"), Keys.chord(ARROW_DOWN)): Keys 'DOWN + ' sent to object: 'Object Repository/UI/Client/Rule Editor/Create Rule Set/select_focusAddAction'

2019-01-23 21:57:53 - [MESSAGE][PASSED] - Keys 'DOWN + ' sent to object: 'Object Repository/UI/Client/Rule Editor/Create Rule Set/select_focusAddAction'

2019-01-23 21:57:53 - [TEST_STEP][PASSED] - delay(1): Delayed 1 second(s)

2019-01-23 21:57:54 - [MESSAGE][PASSED] - Delayed 1 second(s)

2019-01-23 21:57:54 - [TEST_STEP][PASSED] - sendKeys(findTestObject("UI/Client/Rule Editor/Create Rule Set/select_focusAddAction"), Keys.chord(ARROW_DOWN)): Keys 'DOWN + ' sent to object: 'Object Repository/UI/Client/Rule Editor/Create Rule Set/select_focusAddAction'

2019-01-23 21:57:54 - [MESSAGE][PASSED] - Keys 'DOWN + ' sent to object: 'Object Repository/UI/Client/Rule Editor/Create Rule Set/select_focusAddAction'

2019-01-23 21:57:54 - [TEST_STEP][PASSED] - delay(1): Delayed 1 second(s)

2019-01-23 21:57:55 - [MESSAGE][PASSED] - Delayed 1 second(s)

2019-01-23 21:57:55 - [TEST_STEP][PASSED] - sendKeys(findTestObject("UI/Client/Rule Editor/Create Rule Set/select_focusAddAction"), Keys.chord(ARROW_DOWN)): Keys 'DOWN + ' sent to object: 'Object Repository/UI/Client/Rule Editor/Create Rule Set/select_focusAddAction'

2019-01-23 21:57:55 - [MESSAGE][PASSED] - Keys 'DOWN + ' sent to object: 'Object Repository/UI/Client/Rule Editor/Create Rule Set/select_focusAddAction'

2019-01-23 21:57:55 - [TEST_STEP][PASSED] - delay(1): Delayed 1 second(s)

2019-01-23 21:57:56 - [MESSAGE][PASSED] - Delayed 1 second(s)

2019-01-23 21:57:56 - [TEST_STEP][PASSED] - sendKeys(findTestObject("UI/Client/Rule Editor/Create Rule Set/select_focusAddAction"), Keys.chord(ARROW_DOWN)): Keys 'DOWN + ' sent to object: 'Object Repository/UI/Client/Rule Editor/Create Rule Set/select_focusAddAction'

2019-01-23 21:57:56 - [MESSAGE][PASSED] - Keys 'DOWN + ' sent to object: 'Object Repository/UI/Client/Rule Editor/Create Rule Set/select_focusAddAction'

2019-01-23 21:57:56 - [TEST_STEP][PASSED] - delay(1): Delayed 1 second(s)

2019-01-23 21:57:57 - [MESSAGE][PASSED] - Delayed 1 second(s)

2019-01-23 21:57:57 - [TEST_STEP][PASSED] - sendKeys(findTestObject("UI/Client/Rule Editor/Create Rule Set/select_focusAddAction"), Keys.chord(ARROW_DOWN)): Keys 'DOWN + ' sent to object: 'Object Repository/UI/Client/Rule Editor/Create Rule Set/select_focusAddAction'

2019-01-23 21:57:57 - [MESSAGE][PASSED] - Keys 'DOWN + ' sent to object: 'Object Repository/UI/Client/Rule Editor/Create Rule Set/select_focusAddAction'

2019-01-23 21:57:57 - [TEST_STEP][PASSED] - delay(1): Delayed 1 second(s)

2019-01-23 21:57:58 - [MESSAGE][PASSED] - Delayed 1 second(s)

2019-01-23 21:57:58 - [TEST_STEP][PASSED] - sendKeys(findTestObject("UI/Client/Rule Editor/Create Rule Set/select_focusAddAction"), Keys.chord(ARROW_DOWN)): Keys 'DOWN + ' sent to object: 'Object Repository/UI/Client/Rule Editor/Create Rule Set/select_focusAddAction'

2019-01-23 21:57:58 - [MESSAGE][PASSED] - Keys 'DOWN + ' sent to object: 'Object Repository/UI/Client/Rule Editor/Create Rule Set/select_focusAddAction'

2019-01-23 21:57:58 - [TEST_STEP][PASSED] - delay(1): Delayed 1 second(s)

2019-01-23 21:57:59 - [MESSAGE][PASSED] - Delayed 1 second(s)

2019-01-23 21:57:59 - [TEST_STEP][PASSED] - sendKeys(findTestObject("UI/Client/Rule Editor/Create Rule Set/select_focusAddAction"), Keys.chord(ARROW_DOWN)): Keys 'DOWN + ' sent to object: 'Object Repository/UI/Client/Rule Editor/Create Rule Set/select_focusAddAction'

2019-01-23 21:57:59 - [MESSAGE][PASSED] - Keys 'DOWN + ' sent to object: 'Object Repository/UI/Client/Rule Editor/Create Rule Set/select_focusAddAction'

2019-01-23 21:57:59 - [TEST_STEP][PASSED] - delay(1): Delayed 1 second(s)

2019-01-23 21:58:00 - [MESSAGE][PASSED] - Delayed 1 second(s)

2019-01-23 21:58:00 - [TEST_STEP][PASSED] - sendKeys(findTestObject("UI/Client/Rule Editor/Create Rule Set/select_focusAddAction"), Keys.chord(ARROW_DOWN)): Keys 'DOWN + ' sent to object: 'Object Repository/UI/Client/Rule Editor/Create Rule Set/select_focusAddAction'

2019-01-23 21:58:00 - [MESSAGE][PASSED] - Keys 'DOWN + ' sent to object: 'Object Repository/UI/Client/Rule Editor/Create Rule Set/select_focusAddAction'

2019-01-23 21:58:00 - [TEST_STEP][PASSED] - delay(1): Delayed 1 second(s)

2019-01-23 21:58:01 - [MESSAGE][PASSED] - Delayed 1 second(s)

2019-01-23 21:58:01 - [TEST_STEP][PASSED] - sendKeys(findTestObject("UI/Client/Rule Editor/Create Rule Set/select_focusAddAction"), Keys.chord(ARROW_DOWN)): Keys 'DOWN + ' sent to object: 'Object Repository/UI/Client/Rule Editor/Create Rule Set/select_focusAddAction'

2019-01-23 21:58:01 - [MESSAGE][PASSED] - Keys 'DOWN + ' sent to object: 'Object Repository/UI/Client/Rule Editor/Create Rule Set/select_focusAddAction'

2019-01-23 21:58:01 - [TEST_STEP][PASSED] - delay(1): Delayed 1 second(s)

2019-01-23 21:58:02 - [MESSAGE][PASSED] - Delayed 1 second(s)

2019-01-23 21:58:02 - [TEST_STEP][PASSED] - sendKeys(findTestObject("UI/Client/Rule Editor/Create Rule Set/select_focusAddAction"), Keys.chord(ARROW_DOWN)): Keys 'DOWN + ' sent to object: 'Object Repository/UI/Client/Rule Editor/Create Rule Set/select_focusAddAction'

2019-01-23 21:58:02 - [MESSAGE][PASSED] - Keys 'DOWN + ' sent to object: 'Object Repository/UI/Client/Rule Editor/Create Rule Set/select_focusAddAction'

2019-01-23 21:58:02 - [TEST_STEP][PASSED] - delay(1): Delayed 1 second(s)

2019-01-23 21:58:03 - [MESSAGE][PASSED] - Delayed 1 second(s)

2019-01-23 21:58:03 - [TEST_STEP][PASSED] - sendKeys(findTestObject("UI/Client/Rule Editor/Create Rule Set/select_focusAddAction"), Keys.chord(ARROW_DOWN)): Keys 'DOWN + ' sent to object: 'Object Repository/UI/Client/Rule Editor/Create Rule Set/select_focusAddAction'

2019-01-23 21:58:03 - [MESSAGE][PASSED] - Keys 'DOWN + ' sent to object: 'Object Repository/UI/Client/Rule Editor/Create Rule Set/select_focusAddAction'

2019-01-23 21:58:03 - [TEST_STEP][PASSED] - delay(1): Delayed 1 second(s)

2019-01-23 21:58:04 - [MESSAGE][PASSED] - Delayed 1 second(s)

2019-01-23 21:58:04 - [TEST_STEP][PASSED] - sendKeys(findTestObject("UI/Client/Rule Editor/Create Rule Set/select_focusAddAction"), Keys.chord(ARROW_DOWN)): Keys 'DOWN + ' sent to object: 'Object Repository/UI/Client/Rule Editor/Create Rule Set/select_focusAddAction'

2019-01-23 21:58:04 - [MESSAGE][PASSED] - Keys 'DOWN + ' sent to object: 'Object Repository/UI/Client/Rule Editor/Create Rule Set/select_focusAddAction'

2019-01-23 21:58:04 - [TEST_STEP][PASSED] - delay(1): Delayed 1 second(s)

2019-01-23 21:58:05 - [MESSAGE][PASSED] - Delayed 1 second(s)

2019-01-23 21:58:05 - [TEST_STEP][PASSED] - sendKeys(findTestObject("UI/Client/Rule Editor/Create Rule Set/select_focusAddAction"), Keys.chord(ARROW_DOWN)): Keys 'DOWN + ' sent to object: 'Object Repository/UI/Client/Rule Editor/Create Rule Set/select_focusAddAction'

2019-01-23 21:58:06 - [MESSAGE][PASSED] - Keys 'DOWN + ' sent to object: 'Object Repository/UI/Client/Rule Editor/Create Rule Set/select_focusAddAction'

2019-01-23 21:58:06 - [TEST_STEP][PASSED] - delay(1): Delayed 1 second(s)

2019-01-23 21:58:07 - [MESSAGE][PASSED] - Delayed 1 second(s)

2019-01-23 21:58:07 - [TEST_STEP][PASSED] - sendKeys(findTestObject("UI/Client/Rule Editor/Create Rule Set/select_focusAddAction"), Keys.chord(ENTER)): Keys 'ENTER + ' sent to object: 'Object Repository/UI/Client/Rule Editor/Create Rule Set/select_focusAddAction'

2019-01-23 21:58:07 - [MESSAGE][PASSED] - Keys 'ENTER + ' sent to object: 'Object Repository/UI/Client/Rule Editor/Create Rule Set/select_focusAddAction'

2019-01-23 21:58:07 - [TEST_STEP][PASSED] - delay(3): Delayed 3 second(s)

2019-01-23 21:58:10 - [MESSAGE][PASSED] - Delayed 3 second(s)

2019-01-23 21:58:10 - [TEST_STEP][PASSED] - waitForElementClickable(findTestObject("Object Repository/UI/Client/Rule Editor/Edit Rule Set/a_addAction"), 5): Object 'Object Repository/UI/Client/Rule Editor/Edit Rule Set/a_addAction' is clickable

2019-01-23 21:58:10 - [MESSAGE][PASSED] - Object 'Object Repository/UI/Client/Rule Editor/Edit Rule Set/a_addAction' is clickable

2019-01-23 21:58:10 - [TEST_STEP][PASSED] - click(findTestObject("Object Repository/UI/Client/Rule Editor/Edit Rule Set/a_addAction")): Object: 'Object Repository/UI/Client/Rule Editor/Edit Rule Set/a_addAction' is clicked on

2019-01-23 21:58:10 - [MESSAGE][PASSED] - Object: 'Object Repository/UI/Client/Rule Editor/Edit Rule Set/a_addAction' is clicked on

2019-01-23 21:58:10 - [TEST_STEP][PASSED] - delay(3): Delayed 3 second(s)

2019-01-23 21:58:13 - [MESSAGE][PASSED] - Delayed 3 second(s)

2019-01-23 21:58:13 - [TEST_STEP][PASSED] - waitForElementPresent(findTestObject("Object Repository/UI/Client/Rule Editor/Edit Rule Set/div_actionForm"), 5): Object 'Object Repository/UI/Client/Rule Editor/Edit Rule Set/div_actionForm' is present

2019-01-23 21:58:13 - [MESSAGE][PASSED] - Object 'Object Repository/UI/Client/Rule Editor/Edit Rule Set/div_actionForm' is present

2019-01-23 21:58:13 - [TEST_STEP][PASSED] - formTitle = getText(findTestObject("Object Repository/UI/Client/Rule Editor/Edit Rule Set/div_actionForm")): Text of object 'Object Repository/UI/Client/Rule Editor/Edit Rule Set/div_actionForm' is: 'Generic: Log a Debug Message'

2019-01-23 21:58:13 - [MESSAGE][PASSED] - Text of object 'Object Repository/UI/Client/Rule Editor/Edit Rule Set/div_actionForm' is: 'Generic: Log a Debug Message'

2019-01-23 21:58:13 - [TEST_STEP][PASSED] - waitForElementVisible(findTestObject("Object Repository/UI/Client/Rule Editor/Edit Rule Set/input_debugMessage"), 5): Object 'Object Repository/UI/Client/Rule Editor/Edit Rule Set/input_debugMessage' is visible

2019-01-23 21:58:13 - [MESSAGE][PASSED] - Object 'Object Repository/UI/Client/Rule Editor/Edit Rule Set/input_debugMessage' is visible

2019-01-23 21:58:13 - [TEST_STEP][PASSED] - setText(findTestObject("Object Repository/UI/Client/Rule Editor/Edit Rule Set/input_debugMessage"), MESSAGE): Text 'Testing Execution of Rules' is set on object 'Object Repository/UI/Client/Rule Editor/Edit Rule Set/input_debugMessage'

2019-01-23 21:58:13 - [MESSAGE][PASSED] - Text 'Testing Execution of Rules' is set on object 'Object Repository/UI/Client/Rule Editor/Edit Rule Set/input_debugMessage'

2019-01-23 21:58:13 - [TEST_STEP][PASSED] - delay(1): Delayed 1 second(s)

2019-01-23 21:58:14 - [MESSAGE][PASSED] - Delayed 1 second(s)

2019-01-23 21:58:14 - [TEST_STEP][PASSED] - waitForElementClickable(findTestObject("UI/Client/Rule Editor/Create Rule Set/button_saveRule"), 5): Object 'Object Repository/UI/Client/Rule Editor/Create Rule Set/button_saveRule' is clickable

2019-01-23 21:58:14 - [MESSAGE][PASSED] - Object 'Object Repository/UI/Client/Rule Editor/Create Rule Set/button_saveRule' is clickable

2019-01-23 21:58:14 - [TEST_STEP][PASSED] - click(findTestObject("UI/Client/Rule Editor/Create Rule Set/button_saveRule")): Object: 'Object Repository/UI/Client/Rule Editor/Create Rule Set/button_saveRule' is clicked on

2019-01-23 21:58:15 - [MESSAGE][PASSED] - Object: 'Object Repository/UI/Client/Rule Editor/Create Rule Set/button_saveRule' is clicked on

2019-01-23 21:58:15 - [TEST_STEP][PASSED] - delay(1): Delayed 1 second(s)

2019-01-23 21:58:16 - [MESSAGE][PASSED] - Delayed 1 second(s)

2019-01-23 21:58:16 - [TEST_STEP][PASSED] - waitForPageLoad(5): Wait for page load successfully

2019-01-23 21:58:16 - [MESSAGE][PASSED] - Wait for page load successfully

2019-01-23 21:58:16 - [TEST_STEP][PASSED] - verifyElementPresent(findTestObject("UI/Client/Rule Editor/Create Rule Set/span_firstRule"), 5): Object 'Object Repository/UI/Client/Rule Editor/Create Rule Set/span_firstRule' is present

2019-01-23 21:58:16 - [MESSAGE][PASSED] - Object 'Object Repository/UI/Client/Rule Editor/Create Rule Set/span_firstRule' is present

2019-01-23 21:58:16 - [TEST_STEP][PASSED] - delay(2): Delayed 2 second(s)

2019-01-23 21:58:18 - [MESSAGE][PASSED] - Delayed 2 second(s)

2019-01-23 21:58:18 - [TEST_STEP][PASSED] - waitForElementClickable(findTestObject("UI/Client/Rule Editor/Create Rule Set/button_saveRuleSet"), 5): Object 'Object Repository/UI/Client/Rule Editor/Create Rule Set/button_saveRuleSet' is clickable

2019-01-23 21:58:18 - [MESSAGE][PASSED] - Object 'Object Repository/UI/Client/Rule Editor/Create Rule Set/button_saveRuleSet' is clickable

2019-01-23 21:58:18 - [TEST_STEP][PASSED] - click(findTestObject("UI/Client/Rule Editor/Create Rule Set/button_saveRuleSet")): Object: 'Object Repository/UI/Client/Rule Editor/Create Rule Set/button_saveRuleSet' is clicked on

2019-01-23 21:58:18 - [MESSAGE][PASSED] - Object: 'Object Repository/UI/Client/Rule Editor/Create Rule Set/button_saveRuleSet' is clicked on

2019-01-23 21:58:18 - [TEST_STEP][PASSED] - delay(1): Delayed 1 second(s)

2019-01-23 21:58:19 - [MESSAGE][PASSED] - Delayed 1 second(s)

2019-01-23 21:58:19 - [TEST_STEP][PASSED] - waitForPageLoad(5): Wait for page load successfully

2019-01-23 21:58:19 - [MESSAGE][PASSED] - Wait for page load successfully

2019-01-23 21:58:19 - [TEST_STEP][PASSED] - waitForElementPresent(findTestObject("UI/Client/Rule Editor/Create Rule Set/div_alertRuleAdded"), 5): Object 'Object Repository/UI/Client/Rule Editor/Create Rule Set/div_alertRuleAdded' is present

2019-01-23 21:58:19 - [MESSAGE][PASSED] - Object 'Object Repository/UI/Client/Rule Editor/Create Rule Set/div_alertRuleAdded' is present

2019-01-23 21:58:19 - [TEST_STEP][PASSED] - waitForElementVisible(findTestObject("UI/Client/Rule Editor/Create Rule Set/div_alertRuleAdded"), 5): Object 'Object Repository/UI/Client/Rule Editor/Create Rule Set/div_alertRuleAdded' is visible

2019-01-23 21:58:19 - [MESSAGE][PASSED] - Object 'Object Repository/UI/Client/Rule Editor/Create Rule Set/div_alertRuleAdded' is visible

2019-01-23 21:58:19 - [TEST_STEP][PASSED] - focus(findTestObject("UI/Client/Rule Editor/Create Rule Set/div_alertRuleAdded")): Object: 'Object Repository/UI/Client/Rule Editor/Create Rule Set/div_alertRuleAdded' is focused

2019-01-23 21:58:19 - [MESSAGE][PASSED] - Object: 'Object Repository/UI/Client/Rule Editor/Create Rule Set/div_alertRuleAdded' is focused

2019-01-23 21:58:19 - [TEST_STEP][PASSED] - click(findTestObject("UI/Client/Rule Editor/Create Rule Set/button_acceptRuleAddedPopUp")): Object: 'Object Repository/UI/Client/Rule Editor/Create Rule Set/button_acceptRuleAddedPopUp' is clicked on

2019-01-23 21:58:19 - [MESSAGE][PASSED] - Object: 'Object Repository/UI/Client/Rule Editor/Create Rule Set/button_acceptRuleAddedPopUp' is clicked on

2019-01-23 21:58:19 - [TEST_STEP][PASSED] - delay(1): Delayed 1 second(s)

2019-01-23 21:58:20 - [MESSAGE][PASSED] - Delayed 1 second(s)

2019-01-23 21:58:20 - [TEST_STEP][PASSED] - waitForPageLoad(5): Wait for page load successfully

2019-01-23 21:58:20 - [MESSAGE][PASSED] - Wait for page load successfully

2019-01-23 21:58:20 - [TEST_STEP][PASSED] - delay(3): Delayed 3 second(s)

2019-01-23 21:58:23 - [MESSAGE][PASSED] - Delayed 3 second(s)

2019-01-23 21:58:23 - [TEST_STEP][PASSED] - waitForElementClickable(findTestObject("UI/General/Log/a_userAvatar"), 5): Object 'Object Repository/UI/General/Log/a_userAvatar' is clickable

2019-01-23 21:58:23 - [MESSAGE][PASSED] - Object 'Object Repository/UI/General/Log/a_userAvatar' is clickable

2019-01-23 21:58:23 - [TEST_STEP][PASSED] - click(findTestObject("UI/General/Log/a_userAvatar")): Object: 'Object Repository/UI/General/Log/a_userAvatar' is clicked on

2019-01-23 21:58:23 - [MESSAGE][PASSED] - Object: 'Object Repository/UI/General/Log/a_userAvatar' is clicked on

2019-01-23 21:58:23 - [TEST_STEP][PASSED] - delay(1): Delayed 1 second(s)

2019-01-23 21:58:24 - [MESSAGE][PASSED] - Delayed 1 second(s)

2019-01-23 21:58:24 - [TEST_STEP][PASSED] - waitForElementClickable(findTestObject("UI/General/Log/a_signOutAMPS"), 5): Object 'Object Repository/UI/General/Log/a_signOutAMPS' is clickable

2019-01-23 21:58:24 - [MESSAGE][PASSED] - Object 'Object Repository/UI/General/Log/a_signOutAMPS' is clickable

2019-01-23 21:58:24 - [TEST_STEP][PASSED] - click(findTestObject("UI/General/Log/a_signOutAMPS")): Object: 'Object Repository/UI/General/Log/a_signOutAMPS' is clicked on

2019-01-23 21:58:24 - [MESSAGE][PASSED] - Object: 'Object Repository/UI/General/Log/a_signOutAMPS' is clicked on

2019-01-23 21:58:24 - [TEST_STEP][PASSED] - delay(1): Delayed 1 second(s)

2019-01-23 21:58:25 - [MESSAGE][PASSED] - Delayed 1 second(s)

2019-01-23 21:58:25 - [TEST_STEP][PASSED] - closeBrowser(): Browser is closed

2019-01-23 21:58:26 - [MESSAGE][PASSED] - Browser is closed]]></system-out>
         <system-err><![CDATA[]]></system-err>
      </testcase>
      <testcase name="Test Cases/UI/Client/Rule Editor/Execute Rule Set Successful" classname="Test Cases/UI/Client/Rule Editor/Execute Rule Set Successful" status="PASSED">
         <system-out><![CDATA[2019-01-23 21:58:26 - [TEST_CASE][PASSED] - Test Cases/UI/Client/Rule Editor/Execute Rule Set Successful: Test Cases/UI/Client/Rule Editor/Execute Rule Set Successful

2019-01-23 21:58:26 - [TEST_STEP][PASSED] - UAT = "https://uat.advancedpricing.com": null

2019-01-23 21:58:26 - [TEST_STEP][PASSED] - USER = "qaAuto": null

2019-01-23 21:58:26 - [TEST_STEP][PASSED] - PASSWD = "a9yk100dD": null

2019-01-23 21:58:26 - [TEST_STEP][PASSED] - RULENAME = "Date Creation Rule": null

2019-01-23 21:58:26 - [TEST_STEP][PASSED] - CLAIMID = "1027963": null

2019-01-23 21:58:26 - [TEST_STEP][PASSED] - openBrowser(""): Browser is opened with url: ''

2019-01-23 21:58:26 - [MESSAGE][INFO] - Starting 'Chrome' driver

2019-01-23 21:58:28 - [MESSAGE][PASSED] - Browser is opened with url: ''

2019-01-23 21:58:28 - [TEST_STEP][PASSED] - maximizeWindow(): Current window maximized

2019-01-23 21:58:29 - [MESSAGE][PASSED] - Current window maximized

2019-01-23 21:58:29 - [TEST_STEP][PASSED] - navigateToUrl(UAT): Navigate to 'https://uat.advancedpricing.com' successfully

2019-01-23 21:58:31 - [MESSAGE][PASSED] - Navigate to 'https://uat.advancedpricing.com' successfully

2019-01-23 21:58:31 - [TEST_STEP][PASSED] - waitForPageLoad(5): Wait for page load successfully

2019-01-23 21:58:31 - [MESSAGE][PASSED] - Wait for page load successfully

2019-01-23 21:58:31 - [TEST_STEP][PASSED] - setText(findTestObject("UI/Client/Claim Services/input_userCode"), USER): Text 'qaAuto' is set on object 'Object Repository/UI/Client/Claim Services/input_userCode'

2019-01-23 21:58:31 - [MESSAGE][PASSED] - Text 'qaAuto' is set on object 'Object Repository/UI/Client/Claim Services/input_userCode'

2019-01-23 21:58:31 - [TEST_STEP][PASSED] - setText(findTestObject("UI/Client/Claim Services/input_userPassword"), PASSWD): Text 'a9yk100dD' is set on object 'Object Repository/UI/Client/Claim Services/input_userPassword'

2019-01-23 21:58:31 - [MESSAGE][PASSED] - Text 'a9yk100dD' is set on object 'Object Repository/UI/Client/Claim Services/input_userPassword'

2019-01-23 21:58:31 - [TEST_STEP][PASSED] - waitForElementClickable(findTestObject("UI/Client/Claim Services/input_loginButton"), 5): Object 'Object Repository/UI/Client/Claim Services/input_loginButton' is clickable

2019-01-23 21:58:31 - [MESSAGE][PASSED] - Object 'Object Repository/UI/Client/Claim Services/input_loginButton' is clickable

2019-01-23 21:58:31 - [TEST_STEP][PASSED] - click(findTestObject("UI/Client/Claim Services/input_loginButton")): Object: 'Object Repository/UI/Client/Claim Services/input_loginButton' is clicked on

2019-01-23 21:58:31 - [MESSAGE][PASSED] - Object: 'Object Repository/UI/Client/Claim Services/input_loginButton' is clicked on

2019-01-23 21:58:31 - [TEST_STEP][PASSED] - delay(1): Delayed 1 second(s)

2019-01-23 21:58:32 - [MESSAGE][PASSED] - Delayed 1 second(s)

2019-01-23 21:58:32 - [TEST_STEP][PASSED] - waitForPageLoad(5): Wait for page load successfully

2019-01-23 21:58:32 - [MESSAGE][PASSED] - Wait for page load successfully

2019-01-23 21:58:32 - [TEST_STEP][PASSED] - waitForElementPresent(findTestObject("UI/Client/Rule Editor/h1_Clients"), 5): Object 'Object Repository/UI/Client/Rule Editor/h1_Clients' is present

2019-01-23 21:58:32 - [MESSAGE][PASSED] - Object 'Object Repository/UI/Client/Rule Editor/h1_Clients' is present

2019-01-23 21:58:32 - [TEST_STEP][PASSED] - pageTitle = getText(findTestObject("UI/Client/Rule Editor/h1_Clients")): Text of object 'Object Repository/UI/Client/Rule Editor/h1_Clients' is: 'Clients'

2019-01-23 21:58:32 - [MESSAGE][PASSED] - Text of object 'Object Repository/UI/Client/Rule Editor/h1_Clients' is: 'Clients'

2019-01-23 21:58:32 - [TEST_STEP][PASSED] - verifyMatch(pageTitle, "Clients", false): Actual text 'Clients' and expected text 'Clients' are matched 

2019-01-23 21:58:32 - [MESSAGE][PASSED] - Actual text 'Clients' and expected text 'Clients' are matched 

2019-01-23 21:58:32 - [TEST_STEP][PASSED] - delay(3): Delayed 3 second(s)

2019-01-23 21:58:35 - [MESSAGE][PASSED] - Delayed 3 second(s)

2019-01-23 21:58:35 - [TEST_STEP][PASSED] - waitForElementClickable(findTestObject("UI/Client/Rule Editor/span_ruleEditorMenu"), 5): Object 'Object Repository/UI/Client/Rule Editor/span_ruleEditorMenu' is clickable

2019-01-23 21:58:36 - [MESSAGE][PASSED] - Object 'Object Repository/UI/Client/Rule Editor/span_ruleEditorMenu' is clickable

2019-01-23 21:58:36 - [TEST_STEP][PASSED] - click(findTestObject("UI/Client/Rule Editor/span_ruleEditorMenu")): Object: 'Object Repository/UI/Client/Rule Editor/span_ruleEditorMenu' is clicked on

2019-01-23 21:58:36 - [MESSAGE][PASSED] - Object: 'Object Repository/UI/Client/Rule Editor/span_ruleEditorMenu' is clicked on

2019-01-23 21:58:36 - [TEST_STEP][PASSED] - delay(1): Delayed 1 second(s)

2019-01-23 21:58:37 - [MESSAGE][PASSED] - Delayed 1 second(s)

2019-01-23 21:58:37 - [TEST_STEP][PASSED] - waitForPageLoad(5): Wait for page load successfully

2019-01-23 21:58:37 - [MESSAGE][PASSED] - Wait for page load successfully

2019-01-23 21:58:37 - [TEST_STEP][PASSED] - waitForElementPresent(findTestObject("UI/Client/Rule Editor/h1_ruleEditor"), 5): Object 'Object Repository/UI/Client/Rule Editor/h1_ruleEditor' is present

2019-01-23 21:58:37 - [MESSAGE][PASSED] - Object 'Object Repository/UI/Client/Rule Editor/h1_ruleEditor' is present

2019-01-23 21:58:37 - [TEST_STEP][PASSED] - pageTitle = getText(findTestObject("UI/Client/Rule Editor/h1_ruleEditor")): Text of object 'Object Repository/UI/Client/Rule Editor/h1_ruleEditor' is: 'Rule Editor'

2019-01-23 21:58:37 - [MESSAGE][PASSED] - Text of object 'Object Repository/UI/Client/Rule Editor/h1_ruleEditor' is: 'Rule Editor'

2019-01-23 21:58:37 - [TEST_STEP][PASSED] - verifyMatch(pageTitle, "Rule Editor", false): Actual text 'Rule Editor' and expected text 'Rule Editor' are matched 

2019-01-23 21:58:37 - [MESSAGE][PASSED] - Actual text 'Rule Editor' and expected text 'Rule Editor' are matched 

2019-01-23 21:58:37 - [TEST_STEP][PASSED] - delay(3): Delayed 3 second(s)

2019-01-23 21:58:40 - [MESSAGE][PASSED] - Delayed 3 second(s)

2019-01-23 21:58:40 - [TEST_STEP][PASSED] - waitForElementVisible(findTestObject("Object Repository/UI/Client/Rule Editor/Execute Rule Set/td_expandRuleSet"), 5): Object 'Object Repository/UI/Client/Rule Editor/Execute Rule Set/td_expandRuleSet' is visible

2019-01-23 21:58:40 - [MESSAGE][PASSED] - Object 'Object Repository/UI/Client/Rule Editor/Execute Rule Set/td_expandRuleSet' is visible

2019-01-23 21:58:40 - [TEST_STEP][PASSED] - click(findTestObject("Object Repository/UI/Client/Rule Editor/Execute Rule Set/td_expandRuleSet")): Object: 'Object Repository/UI/Client/Rule Editor/Execute Rule Set/td_expandRuleSet' is clicked on

2019-01-23 21:58:40 - [MESSAGE][PASSED] - Object: 'Object Repository/UI/Client/Rule Editor/Execute Rule Set/td_expandRuleSet' is clicked on

2019-01-23 21:58:40 - [TEST_STEP][PASSED] - waitForPageLoad(5): Wait for page load successfully

2019-01-23 21:58:40 - [MESSAGE][PASSED] - Wait for page load successfully

2019-01-23 21:58:40 - [TEST_STEP][PASSED] - delay(3): Delayed 3 second(s)

2019-01-23 21:58:43 - [MESSAGE][PASSED] - Delayed 3 second(s)

2019-01-23 21:58:43 - [TEST_STEP][PASSED] - waitForElementPresent(findTestObject("Object Repository/UI/Client/Rule Editor/Execute Rule Set/input_claimID"), 5): Object 'Object Repository/UI/Client/Rule Editor/Execute Rule Set/input_claimID' is present

2019-01-23 21:58:43 - [MESSAGE][PASSED] - Object 'Object Repository/UI/Client/Rule Editor/Execute Rule Set/input_claimID' is present

2019-01-23 21:58:43 - [TEST_STEP][PASSED] - waitForElementVisible(findTestObject("Object Repository/UI/Client/Rule Editor/Execute Rule Set/input_claimID"), 5): Object 'Object Repository/UI/Client/Rule Editor/Execute Rule Set/input_claimID' is visible

2019-01-23 21:58:43 - [MESSAGE][PASSED] - Object 'Object Repository/UI/Client/Rule Editor/Execute Rule Set/input_claimID' is visible

2019-01-23 21:58:43 - [TEST_STEP][PASSED] - setText(findTestObject("Object Repository/UI/Client/Rule Editor/Execute Rule Set/input_claimID"), CLAIMID): Text '1027963' is set on object 'Object Repository/UI/Client/Rule Editor/Execute Rule Set/input_claimID'

2019-01-23 21:58:43 - [MESSAGE][PASSED] - Text '1027963' is set on object 'Object Repository/UI/Client/Rule Editor/Execute Rule Set/input_claimID'

2019-01-23 21:58:43 - [TEST_STEP][PASSED] - delay(3): Delayed 3 second(s)

2019-01-23 21:58:46 - [MESSAGE][PASSED] - Delayed 3 second(s)

2019-01-23 21:58:46 - [TEST_STEP][PASSED] - waitForElementClickable(findTestObject("Object Repository/UI/Client/Rule Editor/Execute Rule Set/button_runButton"), 5): Object 'Object Repository/UI/Client/Rule Editor/Execute Rule Set/button_runButton' is clickable

2019-01-23 21:58:46 - [MESSAGE][PASSED] - Object 'Object Repository/UI/Client/Rule Editor/Execute Rule Set/button_runButton' is clickable

2019-01-23 21:58:46 - [TEST_STEP][PASSED] - click(findTestObject("Object Repository/UI/Client/Rule Editor/Execute Rule Set/button_runButton")): Object: 'Object Repository/UI/Client/Rule Editor/Execute Rule Set/button_runButton' is clicked on

2019-01-23 21:58:46 - [MESSAGE][PASSED] - Object: 'Object Repository/UI/Client/Rule Editor/Execute Rule Set/button_runButton' is clicked on

2019-01-23 21:58:46 - [TEST_STEP][PASSED] - delay(1): Delayed 1 second(s)

2019-01-23 21:58:47 - [MESSAGE][PASSED] - Delayed 1 second(s)

2019-01-23 21:58:47 - [TEST_STEP][PASSED] - waitForPageLoad(5): Wait for page load successfully

2019-01-23 21:58:47 - [MESSAGE][PASSED] - Wait for page load successfully

2019-01-23 21:58:47 - [TEST_STEP][PASSED] - waitForElementPresent(findTestObject("Object Repository/UI/Client/Rule Editor/Execute Rule Set/label_scriptOutputTable"), 5): Object 'Object Repository/UI/Client/Rule Editor/Execute Rule Set/label_scriptOutputTable' is present

2019-01-23 21:58:47 - [MESSAGE][PASSED] - Object 'Object Repository/UI/Client/Rule Editor/Execute Rule Set/label_scriptOutputTable' is present

2019-01-23 21:58:47 - [TEST_STEP][PASSED] - formTitle = getText(findTestObject("Object Repository/UI/Client/Rule Editor/Execute Rule Set/label_scriptOutputTable")): Text of object 'Object Repository/UI/Client/Rule Editor/Execute Rule Set/label_scriptOutputTable' is: 'Script Output'

2019-01-23 21:58:47 - [MESSAGE][PASSED] - Text of object 'Object Repository/UI/Client/Rule Editor/Execute Rule Set/label_scriptOutputTable' is: 'Script Output'

2019-01-23 21:58:47 - [TEST_STEP][PASSED] - verifyMatch(formTitle, "Script Output", false): Actual text 'Script Output' and expected text 'Script Output' are matched 

2019-01-23 21:58:47 - [MESSAGE][PASSED] - Actual text 'Script Output' and expected text 'Script Output' are matched 

2019-01-23 21:58:47 - [TEST_STEP][PASSED] - waitForElementPresent(findTestObject("Object Repository/UI/Client/Rule Editor/Execute Rule Set/td_executedRuleTable"), 5): Object 'Object Repository/UI/Client/Rule Editor/Execute Rule Set/td_executedRuleTable' is present

2019-01-23 21:58:48 - [MESSAGE][PASSED] - Object 'Object Repository/UI/Client/Rule Editor/Execute Rule Set/td_executedRuleTable' is present

2019-01-23 21:58:48 - [TEST_STEP][PASSED] - formTitle = getText(findTestObject("Object Repository/UI/Client/Rule Editor/Execute Rule Set/td_executedRuleTable")): Text of object 'Object Repository/UI/Client/Rule Editor/Execute Rule Set/td_executedRuleTable' is: 'Date Creation Rule'

2019-01-23 21:58:48 - [MESSAGE][PASSED] - Text of object 'Object Repository/UI/Client/Rule Editor/Execute Rule Set/td_executedRuleTable' is: 'Date Creation Rule'

2019-01-23 21:58:48 - [TEST_STEP][PASSED] - verifyMatch(formTitle, RULENAME, false): Actual text 'Date Creation Rule' and expected text 'Date Creation Rule' are matched 

2019-01-23 21:58:48 - [MESSAGE][PASSED] - Actual text 'Date Creation Rule' and expected text 'Date Creation Rule' are matched 

2019-01-23 21:58:48 - [TEST_STEP][PASSED] - delay(3): Delayed 3 second(s)

2019-01-23 21:58:51 - [MESSAGE][PASSED] - Delayed 3 second(s)

2019-01-23 21:58:51 - [TEST_STEP][PASSED] - waitForElementClickable(findTestObject("UI/General/Log/a_userAvatar"), 5): Object 'Object Repository/UI/General/Log/a_userAvatar' is clickable

2019-01-23 21:58:51 - [MESSAGE][PASSED] - Object 'Object Repository/UI/General/Log/a_userAvatar' is clickable

2019-01-23 21:58:51 - [TEST_STEP][PASSED] - click(findTestObject("UI/General/Log/a_userAvatar")): Object: 'Object Repository/UI/General/Log/a_userAvatar' is clicked on

2019-01-23 21:58:51 - [MESSAGE][PASSED] - Object: 'Object Repository/UI/General/Log/a_userAvatar' is clicked on

2019-01-23 21:58:51 - [TEST_STEP][PASSED] - delay(1): Delayed 1 second(s)

2019-01-23 21:58:52 - [MESSAGE][PASSED] - Delayed 1 second(s)

2019-01-23 21:58:52 - [TEST_STEP][PASSED] - waitForElementClickable(findTestObject("UI/General/Log/a_signOutAMPS"), 5): Object 'Object Repository/UI/General/Log/a_signOutAMPS' is clickable

2019-01-23 21:58:52 - [MESSAGE][PASSED] - Object 'Object Repository/UI/General/Log/a_signOutAMPS' is clickable

2019-01-23 21:58:52 - [TEST_STEP][PASSED] - click(findTestObject("UI/General/Log/a_signOutAMPS")): Object: 'Object Repository/UI/General/Log/a_signOutAMPS' is clicked on

2019-01-23 21:58:52 - [MESSAGE][PASSED] - Object: 'Object Repository/UI/General/Log/a_signOutAMPS' is clicked on

2019-01-23 21:58:52 - [TEST_STEP][PASSED] - delay(1): Delayed 1 second(s)

2019-01-23 21:58:53 - [MESSAGE][PASSED] - Delayed 1 second(s)

2019-01-23 21:58:53 - [TEST_STEP][PASSED] - closeBrowser(): Browser is closed

2019-01-23 21:58:54 - [MESSAGE][PASSED] - Browser is closed]]></system-out>
         <system-err><![CDATA[]]></system-err>
      </testcase>
      <testcase name="Test Cases/UI/Client/Rule Editor/Execute Rule Set Unsuccessful" classname="Test Cases/UI/Client/Rule Editor/Execute Rule Set Unsuccessful" status="PASSED">
         <system-out><![CDATA[2019-01-23 21:58:54 - [TEST_CASE][PASSED] - Test Cases/UI/Client/Rule Editor/Execute Rule Set Unsuccessful: Test Cases/UI/Client/Rule Editor/Execute Rule Set Unsuccessful

2019-01-23 21:58:54 - [TEST_STEP][PASSED] - UAT = "https://uat.advancedpricing.com": null

2019-01-23 21:58:54 - [TEST_STEP][PASSED] - USER = "qaAuto": null

2019-01-23 21:58:54 - [TEST_STEP][PASSED] - PASSWD = "a9yk100dD": null

2019-01-23 21:58:54 - [TEST_STEP][PASSED] - RULENAME = "Date Creation Rule": null

2019-01-23 21:58:54 - [TEST_STEP][PASSED] - CLAIMID = "000000": null

2019-01-23 21:58:54 - [TEST_STEP][PASSED] - openBrowser(""): Browser is opened with url: ''

2019-01-23 21:58:54 - [MESSAGE][INFO] - Starting 'Chrome' driver

2019-01-23 21:58:56 - [MESSAGE][PASSED] - Browser is opened with url: ''

2019-01-23 21:58:56 - [TEST_STEP][PASSED] - maximizeWindow(): Current window maximized

2019-01-23 21:58:57 - [MESSAGE][PASSED] - Current window maximized

2019-01-23 21:58:57 - [TEST_STEP][PASSED] - navigateToUrl(UAT): Navigate to 'https://uat.advancedpricing.com' successfully

2019-01-23 21:58:58 - [MESSAGE][PASSED] - Navigate to 'https://uat.advancedpricing.com' successfully

2019-01-23 21:58:58 - [TEST_STEP][PASSED] - waitForPageLoad(5): Wait for page load successfully

2019-01-23 21:58:58 - [MESSAGE][PASSED] - Wait for page load successfully

2019-01-23 21:58:58 - [TEST_STEP][PASSED] - setText(findTestObject("UI/Client/Claim Services/input_userCode"), USER): Text 'qaAuto' is set on object 'Object Repository/UI/Client/Claim Services/input_userCode'

2019-01-23 21:58:59 - [MESSAGE][PASSED] - Text 'qaAuto' is set on object 'Object Repository/UI/Client/Claim Services/input_userCode'

2019-01-23 21:58:59 - [TEST_STEP][PASSED] - setText(findTestObject("UI/Client/Claim Services/input_userPassword"), PASSWD): Text 'a9yk100dD' is set on object 'Object Repository/UI/Client/Claim Services/input_userPassword'

2019-01-23 21:58:59 - [MESSAGE][PASSED] - Text 'a9yk100dD' is set on object 'Object Repository/UI/Client/Claim Services/input_userPassword'

2019-01-23 21:58:59 - [TEST_STEP][PASSED] - waitForElementClickable(findTestObject("UI/Client/Claim Services/input_loginButton"), 5): Object 'Object Repository/UI/Client/Claim Services/input_loginButton' is clickable

2019-01-23 21:58:59 - [MESSAGE][PASSED] - Object 'Object Repository/UI/Client/Claim Services/input_loginButton' is clickable

2019-01-23 21:58:59 - [TEST_STEP][PASSED] - click(findTestObject("UI/Client/Claim Services/input_loginButton")): Object: 'Object Repository/UI/Client/Claim Services/input_loginButton' is clicked on

2019-01-23 21:58:59 - [MESSAGE][PASSED] - Object: 'Object Repository/UI/Client/Claim Services/input_loginButton' is clicked on

2019-01-23 21:58:59 - [TEST_STEP][PASSED] - delay(1): Delayed 1 second(s)

2019-01-23 21:59:00 - [MESSAGE][PASSED] - Delayed 1 second(s)

2019-01-23 21:59:00 - [TEST_STEP][PASSED] - waitForPageLoad(5): Wait for page load successfully

2019-01-23 21:59:00 - [MESSAGE][PASSED] - Wait for page load successfully

2019-01-23 21:59:00 - [TEST_STEP][PASSED] - waitForElementPresent(findTestObject("UI/Client/Rule Editor/h1_Clients"), 5): Object 'Object Repository/UI/Client/Rule Editor/h1_Clients' is present

2019-01-23 21:59:00 - [MESSAGE][PASSED] - Object 'Object Repository/UI/Client/Rule Editor/h1_Clients' is present

2019-01-23 21:59:00 - [TEST_STEP][PASSED] - pageTitle = getText(findTestObject("UI/Client/Rule Editor/h1_Clients")): Text of object 'Object Repository/UI/Client/Rule Editor/h1_Clients' is: 'Clients'

2019-01-23 21:59:00 - [MESSAGE][PASSED] - Text of object 'Object Repository/UI/Client/Rule Editor/h1_Clients' is: 'Clients'

2019-01-23 21:59:00 - [TEST_STEP][PASSED] - verifyMatch(pageTitle, "Clients", false): Actual text 'Clients' and expected text 'Clients' are matched 

2019-01-23 21:59:00 - [MESSAGE][PASSED] - Actual text 'Clients' and expected text 'Clients' are matched 

2019-01-23 21:59:00 - [TEST_STEP][PASSED] - delay(3): Delayed 3 second(s)

2019-01-23 21:59:03 - [MESSAGE][PASSED] - Delayed 3 second(s)

2019-01-23 21:59:03 - [TEST_STEP][PASSED] - waitForElementClickable(findTestObject("UI/Client/Rule Editor/span_ruleEditorMenu"), 5): Object 'Object Repository/UI/Client/Rule Editor/span_ruleEditorMenu' is clickable

2019-01-23 21:59:03 - [MESSAGE][PASSED] - Object 'Object Repository/UI/Client/Rule Editor/span_ruleEditorMenu' is clickable

2019-01-23 21:59:03 - [TEST_STEP][PASSED] - click(findTestObject("UI/Client/Rule Editor/span_ruleEditorMenu")): Object: 'Object Repository/UI/Client/Rule Editor/span_ruleEditorMenu' is clicked on

2019-01-23 21:59:03 - [MESSAGE][PASSED] - Object: 'Object Repository/UI/Client/Rule Editor/span_ruleEditorMenu' is clicked on

2019-01-23 21:59:03 - [TEST_STEP][PASSED] - delay(1): Delayed 1 second(s)

2019-01-23 21:59:04 - [MESSAGE][PASSED] - Delayed 1 second(s)

2019-01-23 21:59:04 - [TEST_STEP][PASSED] - waitForPageLoad(5): Wait for page load successfully

2019-01-23 21:59:04 - [MESSAGE][PASSED] - Wait for page load successfully

2019-01-23 21:59:04 - [TEST_STEP][PASSED] - waitForElementPresent(findTestObject("UI/Client/Rule Editor/h1_ruleEditor"), 5): Object 'Object Repository/UI/Client/Rule Editor/h1_ruleEditor' is present

2019-01-23 21:59:04 - [MESSAGE][PASSED] - Object 'Object Repository/UI/Client/Rule Editor/h1_ruleEditor' is present

2019-01-23 21:59:04 - [TEST_STEP][PASSED] - pageTitle = getText(findTestObject("UI/Client/Rule Editor/h1_ruleEditor")): Text of object 'Object Repository/UI/Client/Rule Editor/h1_ruleEditor' is: 'Rule Editor'

2019-01-23 21:59:04 - [MESSAGE][PASSED] - Text of object 'Object Repository/UI/Client/Rule Editor/h1_ruleEditor' is: 'Rule Editor'

2019-01-23 21:59:04 - [TEST_STEP][PASSED] - verifyMatch(pageTitle, "Rule Editor", false): Actual text 'Rule Editor' and expected text 'Rule Editor' are matched 

2019-01-23 21:59:04 - [MESSAGE][PASSED] - Actual text 'Rule Editor' and expected text 'Rule Editor' are matched 

2019-01-23 21:59:04 - [TEST_STEP][PASSED] - delay(3): Delayed 3 second(s)

2019-01-23 21:59:07 - [MESSAGE][PASSED] - Delayed 3 second(s)

2019-01-23 21:59:07 - [TEST_STEP][PASSED] - waitForElementVisible(findTestObject("Object Repository/UI/Client/Rule Editor/Execute Rule Set/td_expandRuleSet"), 5): Object 'Object Repository/UI/Client/Rule Editor/Execute Rule Set/td_expandRuleSet' is visible

2019-01-23 21:59:07 - [MESSAGE][PASSED] - Object 'Object Repository/UI/Client/Rule Editor/Execute Rule Set/td_expandRuleSet' is visible

2019-01-23 21:59:07 - [TEST_STEP][PASSED] - click(findTestObject("Object Repository/UI/Client/Rule Editor/Execute Rule Set/td_expandRuleSet")): Object: 'Object Repository/UI/Client/Rule Editor/Execute Rule Set/td_expandRuleSet' is clicked on

2019-01-23 21:59:07 - [MESSAGE][PASSED] - Object: 'Object Repository/UI/Client/Rule Editor/Execute Rule Set/td_expandRuleSet' is clicked on

2019-01-23 21:59:07 - [TEST_STEP][PASSED] - delay(3): Delayed 3 second(s)

2019-01-23 21:59:10 - [MESSAGE][PASSED] - Delayed 3 second(s)

2019-01-23 21:59:10 - [TEST_STEP][PASSED] - waitForElementVisible(findTestObject("Object Repository/UI/Client/Rule Editor/Execute Rule Set/input_claimID"), 5): Object 'Object Repository/UI/Client/Rule Editor/Execute Rule Set/input_claimID' is visible

2019-01-23 21:59:11 - [MESSAGE][PASSED] - Object 'Object Repository/UI/Client/Rule Editor/Execute Rule Set/input_claimID' is visible

2019-01-23 21:59:11 - [TEST_STEP][PASSED] - setText(findTestObject("Object Repository/UI/Client/Rule Editor/Execute Rule Set/input_claimID"), CLAIMID): Text '000000' is set on object 'Object Repository/UI/Client/Rule Editor/Execute Rule Set/input_claimID'

2019-01-23 21:59:11 - [MESSAGE][PASSED] - Text '000000' is set on object 'Object Repository/UI/Client/Rule Editor/Execute Rule Set/input_claimID'

2019-01-23 21:59:11 - [TEST_STEP][PASSED] - delay(3): Delayed 3 second(s)

2019-01-23 21:59:14 - [MESSAGE][PASSED] - Delayed 3 second(s)

2019-01-23 21:59:14 - [TEST_STEP][PASSED] - waitForElementClickable(findTestObject("Object Repository/UI/Client/Rule Editor/Execute Rule Set/button_runButton"), 5): Object 'Object Repository/UI/Client/Rule Editor/Execute Rule Set/button_runButton' is clickable

2019-01-23 21:59:14 - [MESSAGE][PASSED] - Object 'Object Repository/UI/Client/Rule Editor/Execute Rule Set/button_runButton' is clickable

2019-01-23 21:59:14 - [TEST_STEP][PASSED] - click(findTestObject("Object Repository/UI/Client/Rule Editor/Execute Rule Set/button_runButton")): Object: 'Object Repository/UI/Client/Rule Editor/Execute Rule Set/button_runButton' is clicked on

2019-01-23 21:59:14 - [MESSAGE][PASSED] - Object: 'Object Repository/UI/Client/Rule Editor/Execute Rule Set/button_runButton' is clicked on

2019-01-23 21:59:14 - [TEST_STEP][PASSED] - delay(1): Delayed 1 second(s)

2019-01-23 21:59:15 - [MESSAGE][PASSED] - Delayed 1 second(s)

2019-01-23 21:59:15 - [TEST_STEP][PASSED] - waitForPageLoad(5): Wait for page load successfully

2019-01-23 21:59:15 - [MESSAGE][PASSED] - Wait for page load successfully

2019-01-23 21:59:15 - [TEST_STEP][PASSED] - waitForElementPresent(findTestObject("UI/Client/Rule Editor/Create Rule Set/div_alertRuleSetSaved"), 5): Object 'Object Repository/UI/Client/Rule Editor/Create Rule Set/div_alertRuleSetSaved' is present

2019-01-23 21:59:15 - [MESSAGE][PASSED] - Object 'Object Repository/UI/Client/Rule Editor/Create Rule Set/div_alertRuleSetSaved' is present

2019-01-23 21:59:15 - [TEST_STEP][PASSED] - waitForElementVisible(findTestObject("UI/Client/Rule Editor/Create Rule Set/div_alertRuleSetSaved"), 5): Object 'Object Repository/UI/Client/Rule Editor/Create Rule Set/div_alertRuleSetSaved' is visible

2019-01-23 21:59:15 - [MESSAGE][PASSED] - Object 'Object Repository/UI/Client/Rule Editor/Create Rule Set/div_alertRuleSetSaved' is visible

2019-01-23 21:59:15 - [TEST_STEP][PASSED] - focus(findTestObject("UI/Client/Rule Editor/Create Rule Set/div_alertRuleSetSaved")): Object: 'Object Repository/UI/Client/Rule Editor/Create Rule Set/div_alertRuleSetSaved' is focused

2019-01-23 21:59:15 - [MESSAGE][PASSED] - Object: 'Object Repository/UI/Client/Rule Editor/Create Rule Set/div_alertRuleSetSaved' is focused

2019-01-23 21:59:15 - [TEST_STEP][PASSED] - click(findTestObject("UI/Client/Rule Editor/Create Rule Set/button_acceptRuleSetSavedPopUp")): Object: 'Object Repository/UI/Client/Rule Editor/Create Rule Set/button_acceptRuleSetSavedPopUp' is clicked on

2019-01-23 21:59:15 - [MESSAGE][PASSED] - Object: 'Object Repository/UI/Client/Rule Editor/Create Rule Set/button_acceptRuleSetSavedPopUp' is clicked on

2019-01-23 21:59:15 - [TEST_STEP][PASSED] - delay(3): Delayed 3 second(s)

2019-01-23 21:59:18 - [MESSAGE][PASSED] - Delayed 3 second(s)

2019-01-23 21:59:18 - [TEST_STEP][PASSED] - waitForPageLoad(5): Wait for page load successfully

2019-01-23 21:59:18 - [MESSAGE][PASSED] - Wait for page load successfully

2019-01-23 21:59:18 - [TEST_STEP][PASSED] - waitForElementClickable(findTestObject("UI/General/Log/a_userAvatar"), 5): Object 'Object Repository/UI/General/Log/a_userAvatar' is clickable

2019-01-23 21:59:18 - [MESSAGE][PASSED] - Object 'Object Repository/UI/General/Log/a_userAvatar' is clickable

2019-01-23 21:59:18 - [TEST_STEP][PASSED] - click(findTestObject("UI/General/Log/a_userAvatar")): Object: 'Object Repository/UI/General/Log/a_userAvatar' is clicked on

2019-01-23 21:59:18 - [MESSAGE][PASSED] - Object: 'Object Repository/UI/General/Log/a_userAvatar' is clicked on

2019-01-23 21:59:18 - [TEST_STEP][PASSED] - delay(1): Delayed 1 second(s)

2019-01-23 21:59:19 - [MESSAGE][PASSED] - Delayed 1 second(s)

2019-01-23 21:59:19 - [TEST_STEP][PASSED] - waitForElementClickable(findTestObject("UI/General/Log/a_signOutAMPS"), 5): Object 'Object Repository/UI/General/Log/a_signOutAMPS' is clickable

2019-01-23 21:59:19 - [MESSAGE][PASSED] - Object 'Object Repository/UI/General/Log/a_signOutAMPS' is clickable

2019-01-23 21:59:19 - [TEST_STEP][PASSED] - click(findTestObject("UI/General/Log/a_signOutAMPS")): Object: 'Object Repository/UI/General/Log/a_signOutAMPS' is clicked on

2019-01-23 21:59:19 - [MESSAGE][PASSED] - Object: 'Object Repository/UI/General/Log/a_signOutAMPS' is clicked on

2019-01-23 21:59:19 - [TEST_STEP][PASSED] - delay(1): Delayed 1 second(s)

2019-01-23 21:59:20 - [MESSAGE][PASSED] - Delayed 1 second(s)

2019-01-23 21:59:20 - [TEST_STEP][PASSED] - closeBrowser(): Browser is closed

2019-01-23 21:59:21 - [MESSAGE][PASSED] - Browser is closed]]></system-out>
         <system-err><![CDATA[]]></system-err>
      </testcase>
      <testcase name="Test Cases/UI/Client/Rule Editor/Create New Rule Set" classname="Test Cases/UI/Client/Rule Editor/Create New Rule Set" status="FAILED">
         <failure type="FAILED" message="Test Cases/UI/Client/Rule Editor/Create New Rule Set FAILED.
Reason:
com.kms.katalon.core.exception.StepFailedException: Unable to click on object 'Object Repository/UI/Client/Rule Editor/Create Rule Set/select_addCondition' (Root cause: com.kms.katalon.core.webui.exception.WebElementNotFoundException: Web element with id: 'Object Repository/UI/Client/Rule Editor/Create Rule Set/select_addCondition' located by 'By.xpath: id(&quot;react-select-5--value&quot;)/div[@class=&quot;Select-input&quot;]/input[1]' not found)
	at com.kms.katalon.core.keyword.internal.KeywordMain.stepFailed(KeywordMain.groovy:36)
	at com.kms.katalon.core.webui.keyword.internal.WebUIKeywordMain.stepFailed(WebUIKeywordMain.groovy:65)
	at com.kms.katalon.core.webui.keyword.internal.WebUIKeywordMain.runKeyword(WebUIKeywordMain.groovy:27)
	at com.kms.katalon.core.webui.keyword.builtin.ClickKeyword.click(ClickKeyword.groovy:86)
	at com.kms.katalon.core.webui.keyword.builtin.ClickKeyword.execute(ClickKeyword.groovy:67)
	at com.kms.katalon.core.keyword.internal.KeywordExecutor.executeKeywordForPlatform(KeywordExecutor.groovy:53)
	at com.kms.katalon.core.webui.keyword.WebUiBuiltInKeywords.click(WebUiBuiltInKeywords.groovy:616)
	at com.kms.katalon.core.webui.keyword.WebUiBuiltInKeywords$click$5.call(Unknown Source)
	at Create New Rule Set.run(Create New Rule Set:141)
	at com.kms.katalon.core.main.ScriptEngine.run(ScriptEngine.java:194)
	at com.kms.katalon.core.main.ScriptEngine.runScriptAsRawText(ScriptEngine.java:119)
	at com.kms.katalon.core.main.TestCaseExecutor.runScript(TestCaseExecutor.java:328)
	at com.kms.katalon.core.main.TestCaseExecutor.doExecute(TestCaseExecutor.java:319)
	at com.kms.katalon.core.main.TestCaseExecutor.processExecutionPhase(TestCaseExecutor.java:298)
	at com.kms.katalon.core.main.TestCaseExecutor.accessMainPhase(TestCaseExecutor.java:290)
	at com.kms.katalon.core.main.TestCaseExecutor.execute(TestCaseExecutor.java:224)
	at com.kms.katalon.core.main.TestSuiteExecutor.accessTestCaseMainPhase(TestSuiteExecutor.java:129)
	at com.kms.katalon.core.main.TestSuiteExecutor.accessTestSuiteMainPhase(TestSuiteExecutor.java:112)
	at com.kms.katalon.core.main.TestSuiteExecutor.execute(TestSuiteExecutor.java:81)
	at com.kms.katalon.core.main.TestCaseMain.startTestSuite(TestCaseMain.java:149)
	at com.kms.katalon.core.main.TestCaseMain$startTestSuite$0.call(Unknown Source)
	at TempTestSuite1548302180183.run(TempTestSuite1548302180183.groovy:36)
"/>
         <system-out><![CDATA[2019-01-23 21:59:21 - [TEST_CASE][FAILED] - Test Cases/UI/Client/Rule Editor/Create New Rule Set: Test Cases/UI/Client/Rule Editor/Create New Rule Set FAILED.
Reason:
com.kms.katalon.core.exception.StepFailedException: Unable to click on object 'Object Repository/UI/Client/Rule Editor/Create Rule Set/select_addCondition' (Root cause: com.kms.katalon.core.webui.exception.WebElementNotFoundException: Web element with id: 'Object Repository/UI/Client/Rule Editor/Create Rule Set/select_addCondition' located by 'By.xpath: id("react-select-5--value")/div[@class="Select-input"]/input[1]' not found)
	at com.kms.katalon.core.keyword.internal.KeywordMain.stepFailed(KeywordMain.groovy:36)
	at com.kms.katalon.core.webui.keyword.internal.WebUIKeywordMain.stepFailed(WebUIKeywordMain.groovy:65)
	at com.kms.katalon.core.webui.keyword.internal.WebUIKeywordMain.runKeyword(WebUIKeywordMain.groovy:27)
	at com.kms.katalon.core.webui.keyword.builtin.ClickKeyword.click(ClickKeyword.groovy:86)
	at com.kms.katalon.core.webui.keyword.builtin.ClickKeyword.execute(ClickKeyword.groovy:67)
	at com.kms.katalon.core.keyword.internal.KeywordExecutor.executeKeywordForPlatform(KeywordExecutor.groovy:53)
	at com.kms.katalon.core.webui.keyword.WebUiBuiltInKeywords.click(WebUiBuiltInKeywords.groovy:616)
	at com.kms.katalon.core.webui.keyword.WebUiBuiltInKeywords$click$5.call(Unknown Source)
	at Create New Rule Set.run(Create New Rule Set:141)
	at com.kms.katalon.core.main.ScriptEngine.run(ScriptEngine.java:194)
	at com.kms.katalon.core.main.ScriptEngine.runScriptAsRawText(ScriptEngine.java:119)
	at com.kms.katalon.core.main.TestCaseExecutor.runScript(TestCaseExecutor.java:328)
	at com.kms.katalon.core.main.TestCaseExecutor.doExecute(TestCaseExecutor.java:319)
	at com.kms.katalon.core.main.TestCaseExecutor.processExecutionPhase(TestCaseExecutor.java:298)
	at com.kms.katalon.core.main.TestCaseExecutor.accessMainPhase(TestCaseExecutor.java:290)
	at com.kms.katalon.core.main.TestCaseExecutor.execute(TestCaseExecutor.java:224)
	at com.kms.katalon.core.main.TestSuiteExecutor.accessTestCaseMainPhase(TestSuiteExecutor.java:129)
	at com.kms.katalon.core.main.TestSuiteExecutor.accessTestSuiteMainPhase(TestSuiteExecutor.java:112)
	at com.kms.katalon.core.main.TestSuiteExecutor.execute(TestSuiteExecutor.java:81)
	at com.kms.katalon.core.main.TestCaseMain.startTestSuite(TestCaseMain.java:149)
	at com.kms.katalon.core.main.TestCaseMain$startTestSuite$0.call(Unknown Source)
	at TempTestSuite1548302180183.run(TempTestSuite1548302180183.groovy:36)


2019-01-23 21:59:21 - [TEST_STEP][PASSED] - UAT = "https://uat.advancedpricing.com": null

2019-01-23 21:59:21 - [TEST_STEP][PASSED] - USER = "qaAuto": null

2019-01-23 21:59:21 - [TEST_STEP][PASSED] - PASSWD = "a9yk100dD": null

2019-01-23 21:59:21 - [TEST_STEP][PASSED] - RULESETNAME = "AAAA Rule Set": null

2019-01-23 21:59:21 - [TEST_STEP][PASSED] - VALIDFROM = "01/18/2019": null

2019-01-23 21:59:21 - [TEST_STEP][PASSED] - VALIDTO = "01/30/2019": null

2019-01-23 21:59:21 - [TEST_STEP][PASSED] - RULESETTYPE = "Claim": null

2019-01-23 21:59:21 - [TEST_STEP][PASSED] - RULENAME = "First Rule": null

2019-01-23 21:59:21 - [TEST_STEP][PASSED] - openBrowser(""): Browser is opened with url: ''

2019-01-23 21:59:21 - [MESSAGE][INFO] - Starting 'Chrome' driver

2019-01-23 21:59:23 - [MESSAGE][PASSED] - Browser is opened with url: ''

2019-01-23 21:59:23 - [TEST_STEP][PASSED] - maximizeWindow(): Current window maximized

2019-01-23 21:59:25 - [MESSAGE][PASSED] - Current window maximized

2019-01-23 21:59:25 - [TEST_STEP][PASSED] - navigateToUrl(UAT): Navigate to 'https://uat.advancedpricing.com' successfully

2019-01-23 21:59:26 - [MESSAGE][PASSED] - Navigate to 'https://uat.advancedpricing.com' successfully

2019-01-23 21:59:26 - [TEST_STEP][PASSED] - waitForPageLoad(5): Wait for page load successfully

2019-01-23 21:59:26 - [MESSAGE][PASSED] - Wait for page load successfully

2019-01-23 21:59:26 - [TEST_STEP][PASSED] - setText(findTestObject("UI/Client/Claim Services/input_userCode"), USER): Text 'qaAuto' is set on object 'Object Repository/UI/Client/Claim Services/input_userCode'

2019-01-23 21:59:26 - [MESSAGE][PASSED] - Text 'qaAuto' is set on object 'Object Repository/UI/Client/Claim Services/input_userCode'

2019-01-23 21:59:26 - [TEST_STEP][PASSED] - setText(findTestObject("UI/Client/Claim Services/input_userPassword"), PASSWD): Text 'a9yk100dD' is set on object 'Object Repository/UI/Client/Claim Services/input_userPassword'

2019-01-23 21:59:26 - [MESSAGE][PASSED] - Text 'a9yk100dD' is set on object 'Object Repository/UI/Client/Claim Services/input_userPassword'

2019-01-23 21:59:26 - [TEST_STEP][PASSED] - waitForElementClickable(findTestObject("UI/Client/Claim Services/input_loginButton"), 5): Object 'Object Repository/UI/Client/Claim Services/input_loginButton' is clickable

2019-01-23 21:59:26 - [MESSAGE][PASSED] - Object 'Object Repository/UI/Client/Claim Services/input_loginButton' is clickable

2019-01-23 21:59:26 - [TEST_STEP][PASSED] - click(findTestObject("UI/Client/Claim Services/input_loginButton")): Object: 'Object Repository/UI/Client/Claim Services/input_loginButton' is clicked on

2019-01-23 21:59:26 - [MESSAGE][PASSED] - Object: 'Object Repository/UI/Client/Claim Services/input_loginButton' is clicked on

2019-01-23 21:59:26 - [TEST_STEP][PASSED] - delay(1): Delayed 1 second(s)

2019-01-23 21:59:27 - [MESSAGE][PASSED] - Delayed 1 second(s)

2019-01-23 21:59:27 - [TEST_STEP][PASSED] - waitForPageLoad(5): Wait for page load successfully

2019-01-23 21:59:27 - [MESSAGE][PASSED] - Wait for page load successfully

2019-01-23 21:59:27 - [TEST_STEP][PASSED] - waitForElementPresent(findTestObject("UI/Client/Rule Editor/h1_Clients"), 5): Object 'Object Repository/UI/Client/Rule Editor/h1_Clients' is present

2019-01-23 21:59:27 - [MESSAGE][PASSED] - Object 'Object Repository/UI/Client/Rule Editor/h1_Clients' is present

2019-01-23 21:59:27 - [TEST_STEP][PASSED] - pageTitle = getText(findTestObject("UI/Client/Rule Editor/h1_Clients")): Text of object 'Object Repository/UI/Client/Rule Editor/h1_Clients' is: 'Clients'

2019-01-23 21:59:28 - [MESSAGE][PASSED] - Text of object 'Object Repository/UI/Client/Rule Editor/h1_Clients' is: 'Clients'

2019-01-23 21:59:28 - [TEST_STEP][PASSED] - verifyMatch(pageTitle, "Clients", false): Actual text 'Clients' and expected text 'Clients' are matched 

2019-01-23 21:59:28 - [MESSAGE][PASSED] - Actual text 'Clients' and expected text 'Clients' are matched 

2019-01-23 21:59:28 - [TEST_STEP][PASSED] - delay(3): Delayed 3 second(s)

2019-01-23 21:59:31 - [MESSAGE][PASSED] - Delayed 3 second(s)

2019-01-23 21:59:31 - [TEST_STEP][PASSED] - waitForElementClickable(findTestObject("UI/Client/Rule Editor/span_ruleEditorMenu"), 5): Object 'Object Repository/UI/Client/Rule Editor/span_ruleEditorMenu' is clickable

2019-01-23 21:59:31 - [MESSAGE][PASSED] - Object 'Object Repository/UI/Client/Rule Editor/span_ruleEditorMenu' is clickable

2019-01-23 21:59:31 - [TEST_STEP][PASSED] - click(findTestObject("UI/Client/Rule Editor/span_ruleEditorMenu")): Object: 'Object Repository/UI/Client/Rule Editor/span_ruleEditorMenu' is clicked on

2019-01-23 21:59:31 - [MESSAGE][PASSED] - Object: 'Object Repository/UI/Client/Rule Editor/span_ruleEditorMenu' is clicked on

2019-01-23 21:59:31 - [TEST_STEP][PASSED] - delay(1): Delayed 1 second(s)

2019-01-23 21:59:32 - [MESSAGE][PASSED] - Delayed 1 second(s)

2019-01-23 21:59:32 - [TEST_STEP][PASSED] - waitForPageLoad(5): Wait for page load successfully

2019-01-23 21:59:32 - [MESSAGE][PASSED] - Wait for page load successfully

2019-01-23 21:59:32 - [TEST_STEP][PASSED] - waitForElementPresent(findTestObject("UI/Client/Rule Editor/h1_ruleEditor"), 5): Object 'Object Repository/UI/Client/Rule Editor/h1_ruleEditor' is present

2019-01-23 21:59:32 - [MESSAGE][PASSED] - Object 'Object Repository/UI/Client/Rule Editor/h1_ruleEditor' is present

2019-01-23 21:59:32 - [TEST_STEP][PASSED] - pageTitle = getText(findTestObject("UI/Client/Rule Editor/h1_ruleEditor")): Text of object 'Object Repository/UI/Client/Rule Editor/h1_ruleEditor' is: 'Rule Editor'

2019-01-23 21:59:32 - [MESSAGE][PASSED] - Text of object 'Object Repository/UI/Client/Rule Editor/h1_ruleEditor' is: 'Rule Editor'

2019-01-23 21:59:32 - [TEST_STEP][PASSED] - verifyMatch(pageTitle, "Rule Editor", false): Actual text 'Rule Editor' and expected text 'Rule Editor' are matched 

2019-01-23 21:59:32 - [MESSAGE][PASSED] - Actual text 'Rule Editor' and expected text 'Rule Editor' are matched 

2019-01-23 21:59:32 - [TEST_STEP][PASSED] - delay(3): Delayed 3 second(s)

2019-01-23 21:59:35 - [MESSAGE][PASSED] - Delayed 3 second(s)

2019-01-23 21:59:35 - [TEST_STEP][PASSED] - waitForElementClickable(findTestObject("UI/Client/Rule Editor/Create Rule Set/a_createNewRuleSet"), 5): Object 'Object Repository/UI/Client/Rule Editor/Create Rule Set/a_createNewRuleSet' is clickable

2019-01-23 21:59:35 - [MESSAGE][PASSED] - Object 'Object Repository/UI/Client/Rule Editor/Create Rule Set/a_createNewRuleSet' is clickable

2019-01-23 21:59:35 - [TEST_STEP][PASSED] - click(findTestObject("UI/Client/Rule Editor/Create Rule Set/a_createNewRuleSet")): Object: 'Object Repository/UI/Client/Rule Editor/Create Rule Set/a_createNewRuleSet' is clicked on

2019-01-23 21:59:35 - [MESSAGE][PASSED] - Object: 'Object Repository/UI/Client/Rule Editor/Create Rule Set/a_createNewRuleSet' is clicked on

2019-01-23 21:59:35 - [TEST_STEP][PASSED] - delay(1): Delayed 1 second(s)

2019-01-23 21:59:36 - [MESSAGE][PASSED] - Delayed 1 second(s)

2019-01-23 21:59:36 - [TEST_STEP][PASSED] - waitForPageLoad(5): Wait for page load successfully

2019-01-23 21:59:36 - [MESSAGE][PASSED] - Wait for page load successfully

2019-01-23 21:59:36 - [TEST_STEP][PASSED] - waitForElementPresent(findTestObject("UI/Client/Rule Editor/Create Rule Set/h2_newRulesetForm"), 5): Object 'Object Repository/UI/Client/Rule Editor/Create Rule Set/h2_newRulesetForm' is present

2019-01-23 21:59:36 - [MESSAGE][PASSED] - Object 'Object Repository/UI/Client/Rule Editor/Create Rule Set/h2_newRulesetForm' is present

2019-01-23 21:59:36 - [TEST_STEP][PASSED] - formTitle = getText(findTestObject("UI/Client/Rule Editor/Create Rule Set/h2_newRulesetForm")): Text of object 'Object Repository/UI/Client/Rule Editor/Create Rule Set/h2_newRulesetForm' is: 'New Ruleset'

2019-01-23 21:59:36 - [MESSAGE][PASSED] - Text of object 'Object Repository/UI/Client/Rule Editor/Create Rule Set/h2_newRulesetForm' is: 'New Ruleset'

2019-01-23 21:59:36 - [TEST_STEP][PASSED] - verifyMatch(formTitle, "New Ruleset", false): Actual text 'New Ruleset' and expected text 'New Ruleset' are matched 

2019-01-23 21:59:36 - [MESSAGE][PASSED] - Actual text 'New Ruleset' and expected text 'New Ruleset' are matched 

2019-01-23 21:59:36 - [TEST_STEP][PASSED] - delay(3): Delayed 3 second(s)

2019-01-23 21:59:39 - [MESSAGE][PASSED] - Delayed 3 second(s)

2019-01-23 21:59:39 - [TEST_STEP][PASSED] - waitForElementVisible(findTestObject("UI/Client/Rule Editor/Create Rule Set/input_ruleSetName"), 5): Object 'Object Repository/UI/Client/Rule Editor/Create Rule Set/input_ruleSetName' is visible

2019-01-23 21:59:39 - [MESSAGE][PASSED] - Object 'Object Repository/UI/Client/Rule Editor/Create Rule Set/input_ruleSetName' is visible

2019-01-23 21:59:39 - [TEST_STEP][PASSED] - setText(findTestObject("UI/Client/Rule Editor/Create Rule Set/input_ruleSetName"), RULESETNAME): Text 'AAAA Rule Set' is set on object 'Object Repository/UI/Client/Rule Editor/Create Rule Set/input_ruleSetName'

2019-01-23 21:59:40 - [MESSAGE][PASSED] - Text 'AAAA Rule Set' is set on object 'Object Repository/UI/Client/Rule Editor/Create Rule Set/input_ruleSetName'

2019-01-23 21:59:40 - [TEST_STEP][PASSED] - delay(2): Delayed 2 second(s)

2019-01-23 21:59:42 - [MESSAGE][PASSED] - Delayed 2 second(s)

2019-01-23 21:59:42 - [TEST_STEP][PASSED] - waitForElementVisible(findTestObject("UI/Client/Rule Editor/Create Rule Set/input_validFromDate"), 5): Object 'Object Repository/UI/Client/Rule Editor/Create Rule Set/input_validFromDate' is visible

2019-01-23 21:59:42 - [MESSAGE][PASSED] - Object 'Object Repository/UI/Client/Rule Editor/Create Rule Set/input_validFromDate' is visible

2019-01-23 21:59:42 - [TEST_STEP][PASSED] - setText(findTestObject("UI/Client/Rule Editor/Create Rule Set/input_validFromDate"), VALIDFROM): Text '01/18/2019' is set on object 'Object Repository/UI/Client/Rule Editor/Create Rule Set/input_validFromDate'

2019-01-23 21:59:42 - [MESSAGE][PASSED] - Text '01/18/2019' is set on object 'Object Repository/UI/Client/Rule Editor/Create Rule Set/input_validFromDate'

2019-01-23 21:59:42 - [TEST_STEP][PASSED] - delay(2): Delayed 2 second(s)

2019-01-23 21:59:44 - [MESSAGE][PASSED] - Delayed 2 second(s)

2019-01-23 21:59:44 - [TEST_STEP][PASSED] - waitForElementVisible(findTestObject("UI/Client/Rule Editor/Create Rule Set/input_validToDate"), 5): Object 'Object Repository/UI/Client/Rule Editor/Create Rule Set/input_validToDate' is visible

2019-01-23 21:59:44 - [MESSAGE][PASSED] - Object 'Object Repository/UI/Client/Rule Editor/Create Rule Set/input_validToDate' is visible

2019-01-23 21:59:44 - [TEST_STEP][PASSED] - setText(findTestObject("UI/Client/Rule Editor/Create Rule Set/input_validToDate"), VALIDTO): Text '01/30/2019' is set on object 'Object Repository/UI/Client/Rule Editor/Create Rule Set/input_validToDate'

2019-01-23 21:59:44 - [MESSAGE][PASSED] - Text '01/30/2019' is set on object 'Object Repository/UI/Client/Rule Editor/Create Rule Set/input_validToDate'

2019-01-23 21:59:44 - [TEST_STEP][PASSED] - delay(2): Delayed 2 second(s)

2019-01-23 21:59:46 - [MESSAGE][PASSED] - Delayed 2 second(s)

2019-01-23 21:59:46 - [TEST_STEP][PASSED] - waitForElementClickable(findTestObject("UI/Client/Rule Editor/Create Rule Set/select_ruleSetType"), 5): Object 'Object Repository/UI/Client/Rule Editor/Create Rule Set/select_ruleSetType' is clickable

2019-01-23 21:59:46 - [MESSAGE][PASSED] - Object 'Object Repository/UI/Client/Rule Editor/Create Rule Set/select_ruleSetType' is clickable

2019-01-23 21:59:46 - [TEST_STEP][PASSED] - click(findTestObject("UI/Client/Rule Editor/Create Rule Set/select_ruleSetType")): Object: 'Object Repository/UI/Client/Rule Editor/Create Rule Set/select_ruleSetType' is clicked on

2019-01-23 21:59:46 - [MESSAGE][PASSED] - Object: 'Object Repository/UI/Client/Rule Editor/Create Rule Set/select_ruleSetType' is clicked on

2019-01-23 21:59:46 - [TEST_STEP][PASSED] - delay(2): Delayed 2 second(s)

2019-01-23 21:59:48 - [MESSAGE][PASSED] - Delayed 2 second(s)

2019-01-23 21:59:48 - [TEST_STEP][PASSED] - waitForElementPresent(findTestObject("UI/Client/Rule Editor/Create Rule Set/option_claimType"), 5): Object 'Object Repository/UI/Client/Rule Editor/Create Rule Set/option_claimType' is present

2019-01-23 21:59:48 - [MESSAGE][PASSED] - Object 'Object Repository/UI/Client/Rule Editor/Create Rule Set/option_claimType' is present

2019-01-23 21:59:48 - [TEST_STEP][PASSED] - waitForElementVisible(findTestObject("UI/Client/Rule Editor/Create Rule Set/option_claimType"), 5): Object 'Object Repository/UI/Client/Rule Editor/Create Rule Set/option_claimType' is visible

2019-01-23 21:59:48 - [MESSAGE][PASSED] - Object 'Object Repository/UI/Client/Rule Editor/Create Rule Set/option_claimType' is visible

2019-01-23 21:59:48 - [TEST_STEP][PASSED] - sendKeys(findTestObject("UI/Client/Rule Editor/Create Rule Set/option_claimType"), Keys.chord(ENTER)): Keys 'ENTER + ' sent to object: 'Object Repository/UI/Client/Rule Editor/Create Rule Set/option_claimType'

2019-01-23 21:59:48 - [MESSAGE][PASSED] - Keys 'ENTER + ' sent to object: 'Object Repository/UI/Client/Rule Editor/Create Rule Set/option_claimType'

2019-01-23 21:59:48 - [TEST_STEP][PASSED] - delay(2): Delayed 2 second(s)

2019-01-23 21:59:50 - [MESSAGE][PASSED] - Delayed 2 second(s)

2019-01-23 21:59:50 - [TEST_STEP][PASSED] - waitForElementClickable(findTestObject("UI/Client/Rule Editor/Create Rule Set/button_saveRuleSet"), 5): Object 'Object Repository/UI/Client/Rule Editor/Create Rule Set/button_saveRuleSet' is clickable

2019-01-23 21:59:50 - [MESSAGE][PASSED] - Object 'Object Repository/UI/Client/Rule Editor/Create Rule Set/button_saveRuleSet' is clickable

2019-01-23 21:59:50 - [TEST_STEP][PASSED] - click(findTestObject("UI/Client/Rule Editor/Create Rule Set/button_saveRuleSet")): Object: 'Object Repository/UI/Client/Rule Editor/Create Rule Set/button_saveRuleSet' is clicked on

2019-01-23 21:59:51 - [MESSAGE][PASSED] - Object: 'Object Repository/UI/Client/Rule Editor/Create Rule Set/button_saveRuleSet' is clicked on

2019-01-23 21:59:51 - [TEST_STEP][PASSED] - delay(1): Delayed 1 second(s)

2019-01-23 21:59:52 - [MESSAGE][PASSED] - Delayed 1 second(s)

2019-01-23 21:59:52 - [TEST_STEP][PASSED] - waitForPageLoad(5): Wait for page load successfully

2019-01-23 21:59:52 - [MESSAGE][PASSED] - Wait for page load successfully

2019-01-23 21:59:52 - [TEST_STEP][PASSED] - waitForElementPresent(findTestObject("UI/Client/Rule Editor/Create Rule Set/div_alertRuleSetSaved"), 5): Object 'Object Repository/UI/Client/Rule Editor/Create Rule Set/div_alertRuleSetSaved' is present

2019-01-23 21:59:52 - [MESSAGE][PASSED] - Object 'Object Repository/UI/Client/Rule Editor/Create Rule Set/div_alertRuleSetSaved' is present

2019-01-23 21:59:52 - [TEST_STEP][PASSED] - waitForElementVisible(findTestObject("UI/Client/Rule Editor/Create Rule Set/div_alertRuleSetSaved"), 5): Object 'Object Repository/UI/Client/Rule Editor/Create Rule Set/div_alertRuleSetSaved' is visible

2019-01-23 21:59:52 - [MESSAGE][PASSED] - Object 'Object Repository/UI/Client/Rule Editor/Create Rule Set/div_alertRuleSetSaved' is visible

2019-01-23 21:59:52 - [TEST_STEP][PASSED] - focus(findTestObject("UI/Client/Rule Editor/Create Rule Set/div_alertRuleSetSaved")): Object: 'Object Repository/UI/Client/Rule Editor/Create Rule Set/div_alertRuleSetSaved' is focused

2019-01-23 21:59:52 - [MESSAGE][PASSED] - Object: 'Object Repository/UI/Client/Rule Editor/Create Rule Set/div_alertRuleSetSaved' is focused

2019-01-23 21:59:52 - [TEST_STEP][PASSED] - click(findTestObject("UI/Client/Rule Editor/Create Rule Set/button_acceptRuleSetSavedPopUp")): Object: 'Object Repository/UI/Client/Rule Editor/Create Rule Set/button_acceptRuleSetSavedPopUp' is clicked on

2019-01-23 21:59:52 - [MESSAGE][PASSED] - Object: 'Object Repository/UI/Client/Rule Editor/Create Rule Set/button_acceptRuleSetSavedPopUp' is clicked on

2019-01-23 21:59:52 - [TEST_STEP][PASSED] - delay(3): Delayed 3 second(s)

2019-01-23 21:59:55 - [MESSAGE][PASSED] - Delayed 3 second(s)

2019-01-23 21:59:55 - [TEST_STEP][PASSED] - waitForPageLoad(5): Wait for page load successfully

2019-01-23 21:59:55 - [MESSAGE][PASSED] - Wait for page load successfully

2019-01-23 21:59:55 - [TEST_STEP][PASSED] - waitForElementPresent(findTestObject("UI/Client/Rule Editor/Create Rule Set/h2_editRulesetForm"), 5): Object 'Object Repository/UI/Client/Rule Editor/Create Rule Set/h2_editRulesetForm' is present

2019-01-23 21:59:55 - [MESSAGE][PASSED] - Object 'Object Repository/UI/Client/Rule Editor/Create Rule Set/h2_editRulesetForm' is present

2019-01-23 21:59:55 - [TEST_STEP][PASSED] - formTitle = getText(findTestObject("UI/Client/Rule Editor/Create Rule Set/h2_editRulesetForm")): Text of object 'Object Repository/UI/Client/Rule Editor/Create Rule Set/h2_editRulesetForm' is: 'Edit Ruleset'

2019-01-23 21:59:55 - [MESSAGE][PASSED] - Text of object 'Object Repository/UI/Client/Rule Editor/Create Rule Set/h2_editRulesetForm' is: 'Edit Ruleset'

2019-01-23 21:59:55 - [TEST_STEP][PASSED] - verifyMatch(formTitle, "Edit Ruleset", false): Actual text 'Edit Ruleset' and expected text 'Edit Ruleset' are matched 

2019-01-23 21:59:55 - [MESSAGE][PASSED] - Actual text 'Edit Ruleset' and expected text 'Edit Ruleset' are matched 

2019-01-23 21:59:55 - [TEST_STEP][PASSED] - delay(3): Delayed 3 second(s)

2019-01-23 21:59:58 - [MESSAGE][PASSED] - Delayed 3 second(s)

2019-01-23 21:59:58 - [TEST_STEP][PASSED] - verifyElementNotPresent(findTestObject("UI/Client/Rule Editor/Create Rule Set/span_noRulesYet"), 5): Web element with id: 'Object Repository/UI/Client/Rule Editor/Create Rule Set/span_noRulesYet' located by 'By.xpath: //div[@class="panel panel-primary"]//span[@class="handle"]' is not present after '5' second(s)

2019-01-23 21:59:58 - [MESSAGE][PASSED] - Web element with id: 'Object Repository/UI/Client/Rule Editor/Create Rule Set/span_noRulesYet' located by 'By.xpath: //div[@class="panel panel-primary"]//span[@class="handle"]' is not present after '5' second(s)

2019-01-23 21:59:58 - [TEST_STEP][PASSED] - delay(3): Delayed 3 second(s)

2019-01-23 22:00:01 - [MESSAGE][PASSED] - Delayed 3 second(s)

2019-01-23 22:00:01 - [TEST_STEP][PASSED] - waitForElementClickable(findTestObject("UI/Client/Rule Editor/Create Rule Set/a_addRuleToRuleSet"), 5): Object 'Object Repository/UI/Client/Rule Editor/Create Rule Set/a_addRuleToRuleSet' is clickable

2019-01-23 22:00:01 - [MESSAGE][PASSED] - Object 'Object Repository/UI/Client/Rule Editor/Create Rule Set/a_addRuleToRuleSet' is clickable

2019-01-23 22:00:01 - [TEST_STEP][PASSED] - click(findTestObject("UI/Client/Rule Editor/Create Rule Set/a_addRuleToRuleSet")): Object: 'Object Repository/UI/Client/Rule Editor/Create Rule Set/a_addRuleToRuleSet' is clicked on

2019-01-23 22:00:01 - [MESSAGE][PASSED] - Object: 'Object Repository/UI/Client/Rule Editor/Create Rule Set/a_addRuleToRuleSet' is clicked on

2019-01-23 22:00:01 - [TEST_STEP][PASSED] - delay(1): Delayed 1 second(s)

2019-01-23 22:00:02 - [MESSAGE][PASSED] - Delayed 1 second(s)

2019-01-23 22:00:02 - [TEST_STEP][PASSED] - waitForPageLoad(5): Wait for page load successfully

2019-01-23 22:00:02 - [MESSAGE][PASSED] - Wait for page load successfully

2019-01-23 22:00:02 - [TEST_STEP][PASSED] - waitForElementPresent(findTestObject("UI/Client/Rule Editor/Create Rule Set/h2_newRulesForm"), 5): Object 'Object Repository/UI/Client/Rule Editor/Create Rule Set/h2_newRulesForm' is present

2019-01-23 22:00:02 - [MESSAGE][PASSED] - Object 'Object Repository/UI/Client/Rule Editor/Create Rule Set/h2_newRulesForm' is present

2019-01-23 22:00:02 - [TEST_STEP][PASSED] - formTitle = getText(findTestObject("UI/Client/Rule Editor/Create Rule Set/h2_newRulesForm")): Text of object 'Object Repository/UI/Client/Rule Editor/Create Rule Set/h2_newRulesForm' is: 'New Rules'

2019-01-23 22:00:02 - [MESSAGE][PASSED] - Text of object 'Object Repository/UI/Client/Rule Editor/Create Rule Set/h2_newRulesForm' is: 'New Rules'

2019-01-23 22:00:02 - [TEST_STEP][PASSED] - verifyMatch(formTitle, "New Rules", false): Actual text 'New Rules' and expected text 'New Rules' are matched 

2019-01-23 22:00:02 - [MESSAGE][PASSED] - Actual text 'New Rules' and expected text 'New Rules' are matched 

2019-01-23 22:00:02 - [TEST_STEP][PASSED] - delay(3): Delayed 3 second(s)

2019-01-23 22:00:05 - [MESSAGE][PASSED] - Delayed 3 second(s)

2019-01-23 22:00:05 - [TEST_STEP][PASSED] - waitForElementVisible(findTestObject("UI/Client/Rule Editor/Create Rule Set/input_ruleName"), 5): Object 'Object Repository/UI/Client/Rule Editor/Create Rule Set/input_ruleName' is visible

2019-01-23 22:00:05 - [MESSAGE][PASSED] - Object 'Object Repository/UI/Client/Rule Editor/Create Rule Set/input_ruleName' is visible

2019-01-23 22:00:05 - [TEST_STEP][PASSED] - setText(findTestObject("UI/Client/Rule Editor/Create Rule Set/input_ruleName"), RULENAME): Text 'First Rule' is set on object 'Object Repository/UI/Client/Rule Editor/Create Rule Set/input_ruleName'

2019-01-23 22:00:06 - [MESSAGE][PASSED] - Text 'First Rule' is set on object 'Object Repository/UI/Client/Rule Editor/Create Rule Set/input_ruleName'

2019-01-23 22:00:06 - [TEST_STEP][PASSED] - delay(2): Delayed 2 second(s)

2019-01-23 22:00:08 - [MESSAGE][PASSED] - Delayed 2 second(s)

2019-01-23 22:00:08 - [TEST_STEP][PASSED] - waitForElementClickable(findTestObject("UI/Client/Rule Editor/Create Rule Set/select_addCondition"), 5): Web element with id: 'Object Repository/UI/Client/Rule Editor/Create Rule Set/select_addCondition' located by 'By.xpath: id("react-select-5--value")/div[@class="Select-input"]/input[1]' not found

2019-01-23 22:00:13 - [MESSAGE][INFO] - Unable to find the element located by 'By.xpath: id("react-select-5--value")/div[@class="Select-input"]/input[1]'. Please recheck the objects properties to make sure the desired element is located. 

2019-01-23 22:00:13 - [MESSAGE][WARNING] - Web element with id: 'Object Repository/UI/Client/Rule Editor/Create Rule Set/select_addCondition' located by 'By.xpath: id("react-select-5--value")/div[@class="Select-input"]/input[1]' not found

2019-01-23 22:00:13 - [TEST_STEP][FAILED] - click(findTestObject("UI/Client/Rule Editor/Create Rule Set/select_addCondition")): click(findTestObject("UI/Client/Rule Editor/Create Rule Set/select_addCondition")) FAILED.
Reason:
com.kms.katalon.core.exception.StepFailedException: Unable to click on object 'Object Repository/UI/Client/Rule Editor/Create Rule Set/select_addCondition' (Root cause: com.kms.katalon.core.webui.exception.WebElementNotFoundException: Web element with id: 'Object Repository/UI/Client/Rule Editor/Create Rule Set/select_addCondition' located by 'By.xpath: id("react-select-5--value")/div[@class="Select-input"]/input[1]' not found)
	at com.kms.katalon.core.keyword.internal.KeywordMain.stepFailed(KeywordMain.groovy:36)
	at com.kms.katalon.core.webui.keyword.internal.WebUIKeywordMain.stepFailed(WebUIKeywordMain.groovy:65)
	at com.kms.katalon.core.webui.keyword.internal.WebUIKeywordMain.runKeyword(WebUIKeywordMain.groovy:27)
	at com.kms.katalon.core.webui.keyword.builtin.ClickKeyword.click(ClickKeyword.groovy:86)
	at com.kms.katalon.core.webui.keyword.builtin.ClickKeyword.execute(ClickKeyword.groovy:67)
	at com.kms.katalon.core.keyword.internal.KeywordExecutor.executeKeywordForPlatform(KeywordExecutor.groovy:53)
	at com.kms.katalon.core.webui.keyword.WebUiBuiltInKeywords.click(WebUiBuiltInKeywords.groovy:616)
	at com.kms.katalon.core.webui.keyword.WebUiBuiltInKeywords$click$5.call(Unknown Source)
	at Create New Rule Set.run(Create New Rule Set:141)
	at com.kms.katalon.core.main.ScriptEngine.run(ScriptEngine.java:194)
	at com.kms.katalon.core.main.ScriptEngine.runScriptAsRawText(ScriptEngine.java:119)
	at com.kms.katalon.core.main.TestCaseExecutor.runScript(TestCaseExecutor.java:328)
	at com.kms.katalon.core.main.TestCaseExecutor.doExecute(TestCaseExecutor.java:319)
	at com.kms.katalon.core.main.TestCaseExecutor.processExecutionPhase(TestCaseExecutor.java:298)
	at com.kms.katalon.core.main.TestCaseExecutor.accessMainPhase(TestCaseExecutor.java:290)
	at com.kms.katalon.core.main.TestCaseExecutor.execute(TestCaseExecutor.java:224)
	at com.kms.katalon.core.main.TestSuiteExecutor.accessTestCaseMainPhase(TestSuiteExecutor.java:129)
	at com.kms.katalon.core.main.TestSuiteExecutor.accessTestSuiteMainPhase(TestSuiteExecutor.java:112)
	at com.kms.katalon.core.main.TestSuiteExecutor.execute(TestSuiteExecutor.java:81)
	at com.kms.katalon.core.main.TestCaseMain.startTestSuite(TestCaseMain.java:149)
	at com.kms.katalon.core.main.TestCaseMain$startTestSuite$0.call(Unknown Source)
	at TempTestSuite1548302180183.run(TempTestSuite1548302180183.groovy:36)


2019-01-23 22:00:44 - [MESSAGE][INFO] - Unable to find the element located by 'By.xpath: id("react-select-5--value")/div[@class="Select-input"]/input[1]'. Please recheck the objects properties to make sure the desired element is located. 

2019-01-23 22:00:45 - [MESSAGE][FAILED] - Unable to click on object 'Object Repository/UI/Client/Rule Editor/Create Rule Set/select_addCondition' (Root cause: com.kms.katalon.core.webui.exception.WebElementNotFoundException: Web element with id: 'Object Repository/UI/Client/Rule Editor/Create Rule Set/select_addCondition' located by 'By.xpath: id("react-select-5--value")/div[@class="Select-input"]/input[1]' not found)
[[ATTACHMENT|C:\\Users\\rogelio medrano\\git\\AMPSAutRegression\\Reports\\UI\\Rule Editor\\Rule Editor\\20190123_215620\\1548302444642.png]]

2019-01-23 22:00:45 - [MESSAGE][FAILED] - click(findTestObject("UI/Client/Rule Editor/Create Rule Set/select_addCondition")) FAILED.
Reason:
com.kms.katalon.core.exception.StepFailedException: Unable to click on object 'Object Repository/UI/Client/Rule Editor/Create Rule Set/select_addCondition' (Root cause: com.kms.katalon.core.webui.exception.WebElementNotFoundException: Web element with id: 'Object Repository/UI/Client/Rule Editor/Create Rule Set/select_addCondition' located by 'By.xpath: id("react-select-5--value")/div[@class="Select-input"]/input[1]' not found)
	at com.kms.katalon.core.keyword.internal.KeywordMain.stepFailed(KeywordMain.groovy:36)
	at com.kms.katalon.core.webui.keyword.internal.WebUIKeywordMain.stepFailed(WebUIKeywordMain.groovy:65)
	at com.kms.katalon.core.webui.keyword.internal.WebUIKeywordMain.runKeyword(WebUIKeywordMain.groovy:27)
	at com.kms.katalon.core.webui.keyword.builtin.ClickKeyword.click(ClickKeyword.groovy:86)
	at com.kms.katalon.core.webui.keyword.builtin.ClickKeyword.execute(ClickKeyword.groovy:67)
	at com.kms.katalon.core.keyword.internal.KeywordExecutor.executeKeywordForPlatform(KeywordExecutor.groovy:53)
	at com.kms.katalon.core.webui.keyword.WebUiBuiltInKeywords.click(WebUiBuiltInKeywords.groovy:616)
	at com.kms.katalon.core.webui.keyword.WebUiBuiltInKeywords$click$5.call(Unknown Source)
	at Create New Rule Set.run(Create New Rule Set:141)
	at com.kms.katalon.core.main.ScriptEngine.run(ScriptEngine.java:194)
	at com.kms.katalon.core.main.ScriptEngine.runScriptAsRawText(ScriptEngine.java:119)
	at com.kms.katalon.core.main.TestCaseExecutor.runScript(TestCaseExecutor.java:328)
	at com.kms.katalon.core.main.TestCaseExecutor.doExecute(TestCaseExecutor.java:319)
	at com.kms.katalon.core.main.TestCaseExecutor.processExecutionPhase(TestCaseExecutor.java:298)
	at com.kms.katalon.core.main.TestCaseExecutor.accessMainPhase(TestCaseExecutor.java:290)
	at com.kms.katalon.core.main.TestCaseExecutor.execute(TestCaseExecutor.java:224)
	at com.kms.katalon.core.main.TestSuiteExecutor.accessTestCaseMainPhase(TestSuiteExecutor.java:129)
	at com.kms.katalon.core.main.TestSuiteExecutor.accessTestSuiteMainPhase(TestSuiteExecutor.java:112)
	at com.kms.katalon.core.main.TestSuiteExecutor.execute(TestSuiteExecutor.java:81)
	at com.kms.katalon.core.main.TestCaseMain.startTestSuite(TestCaseMain.java:149)
	at com.kms.katalon.core.main.TestCaseMain$startTestSuite$0.call(Unknown Source)
	at TempTestSuite1548302180183.run(TempTestSuite1548302180183.groovy:36)]]></system-out>
         <system-err><![CDATA[2019-01-23 21:59:21 - [TEST_CASE][FAILED] - Test Cases/UI/Client/Rule Editor/Create New Rule Set: Test Cases/UI/Client/Rule Editor/Create New Rule Set FAILED.
Reason:
com.kms.katalon.core.exception.StepFailedException: Unable to click on object 'Object Repository/UI/Client/Rule Editor/Create Rule Set/select_addCondition' (Root cause: com.kms.katalon.core.webui.exception.WebElementNotFoundException: Web element with id: 'Object Repository/UI/Client/Rule Editor/Create Rule Set/select_addCondition' located by 'By.xpath: id("react-select-5--value")/div[@class="Select-input"]/input[1]' not found)
	at com.kms.katalon.core.keyword.internal.KeywordMain.stepFailed(KeywordMain.groovy:36)
	at com.kms.katalon.core.webui.keyword.internal.WebUIKeywordMain.stepFailed(WebUIKeywordMain.groovy:65)
	at com.kms.katalon.core.webui.keyword.internal.WebUIKeywordMain.runKeyword(WebUIKeywordMain.groovy:27)
	at com.kms.katalon.core.webui.keyword.builtin.ClickKeyword.click(ClickKeyword.groovy:86)
	at com.kms.katalon.core.webui.keyword.builtin.ClickKeyword.execute(ClickKeyword.groovy:67)
	at com.kms.katalon.core.keyword.internal.KeywordExecutor.executeKeywordForPlatform(KeywordExecutor.groovy:53)
	at com.kms.katalon.core.webui.keyword.WebUiBuiltInKeywords.click(WebUiBuiltInKeywords.groovy:616)
	at com.kms.katalon.core.webui.keyword.WebUiBuiltInKeywords$click$5.call(Unknown Source)
	at Create New Rule Set.run(Create New Rule Set:141)
	at com.kms.katalon.core.main.ScriptEngine.run(ScriptEngine.java:194)
	at com.kms.katalon.core.main.ScriptEngine.runScriptAsRawText(ScriptEngine.java:119)
	at com.kms.katalon.core.main.TestCaseExecutor.runScript(TestCaseExecutor.java:328)
	at com.kms.katalon.core.main.TestCaseExecutor.doExecute(TestCaseExecutor.java:319)
	at com.kms.katalon.core.main.TestCaseExecutor.processExecutionPhase(TestCaseExecutor.java:298)
	at com.kms.katalon.core.main.TestCaseExecutor.accessMainPhase(TestCaseExecutor.java:290)
	at com.kms.katalon.core.main.TestCaseExecutor.execute(TestCaseExecutor.java:224)
	at com.kms.katalon.core.main.TestSuiteExecutor.accessTestCaseMainPhase(TestSuiteExecutor.java:129)
	at com.kms.katalon.core.main.TestSuiteExecutor.accessTestSuiteMainPhase(TestSuiteExecutor.java:112)
	at com.kms.katalon.core.main.TestSuiteExecutor.execute(TestSuiteExecutor.java:81)
	at com.kms.katalon.core.main.TestCaseMain.startTestSuite(TestCaseMain.java:149)
	at com.kms.katalon.core.main.TestCaseMain$startTestSuite$0.call(Unknown Source)
	at TempTestSuite1548302180183.run(TempTestSuite1548302180183.groovy:36)]]></system-err>
      </testcase>
      <testcase name="Test Cases/UI/Client/Rule Editor/Edit Rule Set" classname="Test Cases/UI/Client/Rule Editor/Edit Rule Set" status="FAILED">
         <failure type="FAILED" message="Test Cases/UI/Client/Rule Editor/Edit Rule Set FAILED.
Reason:
com.kms.katalon.core.exception.StepFailedException: Unable to focus on object 'Object Repository/UI/Client/Rule Editor/Create Rule Set/div_alertRuleAdded' (Root cause: com.kms.katalon.core.webui.exception.WebElementNotFoundException: Web element with id: 'Object Repository/UI/Client/Rule Editor/Create Rule Set/div_alertRuleAdded' located by 'By.xpath: //div[@class=&quot;sweet-alert showSweetAlert visible&quot;]' not found)
	at com.kms.katalon.core.keyword.internal.KeywordMain.stepFailed(KeywordMain.groovy:36)
	at com.kms.katalon.core.webui.keyword.internal.WebUIKeywordMain.stepFailed(WebUIKeywordMain.groovy:65)
	at com.kms.katalon.core.webui.keyword.internal.WebUIKeywordMain.runKeyword(WebUIKeywordMain.groovy:27)
	at com.kms.katalon.core.webui.keyword.builtin.FocusKeyword.focus(FocusKeyword.groovy:90)
	at com.kms.katalon.core.webui.keyword.builtin.FocusKeyword.execute(FocusKeyword.groovy:67)
	at com.kms.katalon.core.keyword.internal.KeywordExecutor.executeKeywordForPlatform(KeywordExecutor.groovy:53)
	at com.kms.katalon.core.webui.keyword.WebUiBuiltInKeywords.focus(WebUiBuiltInKeywords.groovy:859)
	at com.kms.katalon.core.webui.keyword.WebUiBuiltInKeywords$focus$10.call(Unknown Source)
	at Edit Rule Set.run(Edit Rule Set:106)
	at com.kms.katalon.core.main.ScriptEngine.run(ScriptEngine.java:194)
	at com.kms.katalon.core.main.ScriptEngine.runScriptAsRawText(ScriptEngine.java:119)
	at com.kms.katalon.core.main.TestCaseExecutor.runScript(TestCaseExecutor.java:328)
	at com.kms.katalon.core.main.TestCaseExecutor.doExecute(TestCaseExecutor.java:319)
	at com.kms.katalon.core.main.TestCaseExecutor.processExecutionPhase(TestCaseExecutor.java:298)
	at com.kms.katalon.core.main.TestCaseExecutor.accessMainPhase(TestCaseExecutor.java:290)
	at com.kms.katalon.core.main.TestCaseExecutor.execute(TestCaseExecutor.java:224)
	at com.kms.katalon.core.main.TestSuiteExecutor.accessTestCaseMainPhase(TestSuiteExecutor.java:129)
	at com.kms.katalon.core.main.TestSuiteExecutor.accessTestSuiteMainPhase(TestSuiteExecutor.java:112)
	at com.kms.katalon.core.main.TestSuiteExecutor.execute(TestSuiteExecutor.java:81)
	at com.kms.katalon.core.main.TestCaseMain.startTestSuite(TestCaseMain.java:149)
	at com.kms.katalon.core.main.TestCaseMain$startTestSuite$0.call(Unknown Source)
	at TempTestSuite1548302180183.run(TempTestSuite1548302180183.groovy:36)
"/>
         <system-out><![CDATA[2019-01-23 22:00:45 - [TEST_CASE][FAILED] - Test Cases/UI/Client/Rule Editor/Edit Rule Set: Test Cases/UI/Client/Rule Editor/Edit Rule Set FAILED.
Reason:
com.kms.katalon.core.exception.StepFailedException: Unable to focus on object 'Object Repository/UI/Client/Rule Editor/Create Rule Set/div_alertRuleAdded' (Root cause: com.kms.katalon.core.webui.exception.WebElementNotFoundException: Web element with id: 'Object Repository/UI/Client/Rule Editor/Create Rule Set/div_alertRuleAdded' located by 'By.xpath: //div[@class="sweet-alert showSweetAlert visible"]' not found)
	at com.kms.katalon.core.keyword.internal.KeywordMain.stepFailed(KeywordMain.groovy:36)
	at com.kms.katalon.core.webui.keyword.internal.WebUIKeywordMain.stepFailed(WebUIKeywordMain.groovy:65)
	at com.kms.katalon.core.webui.keyword.internal.WebUIKeywordMain.runKeyword(WebUIKeywordMain.groovy:27)
	at com.kms.katalon.core.webui.keyword.builtin.FocusKeyword.focus(FocusKeyword.groovy:90)
	at com.kms.katalon.core.webui.keyword.builtin.FocusKeyword.execute(FocusKeyword.groovy:67)
	at com.kms.katalon.core.keyword.internal.KeywordExecutor.executeKeywordForPlatform(KeywordExecutor.groovy:53)
	at com.kms.katalon.core.webui.keyword.WebUiBuiltInKeywords.focus(WebUiBuiltInKeywords.groovy:859)
	at com.kms.katalon.core.webui.keyword.WebUiBuiltInKeywords$focus$10.call(Unknown Source)
	at Edit Rule Set.run(Edit Rule Set:106)
	at com.kms.katalon.core.main.ScriptEngine.run(ScriptEngine.java:194)
	at com.kms.katalon.core.main.ScriptEngine.runScriptAsRawText(ScriptEngine.java:119)
	at com.kms.katalon.core.main.TestCaseExecutor.runScript(TestCaseExecutor.java:328)
	at com.kms.katalon.core.main.TestCaseExecutor.doExecute(TestCaseExecutor.java:319)
	at com.kms.katalon.core.main.TestCaseExecutor.processExecutionPhase(TestCaseExecutor.java:298)
	at com.kms.katalon.core.main.TestCaseExecutor.accessMainPhase(TestCaseExecutor.java:290)
	at com.kms.katalon.core.main.TestCaseExecutor.execute(TestCaseExecutor.java:224)
	at com.kms.katalon.core.main.TestSuiteExecutor.accessTestCaseMainPhase(TestSuiteExecutor.java:129)
	at com.kms.katalon.core.main.TestSuiteExecutor.accessTestSuiteMainPhase(TestSuiteExecutor.java:112)
	at com.kms.katalon.core.main.TestSuiteExecutor.execute(TestSuiteExecutor.java:81)
	at com.kms.katalon.core.main.TestCaseMain.startTestSuite(TestCaseMain.java:149)
	at com.kms.katalon.core.main.TestCaseMain$startTestSuite$0.call(Unknown Source)
	at TempTestSuite1548302180183.run(TempTestSuite1548302180183.groovy:36)


2019-01-23 22:00:45 - [TEST_STEP][PASSED] - UAT = "https://uat.advancedpricing.com": null

2019-01-23 22:00:45 - [TEST_STEP][PASSED] - USER = "qaAuto": null

2019-01-23 22:00:45 - [TEST_STEP][PASSED] - PASSWD = "a9yk100dD": null

2019-01-23 22:00:45 - [TEST_STEP][PASSED] - RULESETNAME = "AAAA Rule Set EDITED": null

2019-01-23 22:00:45 - [TEST_STEP][PASSED] - VALIDFROM = "01/02/2019": null

2019-01-23 22:00:45 - [TEST_STEP][PASSED] - VALIDTO = "12/31/2019": null

2019-01-23 22:00:45 - [TEST_STEP][PASSED] - RULESETTYPE = "Claim": null

2019-01-23 22:00:45 - [TEST_STEP][PASSED] - RULENAME = "Second Rule": null

2019-01-23 22:00:45 - [TEST_STEP][PASSED] - openBrowser(""): Browser is opened with url: ''

2019-01-23 22:00:45 - [MESSAGE][WARNING] - A browser is already opened. Closing browser and opening a new one

2019-01-23 22:00:45 - [MESSAGE][INFO] - Starting 'Chrome' driver

2019-01-23 22:00:48 - [MESSAGE][PASSED] - Browser is opened with url: ''

2019-01-23 22:00:48 - [TEST_STEP][PASSED] - maximizeWindow(): Current window maximized

2019-01-23 22:00:49 - [MESSAGE][PASSED] - Current window maximized

2019-01-23 22:00:49 - [TEST_STEP][PASSED] - navigateToUrl(UAT): Navigate to 'https://uat.advancedpricing.com' successfully

2019-01-23 22:00:50 - [MESSAGE][PASSED] - Navigate to 'https://uat.advancedpricing.com' successfully

2019-01-23 22:00:50 - [TEST_STEP][PASSED] - waitForPageLoad(5): Wait for page load successfully

2019-01-23 22:00:50 - [MESSAGE][PASSED] - Wait for page load successfully

2019-01-23 22:00:50 - [TEST_STEP][PASSED] - setText(findTestObject("UI/Client/Claim Services/input_userCode"), USER): Text 'qaAuto' is set on object 'Object Repository/UI/Client/Claim Services/input_userCode'

2019-01-23 22:00:50 - [MESSAGE][PASSED] - Text 'qaAuto' is set on object 'Object Repository/UI/Client/Claim Services/input_userCode'

2019-01-23 22:00:50 - [TEST_STEP][PASSED] - setText(findTestObject("UI/Client/Claim Services/input_userPassword"), PASSWD): Text 'a9yk100dD' is set on object 'Object Repository/UI/Client/Claim Services/input_userPassword'

2019-01-23 22:00:51 - [MESSAGE][PASSED] - Text 'a9yk100dD' is set on object 'Object Repository/UI/Client/Claim Services/input_userPassword'

2019-01-23 22:00:51 - [TEST_STEP][PASSED] - waitForElementClickable(findTestObject("UI/Client/Claim Services/input_loginButton"), 5): Object 'Object Repository/UI/Client/Claim Services/input_loginButton' is clickable

2019-01-23 22:00:51 - [MESSAGE][PASSED] - Object 'Object Repository/UI/Client/Claim Services/input_loginButton' is clickable

2019-01-23 22:00:51 - [TEST_STEP][PASSED] - click(findTestObject("UI/Client/Claim Services/input_loginButton")): Object: 'Object Repository/UI/Client/Claim Services/input_loginButton' is clicked on

2019-01-23 22:00:51 - [MESSAGE][PASSED] - Object: 'Object Repository/UI/Client/Claim Services/input_loginButton' is clicked on

2019-01-23 22:00:51 - [TEST_STEP][PASSED] - delay(1): Delayed 1 second(s)

2019-01-23 22:00:52 - [MESSAGE][PASSED] - Delayed 1 second(s)

2019-01-23 22:00:52 - [TEST_STEP][PASSED] - waitForPageLoad(5): Wait for page load successfully

2019-01-23 22:00:52 - [MESSAGE][PASSED] - Wait for page load successfully

2019-01-23 22:00:52 - [TEST_STEP][PASSED] - waitForElementPresent(findTestObject("UI/Client/Rule Editor/h1_Clients"), 5): Object 'Object Repository/UI/Client/Rule Editor/h1_Clients' is present

2019-01-23 22:00:52 - [MESSAGE][PASSED] - Object 'Object Repository/UI/Client/Rule Editor/h1_Clients' is present

2019-01-23 22:00:52 - [TEST_STEP][PASSED] - pageTitle = getText(findTestObject("UI/Client/Rule Editor/h1_Clients")): Text of object 'Object Repository/UI/Client/Rule Editor/h1_Clients' is: 'Clients'

2019-01-23 22:00:52 - [MESSAGE][PASSED] - Text of object 'Object Repository/UI/Client/Rule Editor/h1_Clients' is: 'Clients'

2019-01-23 22:00:52 - [TEST_STEP][PASSED] - verifyMatch(pageTitle, "Clients", false): Actual text 'Clients' and expected text 'Clients' are matched 

2019-01-23 22:00:52 - [MESSAGE][PASSED] - Actual text 'Clients' and expected text 'Clients' are matched 

2019-01-23 22:00:52 - [TEST_STEP][PASSED] - delay(3): Delayed 3 second(s)

2019-01-23 22:00:55 - [MESSAGE][PASSED] - Delayed 3 second(s)

2019-01-23 22:00:55 - [TEST_STEP][PASSED] - waitForElementClickable(findTestObject("UI/Client/Rule Editor/span_ruleEditorMenu"), 5): Object 'Object Repository/UI/Client/Rule Editor/span_ruleEditorMenu' is clickable

2019-01-23 22:00:55 - [MESSAGE][PASSED] - Object 'Object Repository/UI/Client/Rule Editor/span_ruleEditorMenu' is clickable

2019-01-23 22:00:55 - [TEST_STEP][PASSED] - click(findTestObject("UI/Client/Rule Editor/span_ruleEditorMenu")): Object: 'Object Repository/UI/Client/Rule Editor/span_ruleEditorMenu' is clicked on

2019-01-23 22:00:55 - [MESSAGE][PASSED] - Object: 'Object Repository/UI/Client/Rule Editor/span_ruleEditorMenu' is clicked on

2019-01-23 22:00:55 - [TEST_STEP][PASSED] - delay(1): Delayed 1 second(s)

2019-01-23 22:00:56 - [MESSAGE][PASSED] - Delayed 1 second(s)

2019-01-23 22:00:56 - [TEST_STEP][PASSED] - waitForPageLoad(5): Wait for page load successfully

2019-01-23 22:00:56 - [MESSAGE][PASSED] - Wait for page load successfully

2019-01-23 22:00:56 - [TEST_STEP][PASSED] - waitForElementPresent(findTestObject("UI/Client/Rule Editor/h1_ruleEditor"), 5): Object 'Object Repository/UI/Client/Rule Editor/h1_ruleEditor' is present

2019-01-23 22:00:56 - [MESSAGE][PASSED] - Object 'Object Repository/UI/Client/Rule Editor/h1_ruleEditor' is present

2019-01-23 22:00:56 - [TEST_STEP][PASSED] - pageTitle = getText(findTestObject("UI/Client/Rule Editor/h1_ruleEditor")): Text of object 'Object Repository/UI/Client/Rule Editor/h1_ruleEditor' is: 'Rule Editor'

2019-01-23 22:00:56 - [MESSAGE][PASSED] - Text of object 'Object Repository/UI/Client/Rule Editor/h1_ruleEditor' is: 'Rule Editor'

2019-01-23 22:00:56 - [TEST_STEP][PASSED] - verifyMatch(pageTitle, "Rule Editor", false): Actual text 'Rule Editor' and expected text 'Rule Editor' are matched 

2019-01-23 22:00:56 - [MESSAGE][PASSED] - Actual text 'Rule Editor' and expected text 'Rule Editor' are matched 

2019-01-23 22:00:56 - [TEST_STEP][PASSED] - delay(3): Delayed 3 second(s)

2019-01-23 22:00:59 - [MESSAGE][PASSED] - Delayed 3 second(s)

2019-01-23 22:00:59 - [TEST_STEP][PASSED] - waitForElementClickable(findTestObject("UI/Client/Rule Editor/Edit Rule Set/a_editRuleSetIcon"), 5): Object 'Object Repository/UI/Client/Rule Editor/Edit Rule Set/a_editRuleSetIcon' is clickable

2019-01-23 22:00:59 - [MESSAGE][PASSED] - Object 'Object Repository/UI/Client/Rule Editor/Edit Rule Set/a_editRuleSetIcon' is clickable

2019-01-23 22:00:59 - [TEST_STEP][PASSED] - click(findTestObject("UI/Client/Rule Editor/Edit Rule Set/a_editRuleSetIcon")): Object: 'Object Repository/UI/Client/Rule Editor/Edit Rule Set/a_editRuleSetIcon' is clicked on

2019-01-23 22:00:59 - [MESSAGE][PASSED] - Object: 'Object Repository/UI/Client/Rule Editor/Edit Rule Set/a_editRuleSetIcon' is clicked on

2019-01-23 22:00:59 - [TEST_STEP][PASSED] - delay(1): Delayed 1 second(s)

2019-01-23 22:01:00 - [MESSAGE][PASSED] - Delayed 1 second(s)

2019-01-23 22:01:00 - [TEST_STEP][PASSED] - waitForPageLoad(5): Wait for page load successfully

2019-01-23 22:01:00 - [MESSAGE][PASSED] - Wait for page load successfully

2019-01-23 22:01:00 - [TEST_STEP][PASSED] - waitForElementPresent(findTestObject("UI/Client/Rule Editor/Create Rule Set/h2_editRulesetForm"), 5): Object 'Object Repository/UI/Client/Rule Editor/Create Rule Set/h2_editRulesetForm' is present

2019-01-23 22:01:00 - [MESSAGE][PASSED] - Object 'Object Repository/UI/Client/Rule Editor/Create Rule Set/h2_editRulesetForm' is present

2019-01-23 22:01:00 - [TEST_STEP][PASSED] - formTitle = getText(findTestObject("UI/Client/Rule Editor/Create Rule Set/h2_editRulesetForm")): Text of object 'Object Repository/UI/Client/Rule Editor/Create Rule Set/h2_editRulesetForm' is: 'Edit Ruleset'

2019-01-23 22:01:00 - [MESSAGE][PASSED] - Text of object 'Object Repository/UI/Client/Rule Editor/Create Rule Set/h2_editRulesetForm' is: 'Edit Ruleset'

2019-01-23 22:01:00 - [TEST_STEP][PASSED] - verifyMatch(formTitle, "Edit Ruleset", false): Actual text 'Edit Ruleset' and expected text 'Edit Ruleset' are matched 

2019-01-23 22:01:00 - [MESSAGE][PASSED] - Actual text 'Edit Ruleset' and expected text 'Edit Ruleset' are matched 

2019-01-23 22:01:00 - [TEST_STEP][PASSED] - delay(3): Delayed 3 second(s)

2019-01-23 22:01:03 - [MESSAGE][PASSED] - Delayed 3 second(s)

2019-01-23 22:01:03 - [TEST_STEP][PASSED] - waitForElementVisible(findTestObject("UI/Client/Rule Editor/Create Rule Set/input_ruleSetName"), 5): Object 'Object Repository/UI/Client/Rule Editor/Create Rule Set/input_ruleSetName' is visible

2019-01-23 22:01:04 - [MESSAGE][PASSED] - Object 'Object Repository/UI/Client/Rule Editor/Create Rule Set/input_ruleSetName' is visible

2019-01-23 22:01:04 - [TEST_STEP][PASSED] - setText(findTestObject("UI/Client/Rule Editor/Create Rule Set/input_ruleSetName"), RULESETNAME): Text 'AAAA Rule Set EDITED' is set on object 'Object Repository/UI/Client/Rule Editor/Create Rule Set/input_ruleSetName'

2019-01-23 22:01:04 - [MESSAGE][PASSED] - Text 'AAAA Rule Set EDITED' is set on object 'Object Repository/UI/Client/Rule Editor/Create Rule Set/input_ruleSetName'

2019-01-23 22:01:04 - [TEST_STEP][PASSED] - delay(2): Delayed 2 second(s)

2019-01-23 22:01:06 - [MESSAGE][PASSED] - Delayed 2 second(s)

2019-01-23 22:01:06 - [TEST_STEP][PASSED] - click(findTestObject("UI/Client/Rule Editor/Edit Rule Set/span_clearValidFrom")): Object: 'Object Repository/UI/Client/Rule Editor/Edit Rule Set/span_clearValidFrom' is clicked on

2019-01-23 22:01:06 - [MESSAGE][PASSED] - Object: 'Object Repository/UI/Client/Rule Editor/Edit Rule Set/span_clearValidFrom' is clicked on

2019-01-23 22:01:06 - [TEST_STEP][PASSED] - delay(1): Delayed 1 second(s)

2019-01-23 22:01:07 - [MESSAGE][PASSED] - Delayed 1 second(s)

2019-01-23 22:01:07 - [TEST_STEP][PASSED] - waitForElementVisible(findTestObject("UI/Client/Rule Editor/Create Rule Set/input_validFromDate"), 5): Object 'Object Repository/UI/Client/Rule Editor/Create Rule Set/input_validFromDate' is visible

2019-01-23 22:01:07 - [MESSAGE][PASSED] - Object 'Object Repository/UI/Client/Rule Editor/Create Rule Set/input_validFromDate' is visible

2019-01-23 22:01:07 - [TEST_STEP][PASSED] - setText(findTestObject("UI/Client/Rule Editor/Create Rule Set/input_validFromDate"), VALIDFROM): Text '01/02/2019' is set on object 'Object Repository/UI/Client/Rule Editor/Create Rule Set/input_validFromDate'

2019-01-23 22:01:07 - [MESSAGE][PASSED] - Text '01/02/2019' is set on object 'Object Repository/UI/Client/Rule Editor/Create Rule Set/input_validFromDate'

2019-01-23 22:01:07 - [TEST_STEP][PASSED] - delay(2): Delayed 2 second(s)

2019-01-23 22:01:09 - [MESSAGE][PASSED] - Delayed 2 second(s)

2019-01-23 22:01:09 - [TEST_STEP][PASSED] - click(findTestObject("UI/Client/Rule Editor/Edit Rule Set/span_clearValidTo")): Object: 'Object Repository/UI/Client/Rule Editor/Edit Rule Set/span_clearValidTo' is clicked on

2019-01-23 22:01:09 - [MESSAGE][PASSED] - Object: 'Object Repository/UI/Client/Rule Editor/Edit Rule Set/span_clearValidTo' is clicked on

2019-01-23 22:01:09 - [TEST_STEP][PASSED] - delay(1): Delayed 1 second(s)

2019-01-23 22:01:10 - [MESSAGE][PASSED] - Delayed 1 second(s)

2019-01-23 22:01:10 - [TEST_STEP][PASSED] - waitForElementVisible(findTestObject("UI/Client/Rule Editor/Create Rule Set/input_validToDate"), 5): Object 'Object Repository/UI/Client/Rule Editor/Create Rule Set/input_validToDate' is visible

2019-01-23 22:01:10 - [MESSAGE][PASSED] - Object 'Object Repository/UI/Client/Rule Editor/Create Rule Set/input_validToDate' is visible

2019-01-23 22:01:10 - [TEST_STEP][PASSED] - setText(findTestObject("UI/Client/Rule Editor/Create Rule Set/input_validToDate"), VALIDTO): Text '12/31/2019' is set on object 'Object Repository/UI/Client/Rule Editor/Create Rule Set/input_validToDate'

2019-01-23 22:01:11 - [MESSAGE][PASSED] - Text '12/31/2019' is set on object 'Object Repository/UI/Client/Rule Editor/Create Rule Set/input_validToDate'

2019-01-23 22:01:11 - [TEST_STEP][PASSED] - delay(2): Delayed 2 second(s)

2019-01-23 22:01:13 - [MESSAGE][PASSED] - Delayed 2 second(s)

2019-01-23 22:01:13 - [TEST_STEP][PASSED] - waitForElementClickable(findTestObject("UI/Client/Rule Editor/Create Rule Set/button_saveRuleSet"), 5): Object 'Object Repository/UI/Client/Rule Editor/Create Rule Set/button_saveRuleSet' is clickable

2019-01-23 22:01:13 - [MESSAGE][PASSED] - Object 'Object Repository/UI/Client/Rule Editor/Create Rule Set/button_saveRuleSet' is clickable

2019-01-23 22:01:13 - [TEST_STEP][PASSED] - click(findTestObject("UI/Client/Rule Editor/Create Rule Set/button_saveRuleSet")): Object: 'Object Repository/UI/Client/Rule Editor/Create Rule Set/button_saveRuleSet' is clicked on

2019-01-23 22:01:13 - [MESSAGE][PASSED] - Object: 'Object Repository/UI/Client/Rule Editor/Create Rule Set/button_saveRuleSet' is clicked on

2019-01-23 22:01:13 - [TEST_STEP][PASSED] - delay(1): Delayed 1 second(s)

2019-01-23 22:01:14 - [MESSAGE][PASSED] - Delayed 1 second(s)

2019-01-23 22:01:14 - [TEST_STEP][PASSED] - waitForPageLoad(5): Wait for page load successfully

2019-01-23 22:01:14 - [MESSAGE][PASSED] - Wait for page load successfully

2019-01-23 22:01:14 - [TEST_STEP][PASSED] - waitForElementPresent(findTestObject("UI/Client/Rule Editor/Create Rule Set/div_alertRuleAdded"), 5): Object 'Object Repository/UI/Client/Rule Editor/Create Rule Set/div_alertRuleAdded' is not present after 5 second(s)

2019-01-23 22:01:19 - [MESSAGE][INFO] - Unable to find the element located by 'By.xpath: //div[@class="sweet-alert showSweetAlert visible"]'. Please recheck the objects properties to make sure the desired element is located. 

2019-01-23 22:01:19 - [MESSAGE][WARNING] - Object 'Object Repository/UI/Client/Rule Editor/Create Rule Set/div_alertRuleAdded' is not present after 5 second(s)

2019-01-23 22:01:19 - [TEST_STEP][PASSED] - waitForElementVisible(findTestObject("UI/Client/Rule Editor/Create Rule Set/div_alertRuleAdded"), 5): Web element with id: 'Object Repository/UI/Client/Rule Editor/Create Rule Set/div_alertRuleAdded' located by 'By.xpath: //div[@class="sweet-alert showSweetAlert visible"]' not found

2019-01-23 22:01:24 - [MESSAGE][INFO] - Unable to find the element located by 'By.xpath: //div[@class="sweet-alert showSweetAlert visible"]'. Please recheck the objects properties to make sure the desired element is located. 

2019-01-23 22:01:24 - [MESSAGE][WARNING] - Web element with id: 'Object Repository/UI/Client/Rule Editor/Create Rule Set/div_alertRuleAdded' located by 'By.xpath: //div[@class="sweet-alert showSweetAlert visible"]' not found

2019-01-23 22:01:24 - [TEST_STEP][FAILED] - focus(findTestObject("UI/Client/Rule Editor/Create Rule Set/div_alertRuleAdded")): focus(findTestObject("UI/Client/Rule Editor/Create Rule Set/div_alertRuleAdded")) FAILED.
Reason:
com.kms.katalon.core.exception.StepFailedException: Unable to focus on object 'Object Repository/UI/Client/Rule Editor/Create Rule Set/div_alertRuleAdded' (Root cause: com.kms.katalon.core.webui.exception.WebElementNotFoundException: Web element with id: 'Object Repository/UI/Client/Rule Editor/Create Rule Set/div_alertRuleAdded' located by 'By.xpath: //div[@class="sweet-alert showSweetAlert visible"]' not found)
	at com.kms.katalon.core.keyword.internal.KeywordMain.stepFailed(KeywordMain.groovy:36)
	at com.kms.katalon.core.webui.keyword.internal.WebUIKeywordMain.stepFailed(WebUIKeywordMain.groovy:65)
	at com.kms.katalon.core.webui.keyword.internal.WebUIKeywordMain.runKeyword(WebUIKeywordMain.groovy:27)
	at com.kms.katalon.core.webui.keyword.builtin.FocusKeyword.focus(FocusKeyword.groovy:90)
	at com.kms.katalon.core.webui.keyword.builtin.FocusKeyword.execute(FocusKeyword.groovy:67)
	at com.kms.katalon.core.keyword.internal.KeywordExecutor.executeKeywordForPlatform(KeywordExecutor.groovy:53)
	at com.kms.katalon.core.webui.keyword.WebUiBuiltInKeywords.focus(WebUiBuiltInKeywords.groovy:859)
	at com.kms.katalon.core.webui.keyword.WebUiBuiltInKeywords$focus$10.call(Unknown Source)
	at Edit Rule Set.run(Edit Rule Set:106)
	at com.kms.katalon.core.main.ScriptEngine.run(ScriptEngine.java:194)
	at com.kms.katalon.core.main.ScriptEngine.runScriptAsRawText(ScriptEngine.java:119)
	at com.kms.katalon.core.main.TestCaseExecutor.runScript(TestCaseExecutor.java:328)
	at com.kms.katalon.core.main.TestCaseExecutor.doExecute(TestCaseExecutor.java:319)
	at com.kms.katalon.core.main.TestCaseExecutor.processExecutionPhase(TestCaseExecutor.java:298)
	at com.kms.katalon.core.main.TestCaseExecutor.accessMainPhase(TestCaseExecutor.java:290)
	at com.kms.katalon.core.main.TestCaseExecutor.execute(TestCaseExecutor.java:224)
	at com.kms.katalon.core.main.TestSuiteExecutor.accessTestCaseMainPhase(TestSuiteExecutor.java:129)
	at com.kms.katalon.core.main.TestSuiteExecutor.accessTestSuiteMainPhase(TestSuiteExecutor.java:112)
	at com.kms.katalon.core.main.TestSuiteExecutor.execute(TestSuiteExecutor.java:81)
	at com.kms.katalon.core.main.TestCaseMain.startTestSuite(TestCaseMain.java:149)
	at com.kms.katalon.core.main.TestCaseMain$startTestSuite$0.call(Unknown Source)
	at TempTestSuite1548302180183.run(TempTestSuite1548302180183.groovy:36)


2019-01-23 22:01:55 - [MESSAGE][INFO] - Unable to find the element located by 'By.xpath: //div[@class="sweet-alert showSweetAlert visible"]'. Please recheck the objects properties to make sure the desired element is located. 

2019-01-23 22:01:56 - [MESSAGE][FAILED] - Unable to focus on object 'Object Repository/UI/Client/Rule Editor/Create Rule Set/div_alertRuleAdded' (Root cause: com.kms.katalon.core.webui.exception.WebElementNotFoundException: Web element with id: 'Object Repository/UI/Client/Rule Editor/Create Rule Set/div_alertRuleAdded' located by 'By.xpath: //div[@class="sweet-alert showSweetAlert visible"]' not found)
[[ATTACHMENT|C:\\Users\\rogelio medrano\\git\\AMPSAutRegression\\Reports\\UI\\Rule Editor\\Rule Editor\\20190123_215620\\1548302515847.png]]

2019-01-23 22:01:56 - [MESSAGE][FAILED] - focus(findTestObject("UI/Client/Rule Editor/Create Rule Set/div_alertRuleAdded")) FAILED.
Reason:
com.kms.katalon.core.exception.StepFailedException: Unable to focus on object 'Object Repository/UI/Client/Rule Editor/Create Rule Set/div_alertRuleAdded' (Root cause: com.kms.katalon.core.webui.exception.WebElementNotFoundException: Web element with id: 'Object Repository/UI/Client/Rule Editor/Create Rule Set/div_alertRuleAdded' located by 'By.xpath: //div[@class="sweet-alert showSweetAlert visible"]' not found)
	at com.kms.katalon.core.keyword.internal.KeywordMain.stepFailed(KeywordMain.groovy:36)
	at com.kms.katalon.core.webui.keyword.internal.WebUIKeywordMain.stepFailed(WebUIKeywordMain.groovy:65)
	at com.kms.katalon.core.webui.keyword.internal.WebUIKeywordMain.runKeyword(WebUIKeywordMain.groovy:27)
	at com.kms.katalon.core.webui.keyword.builtin.FocusKeyword.focus(FocusKeyword.groovy:90)
	at com.kms.katalon.core.webui.keyword.builtin.FocusKeyword.execute(FocusKeyword.groovy:67)
	at com.kms.katalon.core.keyword.internal.KeywordExecutor.executeKeywordForPlatform(KeywordExecutor.groovy:53)
	at com.kms.katalon.core.webui.keyword.WebUiBuiltInKeywords.focus(WebUiBuiltInKeywords.groovy:859)
	at com.kms.katalon.core.webui.keyword.WebUiBuiltInKeywords$focus$10.call(Unknown Source)
	at Edit Rule Set.run(Edit Rule Set:106)
	at com.kms.katalon.core.main.ScriptEngine.run(ScriptEngine.java:194)
	at com.kms.katalon.core.main.ScriptEngine.runScriptAsRawText(ScriptEngine.java:119)
	at com.kms.katalon.core.main.TestCaseExecutor.runScript(TestCaseExecutor.java:328)
	at com.kms.katalon.core.main.TestCaseExecutor.doExecute(TestCaseExecutor.java:319)
	at com.kms.katalon.core.main.TestCaseExecutor.processExecutionPhase(TestCaseExecutor.java:298)
	at com.kms.katalon.core.main.TestCaseExecutor.accessMainPhase(TestCaseExecutor.java:290)
	at com.kms.katalon.core.main.TestCaseExecutor.execute(TestCaseExecutor.java:224)
	at com.kms.katalon.core.main.TestSuiteExecutor.accessTestCaseMainPhase(TestSuiteExecutor.java:129)
	at com.kms.katalon.core.main.TestSuiteExecutor.accessTestSuiteMainPhase(TestSuiteExecutor.java:112)
	at com.kms.katalon.core.main.TestSuiteExecutor.execute(TestSuiteExecutor.java:81)
	at com.kms.katalon.core.main.TestCaseMain.startTestSuite(TestCaseMain.java:149)
	at com.kms.katalon.core.main.TestCaseMain$startTestSuite$0.call(Unknown Source)
	at TempTestSuite1548302180183.run(TempTestSuite1548302180183.groovy:36)]]></system-out>
         <system-err><![CDATA[2019-01-23 22:00:45 - [TEST_CASE][FAILED] - Test Cases/UI/Client/Rule Editor/Edit Rule Set: Test Cases/UI/Client/Rule Editor/Edit Rule Set FAILED.
Reason:
com.kms.katalon.core.exception.StepFailedException: Unable to focus on object 'Object Repository/UI/Client/Rule Editor/Create Rule Set/div_alertRuleAdded' (Root cause: com.kms.katalon.core.webui.exception.WebElementNotFoundException: Web element with id: 'Object Repository/UI/Client/Rule Editor/Create Rule Set/div_alertRuleAdded' located by 'By.xpath: //div[@class="sweet-alert showSweetAlert visible"]' not found)
	at com.kms.katalon.core.keyword.internal.KeywordMain.stepFailed(KeywordMain.groovy:36)
	at com.kms.katalon.core.webui.keyword.internal.WebUIKeywordMain.stepFailed(WebUIKeywordMain.groovy:65)
	at com.kms.katalon.core.webui.keyword.internal.WebUIKeywordMain.runKeyword(WebUIKeywordMain.groovy:27)
	at com.kms.katalon.core.webui.keyword.builtin.FocusKeyword.focus(FocusKeyword.groovy:90)
	at com.kms.katalon.core.webui.keyword.builtin.FocusKeyword.execute(FocusKeyword.groovy:67)
	at com.kms.katalon.core.keyword.internal.KeywordExecutor.executeKeywordForPlatform(KeywordExecutor.groovy:53)
	at com.kms.katalon.core.webui.keyword.WebUiBuiltInKeywords.focus(WebUiBuiltInKeywords.groovy:859)
	at com.kms.katalon.core.webui.keyword.WebUiBuiltInKeywords$focus$10.call(Unknown Source)
	at Edit Rule Set.run(Edit Rule Set:106)
	at com.kms.katalon.core.main.ScriptEngine.run(ScriptEngine.java:194)
	at com.kms.katalon.core.main.ScriptEngine.runScriptAsRawText(ScriptEngine.java:119)
	at com.kms.katalon.core.main.TestCaseExecutor.runScript(TestCaseExecutor.java:328)
	at com.kms.katalon.core.main.TestCaseExecutor.doExecute(TestCaseExecutor.java:319)
	at com.kms.katalon.core.main.TestCaseExecutor.processExecutionPhase(TestCaseExecutor.java:298)
	at com.kms.katalon.core.main.TestCaseExecutor.accessMainPhase(TestCaseExecutor.java:290)
	at com.kms.katalon.core.main.TestCaseExecutor.execute(TestCaseExecutor.java:224)
	at com.kms.katalon.core.main.TestSuiteExecutor.accessTestCaseMainPhase(TestSuiteExecutor.java:129)
	at com.kms.katalon.core.main.TestSuiteExecutor.accessTestSuiteMainPhase(TestSuiteExecutor.java:112)
	at com.kms.katalon.core.main.TestSuiteExecutor.execute(TestSuiteExecutor.java:81)
	at com.kms.katalon.core.main.TestCaseMain.startTestSuite(TestCaseMain.java:149)
	at com.kms.katalon.core.main.TestCaseMain$startTestSuite$0.call(Unknown Source)
	at TempTestSuite1548302180183.run(TempTestSuite1548302180183.groovy:36)]]></system-err>
      </testcase>
      <testcase name="Test Cases/UI/Client/Rule Editor/Delete Rule Set" classname="Test Cases/UI/Client/Rule Editor/Delete Rule Set" status="FAILED">
         <failure type="FAILED" message="Test Cases/UI/Client/Rule Editor/Delete Rule Set FAILED.
Reason:
com.kms.katalon.core.exception.StepFailedException: Unable to verify match between actual text 'AAAAAAN Empty Rule Set' and expected text 'AAAA Rule Set EDITED' (Root cause: com.kms.katalon.core.exception.StepFailedException: Actual text 'AAAAAAN Empty Rule Set' and expected text 'AAAA Rule Set EDITED' are not matched)
	at com.kms.katalon.core.keyword.internal.KeywordMain.stepFailed(KeywordMain.groovy:36)
	at com.kms.katalon.core.keyword.internal.KeywordMain.stepFailed(KeywordMain.groovy)
	at com.kms.katalon.core.keyword.internal.KeywordMain.runKeyword(KeywordMain.groovy:56)
	at com.kms.katalon.core.keyword.builtin.VerifyMatchKeyword.verifyMatch(VerifyMatchKeyword.groovy:60)
	at com.kms.katalon.core.keyword.builtin.VerifyMatchKeyword.execute(VerifyMatchKeyword.groovy:45)
	at com.kms.katalon.core.keyword.internal.KeywordExecutor.executeKeywordForPlatform(KeywordExecutor.groovy:53)
	at com.kms.katalon.core.keyword.BuiltinKeywords.verifyMatch(BuiltinKeywords.groovy:73)
	at Delete Rule Set.run(Delete Rule Set:110)
	at com.kms.katalon.core.main.ScriptEngine.run(ScriptEngine.java:194)
	at com.kms.katalon.core.main.ScriptEngine.runScriptAsRawText(ScriptEngine.java:119)
	at com.kms.katalon.core.main.TestCaseExecutor.runScript(TestCaseExecutor.java:328)
	at com.kms.katalon.core.main.TestCaseExecutor.doExecute(TestCaseExecutor.java:319)
	at com.kms.katalon.core.main.TestCaseExecutor.processExecutionPhase(TestCaseExecutor.java:298)
	at com.kms.katalon.core.main.TestCaseExecutor.accessMainPhase(TestCaseExecutor.java:290)
	at com.kms.katalon.core.main.TestCaseExecutor.execute(TestCaseExecutor.java:224)
	at com.kms.katalon.core.main.TestSuiteExecutor.accessTestCaseMainPhase(TestSuiteExecutor.java:129)
	at com.kms.katalon.core.main.TestSuiteExecutor.accessTestSuiteMainPhase(TestSuiteExecutor.java:112)
	at com.kms.katalon.core.main.TestSuiteExecutor.execute(TestSuiteExecutor.java:81)
	at com.kms.katalon.core.main.TestCaseMain.startTestSuite(TestCaseMain.java:149)
	at com.kms.katalon.core.main.TestCaseMain$startTestSuite$0.call(Unknown Source)
	at TempTestSuite1548302180183.run(TempTestSuite1548302180183.groovy:36)
"/>
         <system-out><![CDATA[2019-01-23 22:01:56 - [TEST_CASE][FAILED] - Test Cases/UI/Client/Rule Editor/Delete Rule Set: Test Cases/UI/Client/Rule Editor/Delete Rule Set FAILED.
Reason:
com.kms.katalon.core.exception.StepFailedException: Unable to verify match between actual text 'AAAAAAN Empty Rule Set' and expected text 'AAAA Rule Set EDITED' (Root cause: com.kms.katalon.core.exception.StepFailedException: Actual text 'AAAAAAN Empty Rule Set' and expected text 'AAAA Rule Set EDITED' are not matched)
	at com.kms.katalon.core.keyword.internal.KeywordMain.stepFailed(KeywordMain.groovy:36)
	at com.kms.katalon.core.keyword.internal.KeywordMain.stepFailed(KeywordMain.groovy)
	at com.kms.katalon.core.keyword.internal.KeywordMain.runKeyword(KeywordMain.groovy:56)
	at com.kms.katalon.core.keyword.builtin.VerifyMatchKeyword.verifyMatch(VerifyMatchKeyword.groovy:60)
	at com.kms.katalon.core.keyword.builtin.VerifyMatchKeyword.execute(VerifyMatchKeyword.groovy:45)
	at com.kms.katalon.core.keyword.internal.KeywordExecutor.executeKeywordForPlatform(KeywordExecutor.groovy:53)
	at com.kms.katalon.core.keyword.BuiltinKeywords.verifyMatch(BuiltinKeywords.groovy:73)
	at Delete Rule Set.run(Delete Rule Set:110)
	at com.kms.katalon.core.main.ScriptEngine.run(ScriptEngine.java:194)
	at com.kms.katalon.core.main.ScriptEngine.runScriptAsRawText(ScriptEngine.java:119)
	at com.kms.katalon.core.main.TestCaseExecutor.runScript(TestCaseExecutor.java:328)
	at com.kms.katalon.core.main.TestCaseExecutor.doExecute(TestCaseExecutor.java:319)
	at com.kms.katalon.core.main.TestCaseExecutor.processExecutionPhase(TestCaseExecutor.java:298)
	at com.kms.katalon.core.main.TestCaseExecutor.accessMainPhase(TestCaseExecutor.java:290)
	at com.kms.katalon.core.main.TestCaseExecutor.execute(TestCaseExecutor.java:224)
	at com.kms.katalon.core.main.TestSuiteExecutor.accessTestCaseMainPhase(TestSuiteExecutor.java:129)
	at com.kms.katalon.core.main.TestSuiteExecutor.accessTestSuiteMainPhase(TestSuiteExecutor.java:112)
	at com.kms.katalon.core.main.TestSuiteExecutor.execute(TestSuiteExecutor.java:81)
	at com.kms.katalon.core.main.TestCaseMain.startTestSuite(TestCaseMain.java:149)
	at com.kms.katalon.core.main.TestCaseMain$startTestSuite$0.call(Unknown Source)
	at TempTestSuite1548302180183.run(TempTestSuite1548302180183.groovy:36)


2019-01-23 22:01:56 - [TEST_STEP][PASSED] - UAT = "https://uat.advancedpricing.com": null

2019-01-23 22:01:56 - [TEST_STEP][PASSED] - USER = "qaAuto": null

2019-01-23 22:01:56 - [TEST_STEP][PASSED] - PASSWD = "a9yk100dD": null

2019-01-23 22:01:56 - [TEST_STEP][PASSED] - RULESETNAME = "AAAA Rule Set EDITED": null

2019-01-23 22:01:56 - [TEST_STEP][PASSED] - VALIDFROM = "01/02/2019": null

2019-01-23 22:01:56 - [TEST_STEP][PASSED] - VALIDTO = "12/31/2019": null

2019-01-23 22:01:56 - [TEST_STEP][PASSED] - RULESETTYPE = "Claim": null

2019-01-23 22:01:56 - [TEST_STEP][PASSED] - RULENAME = "Second Rule": null

2019-01-23 22:01:56 - [TEST_STEP][PASSED] - openBrowser(""): Browser is opened with url: ''

2019-01-23 22:01:56 - [MESSAGE][WARNING] - A browser is already opened. Closing browser and opening a new one

2019-01-23 22:01:57 - [MESSAGE][INFO] - Starting 'Chrome' driver

2019-01-23 22:01:59 - [MESSAGE][PASSED] - Browser is opened with url: ''

2019-01-23 22:01:59 - [TEST_STEP][PASSED] - maximizeWindow(): Current window maximized

2019-01-23 22:02:00 - [MESSAGE][PASSED] - Current window maximized

2019-01-23 22:02:00 - [TEST_STEP][PASSED] - navigateToUrl(UAT): Navigate to 'https://uat.advancedpricing.com' successfully

2019-01-23 22:02:02 - [MESSAGE][PASSED] - Navigate to 'https://uat.advancedpricing.com' successfully

2019-01-23 22:02:02 - [TEST_STEP][PASSED] - waitForPageLoad(5): Wait for page load successfully

2019-01-23 22:02:02 - [MESSAGE][PASSED] - Wait for page load successfully

2019-01-23 22:02:02 - [TEST_STEP][PASSED] - setText(findTestObject("UI/Client/Claim Services/input_userCode"), USER): Text 'qaAuto' is set on object 'Object Repository/UI/Client/Claim Services/input_userCode'

2019-01-23 22:02:02 - [MESSAGE][PASSED] - Text 'qaAuto' is set on object 'Object Repository/UI/Client/Claim Services/input_userCode'

2019-01-23 22:02:02 - [TEST_STEP][PASSED] - setText(findTestObject("UI/Client/Claim Services/input_userPassword"), PASSWD): Text 'a9yk100dD' is set on object 'Object Repository/UI/Client/Claim Services/input_userPassword'

2019-01-23 22:02:02 - [MESSAGE][PASSED] - Text 'a9yk100dD' is set on object 'Object Repository/UI/Client/Claim Services/input_userPassword'

2019-01-23 22:02:02 - [TEST_STEP][PASSED] - waitForElementClickable(findTestObject("UI/Client/Claim Services/input_loginButton"), 5): Object 'Object Repository/UI/Client/Claim Services/input_loginButton' is clickable

2019-01-23 22:02:02 - [MESSAGE][PASSED] - Object 'Object Repository/UI/Client/Claim Services/input_loginButton' is clickable

2019-01-23 22:02:02 - [TEST_STEP][PASSED] - click(findTestObject("UI/Client/Claim Services/input_loginButton")): Object: 'Object Repository/UI/Client/Claim Services/input_loginButton' is clicked on

2019-01-23 22:02:02 - [MESSAGE][PASSED] - Object: 'Object Repository/UI/Client/Claim Services/input_loginButton' is clicked on

2019-01-23 22:02:02 - [TEST_STEP][PASSED] - delay(1): Delayed 1 second(s)

2019-01-23 22:02:03 - [MESSAGE][PASSED] - Delayed 1 second(s)

2019-01-23 22:02:03 - [TEST_STEP][PASSED] - waitForPageLoad(5): Wait for page load successfully

2019-01-23 22:02:03 - [MESSAGE][PASSED] - Wait for page load successfully

2019-01-23 22:02:03 - [TEST_STEP][PASSED] - waitForElementPresent(findTestObject("UI/Client/Rule Editor/h1_Clients"), 5): Object 'Object Repository/UI/Client/Rule Editor/h1_Clients' is present

2019-01-23 22:02:03 - [MESSAGE][PASSED] - Object 'Object Repository/UI/Client/Rule Editor/h1_Clients' is present

2019-01-23 22:02:03 - [TEST_STEP][PASSED] - pageTitle = getText(findTestObject("UI/Client/Rule Editor/h1_Clients")): Text of object 'Object Repository/UI/Client/Rule Editor/h1_Clients' is: 'Clients'

2019-01-23 22:02:03 - [MESSAGE][PASSED] - Text of object 'Object Repository/UI/Client/Rule Editor/h1_Clients' is: 'Clients'

2019-01-23 22:02:03 - [TEST_STEP][PASSED] - verifyMatch(pageTitle, "Clients", false): Actual text 'Clients' and expected text 'Clients' are matched 

2019-01-23 22:02:03 - [MESSAGE][PASSED] - Actual text 'Clients' and expected text 'Clients' are matched 

2019-01-23 22:02:03 - [TEST_STEP][PASSED] - delay(3): Delayed 3 second(s)

2019-01-23 22:02:06 - [MESSAGE][PASSED] - Delayed 3 second(s)

2019-01-23 22:02:06 - [TEST_STEP][PASSED] - waitForElementClickable(findTestObject("UI/Client/Rule Editor/span_ruleEditorMenu"), 5): Object 'Object Repository/UI/Client/Rule Editor/span_ruleEditorMenu' is clickable

2019-01-23 22:02:06 - [MESSAGE][PASSED] - Object 'Object Repository/UI/Client/Rule Editor/span_ruleEditorMenu' is clickable

2019-01-23 22:02:06 - [TEST_STEP][PASSED] - click(findTestObject("UI/Client/Rule Editor/span_ruleEditorMenu")): Object: 'Object Repository/UI/Client/Rule Editor/span_ruleEditorMenu' is clicked on

2019-01-23 22:02:06 - [MESSAGE][PASSED] - Object: 'Object Repository/UI/Client/Rule Editor/span_ruleEditorMenu' is clicked on

2019-01-23 22:02:06 - [TEST_STEP][PASSED] - delay(1): Delayed 1 second(s)

2019-01-23 22:02:07 - [MESSAGE][PASSED] - Delayed 1 second(s)

2019-01-23 22:02:07 - [TEST_STEP][PASSED] - waitForPageLoad(5): Wait for page load successfully

2019-01-23 22:02:07 - [MESSAGE][PASSED] - Wait for page load successfully

2019-01-23 22:02:07 - [TEST_STEP][PASSED] - waitForElementPresent(findTestObject("UI/Client/Rule Editor/h1_ruleEditor"), 5): Object 'Object Repository/UI/Client/Rule Editor/h1_ruleEditor' is present

2019-01-23 22:02:07 - [MESSAGE][PASSED] - Object 'Object Repository/UI/Client/Rule Editor/h1_ruleEditor' is present

2019-01-23 22:02:07 - [TEST_STEP][PASSED] - pageTitle = getText(findTestObject("UI/Client/Rule Editor/h1_ruleEditor")): Text of object 'Object Repository/UI/Client/Rule Editor/h1_ruleEditor' is: 'Rule Editor'

2019-01-23 22:02:07 - [MESSAGE][PASSED] - Text of object 'Object Repository/UI/Client/Rule Editor/h1_ruleEditor' is: 'Rule Editor'

2019-01-23 22:02:07 - [TEST_STEP][PASSED] - verifyMatch(pageTitle, "Rule Editor", false): Actual text 'Rule Editor' and expected text 'Rule Editor' are matched 

2019-01-23 22:02:07 - [MESSAGE][PASSED] - Actual text 'Rule Editor' and expected text 'Rule Editor' are matched 

2019-01-23 22:02:07 - [TEST_STEP][PASSED] - delay(3): Delayed 3 second(s)

2019-01-23 22:02:10 - [MESSAGE][PASSED] - Delayed 3 second(s)

2019-01-23 22:02:10 - [TEST_STEP][PASSED] - waitForElementClickable(findTestObject("UI/Client/Rule Editor/Edit Rule Set/a_editRuleSetIcon"), 5): Object 'Object Repository/UI/Client/Rule Editor/Edit Rule Set/a_editRuleSetIcon' is clickable

2019-01-23 22:02:11 - [MESSAGE][PASSED] - Object 'Object Repository/UI/Client/Rule Editor/Edit Rule Set/a_editRuleSetIcon' is clickable

2019-01-23 22:02:11 - [TEST_STEP][PASSED] - click(findTestObject("UI/Client/Rule Editor/Edit Rule Set/a_editRuleSetIcon")): Object: 'Object Repository/UI/Client/Rule Editor/Edit Rule Set/a_editRuleSetIcon' is clicked on

2019-01-23 22:02:11 - [MESSAGE][PASSED] - Object: 'Object Repository/UI/Client/Rule Editor/Edit Rule Set/a_editRuleSetIcon' is clicked on

2019-01-23 22:02:11 - [TEST_STEP][PASSED] - delay(1): Delayed 1 second(s)

2019-01-23 22:02:12 - [MESSAGE][PASSED] - Delayed 1 second(s)

2019-01-23 22:02:12 - [TEST_STEP][PASSED] - waitForPageLoad(5): Wait for page load successfully

2019-01-23 22:02:12 - [MESSAGE][PASSED] - Wait for page load successfully

2019-01-23 22:02:12 - [TEST_STEP][PASSED] - waitForElementClickable(findTestObject("UI/Client/Rule Editor/Delete Rule Set/div_deleteRule"), 5): Object 'Object Repository/UI/Client/Rule Editor/Delete Rule Set/div_deleteRule' is clickable

2019-01-23 22:02:12 - [MESSAGE][PASSED] - Object 'Object Repository/UI/Client/Rule Editor/Delete Rule Set/div_deleteRule' is clickable

2019-01-23 22:02:12 - [TEST_STEP][PASSED] - click(findTestObject("UI/Client/Rule Editor/Delete Rule Set/div_deleteRule")): Object: 'Object Repository/UI/Client/Rule Editor/Delete Rule Set/div_deleteRule' is clicked on

2019-01-23 22:02:12 - [MESSAGE][PASSED] - Object: 'Object Repository/UI/Client/Rule Editor/Delete Rule Set/div_deleteRule' is clicked on

2019-01-23 22:02:12 - [TEST_STEP][PASSED] - delay(1): Delayed 1 second(s)

2019-01-23 22:02:13 - [MESSAGE][PASSED] - Delayed 1 second(s)

2019-01-23 22:02:13 - [TEST_STEP][PASSED] - waitForPageLoad(5): Wait for page load successfully

2019-01-23 22:02:13 - [MESSAGE][PASSED] - Wait for page load successfully

2019-01-23 22:02:13 - [TEST_STEP][PASSED] - waitForElementPresent(findTestObject("UI/Client/Rule Editor/Delete Rule Set/div_alertDeleteRule"), 5): Object 'Object Repository/UI/Client/Rule Editor/Delete Rule Set/div_alertDeleteRule' is present

2019-01-23 22:02:13 - [MESSAGE][PASSED] - Object 'Object Repository/UI/Client/Rule Editor/Delete Rule Set/div_alertDeleteRule' is present

2019-01-23 22:02:13 - [TEST_STEP][PASSED] - waitForElementVisible(findTestObject("UI/Client/Rule Editor/Delete Rule Set/div_alertDeleteRule"), 5): Object 'Object Repository/UI/Client/Rule Editor/Delete Rule Set/div_alertDeleteRule' is visible

2019-01-23 22:02:13 - [MESSAGE][PASSED] - Object 'Object Repository/UI/Client/Rule Editor/Delete Rule Set/div_alertDeleteRule' is visible

2019-01-23 22:02:13 - [TEST_STEP][PASSED] - focus(findTestObject("UI/Client/Rule Editor/Delete Rule Set/div_alertDeleteRule")): Object: 'Object Repository/UI/Client/Rule Editor/Delete Rule Set/div_alertDeleteRule' is focused

2019-01-23 22:02:13 - [MESSAGE][PASSED] - Object: 'Object Repository/UI/Client/Rule Editor/Delete Rule Set/div_alertDeleteRule' is focused

2019-01-23 22:02:13 - [TEST_STEP][PASSED] - click(findTestObject("UI/Client/Rule Editor/Delete Rule Set/button_confirmDeleteRule")): Object: 'Object Repository/UI/Client/Rule Editor/Delete Rule Set/button_confirmDeleteRule' is clicked on

2019-01-23 22:02:13 - [MESSAGE][PASSED] - Object: 'Object Repository/UI/Client/Rule Editor/Delete Rule Set/button_confirmDeleteRule' is clicked on

2019-01-23 22:02:13 - [TEST_STEP][PASSED] - delay(1): Delayed 1 second(s)

2019-01-23 22:02:14 - [MESSAGE][PASSED] - Delayed 1 second(s)

2019-01-23 22:02:14 - [TEST_STEP][PASSED] - waitForPageLoad(5): Wait for page load successfully

2019-01-23 22:02:14 - [MESSAGE][PASSED] - Wait for page load successfully

2019-01-23 22:02:14 - [TEST_STEP][PASSED] - delay(3): Delayed 3 second(s)

2019-01-23 22:02:17 - [MESSAGE][PASSED] - Delayed 3 second(s)

2019-01-23 22:02:17 - [TEST_STEP][PASSED] - verifyElementNotPresent(findTestObject("UI/Client/Rule Editor/Create Rule Set/span_secondRule"), 5): Web element with id: 'Object Repository/UI/Client/Rule Editor/Create Rule Set/span_secondRule' located by 'By.xpath: //*[@class="panel panel-primary"]//table/tbody/tr[2]/td[1]/span[contains(@class, "handle")]' is not present after '5' second(s)

2019-01-23 22:02:17 - [MESSAGE][PASSED] - Web element with id: 'Object Repository/UI/Client/Rule Editor/Create Rule Set/span_secondRule' located by 'By.xpath: //*[@class="panel panel-primary"]//table/tbody/tr[2]/td[1]/span[contains(@class, "handle")]' is not present after '5' second(s)

2019-01-23 22:02:17 - [TEST_STEP][PASSED] - delay(2): Delayed 2 second(s)

2019-01-23 22:02:19 - [MESSAGE][PASSED] - Delayed 2 second(s)

2019-01-23 22:02:19 - [TEST_STEP][PASSED] - waitForElementClickable(findTestObject("UI/Client/Rule Editor/Create Rule Set/button_saveRuleSet"), 5): Object 'Object Repository/UI/Client/Rule Editor/Create Rule Set/button_saveRuleSet' is clickable

2019-01-23 22:02:19 - [MESSAGE][PASSED] - Object 'Object Repository/UI/Client/Rule Editor/Create Rule Set/button_saveRuleSet' is clickable

2019-01-23 22:02:19 - [TEST_STEP][PASSED] - click(findTestObject("UI/Client/Rule Editor/Create Rule Set/button_saveRuleSet")): Object: 'Object Repository/UI/Client/Rule Editor/Create Rule Set/button_saveRuleSet' is clicked on

2019-01-23 22:02:19 - [MESSAGE][PASSED] - Object: 'Object Repository/UI/Client/Rule Editor/Create Rule Set/button_saveRuleSet' is clicked on

2019-01-23 22:02:19 - [TEST_STEP][PASSED] - delay(1): Delayed 1 second(s)

2019-01-23 22:02:20 - [MESSAGE][PASSED] - Delayed 1 second(s)

2019-01-23 22:02:20 - [TEST_STEP][PASSED] - waitForPageLoad(5): Wait for page load successfully

2019-01-23 22:02:20 - [MESSAGE][PASSED] - Wait for page load successfully

2019-01-23 22:02:20 - [TEST_STEP][PASSED] - waitForElementPresent(findTestObject("UI/Client/Rule Editor/Create Rule Set/div_alertRuleAdded"), 5): Object 'Object Repository/UI/Client/Rule Editor/Create Rule Set/div_alertRuleAdded' is present

2019-01-23 22:02:20 - [MESSAGE][PASSED] - Object 'Object Repository/UI/Client/Rule Editor/Create Rule Set/div_alertRuleAdded' is present

2019-01-23 22:02:20 - [TEST_STEP][PASSED] - waitForElementVisible(findTestObject("UI/Client/Rule Editor/Create Rule Set/div_alertRuleAdded"), 5): Object 'Object Repository/UI/Client/Rule Editor/Create Rule Set/div_alertRuleAdded' is visible

2019-01-23 22:02:20 - [MESSAGE][PASSED] - Object 'Object Repository/UI/Client/Rule Editor/Create Rule Set/div_alertRuleAdded' is visible

2019-01-23 22:02:20 - [TEST_STEP][PASSED] - focus(findTestObject("UI/Client/Rule Editor/Create Rule Set/div_alertRuleAdded")): Object: 'Object Repository/UI/Client/Rule Editor/Create Rule Set/div_alertRuleAdded' is focused

2019-01-23 22:02:20 - [MESSAGE][PASSED] - Object: 'Object Repository/UI/Client/Rule Editor/Create Rule Set/div_alertRuleAdded' is focused

2019-01-23 22:02:20 - [TEST_STEP][PASSED] - click(findTestObject("UI/Client/Rule Editor/Create Rule Set/button_acceptRuleSetSavedPopUp")): Object: 'Object Repository/UI/Client/Rule Editor/Create Rule Set/button_acceptRuleSetSavedPopUp' is clicked on

2019-01-23 22:02:21 - [MESSAGE][PASSED] - Object: 'Object Repository/UI/Client/Rule Editor/Create Rule Set/button_acceptRuleSetSavedPopUp' is clicked on

2019-01-23 22:02:21 - [TEST_STEP][PASSED] - delay(1): Delayed 1 second(s)

2019-01-23 22:02:22 - [MESSAGE][PASSED] - Delayed 1 second(s)

2019-01-23 22:02:22 - [TEST_STEP][PASSED] - waitForPageLoad(5): Wait for page load successfully

2019-01-23 22:02:22 - [MESSAGE][PASSED] - Wait for page load successfully

2019-01-23 22:02:22 - [TEST_STEP][PASSED] - delay(3): Delayed 3 second(s)

2019-01-23 22:02:25 - [MESSAGE][PASSED] - Delayed 3 second(s)

2019-01-23 22:02:25 - [TEST_STEP][PASSED] - waitForElementPresent(findTestObject("UI/Client/Rule Editor/Create Rule Set/td_ruleSetAddedList"), 5): Object 'Object Repository/UI/Client/Rule Editor/Create Rule Set/td_ruleSetAddedList' is present

2019-01-23 22:02:25 - [MESSAGE][PASSED] - Object 'Object Repository/UI/Client/Rule Editor/Create Rule Set/td_ruleSetAddedList' is present

2019-01-23 22:02:25 - [TEST_STEP][PASSED] - firstRuleSetName = getText(findTestObject("UI/Client/Rule Editor/Create Rule Set/td_ruleSetAddedList")): Text of object 'Object Repository/UI/Client/Rule Editor/Create Rule Set/td_ruleSetAddedList' is: 'AAAAAAN Empty Rule Set'

2019-01-23 22:02:25 - [MESSAGE][PASSED] - Text of object 'Object Repository/UI/Client/Rule Editor/Create Rule Set/td_ruleSetAddedList' is: 'AAAAAAN Empty Rule Set'

2019-01-23 22:02:25 - [TEST_STEP][FAILED] - verifyMatch(firstRuleSetName, RULESETNAME, false): verifyMatch(firstRuleSetName, RULESETNAME, false) FAILED.
Reason:
com.kms.katalon.core.exception.StepFailedException: Unable to verify match between actual text 'AAAAAAN Empty Rule Set' and expected text 'AAAA Rule Set EDITED' (Root cause: com.kms.katalon.core.exception.StepFailedException: Actual text 'AAAAAAN Empty Rule Set' and expected text 'AAAA Rule Set EDITED' are not matched)
	at com.kms.katalon.core.keyword.internal.KeywordMain.stepFailed(KeywordMain.groovy:36)
	at com.kms.katalon.core.keyword.internal.KeywordMain.stepFailed(KeywordMain.groovy)
	at com.kms.katalon.core.keyword.internal.KeywordMain.runKeyword(KeywordMain.groovy:56)
	at com.kms.katalon.core.keyword.builtin.VerifyMatchKeyword.verifyMatch(VerifyMatchKeyword.groovy:60)
	at com.kms.katalon.core.keyword.builtin.VerifyMatchKeyword.execute(VerifyMatchKeyword.groovy:45)
	at com.kms.katalon.core.keyword.internal.KeywordExecutor.executeKeywordForPlatform(KeywordExecutor.groovy:53)
	at com.kms.katalon.core.keyword.BuiltinKeywords.verifyMatch(BuiltinKeywords.groovy:73)
	at Delete Rule Set.run(Delete Rule Set:110)
	at com.kms.katalon.core.main.ScriptEngine.run(ScriptEngine.java:194)
	at com.kms.katalon.core.main.ScriptEngine.runScriptAsRawText(ScriptEngine.java:119)
	at com.kms.katalon.core.main.TestCaseExecutor.runScript(TestCaseExecutor.java:328)
	at com.kms.katalon.core.main.TestCaseExecutor.doExecute(TestCaseExecutor.java:319)
	at com.kms.katalon.core.main.TestCaseExecutor.processExecutionPhase(TestCaseExecutor.java:298)
	at com.kms.katalon.core.main.TestCaseExecutor.accessMainPhase(TestCaseExecutor.java:290)
	at com.kms.katalon.core.main.TestCaseExecutor.execute(TestCaseExecutor.java:224)
	at com.kms.katalon.core.main.TestSuiteExecutor.accessTestCaseMainPhase(TestSuiteExecutor.java:129)
	at com.kms.katalon.core.main.TestSuiteExecutor.accessTestSuiteMainPhase(TestSuiteExecutor.java:112)
	at com.kms.katalon.core.main.TestSuiteExecutor.execute(TestSuiteExecutor.java:81)
	at com.kms.katalon.core.main.TestCaseMain.startTestSuite(TestCaseMain.java:149)
	at com.kms.katalon.core.main.TestCaseMain$startTestSuite$0.call(Unknown Source)
	at TempTestSuite1548302180183.run(TempTestSuite1548302180183.groovy:36)


2019-01-23 22:02:25 - [MESSAGE][FAILED] - Unable to verify match between actual text 'AAAAAAN Empty Rule Set' and expected text 'AAAA Rule Set EDITED' (Root cause: com.kms.katalon.core.exception.StepFailedException: Actual text 'AAAAAAN Empty Rule Set' and expected text 'AAAA Rule Set EDITED' are not matched)

2019-01-23 22:02:25 - [MESSAGE][FAILED] - verifyMatch(firstRuleSetName, RULESETNAME, false) FAILED.
Reason:
com.kms.katalon.core.exception.StepFailedException: Unable to verify match between actual text 'AAAAAAN Empty Rule Set' and expected text 'AAAA Rule Set EDITED' (Root cause: com.kms.katalon.core.exception.StepFailedException: Actual text 'AAAAAAN Empty Rule Set' and expected text 'AAAA Rule Set EDITED' are not matched)
	at com.kms.katalon.core.keyword.internal.KeywordMain.stepFailed(KeywordMain.groovy:36)
	at com.kms.katalon.core.keyword.internal.KeywordMain.stepFailed(KeywordMain.groovy)
	at com.kms.katalon.core.keyword.internal.KeywordMain.runKeyword(KeywordMain.groovy:56)
	at com.kms.katalon.core.keyword.builtin.VerifyMatchKeyword.verifyMatch(VerifyMatchKeyword.groovy:60)
	at com.kms.katalon.core.keyword.builtin.VerifyMatchKeyword.execute(VerifyMatchKeyword.groovy:45)
	at com.kms.katalon.core.keyword.internal.KeywordExecutor.executeKeywordForPlatform(KeywordExecutor.groovy:53)
	at com.kms.katalon.core.keyword.BuiltinKeywords.verifyMatch(BuiltinKeywords.groovy:73)
	at Delete Rule Set.run(Delete Rule Set:110)
	at com.kms.katalon.core.main.ScriptEngine.run(ScriptEngine.java:194)
	at com.kms.katalon.core.main.ScriptEngine.runScriptAsRawText(ScriptEngine.java:119)
	at com.kms.katalon.core.main.TestCaseExecutor.runScript(TestCaseExecutor.java:328)
	at com.kms.katalon.core.main.TestCaseExecutor.doExecute(TestCaseExecutor.java:319)
	at com.kms.katalon.core.main.TestCaseExecutor.processExecutionPhase(TestCaseExecutor.java:298)
	at com.kms.katalon.core.main.TestCaseExecutor.accessMainPhase(TestCaseExecutor.java:290)
	at com.kms.katalon.core.main.TestCaseExecutor.execute(TestCaseExecutor.java:224)
	at com.kms.katalon.core.main.TestSuiteExecutor.accessTestCaseMainPhase(TestSuiteExecutor.java:129)
	at com.kms.katalon.core.main.TestSuiteExecutor.accessTestSuiteMainPhase(TestSuiteExecutor.java:112)
	at com.kms.katalon.core.main.TestSuiteExecutor.execute(TestSuiteExecutor.java:81)
	at com.kms.katalon.core.main.TestCaseMain.startTestSuite(TestCaseMain.java:149)
	at com.kms.katalon.core.main.TestCaseMain$startTestSuite$0.call(Unknown Source)
	at TempTestSuite1548302180183.run(TempTestSuite1548302180183.groovy:36)]]></system-out>
         <system-err><![CDATA[2019-01-23 22:01:56 - [TEST_CASE][FAILED] - Test Cases/UI/Client/Rule Editor/Delete Rule Set: Test Cases/UI/Client/Rule Editor/Delete Rule Set FAILED.
Reason:
com.kms.katalon.core.exception.StepFailedException: Unable to verify match between actual text 'AAAAAAN Empty Rule Set' and expected text 'AAAA Rule Set EDITED' (Root cause: com.kms.katalon.core.exception.StepFailedException: Actual text 'AAAAAAN Empty Rule Set' and expected text 'AAAA Rule Set EDITED' are not matched)
	at com.kms.katalon.core.keyword.internal.KeywordMain.stepFailed(KeywordMain.groovy:36)
	at com.kms.katalon.core.keyword.internal.KeywordMain.stepFailed(KeywordMain.groovy)
	at com.kms.katalon.core.keyword.internal.KeywordMain.runKeyword(KeywordMain.groovy:56)
	at com.kms.katalon.core.keyword.builtin.VerifyMatchKeyword.verifyMatch(VerifyMatchKeyword.groovy:60)
	at com.kms.katalon.core.keyword.builtin.VerifyMatchKeyword.execute(VerifyMatchKeyword.groovy:45)
	at com.kms.katalon.core.keyword.internal.KeywordExecutor.executeKeywordForPlatform(KeywordExecutor.groovy:53)
	at com.kms.katalon.core.keyword.BuiltinKeywords.verifyMatch(BuiltinKeywords.groovy:73)
	at Delete Rule Set.run(Delete Rule Set:110)
	at com.kms.katalon.core.main.ScriptEngine.run(ScriptEngine.java:194)
	at com.kms.katalon.core.main.ScriptEngine.runScriptAsRawText(ScriptEngine.java:119)
	at com.kms.katalon.core.main.TestCaseExecutor.runScript(TestCaseExecutor.java:328)
	at com.kms.katalon.core.main.TestCaseExecutor.doExecute(TestCaseExecutor.java:319)
	at com.kms.katalon.core.main.TestCaseExecutor.processExecutionPhase(TestCaseExecutor.java:298)
	at com.kms.katalon.core.main.TestCaseExecutor.accessMainPhase(TestCaseExecutor.java:290)
	at com.kms.katalon.core.main.TestCaseExecutor.execute(TestCaseExecutor.java:224)
	at com.kms.katalon.core.main.TestSuiteExecutor.accessTestCaseMainPhase(TestSuiteExecutor.java:129)
	at com.kms.katalon.core.main.TestSuiteExecutor.accessTestSuiteMainPhase(TestSuiteExecutor.java:112)
	at com.kms.katalon.core.main.TestSuiteExecutor.execute(TestSuiteExecutor.java:81)
	at com.kms.katalon.core.main.TestCaseMain.startTestSuite(TestCaseMain.java:149)
	at com.kms.katalon.core.main.TestCaseMain$startTestSuite$0.call(Unknown Source)
	at TempTestSuite1548302180183.run(TempTestSuite1548302180183.groovy:36)]]></system-err>
      </testcase>
      <testcase name="Test Cases/UI/Client/Rule Editor/Search for Rule Set" classname="Test Cases/UI/Client/Rule Editor/Search for Rule Set" status="FAILED">
         <failure type="FAILED" message="Test Cases/UI/Client/Rule Editor/Search for Rule Set FAILED.
Reason:
com.kms.katalon.core.exception.StepFailedException: Unable to verify object 'Object Repository/UI/Client/Rule Editor/Search Rule Set/div_noSearchResults' is not present (Root cause: com.kms.katalon.core.exception.StepFailedException: Web element with id: 'Object Repository/UI/Client/Rule Editor/Search Rule Set/div_noSearchResults' located by 'By.xpath: //*[@id=&quot;content&quot;]//div[contains(text(), &quot;No Data&quot;)]' is present after '5' second(s))
	at com.kms.katalon.core.keyword.internal.KeywordMain.stepFailed(KeywordMain.groovy:36)
	at com.kms.katalon.core.webui.keyword.internal.WebUIKeywordMain.stepFailed(WebUIKeywordMain.groovy:65)
	at com.kms.katalon.core.webui.keyword.internal.WebUIKeywordMain.runKeyword(WebUIKeywordMain.groovy:27)
	at com.kms.katalon.core.webui.keyword.builtin.VerifyElementNotPresentKeyword.verifyElementNotPresent(VerifyElementNotPresentKeyword.groovy:118)
	at com.kms.katalon.core.webui.keyword.builtin.VerifyElementNotPresentKeyword.execute(VerifyElementNotPresentKeyword.groovy:68)
	at com.kms.katalon.core.keyword.internal.KeywordExecutor.executeKeywordForPlatform(KeywordExecutor.groovy:53)
	at com.kms.katalon.core.webui.keyword.WebUiBuiltInKeywords.verifyElementNotPresent(WebUiBuiltInKeywords.groovy:1467)
	at com.kms.katalon.core.webui.keyword.WebUiBuiltInKeywords$verifyElementNotPresent$13.call(Unknown Source)
	at Search for Rule Set.run(Search for Rule Set:70)
	at com.kms.katalon.core.main.ScriptEngine.run(ScriptEngine.java:194)
	at com.kms.katalon.core.main.ScriptEngine.runScriptAsRawText(ScriptEngine.java:119)
	at com.kms.katalon.core.main.TestCaseExecutor.runScript(TestCaseExecutor.java:328)
	at com.kms.katalon.core.main.TestCaseExecutor.doExecute(TestCaseExecutor.java:319)
	at com.kms.katalon.core.main.TestCaseExecutor.processExecutionPhase(TestCaseExecutor.java:298)
	at com.kms.katalon.core.main.TestCaseExecutor.accessMainPhase(TestCaseExecutor.java:290)
	at com.kms.katalon.core.main.TestCaseExecutor.execute(TestCaseExecutor.java:224)
	at com.kms.katalon.core.main.TestSuiteExecutor.accessTestCaseMainPhase(TestSuiteExecutor.java:129)
	at com.kms.katalon.core.main.TestSuiteExecutor.accessTestSuiteMainPhase(TestSuiteExecutor.java:112)
	at com.kms.katalon.core.main.TestSuiteExecutor.execute(TestSuiteExecutor.java:81)
	at com.kms.katalon.core.main.TestCaseMain.startTestSuite(TestCaseMain.java:149)
	at com.kms.katalon.core.main.TestCaseMain$startTestSuite$0.call(Unknown Source)
	at TempTestSuite1548302180183.run(TempTestSuite1548302180183.groovy:36)
"/>
         <system-out><![CDATA[2019-01-23 22:02:25 - [TEST_CASE][FAILED] - Test Cases/UI/Client/Rule Editor/Search for Rule Set: Test Cases/UI/Client/Rule Editor/Search for Rule Set FAILED.
Reason:
com.kms.katalon.core.exception.StepFailedException: Unable to verify object 'Object Repository/UI/Client/Rule Editor/Search Rule Set/div_noSearchResults' is not present (Root cause: com.kms.katalon.core.exception.StepFailedException: Web element with id: 'Object Repository/UI/Client/Rule Editor/Search Rule Set/div_noSearchResults' located by 'By.xpath: //*[@id="content"]//div[contains(text(), "No Data")]' is present after '5' second(s))
	at com.kms.katalon.core.keyword.internal.KeywordMain.stepFailed(KeywordMain.groovy:36)
	at com.kms.katalon.core.webui.keyword.internal.WebUIKeywordMain.stepFailed(WebUIKeywordMain.groovy:65)
	at com.kms.katalon.core.webui.keyword.internal.WebUIKeywordMain.runKeyword(WebUIKeywordMain.groovy:27)
	at com.kms.katalon.core.webui.keyword.builtin.VerifyElementNotPresentKeyword.verifyElementNotPresent(VerifyElementNotPresentKeyword.groovy:118)
	at com.kms.katalon.core.webui.keyword.builtin.VerifyElementNotPresentKeyword.execute(VerifyElementNotPresentKeyword.groovy:68)
	at com.kms.katalon.core.keyword.internal.KeywordExecutor.executeKeywordForPlatform(KeywordExecutor.groovy:53)
	at com.kms.katalon.core.webui.keyword.WebUiBuiltInKeywords.verifyElementNotPresent(WebUiBuiltInKeywords.groovy:1467)
	at com.kms.katalon.core.webui.keyword.WebUiBuiltInKeywords$verifyElementNotPresent$13.call(Unknown Source)
	at Search for Rule Set.run(Search for Rule Set:70)
	at com.kms.katalon.core.main.ScriptEngine.run(ScriptEngine.java:194)
	at com.kms.katalon.core.main.ScriptEngine.runScriptAsRawText(ScriptEngine.java:119)
	at com.kms.katalon.core.main.TestCaseExecutor.runScript(TestCaseExecutor.java:328)
	at com.kms.katalon.core.main.TestCaseExecutor.doExecute(TestCaseExecutor.java:319)
	at com.kms.katalon.core.main.TestCaseExecutor.processExecutionPhase(TestCaseExecutor.java:298)
	at com.kms.katalon.core.main.TestCaseExecutor.accessMainPhase(TestCaseExecutor.java:290)
	at com.kms.katalon.core.main.TestCaseExecutor.execute(TestCaseExecutor.java:224)
	at com.kms.katalon.core.main.TestSuiteExecutor.accessTestCaseMainPhase(TestSuiteExecutor.java:129)
	at com.kms.katalon.core.main.TestSuiteExecutor.accessTestSuiteMainPhase(TestSuiteExecutor.java:112)
	at com.kms.katalon.core.main.TestSuiteExecutor.execute(TestSuiteExecutor.java:81)
	at com.kms.katalon.core.main.TestCaseMain.startTestSuite(TestCaseMain.java:149)
	at com.kms.katalon.core.main.TestCaseMain$startTestSuite$0.call(Unknown Source)
	at TempTestSuite1548302180183.run(TempTestSuite1548302180183.groovy:36)


2019-01-23 22:02:25 - [TEST_STEP][PASSED] - UAT = "https://uat.advancedpricing.com": null

2019-01-23 22:02:25 - [TEST_STEP][PASSED] - USER = "qaAuto": null

2019-01-23 22:02:25 - [TEST_STEP][PASSED] - PASSWD = "a9yk100dD": null

2019-01-23 22:02:25 - [TEST_STEP][PASSED] - CLEAR = "": null

2019-01-23 22:02:25 - [TEST_STEP][PASSED] - RULESETNAME = "Arkansas": null

2019-01-23 22:02:25 - [TEST_STEP][PASSED] - RULESETNAME2 = "a": null

2019-01-23 22:02:25 - [TEST_STEP][PASSED] - INVALIDNAME = "QWERTY": null

2019-01-23 22:02:25 - [TEST_STEP][PASSED] - INVALIDNAME2 = "0000": null

2019-01-23 22:02:25 - [TEST_STEP][PASSED] - openBrowser(""): Browser is opened with url: ''

2019-01-23 22:02:25 - [MESSAGE][WARNING] - A browser is already opened. Closing browser and opening a new one

2019-01-23 22:02:25 - [MESSAGE][INFO] - Starting 'Chrome' driver

2019-01-23 22:02:28 - [MESSAGE][PASSED] - Browser is opened with url: ''

2019-01-23 22:02:28 - [TEST_STEP][PASSED] - maximizeWindow(): Current window maximized

2019-01-23 22:02:29 - [MESSAGE][PASSED] - Current window maximized

2019-01-23 22:02:29 - [TEST_STEP][PASSED] - navigateToUrl(UAT): Navigate to 'https://uat.advancedpricing.com' successfully

2019-01-23 22:02:30 - [MESSAGE][PASSED] - Navigate to 'https://uat.advancedpricing.com' successfully

2019-01-23 22:02:30 - [TEST_STEP][PASSED] - waitForPageLoad(5): Wait for page load successfully

2019-01-23 22:02:30 - [MESSAGE][PASSED] - Wait for page load successfully

2019-01-23 22:02:30 - [TEST_STEP][PASSED] - setText(findTestObject("UI/Client/Claim Services/input_userCode"), USER): Text 'qaAuto' is set on object 'Object Repository/UI/Client/Claim Services/input_userCode'

2019-01-23 22:02:31 - [MESSAGE][PASSED] - Text 'qaAuto' is set on object 'Object Repository/UI/Client/Claim Services/input_userCode'

2019-01-23 22:02:31 - [TEST_STEP][PASSED] - setText(findTestObject("UI/Client/Claim Services/input_userPassword"), PASSWD): Text 'a9yk100dD' is set on object 'Object Repository/UI/Client/Claim Services/input_userPassword'

2019-01-23 22:02:31 - [MESSAGE][PASSED] - Text 'a9yk100dD' is set on object 'Object Repository/UI/Client/Claim Services/input_userPassword'

2019-01-23 22:02:31 - [TEST_STEP][PASSED] - waitForElementClickable(findTestObject("UI/Client/Claim Services/input_loginButton"), 5): Object 'Object Repository/UI/Client/Claim Services/input_loginButton' is clickable

2019-01-23 22:02:31 - [MESSAGE][PASSED] - Object 'Object Repository/UI/Client/Claim Services/input_loginButton' is clickable

2019-01-23 22:02:31 - [TEST_STEP][PASSED] - click(findTestObject("UI/Client/Claim Services/input_loginButton")): Object: 'Object Repository/UI/Client/Claim Services/input_loginButton' is clicked on

2019-01-23 22:02:31 - [MESSAGE][PASSED] - Object: 'Object Repository/UI/Client/Claim Services/input_loginButton' is clicked on

2019-01-23 22:02:31 - [TEST_STEP][PASSED] - delay(1): Delayed 1 second(s)

2019-01-23 22:02:32 - [MESSAGE][PASSED] - Delayed 1 second(s)

2019-01-23 22:02:32 - [TEST_STEP][PASSED] - waitForPageLoad(5): Wait for page load successfully

2019-01-23 22:02:32 - [MESSAGE][PASSED] - Wait for page load successfully

2019-01-23 22:02:32 - [TEST_STEP][PASSED] - waitForElementPresent(findTestObject("UI/Client/Rule Editor/h1_Clients"), 5): Object 'Object Repository/UI/Client/Rule Editor/h1_Clients' is present

2019-01-23 22:02:32 - [MESSAGE][PASSED] - Object 'Object Repository/UI/Client/Rule Editor/h1_Clients' is present

2019-01-23 22:02:32 - [TEST_STEP][PASSED] - pageTitle = getText(findTestObject("UI/Client/Rule Editor/h1_Clients")): Text of object 'Object Repository/UI/Client/Rule Editor/h1_Clients' is: 'Clients'

2019-01-23 22:02:32 - [MESSAGE][PASSED] - Text of object 'Object Repository/UI/Client/Rule Editor/h1_Clients' is: 'Clients'

2019-01-23 22:02:32 - [TEST_STEP][PASSED] - verifyMatch(pageTitle, "Clients", false): Actual text 'Clients' and expected text 'Clients' are matched 

2019-01-23 22:02:32 - [MESSAGE][PASSED] - Actual text 'Clients' and expected text 'Clients' are matched 

2019-01-23 22:02:32 - [TEST_STEP][PASSED] - delay(3): Delayed 3 second(s)

2019-01-23 22:02:35 - [MESSAGE][PASSED] - Delayed 3 second(s)

2019-01-23 22:02:35 - [TEST_STEP][PASSED] - waitForElementClickable(findTestObject("UI/Client/Rule Editor/span_ruleEditorMenu"), 5): Object 'Object Repository/UI/Client/Rule Editor/span_ruleEditorMenu' is clickable

2019-01-23 22:02:35 - [MESSAGE][PASSED] - Object 'Object Repository/UI/Client/Rule Editor/span_ruleEditorMenu' is clickable

2019-01-23 22:02:35 - [TEST_STEP][PASSED] - click(findTestObject("UI/Client/Rule Editor/span_ruleEditorMenu")): Object: 'Object Repository/UI/Client/Rule Editor/span_ruleEditorMenu' is clicked on

2019-01-23 22:02:35 - [MESSAGE][PASSED] - Object: 'Object Repository/UI/Client/Rule Editor/span_ruleEditorMenu' is clicked on

2019-01-23 22:02:35 - [TEST_STEP][PASSED] - delay(1): Delayed 1 second(s)

2019-01-23 22:02:36 - [MESSAGE][PASSED] - Delayed 1 second(s)

2019-01-23 22:02:36 - [TEST_STEP][PASSED] - waitForPageLoad(5): Wait for page load successfully

2019-01-23 22:02:36 - [MESSAGE][PASSED] - Wait for page load successfully

2019-01-23 22:02:36 - [TEST_STEP][PASSED] - waitForElementPresent(findTestObject("UI/Client/Rule Editor/h1_ruleEditor"), 5): Object 'Object Repository/UI/Client/Rule Editor/h1_ruleEditor' is present

2019-01-23 22:02:36 - [MESSAGE][PASSED] - Object 'Object Repository/UI/Client/Rule Editor/h1_ruleEditor' is present

2019-01-23 22:02:36 - [TEST_STEP][PASSED] - pageTitle = getText(findTestObject("UI/Client/Rule Editor/h1_ruleEditor")): Text of object 'Object Repository/UI/Client/Rule Editor/h1_ruleEditor' is: 'Rule Editor'

2019-01-23 22:02:36 - [MESSAGE][PASSED] - Text of object 'Object Repository/UI/Client/Rule Editor/h1_ruleEditor' is: 'Rule Editor'

2019-01-23 22:02:36 - [TEST_STEP][PASSED] - verifyMatch(pageTitle, "Rule Editor", false): Actual text 'Rule Editor' and expected text 'Rule Editor' are matched 

2019-01-23 22:02:36 - [MESSAGE][PASSED] - Actual text 'Rule Editor' and expected text 'Rule Editor' are matched 

2019-01-23 22:02:36 - [TEST_STEP][PASSED] - delay(3): Delayed 3 second(s)

2019-01-23 22:02:39 - [MESSAGE][PASSED] - Delayed 3 second(s)

2019-01-23 22:02:39 - [TEST_STEP][PASSED] - waitForElementVisible(findTestObject("UI/Client/Rule Editor/Search Rule Set/input_searchRuleSet"), 5): Object 'Object Repository/UI/Client/Rule Editor/Search Rule Set/input_searchRuleSet' is visible

2019-01-23 22:02:39 - [MESSAGE][PASSED] - Object 'Object Repository/UI/Client/Rule Editor/Search Rule Set/input_searchRuleSet' is visible

2019-01-23 22:02:39 - [TEST_STEP][PASSED] - setText(findTestObject("UI/Client/Rule Editor/Search Rule Set/input_searchRuleSet"), RULESETNAME): Text 'Arkansas' is set on object 'Object Repository/UI/Client/Rule Editor/Search Rule Set/input_searchRuleSet'

2019-01-23 22:02:39 - [MESSAGE][PASSED] - Text 'Arkansas' is set on object 'Object Repository/UI/Client/Rule Editor/Search Rule Set/input_searchRuleSet'

2019-01-23 22:02:39 - [TEST_STEP][PASSED] - delay(3): Delayed 3 second(s)

2019-01-23 22:02:42 - [MESSAGE][PASSED] - Delayed 3 second(s)

2019-01-23 22:02:42 - [TEST_STEP][FAILED] - verifyElementNotPresent(findTestObject("UI/Client/Rule Editor/Search Rule Set/div_noSearchResults"), 5): verifyElementNotPresent(findTestObject("UI/Client/Rule Editor/Search Rule Set/div_noSearchResults"), 5) FAILED.
Reason:
com.kms.katalon.core.exception.StepFailedException: Unable to verify object 'Object Repository/UI/Client/Rule Editor/Search Rule Set/div_noSearchResults' is not present (Root cause: com.kms.katalon.core.exception.StepFailedException: Web element with id: 'Object Repository/UI/Client/Rule Editor/Search Rule Set/div_noSearchResults' located by 'By.xpath: //*[@id="content"]//div[contains(text(), "No Data")]' is present after '5' second(s))
	at com.kms.katalon.core.keyword.internal.KeywordMain.stepFailed(KeywordMain.groovy:36)
	at com.kms.katalon.core.webui.keyword.internal.WebUIKeywordMain.stepFailed(WebUIKeywordMain.groovy:65)
	at com.kms.katalon.core.webui.keyword.internal.WebUIKeywordMain.runKeyword(WebUIKeywordMain.groovy:27)
	at com.kms.katalon.core.webui.keyword.builtin.VerifyElementNotPresentKeyword.verifyElementNotPresent(VerifyElementNotPresentKeyword.groovy:118)
	at com.kms.katalon.core.webui.keyword.builtin.VerifyElementNotPresentKeyword.execute(VerifyElementNotPresentKeyword.groovy:68)
	at com.kms.katalon.core.keyword.internal.KeywordExecutor.executeKeywordForPlatform(KeywordExecutor.groovy:53)
	at com.kms.katalon.core.webui.keyword.WebUiBuiltInKeywords.verifyElementNotPresent(WebUiBuiltInKeywords.groovy:1467)
	at com.kms.katalon.core.webui.keyword.WebUiBuiltInKeywords$verifyElementNotPresent$13.call(Unknown Source)
	at Search for Rule Set.run(Search for Rule Set:70)
	at com.kms.katalon.core.main.ScriptEngine.run(ScriptEngine.java:194)
	at com.kms.katalon.core.main.ScriptEngine.runScriptAsRawText(ScriptEngine.java:119)
	at com.kms.katalon.core.main.TestCaseExecutor.runScript(TestCaseExecutor.java:328)
	at com.kms.katalon.core.main.TestCaseExecutor.doExecute(TestCaseExecutor.java:319)
	at com.kms.katalon.core.main.TestCaseExecutor.processExecutionPhase(TestCaseExecutor.java:298)
	at com.kms.katalon.core.main.TestCaseExecutor.accessMainPhase(TestCaseExecutor.java:290)
	at com.kms.katalon.core.main.TestCaseExecutor.execute(TestCaseExecutor.java:224)
	at com.kms.katalon.core.main.TestSuiteExecutor.accessTestCaseMainPhase(TestSuiteExecutor.java:129)
	at com.kms.katalon.core.main.TestSuiteExecutor.accessTestSuiteMainPhase(TestSuiteExecutor.java:112)
	at com.kms.katalon.core.main.TestSuiteExecutor.execute(TestSuiteExecutor.java:81)
	at com.kms.katalon.core.main.TestCaseMain.startTestSuite(TestCaseMain.java:149)
	at com.kms.katalon.core.main.TestCaseMain$startTestSuite$0.call(Unknown Source)
	at TempTestSuite1548302180183.run(TempTestSuite1548302180183.groovy:36)


2019-01-23 22:02:48 - [MESSAGE][FAILED] - Web element with id: 'Object Repository/UI/Client/Rule Editor/Search Rule Set/div_noSearchResults' located by 'By.xpath: //*[@id="content"]//div[contains(text(), "No Data")]' is present after '5' second(s)
[[ATTACHMENT|C:\\Users\\rogelio medrano\\git\\AMPSAutRegression\\Reports\\UI\\Rule Editor\\Rule Editor\\20190123_215620\\1548302568281.png]]

2019-01-23 22:02:48 - [MESSAGE][FAILED] - Unable to verify object 'Object Repository/UI/Client/Rule Editor/Search Rule Set/div_noSearchResults' is not present (Root cause: com.kms.katalon.core.exception.StepFailedException: Web element with id: 'Object Repository/UI/Client/Rule Editor/Search Rule Set/div_noSearchResults' located by 'By.xpath: //*[@id="content"]//div[contains(text(), "No Data")]' is present after '5' second(s))
[[ATTACHMENT|C:\\Users\\rogelio medrano\\git\\AMPSAutRegression\\Reports\\UI\\Rule Editor\\Rule Editor\\20190123_215620\\1548302568640.png]]

2019-01-23 22:02:48 - [MESSAGE][FAILED] - verifyElementNotPresent(findTestObject("UI/Client/Rule Editor/Search Rule Set/div_noSearchResults"), 5) FAILED.
Reason:
com.kms.katalon.core.exception.StepFailedException: Unable to verify object 'Object Repository/UI/Client/Rule Editor/Search Rule Set/div_noSearchResults' is not present (Root cause: com.kms.katalon.core.exception.StepFailedException: Web element with id: 'Object Repository/UI/Client/Rule Editor/Search Rule Set/div_noSearchResults' located by 'By.xpath: //*[@id="content"]//div[contains(text(), "No Data")]' is present after '5' second(s))
	at com.kms.katalon.core.keyword.internal.KeywordMain.stepFailed(KeywordMain.groovy:36)
	at com.kms.katalon.core.webui.keyword.internal.WebUIKeywordMain.stepFailed(WebUIKeywordMain.groovy:65)
	at com.kms.katalon.core.webui.keyword.internal.WebUIKeywordMain.runKeyword(WebUIKeywordMain.groovy:27)
	at com.kms.katalon.core.webui.keyword.builtin.VerifyElementNotPresentKeyword.verifyElementNotPresent(VerifyElementNotPresentKeyword.groovy:118)
	at com.kms.katalon.core.webui.keyword.builtin.VerifyElementNotPresentKeyword.execute(VerifyElementNotPresentKeyword.groovy:68)
	at com.kms.katalon.core.keyword.internal.KeywordExecutor.executeKeywordForPlatform(KeywordExecutor.groovy:53)
	at com.kms.katalon.core.webui.keyword.WebUiBuiltInKeywords.verifyElementNotPresent(WebUiBuiltInKeywords.groovy:1467)
	at com.kms.katalon.core.webui.keyword.WebUiBuiltInKeywords$verifyElementNotPresent$13.call(Unknown Source)
	at Search for Rule Set.run(Search for Rule Set:70)
	at com.kms.katalon.core.main.ScriptEngine.run(ScriptEngine.java:194)
	at com.kms.katalon.core.main.ScriptEngine.runScriptAsRawText(ScriptEngine.java:119)
	at com.kms.katalon.core.main.TestCaseExecutor.runScript(TestCaseExecutor.java:328)
	at com.kms.katalon.core.main.TestCaseExecutor.doExecute(TestCaseExecutor.java:319)
	at com.kms.katalon.core.main.TestCaseExecutor.processExecutionPhase(TestCaseExecutor.java:298)
	at com.kms.katalon.core.main.TestCaseExecutor.accessMainPhase(TestCaseExecutor.java:290)
	at com.kms.katalon.core.main.TestCaseExecutor.execute(TestCaseExecutor.java:224)
	at com.kms.katalon.core.main.TestSuiteExecutor.accessTestCaseMainPhase(TestSuiteExecutor.java:129)
	at com.kms.katalon.core.main.TestSuiteExecutor.accessTestSuiteMainPhase(TestSuiteExecutor.java:112)
	at com.kms.katalon.core.main.TestSuiteExecutor.execute(TestSuiteExecutor.java:81)
	at com.kms.katalon.core.main.TestCaseMain.startTestSuite(TestCaseMain.java:149)
	at com.kms.katalon.core.main.TestCaseMain$startTestSuite$0.call(Unknown Source)
	at TempTestSuite1548302180183.run(TempTestSuite1548302180183.groovy:36)]]></system-out>
         <system-err><![CDATA[2019-01-23 22:02:25 - [TEST_CASE][FAILED] - Test Cases/UI/Client/Rule Editor/Search for Rule Set: Test Cases/UI/Client/Rule Editor/Search for Rule Set FAILED.
Reason:
com.kms.katalon.core.exception.StepFailedException: Unable to verify object 'Object Repository/UI/Client/Rule Editor/Search Rule Set/div_noSearchResults' is not present (Root cause: com.kms.katalon.core.exception.StepFailedException: Web element with id: 'Object Repository/UI/Client/Rule Editor/Search Rule Set/div_noSearchResults' located by 'By.xpath: //*[@id="content"]//div[contains(text(), "No Data")]' is present after '5' second(s))
	at com.kms.katalon.core.keyword.internal.KeywordMain.stepFailed(KeywordMain.groovy:36)
	at com.kms.katalon.core.webui.keyword.internal.WebUIKeywordMain.stepFailed(WebUIKeywordMain.groovy:65)
	at com.kms.katalon.core.webui.keyword.internal.WebUIKeywordMain.runKeyword(WebUIKeywordMain.groovy:27)
	at com.kms.katalon.core.webui.keyword.builtin.VerifyElementNotPresentKeyword.verifyElementNotPresent(VerifyElementNotPresentKeyword.groovy:118)
	at com.kms.katalon.core.webui.keyword.builtin.VerifyElementNotPresentKeyword.execute(VerifyElementNotPresentKeyword.groovy:68)
	at com.kms.katalon.core.keyword.internal.KeywordExecutor.executeKeywordForPlatform(KeywordExecutor.groovy:53)
	at com.kms.katalon.core.webui.keyword.WebUiBuiltInKeywords.verifyElementNotPresent(WebUiBuiltInKeywords.groovy:1467)
	at com.kms.katalon.core.webui.keyword.WebUiBuiltInKeywords$verifyElementNotPresent$13.call(Unknown Source)
	at Search for Rule Set.run(Search for Rule Set:70)
	at com.kms.katalon.core.main.ScriptEngine.run(ScriptEngine.java:194)
	at com.kms.katalon.core.main.ScriptEngine.runScriptAsRawText(ScriptEngine.java:119)
	at com.kms.katalon.core.main.TestCaseExecutor.runScript(TestCaseExecutor.java:328)
	at com.kms.katalon.core.main.TestCaseExecutor.doExecute(TestCaseExecutor.java:319)
	at com.kms.katalon.core.main.TestCaseExecutor.processExecutionPhase(TestCaseExecutor.java:298)
	at com.kms.katalon.core.main.TestCaseExecutor.accessMainPhase(TestCaseExecutor.java:290)
	at com.kms.katalon.core.main.TestCaseExecutor.execute(TestCaseExecutor.java:224)
	at com.kms.katalon.core.main.TestSuiteExecutor.accessTestCaseMainPhase(TestSuiteExecutor.java:129)
	at com.kms.katalon.core.main.TestSuiteExecutor.accessTestSuiteMainPhase(TestSuiteExecutor.java:112)
	at com.kms.katalon.core.main.TestSuiteExecutor.execute(TestSuiteExecutor.java:81)
	at com.kms.katalon.core.main.TestCaseMain.startTestSuite(TestCaseMain.java:149)
	at com.kms.katalon.core.main.TestCaseMain$startTestSuite$0.call(Unknown Source)
	at TempTestSuite1548302180183.run(TempTestSuite1548302180183.groovy:36)]]></system-err>
      </testcase>
      <system-out><![CDATA[2019-01-23 21:56:21 - [TEST_SUITE][FAILED] - Rule Editor: Test Cases/UI/Client/Rule Editor/Create New Rule Set FAILED.
Reason:
com.kms.katalon.core.exception.StepFailedException: Unable to click on object 'Object Repository/UI/Client/Rule Editor/Create Rule Set/select_addCondition' (Root cause: com.kms.katalon.core.webui.exception.WebElementNotFoundException: Web element with id: 'Object Repository/UI/Client/Rule Editor/Create Rule Set/select_addCondition' located by 'By.xpath: id("react-select-5--value")/div[@class="Select-input"]/input[1]' not found)
	at com.kms.katalon.core.keyword.internal.KeywordMain.stepFailed(KeywordMain.groovy:36)
	at com.kms.katalon.core.webui.keyword.internal.WebUIKeywordMain.stepFailed(WebUIKeywordMain.groovy:65)
	at com.kms.katalon.core.webui.keyword.internal.WebUIKeywordMain.runKeyword(WebUIKeywordMain.groovy:27)
	at com.kms.katalon.core.webui.keyword.builtin.ClickKeyword.click(ClickKeyword.groovy:86)
	at com.kms.katalon.core.webui.keyword.builtin.ClickKeyword.execute(ClickKeyword.groovy:67)
	at com.kms.katalon.core.keyword.internal.KeywordExecutor.executeKeywordForPlatform(KeywordExecutor.groovy:53)
	at com.kms.katalon.core.webui.keyword.WebUiBuiltInKeywords.click(WebUiBuiltInKeywords.groovy:616)
	at com.kms.katalon.core.webui.keyword.WebUiBuiltInKeywords$click$5.call(Unknown Source)
	at Create New Rule Set.run(Create New Rule Set:141)
	at com.kms.katalon.core.main.ScriptEngine.run(ScriptEngine.java:194)
	at com.kms.katalon.core.main.ScriptEngine.runScriptAsRawText(ScriptEngine.java:119)
	at com.kms.katalon.core.main.TestCaseExecutor.runScript(TestCaseExecutor.java:328)
	at com.kms.katalon.core.main.TestCaseExecutor.doExecute(TestCaseExecutor.java:319)
	at com.kms.katalon.core.main.TestCaseExecutor.processExecutionPhase(TestCaseExecutor.java:298)
	at com.kms.katalon.core.main.TestCaseExecutor.accessMainPhase(TestCaseExecutor.java:290)
	at com.kms.katalon.core.main.TestCaseExecutor.execute(TestCaseExecutor.java:224)
	at com.kms.katalon.core.main.TestSuiteExecutor.accessTestCaseMainPhase(TestSuiteExecutor.java:129)
	at com.kms.katalon.core.main.TestSuiteExecutor.accessTestSuiteMainPhase(TestSuiteExecutor.java:112)
	at com.kms.katalon.core.main.TestSuiteExecutor.execute(TestSuiteExecutor.java:81)
	at com.kms.katalon.core.main.TestCaseMain.startTestSuite(TestCaseMain.java:149)
	at com.kms.katalon.core.main.TestCaseMain$startTestSuite$0.call(Unknown Source)
	at TempTestSuite1548302180183.run(TempTestSuite1548302180183.groovy:36)]]></system-out>
      <system-err><![CDATA[2019-01-23 21:56:21 - [TEST_SUITE][FAILED] - Rule Editor: Test Cases/UI/Client/Rule Editor/Create New Rule Set FAILED.
Reason:
com.kms.katalon.core.exception.StepFailedException: Unable to click on object 'Object Repository/UI/Client/Rule Editor/Create Rule Set/select_addCondition' (Root cause: com.kms.katalon.core.webui.exception.WebElementNotFoundException: Web element with id: 'Object Repository/UI/Client/Rule Editor/Create Rule Set/select_addCondition' located by 'By.xpath: id("react-select-5--value")/div[@class="Select-input"]/input[1]' not found)
	at com.kms.katalon.core.keyword.internal.KeywordMain.stepFailed(KeywordMain.groovy:36)
	at com.kms.katalon.core.webui.keyword.internal.WebUIKeywordMain.stepFailed(WebUIKeywordMain.groovy:65)
	at com.kms.katalon.core.webui.keyword.internal.WebUIKeywordMain.runKeyword(WebUIKeywordMain.groovy:27)
	at com.kms.katalon.core.webui.keyword.builtin.ClickKeyword.click(ClickKeyword.groovy:86)
	at com.kms.katalon.core.webui.keyword.builtin.ClickKeyword.execute(ClickKeyword.groovy:67)
	at com.kms.katalon.core.keyword.internal.KeywordExecutor.executeKeywordForPlatform(KeywordExecutor.groovy:53)
	at com.kms.katalon.core.webui.keyword.WebUiBuiltInKeywords.click(WebUiBuiltInKeywords.groovy:616)
	at com.kms.katalon.core.webui.keyword.WebUiBuiltInKeywords$click$5.call(Unknown Source)
	at Create New Rule Set.run(Create New Rule Set:141)
	at com.kms.katalon.core.main.ScriptEngine.run(ScriptEngine.java:194)
	at com.kms.katalon.core.main.ScriptEngine.runScriptAsRawText(ScriptEngine.java:119)
	at com.kms.katalon.core.main.TestCaseExecutor.runScript(TestCaseExecutor.java:328)
	at com.kms.katalon.core.main.TestCaseExecutor.doExecute(TestCaseExecutor.java:319)
	at com.kms.katalon.core.main.TestCaseExecutor.processExecutionPhase(TestCaseExecutor.java:298)
	at com.kms.katalon.core.main.TestCaseExecutor.accessMainPhase(TestCaseExecutor.java:290)
	at com.kms.katalon.core.main.TestCaseExecutor.execute(TestCaseExecutor.java:224)
	at com.kms.katalon.core.main.TestSuiteExecutor.accessTestCaseMainPhase(TestSuiteExecutor.java:129)
	at com.kms.katalon.core.main.TestSuiteExecutor.accessTestSuiteMainPhase(TestSuiteExecutor.java:112)
	at com.kms.katalon.core.main.TestSuiteExecutor.execute(TestSuiteExecutor.java:81)
	at com.kms.katalon.core.main.TestCaseMain.startTestSuite(TestCaseMain.java:149)
	at com.kms.katalon.core.main.TestCaseMain$startTestSuite$0.call(Unknown Source)
	at TempTestSuite1548302180183.run(TempTestSuite1548302180183.groovy:36)]]></system-err>
   </testsuite>
</testsuites>
