<?xml version="1.0" encoding="UTF-8"?>
<testsuites name="user editor" time="200" tests="4" failures="4" errors="0">
   <testsuite name="user editor" tests="4" failures="4" errors="0" time="200" timestamp="2019-01-23 11:08:48" hostname="david avalos - TDG-MBL-MTY0359.tiempodev.local" id="Test Suites/UI/user editor">
      <properties>
         <property name="deviceName" value=""/>
         <property name="devicePlatform" value=""/>
         <property name="logFolder" value="C:\\Users\\David Avalos\\git\\AMPSAutRegression\\Reports\\UI\\user editor\\20190123_105313"/>
         <property name="logFiles" value="C:\\Users\\David Avalos\\git\\AMPSAutRegression\\Reports\\UI\\user editor\\20190123_105313\\execution0.log"/>
         <property name="attachments" value="C:\\Users\\David Avalos\\git\\AMPSAutRegression\\Reports\\UI\\user editor\\20190123_105313\\1548263374238.png, C:\\Users\\David Avalos\\git\\AMPSAutRegression\\Reports\\UI\\user editor\\20190123_105313\\1548263482634.png, C:\\Users\\David Avalos\\git\\AMPSAutRegression\\Reports\\UI\\user editor\\20190123_105313\\1548263495008.png, C:\\Users\\David Avalos\\git\\AMPSAutRegression\\Reports\\UI\\user editor\\20190123_105313\\1548263527201.png, C:\\Users\\David Avalos\\git\\AMPSAutRegression\\Reports\\UI\\user editor\\20190123_105313\\1548263527584.png"/>
         <property name="hostName" value="david avalos - TDG-MBL-MTY0359.tiempodev.local"/>
         <property name="os" value="Windows 10 64bit"/>
         <property name="katalonVersion" value="5.10.1.1"/>
         <property name="browser" value="Chrome 71.0.3578.98"/>
         <property name="hostAddress" value="192.168.1.97"/>
         <property name="sessionId" value="69b0fd1ab7bc16032af837c67f930550"/>
         <property name="seleniumVersion" value="3.7.1"/>
         <property name="proxyInformation" value="ProxyInformation{proxyOption=NO_PROXY, proxyServerType=HTTP, password=, proxyServerAddress=, proxyServerPort=0}"/>
         <property name="platform" value="Windows 10"/>
      </properties>
      <testcase name="Test Cases/UI/Employee/Users Editor/Create not an AMPS user normal customer" classname="Test Cases/UI/Employee/Users Editor/Create not an AMPS user normal customer" status="PASSED">
         <system-out><![CDATA[2019-01-23 11:08:48 - [TEST_CASE][PASSED] - Test Cases/UI/Employee/Users Editor/Create not an AMPS user normal customer: Test Cases/UI/Employee/Users Editor/Create not an AMPS user normal customer

2019-01-23 11:08:49 - [TEST_STEP][PASSED] - callTestCase(findTestCase("UI/General/AdminLogin"), [:], STOP_ON_FAILURE): Call Test Case 'Test Cases/UI/General/AdminLogin' successfully

2019-01-23 11:08:49 - [TEST_CASE][PASSED] - Test Cases/UI/General/AdminLogin: Test Cases/UI/General/AdminLogin

2019-01-23 11:08:49 - [TEST_STEP][PASSED] - openBrowser(""): Browser is opened with url: ''

2019-01-23 11:08:49 - [MESSAGE][INFO] - Starting 'Chrome' driver

2019-01-23 11:08:49 - [MESSAGE][INFO] - Action delay is set to 0 seconds

2019-01-23 11:08:52 - [MESSAGE][PASSED] - Browser is opened with url: ''

2019-01-23 11:08:52 - [TEST_STEP][PASSED] - maximizeWindow(): Current window maximized

2019-01-23 11:08:53 - [MESSAGE][PASSED] - Current window maximized

2019-01-23 11:08:53 - [TEST_STEP][PASSED] - navigateToUrl(Url): Navigate to 'https://uat.advancedpricing.com/' successfully

2019-01-23 11:08:55 - [MESSAGE][PASSED] - Navigate to 'https://uat.advancedpricing.com/' successfully

2019-01-23 11:08:55 - [TEST_STEP][PASSED] - setText(findTestObject("UI/General/Page_LoginPage/input_User"), UserName): Text 'qaAuto' is set on object 'Object Repository/UI/General/Page_LoginPage/input_User'

2019-01-23 11:08:55 - [MESSAGE][PASSED] - Text 'qaAuto' is set on object 'Object Repository/UI/General/Page_LoginPage/input_User'

2019-01-23 11:08:55 - [TEST_STEP][PASSED] - setText(findTestObject("UI/General/Page_LoginPage/input_Password"), Password): Text 'a9yk100dD' is set on object 'Object Repository/UI/General/Page_LoginPage/input_Password'

2019-01-23 11:08:56 - [MESSAGE][PASSED] - Text 'a9yk100dD' is set on object 'Object Repository/UI/General/Page_LoginPage/input_Password'

2019-01-23 11:08:56 - [TEST_STEP][PASSED] - click(findTestObject("UI/General/Page_LoginPage/button_Login")): Object: 'Object Repository/UI/General/Page_LoginPage/button_Login' is clicked on

2019-01-23 11:08:56 - [MESSAGE][PASSED] - Object: 'Object Repository/UI/General/Page_LoginPage/button_Login' is clicked on

2019-01-23 11:08:56 - [MESSAGE][PASSED] - Call Test Case 'Test Cases/UI/General/AdminLogin' successfully

2019-01-23 11:08:56 - [TEST_STEP][PASSED] - click(findTestObject("UI/Employee/user detail/Create new User/Page_AMPS Portal/span_Users")): Object: 'Object Repository/UI/Employee/user detail/Create new User/Page_AMPS Portal/span_Users' is clicked on

2019-01-23 11:08:56 - [MESSAGE][PASSED] - Object: 'Object Repository/UI/Employee/user detail/Create new User/Page_AMPS Portal/span_Users' is clicked on

2019-01-23 11:08:56 - [TEST_STEP][PASSED] - verifyElementClickable(findTestObject("UI/Employee/user detail/Create new User/Page_AMPS Portal/a_Create New User")): Object 'Object Repository/UI/Employee/user detail/Create new User/Page_AMPS Portal/a_Create New User' is clickable

2019-01-23 11:08:57 - [MESSAGE][PASSED] - Object 'Object Repository/UI/Employee/user detail/Create new User/Page_AMPS Portal/a_Create New User' is clickable

2019-01-23 11:08:57 - [TEST_STEP][PASSED] - click(findTestObject("UI/Employee/user detail/Create new User/Page_AMPS Portal/a_Create New User")): Object: 'Object Repository/UI/Employee/user detail/Create new User/Page_AMPS Portal/a_Create New User' is clicked on

2019-01-23 11:08:57 - [MESSAGE][PASSED] - Object: 'Object Repository/UI/Employee/user detail/Create new User/Page_AMPS Portal/a_Create New User' is clicked on

2019-01-23 11:08:57 - [TEST_STEP][PASSED] - delay(5): Delayed 5 second(s)

2019-01-23 11:09:02 - [MESSAGE][PASSED] - Delayed 5 second(s)

2019-01-23 11:09:02 - [TEST_STEP][PASSED] - click(findTestObject("UI/Employee/user detail/Create new User/Page_AMPS Portal/span_customer_Select-arrow")): Object: 'Object Repository/UI/Employee/user detail/Create new User/Page_AMPS Portal/span_customer_Select-arrow' is clicked on

2019-01-23 11:09:02 - [MESSAGE][PASSED] - Object: 'Object Repository/UI/Employee/user detail/Create new User/Page_AMPS Portal/span_customer_Select-arrow' is clicked on

2019-01-23 11:09:02 - [TEST_STEP][PASSED] - delay(2): Delayed 2 second(s)

2019-01-23 11:09:04 - [MESSAGE][PASSED] - Delayed 2 second(s)

2019-01-23 11:09:04 - [TEST_STEP][PASSED] - sendKeys(findTestObject(null), Keys.chord(ARROW_DOWN)): Keys 'DOWN + ' sent to object: 'tempBody'

2019-01-23 11:09:04 - [MESSAGE][WARNING] - Test object id is null

2019-01-23 11:09:04 - [MESSAGE][WARNING] - Test object with id 'Object Repository/' does not exist

2019-01-23 11:09:04 - [MESSAGE][PASSED] - Keys 'DOWN + ' sent to object: 'tempBody'

2019-01-23 11:09:04 - [TEST_STEP][PASSED] - delay(2): Delayed 2 second(s)

2019-01-23 11:09:06 - [MESSAGE][PASSED] - Delayed 2 second(s)

2019-01-23 11:09:06 - [TEST_STEP][PASSED] - sendKeys(findTestObject(null), Keys.chord(ENTER)): Keys 'ENTER + ' sent to object: 'tempBody'

2019-01-23 11:09:06 - [MESSAGE][WARNING] - Test object id is null

2019-01-23 11:09:06 - [MESSAGE][WARNING] - Test object with id 'Object Repository/' does not exist

2019-01-23 11:09:06 - [MESSAGE][PASSED] - Keys 'ENTER + ' sent to object: 'tempBody'

2019-01-23 11:09:06 - [TEST_STEP][PASSED] - delay(3): Delayed 3 second(s)

2019-01-23 11:09:09 - [MESSAGE][PASSED] - Delayed 3 second(s)

2019-01-23 11:09:09 - [TEST_STEP][PASSED] - click(findTestObject("UI/Employee/user detail/Create new User/Page_AMPS Portal/span_Select..._Select-arrow")): Object: 'Object Repository/UI/Employee/user detail/Create new User/Page_AMPS Portal/span_Select..._Select-arrow' is clicked on

2019-01-23 11:09:10 - [MESSAGE][PASSED] - Object: 'Object Repository/UI/Employee/user detail/Create new User/Page_AMPS Portal/span_Select..._Select-arrow' is clicked on

2019-01-23 11:09:10 - [TEST_STEP][PASSED] - sendKeys(findTestObject("UI/Employee/user detail/Create new User/Page_AMPS Portal/INPUT_dropdown_Role"), "ameriben"): Keys 'ameriben' sent to object: 'Object Repository/UI/Employee/user detail/Create new User/Page_AMPS Portal/INPUT_dropdown_Role'

2019-01-23 11:09:10 - [MESSAGE][PASSED] - Keys 'ameriben' sent to object: 'Object Repository/UI/Employee/user detail/Create new User/Page_AMPS Portal/INPUT_dropdown_Role'

2019-01-23 11:09:10 - [TEST_STEP][PASSED] - click(findTestObject("UI/Employee/user detail/Create new User/Page_AMPS Portal/Selector_Role_Always_Option1")): Object: 'Object Repository/UI/Employee/user detail/Create new User/Page_AMPS Portal/Selector_Role_Always_Option1' is clicked on

2019-01-23 11:09:10 - [MESSAGE][PASSED] - Object: 'Object Repository/UI/Employee/user detail/Create new User/Page_AMPS Portal/Selector_Role_Always_Option1' is clicked on

2019-01-23 11:09:10 - [TEST_STEP][PASSED] - delay(4): Delayed 4 second(s)

2019-01-23 11:09:14 - [MESSAGE][PASSED] - Delayed 4 second(s)

2019-01-23 11:09:14 - [TEST_STEP][PASSED] - setText(findTestObject("UI/Employee/user detail/Create new User/Page_AMPS Portal/input_User Code_code"), "TestAmer"): Text 'TestAmer' is set on object 'Object Repository/UI/Employee/user detail/Create new User/Page_AMPS Portal/input_User Code_code'

2019-01-23 11:09:14 - [MESSAGE][PASSED] - Text 'TestAmer' is set on object 'Object Repository/UI/Employee/user detail/Create new User/Page_AMPS Portal/input_User Code_code'

2019-01-23 11:09:14 - [TEST_STEP][PASSED] - setText(findTestObject("UI/Employee/user detail/Create new User/Page_AMPS Portal/input_Email_email"), "Mike@ameriben.com"): Text 'Mike@ameriben.com' is set on object 'Object Repository/UI/Employee/user detail/Create new User/Page_AMPS Portal/input_Email_email'

2019-01-23 11:09:14 - [MESSAGE][PASSED] - Text 'Mike@ameriben.com' is set on object 'Object Repository/UI/Employee/user detail/Create new User/Page_AMPS Portal/input_Email_email'

2019-01-23 11:09:14 - [TEST_STEP][PASSED] - setText(findTestObject("UI/Employee/user detail/Create new User/Page_AMPS Portal/input_First Name_firstName"), "Mike"): Text 'Mike' is set on object 'Object Repository/UI/Employee/user detail/Create new User/Page_AMPS Portal/input_First Name_firstName'

2019-01-23 11:09:15 - [MESSAGE][PASSED] - Text 'Mike' is set on object 'Object Repository/UI/Employee/user detail/Create new User/Page_AMPS Portal/input_First Name_firstName'

2019-01-23 11:09:15 - [TEST_STEP][PASSED] - setText(findTestObject("UI/Employee/user detail/Create new User/Page_AMPS Portal/input_Last Name_lastName"), "Woazosky"): Text 'Woazosky' is set on object 'Object Repository/UI/Employee/user detail/Create new User/Page_AMPS Portal/input_Last Name_lastName'

2019-01-23 11:09:15 - [MESSAGE][PASSED] - Text 'Woazosky' is set on object 'Object Repository/UI/Employee/user detail/Create new User/Page_AMPS Portal/input_Last Name_lastName'

2019-01-23 11:09:15 - [TEST_STEP][PASSED] - click(findTestObject("UI/Employee/user detail/Create new User/Page_AMPS Portal/a_Access")): Object: 'Object Repository/UI/Employee/user detail/Create new User/Page_AMPS Portal/a_Access' is clicked on

2019-01-23 11:09:15 - [MESSAGE][PASSED] - Object: 'Object Repository/UI/Employee/user detail/Create new User/Page_AMPS Portal/a_Access' is clicked on

2019-01-23 11:09:15 - [TEST_STEP][PASSED] - delay(5): Delayed 5 second(s)

2019-01-23 11:09:20 - [MESSAGE][PASSED] - Delayed 5 second(s)

2019-01-23 11:09:20 - [TEST_STEP][PASSED] - click(findTestObject("UI/Employee/user detail/Create new User/Page_AMPS Portal/span_All Groups")): Object: 'Object Repository/UI/Employee/user detail/Create new User/Page_AMPS Portal/span_All Groups' is clicked on

2019-01-23 11:09:20 - [MESSAGE][PASSED] - Object: 'Object Repository/UI/Employee/user detail/Create new User/Page_AMPS Portal/span_All Groups' is clicked on

2019-01-23 11:09:20 - [TEST_STEP][PASSED] - click(findTestObject("UI/Employee/user detail/Create new User/Page_AMPS Portal/a_")): Object: 'Object Repository/UI/Employee/user detail/Create new User/Page_AMPS Portal/a_' is clicked on

2019-01-23 11:09:20 - [MESSAGE][PASSED] - Object: 'Object Repository/UI/Employee/user detail/Create new User/Page_AMPS Portal/a_' is clicked on

2019-01-23 11:09:20 - [TEST_STEP][PASSED] - delay(5): Delayed 5 second(s)

2019-01-23 11:09:25 - [MESSAGE][PASSED] - Delayed 5 second(s)

2019-01-23 11:09:25 - [TEST_STEP][PASSED] - click(findTestObject("UI/Employee/user detail/Create new User/Page_AMPS Portal/a_Permissions")): Object: 'Object Repository/UI/Employee/user detail/Create new User/Page_AMPS Portal/a_Permissions' is clicked on

2019-01-23 11:09:25 - [MESSAGE][PASSED] - Object: 'Object Repository/UI/Employee/user detail/Create new User/Page_AMPS Portal/a_Permissions' is clicked on

2019-01-23 11:09:25 - [TEST_STEP][PASSED] - setText(findTestObject("UI/Employee/user detail/Create new User/Page_AMPS Portal/input_All Groups_form-control"), "user"): Text 'user' is set on object 'Object Repository/UI/Employee/user detail/Create new User/Page_AMPS Portal/input_All Groups_form-control'

2019-01-23 11:09:26 - [MESSAGE][PASSED] - Text 'user' is set on object 'Object Repository/UI/Employee/user detail/Create new User/Page_AMPS Portal/input_All Groups_form-control'

2019-01-23 11:09:26 - [TEST_STEP][PASSED] - click(findTestObject("UI/Employee/user detail/Create new User/Page_AMPS Portal/input_Description_permissions5")): Object: 'Object Repository/UI/Employee/user detail/Create new User/Page_AMPS Portal/input_Description_permissions5' is clicked on

2019-01-23 11:09:26 - [MESSAGE][PASSED] - Object: 'Object Repository/UI/Employee/user detail/Create new User/Page_AMPS Portal/input_Description_permissions5' is clicked on

2019-01-23 11:09:26 - [TEST_STEP][PASSED] - delay(2): Delayed 2 second(s)

2019-01-23 11:09:28 - [MESSAGE][PASSED] - Delayed 2 second(s)

2019-01-23 11:09:28 - [TEST_STEP][PASSED] - closeBrowser(): Browser is closed

2019-01-23 11:09:29 - [MESSAGE][PASSED] - Browser is closed]]></system-out>
         <system-err><![CDATA[]]></system-err>
      </testcase>
      <testcase name="Test Cases/UI/Employee/Users Editor/User with no admin role can not edit users" classname="Test Cases/UI/Employee/Users Editor/User with no admin role can not edit users" status="FAILED">
         <failure type="FAILED" message="Test Cases/UI/Employee/Users Editor/User with no admin role can not edit users FAILED.
Reason:
com.kms.katalon.core.exception.StepFailedException: Unable to set text 'null' of object 'Object Repository/UI/General/Page_LoginPage/input_User' (Root cause: java.lang.IllegalArgumentException: Text is null)
	at com.kms.katalon.core.keyword.internal.KeywordMain.stepFailed(KeywordMain.groovy:36)
	at com.kms.katalon.core.webui.keyword.internal.WebUIKeywordMain.stepFailed(WebUIKeywordMain.groovy:65)
	at com.kms.katalon.core.webui.keyword.internal.WebUIKeywordMain.runKeyword(WebUIKeywordMain.groovy:27)
	at com.kms.katalon.core.webui.keyword.builtin.SetTextKeyword.setText(SetTextKeyword.groovy:65)
	at com.kms.katalon.core.webui.keyword.builtin.SetTextKeyword.execute(SetTextKeyword.groovy:37)
	at com.kms.katalon.core.keyword.internal.KeywordExecutor.executeKeywordForPlatform(KeywordExecutor.groovy:53)
	at com.kms.katalon.core.webui.keyword.WebUiBuiltInKeywords.setText(WebUiBuiltInKeywords.groovy:950)
	at com.kms.katalon.core.webui.keyword.WebUiBuiltInKeywords$setText$2.call(Unknown Source)
	at No Admin Login.run(No Admin Login:22)
	at com.kms.katalon.core.main.ScriptEngine.run(ScriptEngine.java:194)
	at com.kms.katalon.core.main.ScriptEngine.runScriptAsRawText(ScriptEngine.java:119)
	at com.kms.katalon.core.main.TestCaseExecutor.runScript(TestCaseExecutor.java:328)
	at com.kms.katalon.core.main.TestCaseExecutor.doExecute(TestCaseExecutor.java:319)
	at com.kms.katalon.core.main.TestCaseExecutor.processExecutionPhase(TestCaseExecutor.java:298)
	at com.kms.katalon.core.main.TestCaseExecutor.accessMainPhase(TestCaseExecutor.java:290)
	at com.kms.katalon.core.main.TestCaseExecutor.execute(TestCaseExecutor.java:224)
	at com.kms.katalon.core.main.TestCaseMain.runTestCase(TestCaseMain.java:106)
	at com.kms.katalon.core.keyword.builtin.CallTestCaseKeyword$_callTestCase_closure1.doCall(CallTestCaseKeyword.groovy:59)
	at com.kms.katalon.core.keyword.builtin.CallTestCaseKeyword$_callTestCase_closure1.call(CallTestCaseKeyword.groovy)
	at com.kms.katalon.core.keyword.internal.KeywordMain.runKeyword(KeywordMain.groovy:54)
	at com.kms.katalon.core.keyword.builtin.CallTestCaseKeyword.callTestCase(CallTestCaseKeyword.groovy:80)
	at com.kms.katalon.core.keyword.builtin.CallTestCaseKeyword.execute(CallTestCaseKeyword.groovy:44)
	at com.kms.katalon.core.keyword.internal.KeywordExecutor.executeKeywordForPlatform(KeywordExecutor.groovy:53)
	at com.kms.katalon.core.keyword.BuiltinKeywords.callTestCase(BuiltinKeywords.groovy:334)
	at User with no admin role can not edit users.run(User with no admin role can not edit users:16)
	at com.kms.katalon.core.main.ScriptEngine.run(ScriptEngine.java:194)
	at com.kms.katalon.core.main.ScriptEngine.runScriptAsRawText(ScriptEngine.java:119)
	at com.kms.katalon.core.main.TestCaseExecutor.runScript(TestCaseExecutor.java:328)
	at com.kms.katalon.core.main.TestCaseExecutor.doExecute(TestCaseExecutor.java:319)
	at com.kms.katalon.core.main.TestCaseExecutor.processExecutionPhase(TestCaseExecutor.java:298)
	at com.kms.katalon.core.main.TestCaseExecutor.accessMainPhase(TestCaseExecutor.java:290)
	at com.kms.katalon.core.main.TestCaseExecutor.execute(TestCaseExecutor.java:224)
	at com.kms.katalon.core.main.TestSuiteExecutor.accessTestCaseMainPhase(TestSuiteExecutor.java:129)
	at com.kms.katalon.core.main.TestSuiteExecutor.accessTestSuiteMainPhase(TestSuiteExecutor.java:112)
	at com.kms.katalon.core.main.TestSuiteExecutor.execute(TestSuiteExecutor.java:81)
	at com.kms.katalon.core.main.TestCaseMain.startTestSuite(TestCaseMain.java:149)
	at com.kms.katalon.core.main.TestCaseMain$startTestSuite$0.call(Unknown Source)
	at TempTestSuite1548262393411.run(TempTestSuite1548262393411.groovy:36)
"/>
         <system-out><![CDATA[2019-01-23 11:09:29 - [TEST_CASE][FAILED] - Test Cases/UI/Employee/Users Editor/User with no admin role can not edit users: Test Cases/UI/Employee/Users Editor/User with no admin role can not edit users FAILED.
Reason:
com.kms.katalon.core.exception.StepFailedException: Unable to set text 'null' of object 'Object Repository/UI/General/Page_LoginPage/input_User' (Root cause: java.lang.IllegalArgumentException: Text is null)
	at com.kms.katalon.core.keyword.internal.KeywordMain.stepFailed(KeywordMain.groovy:36)
	at com.kms.katalon.core.webui.keyword.internal.WebUIKeywordMain.stepFailed(WebUIKeywordMain.groovy:65)
	at com.kms.katalon.core.webui.keyword.internal.WebUIKeywordMain.runKeyword(WebUIKeywordMain.groovy:27)
	at com.kms.katalon.core.webui.keyword.builtin.SetTextKeyword.setText(SetTextKeyword.groovy:65)
	at com.kms.katalon.core.webui.keyword.builtin.SetTextKeyword.execute(SetTextKeyword.groovy:37)
	at com.kms.katalon.core.keyword.internal.KeywordExecutor.executeKeywordForPlatform(KeywordExecutor.groovy:53)
	at com.kms.katalon.core.webui.keyword.WebUiBuiltInKeywords.setText(WebUiBuiltInKeywords.groovy:950)
	at com.kms.katalon.core.webui.keyword.WebUiBuiltInKeywords$setText$2.call(Unknown Source)
	at No Admin Login.run(No Admin Login:22)
	at com.kms.katalon.core.main.ScriptEngine.run(ScriptEngine.java:194)
	at com.kms.katalon.core.main.ScriptEngine.runScriptAsRawText(ScriptEngine.java:119)
	at com.kms.katalon.core.main.TestCaseExecutor.runScript(TestCaseExecutor.java:328)
	at com.kms.katalon.core.main.TestCaseExecutor.doExecute(TestCaseExecutor.java:319)
	at com.kms.katalon.core.main.TestCaseExecutor.processExecutionPhase(TestCaseExecutor.java:298)
	at com.kms.katalon.core.main.TestCaseExecutor.accessMainPhase(TestCaseExecutor.java:290)
	at com.kms.katalon.core.main.TestCaseExecutor.execute(TestCaseExecutor.java:224)
	at com.kms.katalon.core.main.TestCaseMain.runTestCase(TestCaseMain.java:106)
	at com.kms.katalon.core.keyword.builtin.CallTestCaseKeyword$_callTestCase_closure1.doCall(CallTestCaseKeyword.groovy:59)
	at com.kms.katalon.core.keyword.builtin.CallTestCaseKeyword$_callTestCase_closure1.call(CallTestCaseKeyword.groovy)
	at com.kms.katalon.core.keyword.internal.KeywordMain.runKeyword(KeywordMain.groovy:54)
	at com.kms.katalon.core.keyword.builtin.CallTestCaseKeyword.callTestCase(CallTestCaseKeyword.groovy:80)
	at com.kms.katalon.core.keyword.builtin.CallTestCaseKeyword.execute(CallTestCaseKeyword.groovy:44)
	at com.kms.katalon.core.keyword.internal.KeywordExecutor.executeKeywordForPlatform(KeywordExecutor.groovy:53)
	at com.kms.katalon.core.keyword.BuiltinKeywords.callTestCase(BuiltinKeywords.groovy:334)
	at User with no admin role can not edit users.run(User with no admin role can not edit users:16)
	at com.kms.katalon.core.main.ScriptEngine.run(ScriptEngine.java:194)
	at com.kms.katalon.core.main.ScriptEngine.runScriptAsRawText(ScriptEngine.java:119)
	at com.kms.katalon.core.main.TestCaseExecutor.runScript(TestCaseExecutor.java:328)
	at com.kms.katalon.core.main.TestCaseExecutor.doExecute(TestCaseExecutor.java:319)
	at com.kms.katalon.core.main.TestCaseExecutor.processExecutionPhase(TestCaseExecutor.java:298)
	at com.kms.katalon.core.main.TestCaseExecutor.accessMainPhase(TestCaseExecutor.java:290)
	at com.kms.katalon.core.main.TestCaseExecutor.execute(TestCaseExecutor.java:224)
	at com.kms.katalon.core.main.TestSuiteExecutor.accessTestCaseMainPhase(TestSuiteExecutor.java:129)
	at com.kms.katalon.core.main.TestSuiteExecutor.accessTestSuiteMainPhase(TestSuiteExecutor.java:112)
	at com.kms.katalon.core.main.TestSuiteExecutor.execute(TestSuiteExecutor.java:81)
	at com.kms.katalon.core.main.TestCaseMain.startTestSuite(TestCaseMain.java:149)
	at com.kms.katalon.core.main.TestCaseMain$startTestSuite$0.call(Unknown Source)
	at TempTestSuite1548262393411.run(TempTestSuite1548262393411.groovy:36)


2019-01-23 11:09:29 - [TEST_STEP][FAILED] - callTestCase(findTestCase("UI/General/No Admin Login"), [:], STOP_ON_FAILURE): callTestCase(findTestCase("UI/General/No Admin Login"), [:], STOP_ON_FAILURE) FAILED.
Reason:
com.kms.katalon.core.exception.StepFailedException: Unable to set text 'null' of object 'Object Repository/UI/General/Page_LoginPage/input_User' (Root cause: java.lang.IllegalArgumentException: Text is null)
	at com.kms.katalon.core.keyword.internal.KeywordMain.stepFailed(KeywordMain.groovy:36)
	at com.kms.katalon.core.webui.keyword.internal.WebUIKeywordMain.stepFailed(WebUIKeywordMain.groovy:65)
	at com.kms.katalon.core.webui.keyword.internal.WebUIKeywordMain.runKeyword(WebUIKeywordMain.groovy:27)
	at com.kms.katalon.core.webui.keyword.builtin.SetTextKeyword.setText(SetTextKeyword.groovy:65)
	at com.kms.katalon.core.webui.keyword.builtin.SetTextKeyword.execute(SetTextKeyword.groovy:37)
	at com.kms.katalon.core.keyword.internal.KeywordExecutor.executeKeywordForPlatform(KeywordExecutor.groovy:53)
	at com.kms.katalon.core.webui.keyword.WebUiBuiltInKeywords.setText(WebUiBuiltInKeywords.groovy:950)
	at com.kms.katalon.core.webui.keyword.WebUiBuiltInKeywords$setText$2.call(Unknown Source)
	at No Admin Login.run(No Admin Login:22)
	at com.kms.katalon.core.main.ScriptEngine.run(ScriptEngine.java:194)
	at com.kms.katalon.core.main.ScriptEngine.runScriptAsRawText(ScriptEngine.java:119)
	at com.kms.katalon.core.main.TestCaseExecutor.runScript(TestCaseExecutor.java:328)
	at com.kms.katalon.core.main.TestCaseExecutor.doExecute(TestCaseExecutor.java:319)
	at com.kms.katalon.core.main.TestCaseExecutor.processExecutionPhase(TestCaseExecutor.java:298)
	at com.kms.katalon.core.main.TestCaseExecutor.accessMainPhase(TestCaseExecutor.java:290)
	at com.kms.katalon.core.main.TestCaseExecutor.execute(TestCaseExecutor.java:224)
	at com.kms.katalon.core.main.TestCaseMain.runTestCase(TestCaseMain.java:106)
	at com.kms.katalon.core.keyword.builtin.CallTestCaseKeyword$_callTestCase_closure1.doCall(CallTestCaseKeyword.groovy:59)
	at com.kms.katalon.core.keyword.builtin.CallTestCaseKeyword$_callTestCase_closure1.call(CallTestCaseKeyword.groovy)
	at com.kms.katalon.core.keyword.internal.KeywordMain.runKeyword(KeywordMain.groovy:54)
	at com.kms.katalon.core.keyword.builtin.CallTestCaseKeyword.callTestCase(CallTestCaseKeyword.groovy:80)
	at com.kms.katalon.core.keyword.builtin.CallTestCaseKeyword.execute(CallTestCaseKeyword.groovy:44)
	at com.kms.katalon.core.keyword.internal.KeywordExecutor.executeKeywordForPlatform(KeywordExecutor.groovy:53)
	at com.kms.katalon.core.keyword.BuiltinKeywords.callTestCase(BuiltinKeywords.groovy:334)
	at User with no admin role can not edit users.run(User with no admin role can not edit users:16)
	at com.kms.katalon.core.main.ScriptEngine.run(ScriptEngine.java:194)
	at com.kms.katalon.core.main.ScriptEngine.runScriptAsRawText(ScriptEngine.java:119)
	at com.kms.katalon.core.main.TestCaseExecutor.runScript(TestCaseExecutor.java:328)
	at com.kms.katalon.core.main.TestCaseExecutor.doExecute(TestCaseExecutor.java:319)
	at com.kms.katalon.core.main.TestCaseExecutor.processExecutionPhase(TestCaseExecutor.java:298)
	at com.kms.katalon.core.main.TestCaseExecutor.accessMainPhase(TestCaseExecutor.java:290)
	at com.kms.katalon.core.main.TestCaseExecutor.execute(TestCaseExecutor.java:224)
	at com.kms.katalon.core.main.TestSuiteExecutor.accessTestCaseMainPhase(TestSuiteExecutor.java:129)
	at com.kms.katalon.core.main.TestSuiteExecutor.accessTestSuiteMainPhase(TestSuiteExecutor.java:112)
	at com.kms.katalon.core.main.TestSuiteExecutor.execute(TestSuiteExecutor.java:81)
	at com.kms.katalon.core.main.TestCaseMain.startTestSuite(TestCaseMain.java:149)
	at com.kms.katalon.core.main.TestCaseMain$startTestSuite$0.call(Unknown Source)
	at TempTestSuite1548262393411.run(TempTestSuite1548262393411.groovy:36)


2019-01-23 11:09:29 - [TEST_CASE][FAILED] - Test Cases/UI/General/No Admin Login: Test Cases/UI/General/No Admin Login FAILED.
Reason:
com.kms.katalon.core.exception.StepFailedException: Unable to set text 'null' of object 'Object Repository/UI/General/Page_LoginPage/input_User' (Root cause: java.lang.IllegalArgumentException: Text is null)
	at com.kms.katalon.core.keyword.internal.KeywordMain.stepFailed(KeywordMain.groovy:36)
	at com.kms.katalon.core.webui.keyword.internal.WebUIKeywordMain.stepFailed(WebUIKeywordMain.groovy:65)
	at com.kms.katalon.core.webui.keyword.internal.WebUIKeywordMain.runKeyword(WebUIKeywordMain.groovy:27)
	at com.kms.katalon.core.webui.keyword.builtin.SetTextKeyword.setText(SetTextKeyword.groovy:65)
	at com.kms.katalon.core.webui.keyword.builtin.SetTextKeyword.execute(SetTextKeyword.groovy:37)
	at com.kms.katalon.core.keyword.internal.KeywordExecutor.executeKeywordForPlatform(KeywordExecutor.groovy:53)
	at com.kms.katalon.core.webui.keyword.WebUiBuiltInKeywords.setText(WebUiBuiltInKeywords.groovy:950)
	at com.kms.katalon.core.webui.keyword.WebUiBuiltInKeywords$setText$2.call(Unknown Source)
	at No Admin Login.run(No Admin Login:22)
	at com.kms.katalon.core.main.ScriptEngine.run(ScriptEngine.java:194)
	at com.kms.katalon.core.main.ScriptEngine.runScriptAsRawText(ScriptEngine.java:119)
	at com.kms.katalon.core.main.TestCaseExecutor.runScript(TestCaseExecutor.java:328)
	at com.kms.katalon.core.main.TestCaseExecutor.doExecute(TestCaseExecutor.java:319)
	at com.kms.katalon.core.main.TestCaseExecutor.processExecutionPhase(TestCaseExecutor.java:298)
	at com.kms.katalon.core.main.TestCaseExecutor.accessMainPhase(TestCaseExecutor.java:290)
	at com.kms.katalon.core.main.TestCaseExecutor.execute(TestCaseExecutor.java:224)
	at com.kms.katalon.core.main.TestCaseMain.runTestCase(TestCaseMain.java:106)
	at com.kms.katalon.core.keyword.builtin.CallTestCaseKeyword$_callTestCase_closure1.doCall(CallTestCaseKeyword.groovy:59)
	at com.kms.katalon.core.keyword.builtin.CallTestCaseKeyword$_callTestCase_closure1.call(CallTestCaseKeyword.groovy)
	at com.kms.katalon.core.keyword.internal.KeywordMain.runKeyword(KeywordMain.groovy:54)
	at com.kms.katalon.core.keyword.builtin.CallTestCaseKeyword.callTestCase(CallTestCaseKeyword.groovy:80)
	at com.kms.katalon.core.keyword.builtin.CallTestCaseKeyword.execute(CallTestCaseKeyword.groovy:44)
	at com.kms.katalon.core.keyword.internal.KeywordExecutor.executeKeywordForPlatform(KeywordExecutor.groovy:53)
	at com.kms.katalon.core.keyword.BuiltinKeywords.callTestCase(BuiltinKeywords.groovy:334)
	at User with no admin role can not edit users.run(User with no admin role can not edit users:16)
	at com.kms.katalon.core.main.ScriptEngine.run(ScriptEngine.java:194)
	at com.kms.katalon.core.main.ScriptEngine.runScriptAsRawText(ScriptEngine.java:119)
	at com.kms.katalon.core.main.TestCaseExecutor.runScript(TestCaseExecutor.java:328)
	at com.kms.katalon.core.main.TestCaseExecutor.doExecute(TestCaseExecutor.java:319)
	at com.kms.katalon.core.main.TestCaseExecutor.processExecutionPhase(TestCaseExecutor.java:298)
	at com.kms.katalon.core.main.TestCaseExecutor.accessMainPhase(TestCaseExecutor.java:290)
	at com.kms.katalon.core.main.TestCaseExecutor.execute(TestCaseExecutor.java:224)
	at com.kms.katalon.core.main.TestSuiteExecutor.accessTestCaseMainPhase(TestSuiteExecutor.java:129)
	at com.kms.katalon.core.main.TestSuiteExecutor.accessTestSuiteMainPhase(TestSuiteExecutor.java:112)
	at com.kms.katalon.core.main.TestSuiteExecutor.execute(TestSuiteExecutor.java:81)
	at com.kms.katalon.core.main.TestCaseMain.startTestSuite(TestCaseMain.java:149)
	at com.kms.katalon.core.main.TestCaseMain$startTestSuite$0.call(Unknown Source)
	at TempTestSuite1548262393411.run(TempTestSuite1548262393411.groovy:36)


2019-01-23 11:09:29 - [TEST_STEP][PASSED] - openBrowser(""): Browser is opened with url: ''

2019-01-23 11:09:29 - [MESSAGE][INFO] - Starting 'Chrome' driver

2019-01-23 11:09:31 - [MESSAGE][PASSED] - Browser is opened with url: ''

2019-01-23 11:09:31 - [TEST_STEP][PASSED] - maximizeWindow(): Current window maximized

2019-01-23 11:09:32 - [MESSAGE][PASSED] - Current window maximized

2019-01-23 11:09:32 - [TEST_STEP][PASSED] - navigateToUrl(Url): Navigate to 'https://uat.advancedpricing.com/' successfully

2019-01-23 11:09:34 - [MESSAGE][PASSED] - Navigate to 'https://uat.advancedpricing.com/' successfully

2019-01-23 11:09:34 - [TEST_STEP][FAILED] - setText(findTestObject("UI/General/Page_LoginPage/input_User"), UserNameNoAdmin): setText(findTestObject("UI/General/Page_LoginPage/input_User"), UserNameNoAdmin) FAILED.
Reason:
com.kms.katalon.core.exception.StepFailedException: Unable to set text 'null' of object 'Object Repository/UI/General/Page_LoginPage/input_User' (Root cause: java.lang.IllegalArgumentException: Text is null)
	at com.kms.katalon.core.keyword.internal.KeywordMain.stepFailed(KeywordMain.groovy:36)
	at com.kms.katalon.core.webui.keyword.internal.WebUIKeywordMain.stepFailed(WebUIKeywordMain.groovy:65)
	at com.kms.katalon.core.webui.keyword.internal.WebUIKeywordMain.runKeyword(WebUIKeywordMain.groovy:27)
	at com.kms.katalon.core.webui.keyword.builtin.SetTextKeyword.setText(SetTextKeyword.groovy:65)
	at com.kms.katalon.core.webui.keyword.builtin.SetTextKeyword.execute(SetTextKeyword.groovy:37)
	at com.kms.katalon.core.keyword.internal.KeywordExecutor.executeKeywordForPlatform(KeywordExecutor.groovy:53)
	at com.kms.katalon.core.webui.keyword.WebUiBuiltInKeywords.setText(WebUiBuiltInKeywords.groovy:950)
	at com.kms.katalon.core.webui.keyword.WebUiBuiltInKeywords$setText$2.call(Unknown Source)
	at No Admin Login.run(No Admin Login:22)
	at com.kms.katalon.core.main.ScriptEngine.run(ScriptEngine.java:194)
	at com.kms.katalon.core.main.ScriptEngine.runScriptAsRawText(ScriptEngine.java:119)
	at com.kms.katalon.core.main.TestCaseExecutor.runScript(TestCaseExecutor.java:328)
	at com.kms.katalon.core.main.TestCaseExecutor.doExecute(TestCaseExecutor.java:319)
	at com.kms.katalon.core.main.TestCaseExecutor.processExecutionPhase(TestCaseExecutor.java:298)
	at com.kms.katalon.core.main.TestCaseExecutor.accessMainPhase(TestCaseExecutor.java:290)
	at com.kms.katalon.core.main.TestCaseExecutor.execute(TestCaseExecutor.java:224)
	at com.kms.katalon.core.main.TestCaseMain.runTestCase(TestCaseMain.java:106)
	at com.kms.katalon.core.keyword.builtin.CallTestCaseKeyword$_callTestCase_closure1.doCall(CallTestCaseKeyword.groovy:59)
	at com.kms.katalon.core.keyword.builtin.CallTestCaseKeyword$_callTestCase_closure1.call(CallTestCaseKeyword.groovy)
	at com.kms.katalon.core.keyword.internal.KeywordMain.runKeyword(KeywordMain.groovy:54)
	at com.kms.katalon.core.keyword.builtin.CallTestCaseKeyword.callTestCase(CallTestCaseKeyword.groovy:80)
	at com.kms.katalon.core.keyword.builtin.CallTestCaseKeyword.execute(CallTestCaseKeyword.groovy:44)
	at com.kms.katalon.core.keyword.internal.KeywordExecutor.executeKeywordForPlatform(KeywordExecutor.groovy:53)
	at com.kms.katalon.core.keyword.BuiltinKeywords.callTestCase(BuiltinKeywords.groovy:334)
	at User with no admin role can not edit users.run(User with no admin role can not edit users:16)
	at com.kms.katalon.core.main.ScriptEngine.run(ScriptEngine.java:194)
	at com.kms.katalon.core.main.ScriptEngine.runScriptAsRawText(ScriptEngine.java:119)
	at com.kms.katalon.core.main.TestCaseExecutor.runScript(TestCaseExecutor.java:328)
	at com.kms.katalon.core.main.TestCaseExecutor.doExecute(TestCaseExecutor.java:319)
	at com.kms.katalon.core.main.TestCaseExecutor.processExecutionPhase(TestCaseExecutor.java:298)
	at com.kms.katalon.core.main.TestCaseExecutor.accessMainPhase(TestCaseExecutor.java:290)
	at com.kms.katalon.core.main.TestCaseExecutor.execute(TestCaseExecutor.java:224)
	at com.kms.katalon.core.main.TestSuiteExecutor.accessTestCaseMainPhase(TestSuiteExecutor.java:129)
	at com.kms.katalon.core.main.TestSuiteExecutor.accessTestSuiteMainPhase(TestSuiteExecutor.java:112)
	at com.kms.katalon.core.main.TestSuiteExecutor.execute(TestSuiteExecutor.java:81)
	at com.kms.katalon.core.main.TestCaseMain.startTestSuite(TestCaseMain.java:149)
	at com.kms.katalon.core.main.TestCaseMain$startTestSuite$0.call(Unknown Source)
	at TempTestSuite1548262393411.run(TempTestSuite1548262393411.groovy:36)


2019-01-23 11:09:34 - [MESSAGE][FAILED] - Unable to set text 'null' of object 'Object Repository/UI/General/Page_LoginPage/input_User' (Root cause: java.lang.IllegalArgumentException: Text is null)
[[ATTACHMENT|C:\\Users\\David Avalos\\git\\AMPSAutRegression\\Reports\\UI\\user editor\\20190123_105313\\1548263374238.png]]

2019-01-23 11:09:34 - [MESSAGE][FAILED] - setText(findTestObject("UI/General/Page_LoginPage/input_User"), UserNameNoAdmin) FAILED.
Reason:
com.kms.katalon.core.exception.StepFailedException: Unable to set text 'null' of object 'Object Repository/UI/General/Page_LoginPage/input_User' (Root cause: java.lang.IllegalArgumentException: Text is null)
	at com.kms.katalon.core.keyword.internal.KeywordMain.stepFailed(KeywordMain.groovy:36)
	at com.kms.katalon.core.webui.keyword.internal.WebUIKeywordMain.stepFailed(WebUIKeywordMain.groovy:65)
	at com.kms.katalon.core.webui.keyword.internal.WebUIKeywordMain.runKeyword(WebUIKeywordMain.groovy:27)
	at com.kms.katalon.core.webui.keyword.builtin.SetTextKeyword.setText(SetTextKeyword.groovy:65)
	at com.kms.katalon.core.webui.keyword.builtin.SetTextKeyword.execute(SetTextKeyword.groovy:37)
	at com.kms.katalon.core.keyword.internal.KeywordExecutor.executeKeywordForPlatform(KeywordExecutor.groovy:53)
	at com.kms.katalon.core.webui.keyword.WebUiBuiltInKeywords.setText(WebUiBuiltInKeywords.groovy:950)
	at com.kms.katalon.core.webui.keyword.WebUiBuiltInKeywords$setText$2.call(Unknown Source)
	at No Admin Login.run(No Admin Login:22)
	at com.kms.katalon.core.main.ScriptEngine.run(ScriptEngine.java:194)
	at com.kms.katalon.core.main.ScriptEngine.runScriptAsRawText(ScriptEngine.java:119)
	at com.kms.katalon.core.main.TestCaseExecutor.runScript(TestCaseExecutor.java:328)
	at com.kms.katalon.core.main.TestCaseExecutor.doExecute(TestCaseExecutor.java:319)
	at com.kms.katalon.core.main.TestCaseExecutor.processExecutionPhase(TestCaseExecutor.java:298)
	at com.kms.katalon.core.main.TestCaseExecutor.accessMainPhase(TestCaseExecutor.java:290)
	at com.kms.katalon.core.main.TestCaseExecutor.execute(TestCaseExecutor.java:224)
	at com.kms.katalon.core.main.TestCaseMain.runTestCase(TestCaseMain.java:106)
	at com.kms.katalon.core.keyword.builtin.CallTestCaseKeyword$_callTestCase_closure1.doCall(CallTestCaseKeyword.groovy:59)
	at com.kms.katalon.core.keyword.builtin.CallTestCaseKeyword$_callTestCase_closure1.call(CallTestCaseKeyword.groovy)
	at com.kms.katalon.core.keyword.internal.KeywordMain.runKeyword(KeywordMain.groovy:54)
	at com.kms.katalon.core.keyword.builtin.CallTestCaseKeyword.callTestCase(CallTestCaseKeyword.groovy:80)
	at com.kms.katalon.core.keyword.builtin.CallTestCaseKeyword.execute(CallTestCaseKeyword.groovy:44)
	at com.kms.katalon.core.keyword.internal.KeywordExecutor.executeKeywordForPlatform(KeywordExecutor.groovy:53)
	at com.kms.katalon.core.keyword.BuiltinKeywords.callTestCase(BuiltinKeywords.groovy:334)
	at User with no admin role can not edit users.run(User with no admin role can not edit users:16)
	at com.kms.katalon.core.main.ScriptEngine.run(ScriptEngine.java:194)
	at com.kms.katalon.core.main.ScriptEngine.runScriptAsRawText(ScriptEngine.java:119)
	at com.kms.katalon.core.main.TestCaseExecutor.runScript(TestCaseExecutor.java:328)
	at com.kms.katalon.core.main.TestCaseExecutor.doExecute(TestCaseExecutor.java:319)
	at com.kms.katalon.core.main.TestCaseExecutor.processExecutionPhase(TestCaseExecutor.java:298)
	at com.kms.katalon.core.main.TestCaseExecutor.accessMainPhase(TestCaseExecutor.java:290)
	at com.kms.katalon.core.main.TestCaseExecutor.execute(TestCaseExecutor.java:224)
	at com.kms.katalon.core.main.TestSuiteExecutor.accessTestCaseMainPhase(TestSuiteExecutor.java:129)
	at com.kms.katalon.core.main.TestSuiteExecutor.accessTestSuiteMainPhase(TestSuiteExecutor.java:112)
	at com.kms.katalon.core.main.TestSuiteExecutor.execute(TestSuiteExecutor.java:81)
	at com.kms.katalon.core.main.TestCaseMain.startTestSuite(TestCaseMain.java:149)
	at com.kms.katalon.core.main.TestCaseMain$startTestSuite$0.call(Unknown Source)
	at TempTestSuite1548262393411.run(TempTestSuite1548262393411.groovy:36)


2019-01-23 11:09:34 - [MESSAGE][FAILED] - Unable to call Test Case 'Test Cases/UI/General/No Admin Login' (Root cause: com.kms.katalon.core.exception.StepFailedException: Call Test Case 'Test Cases/UI/General/No Admin Login' failed)

2019-01-23 11:09:34 - [MESSAGE][FAILED] - callTestCase(findTestCase("UI/General/No Admin Login"), [:], STOP_ON_FAILURE) FAILED.
Reason:
com.kms.katalon.core.exception.StepFailedException: Unable to set text 'null' of object 'Object Repository/UI/General/Page_LoginPage/input_User' (Root cause: java.lang.IllegalArgumentException: Text is null)
	at com.kms.katalon.core.keyword.internal.KeywordMain.stepFailed(KeywordMain.groovy:36)
	at com.kms.katalon.core.webui.keyword.internal.WebUIKeywordMain.stepFailed(WebUIKeywordMain.groovy:65)
	at com.kms.katalon.core.webui.keyword.internal.WebUIKeywordMain.runKeyword(WebUIKeywordMain.groovy:27)
	at com.kms.katalon.core.webui.keyword.builtin.SetTextKeyword.setText(SetTextKeyword.groovy:65)
	at com.kms.katalon.core.webui.keyword.builtin.SetTextKeyword.execute(SetTextKeyword.groovy:37)
	at com.kms.katalon.core.keyword.internal.KeywordExecutor.executeKeywordForPlatform(KeywordExecutor.groovy:53)
	at com.kms.katalon.core.webui.keyword.WebUiBuiltInKeywords.setText(WebUiBuiltInKeywords.groovy:950)
	at com.kms.katalon.core.webui.keyword.WebUiBuiltInKeywords$setText$2.call(Unknown Source)
	at No Admin Login.run(No Admin Login:22)
	at com.kms.katalon.core.main.ScriptEngine.run(ScriptEngine.java:194)
	at com.kms.katalon.core.main.ScriptEngine.runScriptAsRawText(ScriptEngine.java:119)
	at com.kms.katalon.core.main.TestCaseExecutor.runScript(TestCaseExecutor.java:328)
	at com.kms.katalon.core.main.TestCaseExecutor.doExecute(TestCaseExecutor.java:319)
	at com.kms.katalon.core.main.TestCaseExecutor.processExecutionPhase(TestCaseExecutor.java:298)
	at com.kms.katalon.core.main.TestCaseExecutor.accessMainPhase(TestCaseExecutor.java:290)
	at com.kms.katalon.core.main.TestCaseExecutor.execute(TestCaseExecutor.java:224)
	at com.kms.katalon.core.main.TestCaseMain.runTestCase(TestCaseMain.java:106)
	at com.kms.katalon.core.keyword.builtin.CallTestCaseKeyword$_callTestCase_closure1.doCall(CallTestCaseKeyword.groovy:59)
	at com.kms.katalon.core.keyword.builtin.CallTestCaseKeyword$_callTestCase_closure1.call(CallTestCaseKeyword.groovy)
	at com.kms.katalon.core.keyword.internal.KeywordMain.runKeyword(KeywordMain.groovy:54)
	at com.kms.katalon.core.keyword.builtin.CallTestCaseKeyword.callTestCase(CallTestCaseKeyword.groovy:80)
	at com.kms.katalon.core.keyword.builtin.CallTestCaseKeyword.execute(CallTestCaseKeyword.groovy:44)
	at com.kms.katalon.core.keyword.internal.KeywordExecutor.executeKeywordForPlatform(KeywordExecutor.groovy:53)
	at com.kms.katalon.core.keyword.BuiltinKeywords.callTestCase(BuiltinKeywords.groovy:334)
	at User with no admin role can not edit users.run(User with no admin role can not edit users:16)
	at com.kms.katalon.core.main.ScriptEngine.run(ScriptEngine.java:194)
	at com.kms.katalon.core.main.ScriptEngine.runScriptAsRawText(ScriptEngine.java:119)
	at com.kms.katalon.core.main.TestCaseExecutor.runScript(TestCaseExecutor.java:328)
	at com.kms.katalon.core.main.TestCaseExecutor.doExecute(TestCaseExecutor.java:319)
	at com.kms.katalon.core.main.TestCaseExecutor.processExecutionPhase(TestCaseExecutor.java:298)
	at com.kms.katalon.core.main.TestCaseExecutor.accessMainPhase(TestCaseExecutor.java:290)
	at com.kms.katalon.core.main.TestCaseExecutor.execute(TestCaseExecutor.java:224)
	at com.kms.katalon.core.main.TestSuiteExecutor.accessTestCaseMainPhase(TestSuiteExecutor.java:129)
	at com.kms.katalon.core.main.TestSuiteExecutor.accessTestSuiteMainPhase(TestSuiteExecutor.java:112)
	at com.kms.katalon.core.main.TestSuiteExecutor.execute(TestSuiteExecutor.java:81)
	at com.kms.katalon.core.main.TestCaseMain.startTestSuite(TestCaseMain.java:149)
	at com.kms.katalon.core.main.TestCaseMain$startTestSuite$0.call(Unknown Source)
	at TempTestSuite1548262393411.run(TempTestSuite1548262393411.groovy:36)]]></system-out>
         <system-err><![CDATA[2019-01-23 11:09:29 - [TEST_CASE][FAILED] - Test Cases/UI/Employee/Users Editor/User with no admin role can not edit users: Test Cases/UI/Employee/Users Editor/User with no admin role can not edit users FAILED.
Reason:
com.kms.katalon.core.exception.StepFailedException: Unable to set text 'null' of object 'Object Repository/UI/General/Page_LoginPage/input_User' (Root cause: java.lang.IllegalArgumentException: Text is null)
	at com.kms.katalon.core.keyword.internal.KeywordMain.stepFailed(KeywordMain.groovy:36)
	at com.kms.katalon.core.webui.keyword.internal.WebUIKeywordMain.stepFailed(WebUIKeywordMain.groovy:65)
	at com.kms.katalon.core.webui.keyword.internal.WebUIKeywordMain.runKeyword(WebUIKeywordMain.groovy:27)
	at com.kms.katalon.core.webui.keyword.builtin.SetTextKeyword.setText(SetTextKeyword.groovy:65)
	at com.kms.katalon.core.webui.keyword.builtin.SetTextKeyword.execute(SetTextKeyword.groovy:37)
	at com.kms.katalon.core.keyword.internal.KeywordExecutor.executeKeywordForPlatform(KeywordExecutor.groovy:53)
	at com.kms.katalon.core.webui.keyword.WebUiBuiltInKeywords.setText(WebUiBuiltInKeywords.groovy:950)
	at com.kms.katalon.core.webui.keyword.WebUiBuiltInKeywords$setText$2.call(Unknown Source)
	at No Admin Login.run(No Admin Login:22)
	at com.kms.katalon.core.main.ScriptEngine.run(ScriptEngine.java:194)
	at com.kms.katalon.core.main.ScriptEngine.runScriptAsRawText(ScriptEngine.java:119)
	at com.kms.katalon.core.main.TestCaseExecutor.runScript(TestCaseExecutor.java:328)
	at com.kms.katalon.core.main.TestCaseExecutor.doExecute(TestCaseExecutor.java:319)
	at com.kms.katalon.core.main.TestCaseExecutor.processExecutionPhase(TestCaseExecutor.java:298)
	at com.kms.katalon.core.main.TestCaseExecutor.accessMainPhase(TestCaseExecutor.java:290)
	at com.kms.katalon.core.main.TestCaseExecutor.execute(TestCaseExecutor.java:224)
	at com.kms.katalon.core.main.TestCaseMain.runTestCase(TestCaseMain.java:106)
	at com.kms.katalon.core.keyword.builtin.CallTestCaseKeyword$_callTestCase_closure1.doCall(CallTestCaseKeyword.groovy:59)
	at com.kms.katalon.core.keyword.builtin.CallTestCaseKeyword$_callTestCase_closure1.call(CallTestCaseKeyword.groovy)
	at com.kms.katalon.core.keyword.internal.KeywordMain.runKeyword(KeywordMain.groovy:54)
	at com.kms.katalon.core.keyword.builtin.CallTestCaseKeyword.callTestCase(CallTestCaseKeyword.groovy:80)
	at com.kms.katalon.core.keyword.builtin.CallTestCaseKeyword.execute(CallTestCaseKeyword.groovy:44)
	at com.kms.katalon.core.keyword.internal.KeywordExecutor.executeKeywordForPlatform(KeywordExecutor.groovy:53)
	at com.kms.katalon.core.keyword.BuiltinKeywords.callTestCase(BuiltinKeywords.groovy:334)
	at User with no admin role can not edit users.run(User with no admin role can not edit users:16)
	at com.kms.katalon.core.main.ScriptEngine.run(ScriptEngine.java:194)
	at com.kms.katalon.core.main.ScriptEngine.runScriptAsRawText(ScriptEngine.java:119)
	at com.kms.katalon.core.main.TestCaseExecutor.runScript(TestCaseExecutor.java:328)
	at com.kms.katalon.core.main.TestCaseExecutor.doExecute(TestCaseExecutor.java:319)
	at com.kms.katalon.core.main.TestCaseExecutor.processExecutionPhase(TestCaseExecutor.java:298)
	at com.kms.katalon.core.main.TestCaseExecutor.accessMainPhase(TestCaseExecutor.java:290)
	at com.kms.katalon.core.main.TestCaseExecutor.execute(TestCaseExecutor.java:224)
	at com.kms.katalon.core.main.TestSuiteExecutor.accessTestCaseMainPhase(TestSuiteExecutor.java:129)
	at com.kms.katalon.core.main.TestSuiteExecutor.accessTestSuiteMainPhase(TestSuiteExecutor.java:112)
	at com.kms.katalon.core.main.TestSuiteExecutor.execute(TestSuiteExecutor.java:81)
	at com.kms.katalon.core.main.TestCaseMain.startTestSuite(TestCaseMain.java:149)
	at com.kms.katalon.core.main.TestCaseMain$startTestSuite$0.call(Unknown Source)
	at TempTestSuite1548262393411.run(TempTestSuite1548262393411.groovy:36)]]></system-err>
      </testcase>
      <testcase name="Test Cases/UI/Employee/Users Editor/User with edit role can edit users" classname="Test Cases/UI/Employee/Users Editor/User with edit role can edit users" status="PASSED">
         <system-out><![CDATA[2019-01-23 11:09:34 - [TEST_CASE][PASSED] - Test Cases/UI/Employee/Users Editor/User with edit role can edit users: Test Cases/UI/Employee/Users Editor/User with edit role can edit users

2019-01-23 11:09:34 - [TEST_STEP][PASSED] - callTestCase(findTestCase("UI/General/AdminLogin"), [:], STOP_ON_FAILURE): Call Test Case 'Test Cases/UI/General/AdminLogin' successfully

2019-01-23 11:09:34 - [TEST_CASE][PASSED] - Test Cases/UI/General/AdminLogin: Test Cases/UI/General/AdminLogin

2019-01-23 11:09:34 - [TEST_STEP][PASSED] - openBrowser(""): Browser is opened with url: ''

2019-01-23 11:09:34 - [MESSAGE][WARNING] - A browser is already opened. Closing browser and opening a new one

2019-01-23 11:09:35 - [MESSAGE][INFO] - Starting 'Chrome' driver

2019-01-23 11:09:37 - [MESSAGE][PASSED] - Browser is opened with url: ''

2019-01-23 11:09:37 - [TEST_STEP][PASSED] - maximizeWindow(): Current window maximized

2019-01-23 11:09:38 - [MESSAGE][PASSED] - Current window maximized

2019-01-23 11:09:38 - [TEST_STEP][PASSED] - navigateToUrl(Url): Navigate to 'https://uat.advancedpricing.com/' successfully

2019-01-23 11:09:40 - [MESSAGE][PASSED] - Navigate to 'https://uat.advancedpricing.com/' successfully

2019-01-23 11:09:40 - [TEST_STEP][PASSED] - setText(findTestObject("UI/General/Page_LoginPage/input_User"), UserName): Text 'qaAuto' is set on object 'Object Repository/UI/General/Page_LoginPage/input_User'

2019-01-23 11:09:40 - [MESSAGE][PASSED] - Text 'qaAuto' is set on object 'Object Repository/UI/General/Page_LoginPage/input_User'

2019-01-23 11:09:40 - [TEST_STEP][PASSED] - setText(findTestObject("UI/General/Page_LoginPage/input_Password"), Password): Text 'a9yk100dD' is set on object 'Object Repository/UI/General/Page_LoginPage/input_Password'

2019-01-23 11:09:40 - [MESSAGE][PASSED] - Text 'a9yk100dD' is set on object 'Object Repository/UI/General/Page_LoginPage/input_Password'

2019-01-23 11:09:40 - [TEST_STEP][PASSED] - click(findTestObject("UI/General/Page_LoginPage/button_Login")): Object: 'Object Repository/UI/General/Page_LoginPage/button_Login' is clicked on

2019-01-23 11:09:40 - [MESSAGE][PASSED] - Object: 'Object Repository/UI/General/Page_LoginPage/button_Login' is clicked on

2019-01-23 11:09:40 - [MESSAGE][PASSED] - Call Test Case 'Test Cases/UI/General/AdminLogin' successfully

2019-01-23 11:09:40 - [TEST_STEP][PASSED] - click(findTestObject("UI/Employee/user detail/modify user/Page_AMPS Portal/Page_AMPS Portal/span_Users")): Object: 'Object Repository/UI/Employee/user detail/modify user/Page_AMPS Portal/Page_AMPS Portal/span_Users' is clicked on

2019-01-23 11:09:41 - [MESSAGE][PASSED] - Object: 'Object Repository/UI/Employee/user detail/modify user/Page_AMPS Portal/Page_AMPS Portal/span_Users' is clicked on

2019-01-23 11:09:41 - [TEST_STEP][PASSED] - delay(5): Delayed 5 second(s)

2019-01-23 11:09:46 - [MESSAGE][PASSED] - Delayed 5 second(s)

2019-01-23 11:09:46 - [TEST_STEP][PASSED] - setText(findTestObject("UI/Employee/user detail/modify user/Page_AMPS Portal/Page_AMPS Portal/input_User Code_code"), "testPurpose"): Text 'testPurpose' is set on object 'Object Repository/UI/Employee/user detail/modify user/Page_AMPS Portal/Page_AMPS Portal/input_User Code_code'

2019-01-23 11:09:47 - [MESSAGE][PASSED] - Text 'testPurpose' is set on object 'Object Repository/UI/Employee/user detail/modify user/Page_AMPS Portal/Page_AMPS Portal/input_User Code_code'

2019-01-23 11:09:47 - [TEST_STEP][PASSED] - click(findTestObject("UI/Employee/user detail/modify user/Page_AMPS Portal/Page_AMPS Portal/button_Filter")): Object: 'Object Repository/UI/Employee/user detail/modify user/Page_AMPS Portal/Page_AMPS Portal/button_Filter' is clicked on

2019-01-23 11:09:47 - [MESSAGE][PASSED] - Object: 'Object Repository/UI/Employee/user detail/modify user/Page_AMPS Portal/Page_AMPS Portal/button_Filter' is clicked on

2019-01-23 11:09:47 - [TEST_STEP][PASSED] - delay(5): Delayed 5 second(s)

2019-01-23 11:09:52 - [MESSAGE][PASSED] - Delayed 5 second(s)

2019-01-23 11:09:52 - [TEST_STEP][PASSED] - click(findTestObject("UI/Employee/user detail/modify user/Page_AMPS Portal/Page_AMPS Portal/i_Status_fa fa-pencil")): Object: 'Object Repository/UI/Employee/user detail/modify user/Page_AMPS Portal/Page_AMPS Portal/i_Status_fa fa-pencil' is clicked on

2019-01-23 11:09:52 - [MESSAGE][PASSED] - Object: 'Object Repository/UI/Employee/user detail/modify user/Page_AMPS Portal/Page_AMPS Portal/i_Status_fa fa-pencil' is clicked on

2019-01-23 11:09:52 - [TEST_STEP][PASSED] - delay(5): Delayed 5 second(s)

2019-01-23 11:09:57 - [MESSAGE][PASSED] - Delayed 5 second(s)

2019-01-23 11:09:57 - [TEST_STEP][PASSED] - click(findTestObject("UI/Employee/user detail/modify user/Page_AMPS Portal/Page_AMPS Portal/a_Access")): Object: 'Object Repository/UI/Employee/user detail/modify user/Page_AMPS Portal/Page_AMPS Portal/a_Access' is clicked on

2019-01-23 11:09:57 - [MESSAGE][PASSED] - Object: 'Object Repository/UI/Employee/user detail/modify user/Page_AMPS Portal/Page_AMPS Portal/a_Access' is clicked on

2019-01-23 11:09:57 - [TEST_STEP][PASSED] - click(findTestObject("UI/Employee/user detail/modify user/Page_AMPS Portal/Page_AMPS Portal/span_All Groups")): Object: 'Object Repository/UI/Employee/user detail/modify user/Page_AMPS Portal/Page_AMPS Portal/span_All Groups' is clicked on

2019-01-23 11:09:57 - [MESSAGE][PASSED] - Object: 'Object Repository/UI/Employee/user detail/modify user/Page_AMPS Portal/Page_AMPS Portal/span_All Groups' is clicked on

2019-01-23 11:09:57 - [TEST_STEP][PASSED] - click(findTestObject("UI/Employee/user detail/modify user/Page_AMPS Portal/Page_AMPS Portal/a_")): Object: 'Object Repository/UI/Employee/user detail/modify user/Page_AMPS Portal/Page_AMPS Portal/a_' is clicked on

2019-01-23 11:09:57 - [MESSAGE][PASSED] - Object: 'Object Repository/UI/Employee/user detail/modify user/Page_AMPS Portal/Page_AMPS Portal/a_' is clicked on

2019-01-23 11:09:57 - [TEST_STEP][PASSED] - click(findTestObject("UI/Employee/user detail/modify user/Page_AMPS Portal/Page_AMPS Portal/a_Basics")): Object: 'Object Repository/UI/Employee/user detail/modify user/Page_AMPS Portal/Page_AMPS Portal/a_Basics' is clicked on

2019-01-23 11:09:58 - [MESSAGE][PASSED] - Object: 'Object Repository/UI/Employee/user detail/modify user/Page_AMPS Portal/Page_AMPS Portal/a_Basics' is clicked on

2019-01-23 11:09:58 - [TEST_STEP][PASSED] - delay(5): Delayed 5 second(s)

2019-01-23 11:10:03 - [MESSAGE][PASSED] - Delayed 5 second(s)

2019-01-23 11:10:03 - [TEST_STEP][PASSED] - setText(findTestObject("UI/Employee/user detail/modify user/Page_AMPS Portal/Page_AMPS Portal/input_Mobile_mobile"), "909-564-2554"): Text '909-564-2554' is set on object 'Object Repository/UI/Employee/user detail/modify user/Page_AMPS Portal/Page_AMPS Portal/input_Mobile_mobile'

2019-01-23 11:10:03 - [MESSAGE][PASSED] - Text '909-564-2554' is set on object 'Object Repository/UI/Employee/user detail/modify user/Page_AMPS Portal/Page_AMPS Portal/input_Mobile_mobile'

2019-01-23 11:10:03 - [TEST_STEP][PASSED] - click(findTestObject("UI/Employee/user detail/modify user/Page_AMPS Portal/Page_AMPS Portal/button_Save")): Object: 'Object Repository/UI/Employee/user detail/modify user/Page_AMPS Portal/Page_AMPS Portal/button_Save' is clicked on

2019-01-23 11:10:03 - [MESSAGE][PASSED] - Object: 'Object Repository/UI/Employee/user detail/modify user/Page_AMPS Portal/Page_AMPS Portal/button_Save' is clicked on

2019-01-23 11:10:03 - [TEST_STEP][PASSED] - click(findTestObject("UI/Employee/user detail/modify user/Page_AMPS Portal/Page_AMPS Portal/h2_User Updated")): Object: 'Object Repository/UI/Employee/user detail/modify user/Page_AMPS Portal/Page_AMPS Portal/h2_User Updated' is clicked on

2019-01-23 11:10:06 - [MESSAGE][PASSED] - Object: 'Object Repository/UI/Employee/user detail/modify user/Page_AMPS Portal/Page_AMPS Portal/h2_User Updated' is clicked on

2019-01-23 11:10:06 - [TEST_STEP][PASSED] - verifyTextPresent("User Updated", false): Text 'User Updated' is present on page 

2019-01-23 11:10:07 - [MESSAGE][PASSED] - Text 'User Updated' is present on page 

2019-01-23 11:10:07 - [TEST_STEP][PASSED] - click(findTestObject("UI/Employee/user detail/modify user/Page_AMPS Portal/Page_AMPS Portal/button_OK")): Object: 'Object Repository/UI/Employee/user detail/modify user/Page_AMPS Portal/Page_AMPS Portal/button_OK' is clicked on

2019-01-23 11:10:07 - [MESSAGE][PASSED] - Object: 'Object Repository/UI/Employee/user detail/modify user/Page_AMPS Portal/Page_AMPS Portal/button_OK' is clicked on

2019-01-23 11:10:07 - [TEST_STEP][PASSED] - closeBrowser(): Browser is closed

2019-01-23 11:10:07 - [MESSAGE][PASSED] - Browser is closed]]></system-out>
         <system-err><![CDATA[]]></system-err>
      </testcase>
      <testcase name="Test Cases/UI/Employee/Users Editor/User with edit role can edit admin users" classname="Test Cases/UI/Employee/Users Editor/User with edit role can edit admin users" status="PASSED">
         <system-out><![CDATA[2019-01-23 11:10:07 - [TEST_CASE][PASSED] - Test Cases/UI/Employee/Users Editor/User with edit role can edit admin users: Test Cases/UI/Employee/Users Editor/User with edit role can edit admin users

2019-01-23 11:10:08 - [TEST_STEP][PASSED] - callTestCase(findTestCase("UI/General/AdminLogin"), [:], STOP_ON_FAILURE): Call Test Case 'Test Cases/UI/General/AdminLogin' successfully

2019-01-23 11:10:08 - [TEST_CASE][PASSED] - Test Cases/UI/General/AdminLogin: Test Cases/UI/General/AdminLogin

2019-01-23 11:10:08 - [TEST_STEP][PASSED] - openBrowser(""): Browser is opened with url: ''

2019-01-23 11:10:08 - [MESSAGE][INFO] - Starting 'Chrome' driver

2019-01-23 11:10:10 - [MESSAGE][PASSED] - Browser is opened with url: ''

2019-01-23 11:10:10 - [TEST_STEP][PASSED] - maximizeWindow(): Current window maximized

2019-01-23 11:10:11 - [MESSAGE][PASSED] - Current window maximized

2019-01-23 11:10:11 - [TEST_STEP][PASSED] - navigateToUrl(Url): Navigate to 'https://uat.advancedpricing.com/' successfully

2019-01-23 11:10:13 - [MESSAGE][PASSED] - Navigate to 'https://uat.advancedpricing.com/' successfully

2019-01-23 11:10:13 - [TEST_STEP][PASSED] - setText(findTestObject("UI/General/Page_LoginPage/input_User"), UserName): Text 'qaAuto' is set on object 'Object Repository/UI/General/Page_LoginPage/input_User'

2019-01-23 11:10:13 - [MESSAGE][PASSED] - Text 'qaAuto' is set on object 'Object Repository/UI/General/Page_LoginPage/input_User'

2019-01-23 11:10:13 - [TEST_STEP][PASSED] - setText(findTestObject("UI/General/Page_LoginPage/input_Password"), Password): Text 'a9yk100dD' is set on object 'Object Repository/UI/General/Page_LoginPage/input_Password'

2019-01-23 11:10:13 - [MESSAGE][PASSED] - Text 'a9yk100dD' is set on object 'Object Repository/UI/General/Page_LoginPage/input_Password'

2019-01-23 11:10:13 - [TEST_STEP][PASSED] - click(findTestObject("UI/General/Page_LoginPage/button_Login")): Object: 'Object Repository/UI/General/Page_LoginPage/button_Login' is clicked on

2019-01-23 11:10:13 - [MESSAGE][PASSED] - Object: 'Object Repository/UI/General/Page_LoginPage/button_Login' is clicked on

2019-01-23 11:10:13 - [MESSAGE][PASSED] - Call Test Case 'Test Cases/UI/General/AdminLogin' successfully

2019-01-23 11:10:13 - [TEST_STEP][PASSED] - click(findTestObject("UI/Employee/user detail/modify user/Page_AMPS Portal/Page_AMPS Portal/span_Users")): Object: 'Object Repository/UI/Employee/user detail/modify user/Page_AMPS Portal/Page_AMPS Portal/span_Users' is clicked on

2019-01-23 11:10:14 - [MESSAGE][PASSED] - Object: 'Object Repository/UI/Employee/user detail/modify user/Page_AMPS Portal/Page_AMPS Portal/span_Users' is clicked on

2019-01-23 11:10:14 - [TEST_STEP][PASSED] - delay(5): Delayed 5 second(s)

2019-01-23 11:10:19 - [MESSAGE][PASSED] - Delayed 5 second(s)

2019-01-23 11:10:19 - [TEST_STEP][PASSED] - setText(findTestObject("UI/Employee/user detail/modify user/Page_AMPS Portal/Page_AMPS Portal/input_User Code_code"), "purposeTest"): Text 'purposeTest' is set on object 'Object Repository/UI/Employee/user detail/modify user/Page_AMPS Portal/Page_AMPS Portal/input_User Code_code'

2019-01-23 11:10:19 - [MESSAGE][PASSED] - Text 'purposeTest' is set on object 'Object Repository/UI/Employee/user detail/modify user/Page_AMPS Portal/Page_AMPS Portal/input_User Code_code'

2019-01-23 11:10:19 - [TEST_STEP][PASSED] - click(findTestObject("UI/Employee/user detail/modify user/Page_AMPS Portal/Page_AMPS Portal/button_Filter")): Object: 'Object Repository/UI/Employee/user detail/modify user/Page_AMPS Portal/Page_AMPS Portal/button_Filter' is clicked on

2019-01-23 11:10:19 - [MESSAGE][PASSED] - Object: 'Object Repository/UI/Employee/user detail/modify user/Page_AMPS Portal/Page_AMPS Portal/button_Filter' is clicked on

2019-01-23 11:10:19 - [TEST_STEP][PASSED] - delay(5): Delayed 5 second(s)

2019-01-23 11:10:24 - [MESSAGE][PASSED] - Delayed 5 second(s)

2019-01-23 11:10:24 - [TEST_STEP][PASSED] - click(findTestObject("UI/Employee/user detail/modify user/Page_AMPS Portal/Page_AMPS Portal/i_Status_fa fa-pencil")): Object: 'Object Repository/UI/Employee/user detail/modify user/Page_AMPS Portal/Page_AMPS Portal/i_Status_fa fa-pencil' is clicked on

2019-01-23 11:10:25 - [MESSAGE][PASSED] - Object: 'Object Repository/UI/Employee/user detail/modify user/Page_AMPS Portal/Page_AMPS Portal/i_Status_fa fa-pencil' is clicked on

2019-01-23 11:10:25 - [TEST_STEP][PASSED] - delay(5): Delayed 5 second(s)

2019-01-23 11:10:30 - [MESSAGE][PASSED] - Delayed 5 second(s)

2019-01-23 11:10:30 - [TEST_STEP][PASSED] - click(findTestObject("UI/Employee/user detail/modify user/Page_AMPS Portal/Page_AMPS Portal/a_Access")): Object: 'Object Repository/UI/Employee/user detail/modify user/Page_AMPS Portal/Page_AMPS Portal/a_Access' is clicked on

2019-01-23 11:10:30 - [MESSAGE][PASSED] - Object: 'Object Repository/UI/Employee/user detail/modify user/Page_AMPS Portal/Page_AMPS Portal/a_Access' is clicked on

2019-01-23 11:10:30 - [TEST_STEP][PASSED] - click(findTestObject("UI/Employee/user detail/modify user/Page_AMPS Portal/Page_AMPS Portal/span_All Groups")): Object: 'Object Repository/UI/Employee/user detail/modify user/Page_AMPS Portal/Page_AMPS Portal/span_All Groups' is clicked on

2019-01-23 11:10:30 - [MESSAGE][PASSED] - Object: 'Object Repository/UI/Employee/user detail/modify user/Page_AMPS Portal/Page_AMPS Portal/span_All Groups' is clicked on

2019-01-23 11:10:30 - [TEST_STEP][PASSED] - click(findTestObject("UI/Employee/user detail/modify user/Page_AMPS Portal/Page_AMPS Portal/a_")): Object: 'Object Repository/UI/Employee/user detail/modify user/Page_AMPS Portal/Page_AMPS Portal/a_' is clicked on

2019-01-23 11:10:30 - [MESSAGE][PASSED] - Object: 'Object Repository/UI/Employee/user detail/modify user/Page_AMPS Portal/Page_AMPS Portal/a_' is clicked on

2019-01-23 11:10:30 - [TEST_STEP][PASSED] - click(findTestObject("UI/Employee/user detail/modify user/Page_AMPS Portal/Page_AMPS Portal/a_Basics")): Object: 'Object Repository/UI/Employee/user detail/modify user/Page_AMPS Portal/Page_AMPS Portal/a_Basics' is clicked on

2019-01-23 11:10:30 - [MESSAGE][PASSED] - Object: 'Object Repository/UI/Employee/user detail/modify user/Page_AMPS Portal/Page_AMPS Portal/a_Basics' is clicked on

2019-01-23 11:10:30 - [TEST_STEP][PASSED] - delay(5): Delayed 5 second(s)

2019-01-23 11:10:35 - [MESSAGE][PASSED] - Delayed 5 second(s)

2019-01-23 11:10:35 - [TEST_STEP][PASSED] - setText(findTestObject("UI/Employee/user detail/modify user/Page_AMPS Portal/Page_AMPS Portal/input_Mobile_mobile"), "909-564-2554"): Text '909-564-2554' is set on object 'Object Repository/UI/Employee/user detail/modify user/Page_AMPS Portal/Page_AMPS Portal/input_Mobile_mobile'

2019-01-23 11:10:36 - [MESSAGE][PASSED] - Text '909-564-2554' is set on object 'Object Repository/UI/Employee/user detail/modify user/Page_AMPS Portal/Page_AMPS Portal/input_Mobile_mobile'

2019-01-23 11:10:36 - [TEST_STEP][PASSED] - click(findTestObject("UI/Employee/user detail/modify user/Page_AMPS Portal/Page_AMPS Portal/button_Save")): Object: 'Object Repository/UI/Employee/user detail/modify user/Page_AMPS Portal/Page_AMPS Portal/button_Save' is clicked on

2019-01-23 11:10:36 - [MESSAGE][PASSED] - Object: 'Object Repository/UI/Employee/user detail/modify user/Page_AMPS Portal/Page_AMPS Portal/button_Save' is clicked on

2019-01-23 11:10:36 - [TEST_STEP][PASSED] - click(findTestObject("UI/Employee/user detail/modify user/Page_AMPS Portal/Page_AMPS Portal/h2_User Updated")): Object: 'Object Repository/UI/Employee/user detail/modify user/Page_AMPS Portal/Page_AMPS Portal/h2_User Updated' is clicked on

2019-01-23 11:10:40 - [MESSAGE][PASSED] - Object: 'Object Repository/UI/Employee/user detail/modify user/Page_AMPS Portal/Page_AMPS Portal/h2_User Updated' is clicked on

2019-01-23 11:10:40 - [TEST_STEP][PASSED] - verifyTextPresent("User Updated", false): Text 'User Updated' is present on page 

2019-01-23 11:10:41 - [MESSAGE][PASSED] - Text 'User Updated' is present on page 

2019-01-23 11:10:41 - [TEST_STEP][PASSED] - click(findTestObject("UI/Employee/user detail/modify user/Page_AMPS Portal/Page_AMPS Portal/button_OK")): Object: 'Object Repository/UI/Employee/user detail/modify user/Page_AMPS Portal/Page_AMPS Portal/button_OK' is clicked on

2019-01-23 11:10:41 - [MESSAGE][PASSED] - Object: 'Object Repository/UI/Employee/user detail/modify user/Page_AMPS Portal/Page_AMPS Portal/button_OK' is clicked on

2019-01-23 11:10:41 - [TEST_STEP][PASSED] - closeBrowser(): Browser is closed

2019-01-23 11:10:41 - [MESSAGE][PASSED] - Browser is closed]]></system-out>
         <system-err><![CDATA[]]></system-err>
      </testcase>
      <testcase name="Test Cases/UI/Employee/Users Editor/Create an AMPS user" classname="Test Cases/UI/Employee/Users Editor/Create an AMPS user" status="PASSED">
         <system-out><![CDATA[2019-01-23 11:10:41 - [TEST_CASE][PASSED] - Test Cases/UI/Employee/Users Editor/Create an AMPS user: Test Cases/UI/Employee/Users Editor/Create an AMPS user

2019-01-23 11:10:41 - [TEST_STEP][PASSED] - callTestCase(findTestCase("UI/General/AdminLogin"), [:], STOP_ON_FAILURE): Call Test Case 'Test Cases/UI/General/AdminLogin' successfully

2019-01-23 11:10:41 - [TEST_CASE][PASSED] - Test Cases/UI/General/AdminLogin: Test Cases/UI/General/AdminLogin

2019-01-23 11:10:41 - [TEST_STEP][PASSED] - openBrowser(""): Browser is opened with url: ''

2019-01-23 11:10:41 - [MESSAGE][INFO] - Starting 'Chrome' driver

2019-01-23 11:10:44 - [MESSAGE][PASSED] - Browser is opened with url: ''

2019-01-23 11:10:44 - [TEST_STEP][PASSED] - maximizeWindow(): Current window maximized

2019-01-23 11:10:45 - [MESSAGE][PASSED] - Current window maximized

2019-01-23 11:10:45 - [TEST_STEP][PASSED] - navigateToUrl(Url): Navigate to 'https://uat.advancedpricing.com/' successfully

2019-01-23 11:10:49 - [MESSAGE][PASSED] - Navigate to 'https://uat.advancedpricing.com/' successfully

2019-01-23 11:10:49 - [TEST_STEP][PASSED] - setText(findTestObject("UI/General/Page_LoginPage/input_User"), UserName): Text 'qaAuto' is set on object 'Object Repository/UI/General/Page_LoginPage/input_User'

2019-01-23 11:10:49 - [MESSAGE][PASSED] - Text 'qaAuto' is set on object 'Object Repository/UI/General/Page_LoginPage/input_User'

2019-01-23 11:10:49 - [TEST_STEP][PASSED] - setText(findTestObject("UI/General/Page_LoginPage/input_Password"), Password): Text 'a9yk100dD' is set on object 'Object Repository/UI/General/Page_LoginPage/input_Password'

2019-01-23 11:10:49 - [MESSAGE][PASSED] - Text 'a9yk100dD' is set on object 'Object Repository/UI/General/Page_LoginPage/input_Password'

2019-01-23 11:10:49 - [TEST_STEP][PASSED] - click(findTestObject("UI/General/Page_LoginPage/button_Login")): Object: 'Object Repository/UI/General/Page_LoginPage/button_Login' is clicked on

2019-01-23 11:10:50 - [MESSAGE][PASSED] - Object: 'Object Repository/UI/General/Page_LoginPage/button_Login' is clicked on

2019-01-23 11:10:50 - [MESSAGE][PASSED] - Call Test Case 'Test Cases/UI/General/AdminLogin' successfully

2019-01-23 11:10:50 - [TEST_STEP][PASSED] - click(findTestObject("UI/Employee/user detail/Create new User/Page_AMPS Portal/span_Users")): Object: 'Object Repository/UI/Employee/user detail/Create new User/Page_AMPS Portal/span_Users' is clicked on

2019-01-23 11:10:50 - [MESSAGE][PASSED] - Object: 'Object Repository/UI/Employee/user detail/Create new User/Page_AMPS Portal/span_Users' is clicked on

2019-01-23 11:10:50 - [TEST_STEP][PASSED] - verifyElementClickable(findTestObject("UI/Employee/user detail/Create new User/Page_AMPS Portal/a_Create New User")): Object 'Object Repository/UI/Employee/user detail/Create new User/Page_AMPS Portal/a_Create New User' is clickable

2019-01-23 11:10:51 - [MESSAGE][PASSED] - Object 'Object Repository/UI/Employee/user detail/Create new User/Page_AMPS Portal/a_Create New User' is clickable

2019-01-23 11:10:51 - [TEST_STEP][PASSED] - click(findTestObject("UI/Employee/user detail/Create new User/Page_AMPS Portal/a_Create New User")): Object: 'Object Repository/UI/Employee/user detail/Create new User/Page_AMPS Portal/a_Create New User' is clicked on

2019-01-23 11:10:51 - [MESSAGE][PASSED] - Object: 'Object Repository/UI/Employee/user detail/Create new User/Page_AMPS Portal/a_Create New User' is clicked on

2019-01-23 11:10:51 - [TEST_STEP][PASSED] - delay(5): Delayed 5 second(s)

2019-01-23 11:10:56 - [MESSAGE][PASSED] - Delayed 5 second(s)

2019-01-23 11:10:56 - [TEST_STEP][PASSED] - click(findTestObject("UI/Employee/user detail/Create new User/Page_AMPS Portal/span_customer_Select-arrow")): Object: 'Object Repository/UI/Employee/user detail/Create new User/Page_AMPS Portal/span_customer_Select-arrow' is clicked on

2019-01-23 11:10:56 - [MESSAGE][PASSED] - Object: 'Object Repository/UI/Employee/user detail/Create new User/Page_AMPS Portal/span_customer_Select-arrow' is clicked on

2019-01-23 11:10:56 - [TEST_STEP][PASSED] - click(findTestObject("UI/Employee/user detail/Create new User/Page_AMPS Portal/Selector_account_Type_option3")): Object: 'Object Repository/UI/Employee/user detail/Create new User/Page_AMPS Portal/Selector_account_Type_option3' is clicked on

2019-01-23 11:10:56 - [MESSAGE][PASSED] - Object: 'Object Repository/UI/Employee/user detail/Create new User/Page_AMPS Portal/Selector_account_Type_option3' is clicked on

2019-01-23 11:10:56 - [TEST_STEP][PASSED] - delay(3): Delayed 3 second(s)

2019-01-23 11:10:59 - [MESSAGE][PASSED] - Delayed 3 second(s)

2019-01-23 11:10:59 - [TEST_STEP][PASSED] - click(findTestObject("UI/Employee/user detail/Create new User/Page_AMPS Portal/span_Select..._Select-arrow")): Object: 'Object Repository/UI/Employee/user detail/Create new User/Page_AMPS Portal/span_Select..._Select-arrow' is clicked on

2019-01-23 11:11:00 - [MESSAGE][PASSED] - Object: 'Object Repository/UI/Employee/user detail/Create new User/Page_AMPS Portal/span_Select..._Select-arrow' is clicked on

2019-01-23 11:11:00 - [TEST_STEP][PASSED] - sendKeys(findTestObject("UI/Employee/user detail/Create new User/Page_AMPS Portal/INPUT_dropdown_Role"), "admin"): Keys 'admin' sent to object: 'Object Repository/UI/Employee/user detail/Create new User/Page_AMPS Portal/INPUT_dropdown_Role'

2019-01-23 11:11:00 - [MESSAGE][PASSED] - Keys 'admin' sent to object: 'Object Repository/UI/Employee/user detail/Create new User/Page_AMPS Portal/INPUT_dropdown_Role'

2019-01-23 11:11:00 - [TEST_STEP][PASSED] - click(findTestObject("UI/Employee/user detail/Create new User/Page_AMPS Portal/Selector_Role_Always_Option1")): Object: 'Object Repository/UI/Employee/user detail/Create new User/Page_AMPS Portal/Selector_Role_Always_Option1' is clicked on

2019-01-23 11:11:00 - [MESSAGE][PASSED] - Object: 'Object Repository/UI/Employee/user detail/Create new User/Page_AMPS Portal/Selector_Role_Always_Option1' is clicked on

2019-01-23 11:11:00 - [TEST_STEP][PASSED] - click(findTestObject("UI/Employee/user detail/Create new User/Page_AMPS Portal/div_Select...")): Object: 'Object Repository/UI/Employee/user detail/Create new User/Page_AMPS Portal/div_Select...' is clicked on

2019-01-23 11:11:00 - [MESSAGE][PASSED] - Object: 'Object Repository/UI/Employee/user detail/Create new User/Page_AMPS Portal/div_Select...' is clicked on

2019-01-23 11:11:00 - [TEST_STEP][PASSED] - delay(2): Delayed 2 second(s)

2019-01-23 11:11:02 - [MESSAGE][PASSED] - Delayed 2 second(s)

2019-01-23 11:11:02 - [TEST_STEP][PASSED] - setText(findTestObject("UI/Employee/user detail/Create new User/Page_AMPS Portal/input_User Code_code"), "TestAdmin"): Text 'TestAdmin' is set on object 'Object Repository/UI/Employee/user detail/Create new User/Page_AMPS Portal/input_User Code_code'

2019-01-23 11:11:02 - [MESSAGE][PASSED] - Text 'TestAdmin' is set on object 'Object Repository/UI/Employee/user detail/Create new User/Page_AMPS Portal/input_User Code_code'

2019-01-23 11:11:02 - [TEST_STEP][PASSED] - setText(findTestObject("UI/Employee/user detail/Create new User/Page_AMPS Portal/input_Email_email"), "Howartz@amps.com"): Text 'Howartz@amps.com' is set on object 'Object Repository/UI/Employee/user detail/Create new User/Page_AMPS Portal/input_Email_email'

2019-01-23 11:11:03 - [MESSAGE][PASSED] - Text 'Howartz@amps.com' is set on object 'Object Repository/UI/Employee/user detail/Create new User/Page_AMPS Portal/input_Email_email'

2019-01-23 11:11:03 - [TEST_STEP][PASSED] - setText(findTestObject("UI/Employee/user detail/Create new User/Page_AMPS Portal/input_First Name_firstName"), "Stephen"): Text 'Stephen' is set on object 'Object Repository/UI/Employee/user detail/Create new User/Page_AMPS Portal/input_First Name_firstName'

2019-01-23 11:11:03 - [MESSAGE][PASSED] - Text 'Stephen' is set on object 'Object Repository/UI/Employee/user detail/Create new User/Page_AMPS Portal/input_First Name_firstName'

2019-01-23 11:11:03 - [TEST_STEP][PASSED] - setText(findTestObject("UI/Employee/user detail/Create new User/Page_AMPS Portal/input_Last Name_lastName"), "Howart"): Text 'Howart' is set on object 'Object Repository/UI/Employee/user detail/Create new User/Page_AMPS Portal/input_Last Name_lastName'

2019-01-23 11:11:03 - [MESSAGE][PASSED] - Text 'Howart' is set on object 'Object Repository/UI/Employee/user detail/Create new User/Page_AMPS Portal/input_Last Name_lastName'

2019-01-23 11:11:03 - [TEST_STEP][PASSED] - delay(2): Delayed 2 second(s)

2019-01-23 11:11:05 - [MESSAGE][PASSED] - Delayed 2 second(s)

2019-01-23 11:11:05 - [TEST_STEP][PASSED] - click(findTestObject("UI/Employee/user detail/Create new User/Page_AMPS Portal/a_Access")): Object: 'Object Repository/UI/Employee/user detail/Create new User/Page_AMPS Portal/a_Access' is clicked on

2019-01-23 11:11:05 - [MESSAGE][PASSED] - Object: 'Object Repository/UI/Employee/user detail/Create new User/Page_AMPS Portal/a_Access' is clicked on

2019-01-23 11:11:05 - [TEST_STEP][PASSED] - click(findTestObject("UI/Employee/user detail/Create new User/Page_AMPS Portal/span_All Groups")): Object: 'Object Repository/UI/Employee/user detail/Create new User/Page_AMPS Portal/span_All Groups' is clicked on

2019-01-23 11:11:05 - [MESSAGE][PASSED] - Object: 'Object Repository/UI/Employee/user detail/Create new User/Page_AMPS Portal/span_All Groups' is clicked on

2019-01-23 11:11:05 - [TEST_STEP][PASSED] - click(findTestObject("UI/Employee/user detail/Create new User/Page_AMPS Portal/a_")): Object: 'Object Repository/UI/Employee/user detail/Create new User/Page_AMPS Portal/a_' is clicked on

2019-01-23 11:11:05 - [MESSAGE][PASSED] - Object: 'Object Repository/UI/Employee/user detail/Create new User/Page_AMPS Portal/a_' is clicked on

2019-01-23 11:11:05 - [TEST_STEP][PASSED] - delay(2): Delayed 2 second(s)

2019-01-23 11:11:07 - [MESSAGE][PASSED] - Delayed 2 second(s)

2019-01-23 11:11:07 - [TEST_STEP][PASSED] - click(findTestObject("UI/Employee/user detail/Create new User/Page_AMPS Portal/a_Permissions")): Object: 'Object Repository/UI/Employee/user detail/Create new User/Page_AMPS Portal/a_Permissions' is clicked on

2019-01-23 11:11:08 - [MESSAGE][PASSED] - Object: 'Object Repository/UI/Employee/user detail/Create new User/Page_AMPS Portal/a_Permissions' is clicked on

2019-01-23 11:11:08 - [TEST_STEP][PASSED] - setText(findTestObject("UI/Employee/user detail/Create new User/Page_AMPS Portal/input_All Groups_form-control"), "user"): Text 'user' is set on object 'Object Repository/UI/Employee/user detail/Create new User/Page_AMPS Portal/input_All Groups_form-control'

2019-01-23 11:11:08 - [MESSAGE][PASSED] - Text 'user' is set on object 'Object Repository/UI/Employee/user detail/Create new User/Page_AMPS Portal/input_All Groups_form-control'

2019-01-23 11:11:08 - [TEST_STEP][PASSED] - click(findTestObject("UI/Employee/user detail/Create new User/Page_AMPS Portal/input_Description_permissions5")): Object: 'Object Repository/UI/Employee/user detail/Create new User/Page_AMPS Portal/input_Description_permissions5' is clicked on

2019-01-23 11:11:08 - [MESSAGE][PASSED] - Object: 'Object Repository/UI/Employee/user detail/Create new User/Page_AMPS Portal/input_Description_permissions5' is clicked on

2019-01-23 11:11:08 - [TEST_STEP][PASSED] - delay(2): Delayed 2 second(s)

2019-01-23 11:11:10 - [MESSAGE][PASSED] - Delayed 2 second(s)

2019-01-23 11:11:10 - [TEST_STEP][PASSED] - closeBrowser(): Browser is closed

2019-01-23 11:11:11 - [MESSAGE][PASSED] - Browser is closed]]></system-out>
         <system-err><![CDATA[]]></system-err>
      </testcase>
      <testcase name="Test Cases/UI/Employee/Users Editor/user can disable another user" classname="Test Cases/UI/Employee/Users Editor/user can disable another user" status="FAILED">
         <failure type="FAILED" message="Test Cases/UI/Employee/Users Editor/user can disable another user FAILED.
Reason:
com.kms.katalon.core.exception.StepFailedException: Unable to set text (Root cause: java.lang.IllegalArgumentException: Object is null)
	at com.kms.katalon.core.keyword.internal.KeywordMain.stepFailed(KeywordMain.groovy:36)
	at com.kms.katalon.core.webui.keyword.internal.WebUIKeywordMain.stepFailed(WebUIKeywordMain.groovy:65)
	at com.kms.katalon.core.webui.keyword.internal.WebUIKeywordMain.runKeyword(WebUIKeywordMain.groovy:27)
	at com.kms.katalon.core.webui.keyword.builtin.SetTextKeyword.setText(SetTextKeyword.groovy:65)
	at com.kms.katalon.core.webui.keyword.builtin.SetTextKeyword.execute(SetTextKeyword.groovy:37)
	at com.kms.katalon.core.keyword.internal.KeywordExecutor.executeKeywordForPlatform(KeywordExecutor.groovy:53)
	at com.kms.katalon.core.webui.keyword.WebUiBuiltInKeywords.setText(WebUiBuiltInKeywords.groovy:950)
	at com.kms.katalon.core.webui.keyword.WebUiBuiltInKeywords$setText$2.call(Unknown Source)
	at user can disable another user.run(user can disable another user:22)
	at com.kms.katalon.core.main.ScriptEngine.run(ScriptEngine.java:194)
	at com.kms.katalon.core.main.ScriptEngine.runScriptAsRawText(ScriptEngine.java:119)
	at com.kms.katalon.core.main.TestCaseExecutor.runScript(TestCaseExecutor.java:328)
	at com.kms.katalon.core.main.TestCaseExecutor.doExecute(TestCaseExecutor.java:319)
	at com.kms.katalon.core.main.TestCaseExecutor.processExecutionPhase(TestCaseExecutor.java:298)
	at com.kms.katalon.core.main.TestCaseExecutor.accessMainPhase(TestCaseExecutor.java:290)
	at com.kms.katalon.core.main.TestCaseExecutor.execute(TestCaseExecutor.java:224)
	at com.kms.katalon.core.main.TestSuiteExecutor.accessTestCaseMainPhase(TestSuiteExecutor.java:129)
	at com.kms.katalon.core.main.TestSuiteExecutor.accessTestSuiteMainPhase(TestSuiteExecutor.java:112)
	at com.kms.katalon.core.main.TestSuiteExecutor.execute(TestSuiteExecutor.java:81)
	at com.kms.katalon.core.main.TestCaseMain.startTestSuite(TestCaseMain.java:149)
	at com.kms.katalon.core.main.TestCaseMain$startTestSuite$0.call(Unknown Source)
	at TempTestSuite1548262393411.run(TempTestSuite1548262393411.groovy:36)
"/>
         <system-out><![CDATA[2019-01-23 11:11:11 - [TEST_CASE][FAILED] - Test Cases/UI/Employee/Users Editor/user can disable another user: Test Cases/UI/Employee/Users Editor/user can disable another user FAILED.
Reason:
com.kms.katalon.core.exception.StepFailedException: Unable to set text (Root cause: java.lang.IllegalArgumentException: Object is null)
	at com.kms.katalon.core.keyword.internal.KeywordMain.stepFailed(KeywordMain.groovy:36)
	at com.kms.katalon.core.webui.keyword.internal.WebUIKeywordMain.stepFailed(WebUIKeywordMain.groovy:65)
	at com.kms.katalon.core.webui.keyword.internal.WebUIKeywordMain.runKeyword(WebUIKeywordMain.groovy:27)
	at com.kms.katalon.core.webui.keyword.builtin.SetTextKeyword.setText(SetTextKeyword.groovy:65)
	at com.kms.katalon.core.webui.keyword.builtin.SetTextKeyword.execute(SetTextKeyword.groovy:37)
	at com.kms.katalon.core.keyword.internal.KeywordExecutor.executeKeywordForPlatform(KeywordExecutor.groovy:53)
	at com.kms.katalon.core.webui.keyword.WebUiBuiltInKeywords.setText(WebUiBuiltInKeywords.groovy:950)
	at com.kms.katalon.core.webui.keyword.WebUiBuiltInKeywords$setText$2.call(Unknown Source)
	at user can disable another user.run(user can disable another user:22)
	at com.kms.katalon.core.main.ScriptEngine.run(ScriptEngine.java:194)
	at com.kms.katalon.core.main.ScriptEngine.runScriptAsRawText(ScriptEngine.java:119)
	at com.kms.katalon.core.main.TestCaseExecutor.runScript(TestCaseExecutor.java:328)
	at com.kms.katalon.core.main.TestCaseExecutor.doExecute(TestCaseExecutor.java:319)
	at com.kms.katalon.core.main.TestCaseExecutor.processExecutionPhase(TestCaseExecutor.java:298)
	at com.kms.katalon.core.main.TestCaseExecutor.accessMainPhase(TestCaseExecutor.java:290)
	at com.kms.katalon.core.main.TestCaseExecutor.execute(TestCaseExecutor.java:224)
	at com.kms.katalon.core.main.TestSuiteExecutor.accessTestCaseMainPhase(TestSuiteExecutor.java:129)
	at com.kms.katalon.core.main.TestSuiteExecutor.accessTestSuiteMainPhase(TestSuiteExecutor.java:112)
	at com.kms.katalon.core.main.TestSuiteExecutor.execute(TestSuiteExecutor.java:81)
	at com.kms.katalon.core.main.TestCaseMain.startTestSuite(TestCaseMain.java:149)
	at com.kms.katalon.core.main.TestCaseMain$startTestSuite$0.call(Unknown Source)
	at TempTestSuite1548262393411.run(TempTestSuite1548262393411.groovy:36)


2019-01-23 11:11:11 - [TEST_STEP][PASSED] - callTestCase(findTestCase("UI/General/AdminLogin"), [:], STOP_ON_FAILURE): Call Test Case 'Test Cases/UI/General/AdminLogin' successfully

2019-01-23 11:11:11 - [TEST_CASE][PASSED] - Test Cases/UI/General/AdminLogin: Test Cases/UI/General/AdminLogin

2019-01-23 11:11:11 - [TEST_STEP][PASSED] - openBrowser(""): Browser is opened with url: ''

2019-01-23 11:11:11 - [MESSAGE][INFO] - Starting 'Chrome' driver

2019-01-23 11:11:13 - [MESSAGE][PASSED] - Browser is opened with url: ''

2019-01-23 11:11:13 - [TEST_STEP][PASSED] - maximizeWindow(): Current window maximized

2019-01-23 11:11:14 - [MESSAGE][PASSED] - Current window maximized

2019-01-23 11:11:14 - [TEST_STEP][PASSED] - navigateToUrl(Url): Navigate to 'https://uat.advancedpricing.com/' successfully

2019-01-23 11:11:16 - [MESSAGE][PASSED] - Navigate to 'https://uat.advancedpricing.com/' successfully

2019-01-23 11:11:16 - [TEST_STEP][PASSED] - setText(findTestObject("UI/General/Page_LoginPage/input_User"), UserName): Text 'qaAuto' is set on object 'Object Repository/UI/General/Page_LoginPage/input_User'

2019-01-23 11:11:16 - [MESSAGE][PASSED] - Text 'qaAuto' is set on object 'Object Repository/UI/General/Page_LoginPage/input_User'

2019-01-23 11:11:16 - [TEST_STEP][PASSED] - setText(findTestObject("UI/General/Page_LoginPage/input_Password"), Password): Text 'a9yk100dD' is set on object 'Object Repository/UI/General/Page_LoginPage/input_Password'

2019-01-23 11:11:16 - [MESSAGE][PASSED] - Text 'a9yk100dD' is set on object 'Object Repository/UI/General/Page_LoginPage/input_Password'

2019-01-23 11:11:16 - [TEST_STEP][PASSED] - click(findTestObject("UI/General/Page_LoginPage/button_Login")): Object: 'Object Repository/UI/General/Page_LoginPage/button_Login' is clicked on

2019-01-23 11:11:16 - [MESSAGE][PASSED] - Object: 'Object Repository/UI/General/Page_LoginPage/button_Login' is clicked on

2019-01-23 11:11:16 - [MESSAGE][PASSED] - Call Test Case 'Test Cases/UI/General/AdminLogin' successfully

2019-01-23 11:11:16 - [TEST_STEP][PASSED] - click(findTestObject("UI/Employee/user detail/modify user/Page_AMPS Portal/Page_AMPS Portal/span_Users")): Object: 'Object Repository/UI/Employee/user detail/modify user/Page_AMPS Portal/Page_AMPS Portal/span_Users' is clicked on

2019-01-23 11:11:17 - [MESSAGE][PASSED] - Object: 'Object Repository/UI/Employee/user detail/modify user/Page_AMPS Portal/Page_AMPS Portal/span_Users' is clicked on

2019-01-23 11:11:17 - [TEST_STEP][PASSED] - delay(5): Delayed 5 second(s)

2019-01-23 11:11:22 - [MESSAGE][PASSED] - Delayed 5 second(s)

2019-01-23 11:11:22 - [TEST_STEP][FAILED] - setText(findTestObject("Page_AMPS Portal/input_User Code_code"), "noEditUser"): setText(findTestObject("Page_AMPS Portal/input_User Code_code"), "noEditUser") FAILED.
Reason:
com.kms.katalon.core.exception.StepFailedException: Unable to set text (Root cause: java.lang.IllegalArgumentException: Object is null)
	at com.kms.katalon.core.keyword.internal.KeywordMain.stepFailed(KeywordMain.groovy:36)
	at com.kms.katalon.core.webui.keyword.internal.WebUIKeywordMain.stepFailed(WebUIKeywordMain.groovy:65)
	at com.kms.katalon.core.webui.keyword.internal.WebUIKeywordMain.runKeyword(WebUIKeywordMain.groovy:27)
	at com.kms.katalon.core.webui.keyword.builtin.SetTextKeyword.setText(SetTextKeyword.groovy:65)
	at com.kms.katalon.core.webui.keyword.builtin.SetTextKeyword.execute(SetTextKeyword.groovy:37)
	at com.kms.katalon.core.keyword.internal.KeywordExecutor.executeKeywordForPlatform(KeywordExecutor.groovy:53)
	at com.kms.katalon.core.webui.keyword.WebUiBuiltInKeywords.setText(WebUiBuiltInKeywords.groovy:950)
	at com.kms.katalon.core.webui.keyword.WebUiBuiltInKeywords$setText$2.call(Unknown Source)
	at user can disable another user.run(user can disable another user:22)
	at com.kms.katalon.core.main.ScriptEngine.run(ScriptEngine.java:194)
	at com.kms.katalon.core.main.ScriptEngine.runScriptAsRawText(ScriptEngine.java:119)
	at com.kms.katalon.core.main.TestCaseExecutor.runScript(TestCaseExecutor.java:328)
	at com.kms.katalon.core.main.TestCaseExecutor.doExecute(TestCaseExecutor.java:319)
	at com.kms.katalon.core.main.TestCaseExecutor.processExecutionPhase(TestCaseExecutor.java:298)
	at com.kms.katalon.core.main.TestCaseExecutor.accessMainPhase(TestCaseExecutor.java:290)
	at com.kms.katalon.core.main.TestCaseExecutor.execute(TestCaseExecutor.java:224)
	at com.kms.katalon.core.main.TestSuiteExecutor.accessTestCaseMainPhase(TestSuiteExecutor.java:129)
	at com.kms.katalon.core.main.TestSuiteExecutor.accessTestSuiteMainPhase(TestSuiteExecutor.java:112)
	at com.kms.katalon.core.main.TestSuiteExecutor.execute(TestSuiteExecutor.java:81)
	at com.kms.katalon.core.main.TestCaseMain.startTestSuite(TestCaseMain.java:149)
	at com.kms.katalon.core.main.TestCaseMain$startTestSuite$0.call(Unknown Source)
	at TempTestSuite1548262393411.run(TempTestSuite1548262393411.groovy:36)


2019-01-23 11:11:22 - [MESSAGE][WARNING] - Test object with id 'Object Repository/Page_AMPS Portal/input_User Code_code' does not exist

2019-01-23 11:11:22 - [MESSAGE][WARNING] - Test object with id 'Object Repository/' does not exist

2019-01-23 11:11:23 - [MESSAGE][FAILED] - Unable to set text (Root cause: java.lang.IllegalArgumentException: Object is null)
[[ATTACHMENT|C:\\Users\\David Avalos\\git\\AMPSAutRegression\\Reports\\UI\\user editor\\20190123_105313\\1548263482634.png]]

2019-01-23 11:11:23 - [MESSAGE][FAILED] - setText(findTestObject("Page_AMPS Portal/input_User Code_code"), "noEditUser") FAILED.
Reason:
com.kms.katalon.core.exception.StepFailedException: Unable to set text (Root cause: java.lang.IllegalArgumentException: Object is null)
	at com.kms.katalon.core.keyword.internal.KeywordMain.stepFailed(KeywordMain.groovy:36)
	at com.kms.katalon.core.webui.keyword.internal.WebUIKeywordMain.stepFailed(WebUIKeywordMain.groovy:65)
	at com.kms.katalon.core.webui.keyword.internal.WebUIKeywordMain.runKeyword(WebUIKeywordMain.groovy:27)
	at com.kms.katalon.core.webui.keyword.builtin.SetTextKeyword.setText(SetTextKeyword.groovy:65)
	at com.kms.katalon.core.webui.keyword.builtin.SetTextKeyword.execute(SetTextKeyword.groovy:37)
	at com.kms.katalon.core.keyword.internal.KeywordExecutor.executeKeywordForPlatform(KeywordExecutor.groovy:53)
	at com.kms.katalon.core.webui.keyword.WebUiBuiltInKeywords.setText(WebUiBuiltInKeywords.groovy:950)
	at com.kms.katalon.core.webui.keyword.WebUiBuiltInKeywords$setText$2.call(Unknown Source)
	at user can disable another user.run(user can disable another user:22)
	at com.kms.katalon.core.main.ScriptEngine.run(ScriptEngine.java:194)
	at com.kms.katalon.core.main.ScriptEngine.runScriptAsRawText(ScriptEngine.java:119)
	at com.kms.katalon.core.main.TestCaseExecutor.runScript(TestCaseExecutor.java:328)
	at com.kms.katalon.core.main.TestCaseExecutor.doExecute(TestCaseExecutor.java:319)
	at com.kms.katalon.core.main.TestCaseExecutor.processExecutionPhase(TestCaseExecutor.java:298)
	at com.kms.katalon.core.main.TestCaseExecutor.accessMainPhase(TestCaseExecutor.java:290)
	at com.kms.katalon.core.main.TestCaseExecutor.execute(TestCaseExecutor.java:224)
	at com.kms.katalon.core.main.TestSuiteExecutor.accessTestCaseMainPhase(TestSuiteExecutor.java:129)
	at com.kms.katalon.core.main.TestSuiteExecutor.accessTestSuiteMainPhase(TestSuiteExecutor.java:112)
	at com.kms.katalon.core.main.TestSuiteExecutor.execute(TestSuiteExecutor.java:81)
	at com.kms.katalon.core.main.TestCaseMain.startTestSuite(TestCaseMain.java:149)
	at com.kms.katalon.core.main.TestCaseMain$startTestSuite$0.call(Unknown Source)
	at TempTestSuite1548262393411.run(TempTestSuite1548262393411.groovy:36)]]></system-out>
         <system-err><![CDATA[2019-01-23 11:11:11 - [TEST_CASE][FAILED] - Test Cases/UI/Employee/Users Editor/user can disable another user: Test Cases/UI/Employee/Users Editor/user can disable another user FAILED.
Reason:
com.kms.katalon.core.exception.StepFailedException: Unable to set text (Root cause: java.lang.IllegalArgumentException: Object is null)
	at com.kms.katalon.core.keyword.internal.KeywordMain.stepFailed(KeywordMain.groovy:36)
	at com.kms.katalon.core.webui.keyword.internal.WebUIKeywordMain.stepFailed(WebUIKeywordMain.groovy:65)
	at com.kms.katalon.core.webui.keyword.internal.WebUIKeywordMain.runKeyword(WebUIKeywordMain.groovy:27)
	at com.kms.katalon.core.webui.keyword.builtin.SetTextKeyword.setText(SetTextKeyword.groovy:65)
	at com.kms.katalon.core.webui.keyword.builtin.SetTextKeyword.execute(SetTextKeyword.groovy:37)
	at com.kms.katalon.core.keyword.internal.KeywordExecutor.executeKeywordForPlatform(KeywordExecutor.groovy:53)
	at com.kms.katalon.core.webui.keyword.WebUiBuiltInKeywords.setText(WebUiBuiltInKeywords.groovy:950)
	at com.kms.katalon.core.webui.keyword.WebUiBuiltInKeywords$setText$2.call(Unknown Source)
	at user can disable another user.run(user can disable another user:22)
	at com.kms.katalon.core.main.ScriptEngine.run(ScriptEngine.java:194)
	at com.kms.katalon.core.main.ScriptEngine.runScriptAsRawText(ScriptEngine.java:119)
	at com.kms.katalon.core.main.TestCaseExecutor.runScript(TestCaseExecutor.java:328)
	at com.kms.katalon.core.main.TestCaseExecutor.doExecute(TestCaseExecutor.java:319)
	at com.kms.katalon.core.main.TestCaseExecutor.processExecutionPhase(TestCaseExecutor.java:298)
	at com.kms.katalon.core.main.TestCaseExecutor.accessMainPhase(TestCaseExecutor.java:290)
	at com.kms.katalon.core.main.TestCaseExecutor.execute(TestCaseExecutor.java:224)
	at com.kms.katalon.core.main.TestSuiteExecutor.accessTestCaseMainPhase(TestSuiteExecutor.java:129)
	at com.kms.katalon.core.main.TestSuiteExecutor.accessTestSuiteMainPhase(TestSuiteExecutor.java:112)
	at com.kms.katalon.core.main.TestSuiteExecutor.execute(TestSuiteExecutor.java:81)
	at com.kms.katalon.core.main.TestCaseMain.startTestSuite(TestCaseMain.java:149)
	at com.kms.katalon.core.main.TestCaseMain$startTestSuite$0.call(Unknown Source)
	at TempTestSuite1548262393411.run(TempTestSuite1548262393411.groovy:36)]]></system-err>
      </testcase>
      <testcase name="Test Cases/UI/Employee/Users Editor/user can make active another user" classname="Test Cases/UI/Employee/Users Editor/user can make active another user" status="FAILED">
         <failure type="FAILED" message="Test Cases/UI/Employee/Users Editor/user can make active another user FAILED.
Reason:
com.kms.katalon.core.exception.StepFailedException: Unable to set text (Root cause: java.lang.IllegalArgumentException: Object is null)
	at com.kms.katalon.core.keyword.internal.KeywordMain.stepFailed(KeywordMain.groovy:36)
	at com.kms.katalon.core.webui.keyword.internal.WebUIKeywordMain.stepFailed(WebUIKeywordMain.groovy:65)
	at com.kms.katalon.core.webui.keyword.internal.WebUIKeywordMain.runKeyword(WebUIKeywordMain.groovy:27)
	at com.kms.katalon.core.webui.keyword.builtin.SetTextKeyword.setText(SetTextKeyword.groovy:65)
	at com.kms.katalon.core.webui.keyword.builtin.SetTextKeyword.execute(SetTextKeyword.groovy:37)
	at com.kms.katalon.core.keyword.internal.KeywordExecutor.executeKeywordForPlatform(KeywordExecutor.groovy:53)
	at com.kms.katalon.core.webui.keyword.WebUiBuiltInKeywords.setText(WebUiBuiltInKeywords.groovy:950)
	at com.kms.katalon.core.webui.keyword.WebUiBuiltInKeywords$setText$2.call(Unknown Source)
	at user can make active another user.run(user can make active another user:22)
	at com.kms.katalon.core.main.ScriptEngine.run(ScriptEngine.java:194)
	at com.kms.katalon.core.main.ScriptEngine.runScriptAsRawText(ScriptEngine.java:119)
	at com.kms.katalon.core.main.TestCaseExecutor.runScript(TestCaseExecutor.java:328)
	at com.kms.katalon.core.main.TestCaseExecutor.doExecute(TestCaseExecutor.java:319)
	at com.kms.katalon.core.main.TestCaseExecutor.processExecutionPhase(TestCaseExecutor.java:298)
	at com.kms.katalon.core.main.TestCaseExecutor.accessMainPhase(TestCaseExecutor.java:290)
	at com.kms.katalon.core.main.TestCaseExecutor.execute(TestCaseExecutor.java:224)
	at com.kms.katalon.core.main.TestSuiteExecutor.accessTestCaseMainPhase(TestSuiteExecutor.java:129)
	at com.kms.katalon.core.main.TestSuiteExecutor.accessTestSuiteMainPhase(TestSuiteExecutor.java:112)
	at com.kms.katalon.core.main.TestSuiteExecutor.execute(TestSuiteExecutor.java:81)
	at com.kms.katalon.core.main.TestCaseMain.startTestSuite(TestCaseMain.java:149)
	at com.kms.katalon.core.main.TestCaseMain$startTestSuite$0.call(Unknown Source)
	at TempTestSuite1548262393411.run(TempTestSuite1548262393411.groovy:36)
"/>
         <system-out><![CDATA[2019-01-23 11:11:23 - [TEST_CASE][FAILED] - Test Cases/UI/Employee/Users Editor/user can make active another user: Test Cases/UI/Employee/Users Editor/user can make active another user FAILED.
Reason:
com.kms.katalon.core.exception.StepFailedException: Unable to set text (Root cause: java.lang.IllegalArgumentException: Object is null)
	at com.kms.katalon.core.keyword.internal.KeywordMain.stepFailed(KeywordMain.groovy:36)
	at com.kms.katalon.core.webui.keyword.internal.WebUIKeywordMain.stepFailed(WebUIKeywordMain.groovy:65)
	at com.kms.katalon.core.webui.keyword.internal.WebUIKeywordMain.runKeyword(WebUIKeywordMain.groovy:27)
	at com.kms.katalon.core.webui.keyword.builtin.SetTextKeyword.setText(SetTextKeyword.groovy:65)
	at com.kms.katalon.core.webui.keyword.builtin.SetTextKeyword.execute(SetTextKeyword.groovy:37)
	at com.kms.katalon.core.keyword.internal.KeywordExecutor.executeKeywordForPlatform(KeywordExecutor.groovy:53)
	at com.kms.katalon.core.webui.keyword.WebUiBuiltInKeywords.setText(WebUiBuiltInKeywords.groovy:950)
	at com.kms.katalon.core.webui.keyword.WebUiBuiltInKeywords$setText$2.call(Unknown Source)
	at user can make active another user.run(user can make active another user:22)
	at com.kms.katalon.core.main.ScriptEngine.run(ScriptEngine.java:194)
	at com.kms.katalon.core.main.ScriptEngine.runScriptAsRawText(ScriptEngine.java:119)
	at com.kms.katalon.core.main.TestCaseExecutor.runScript(TestCaseExecutor.java:328)
	at com.kms.katalon.core.main.TestCaseExecutor.doExecute(TestCaseExecutor.java:319)
	at com.kms.katalon.core.main.TestCaseExecutor.processExecutionPhase(TestCaseExecutor.java:298)
	at com.kms.katalon.core.main.TestCaseExecutor.accessMainPhase(TestCaseExecutor.java:290)
	at com.kms.katalon.core.main.TestCaseExecutor.execute(TestCaseExecutor.java:224)
	at com.kms.katalon.core.main.TestSuiteExecutor.accessTestCaseMainPhase(TestSuiteExecutor.java:129)
	at com.kms.katalon.core.main.TestSuiteExecutor.accessTestSuiteMainPhase(TestSuiteExecutor.java:112)
	at com.kms.katalon.core.main.TestSuiteExecutor.execute(TestSuiteExecutor.java:81)
	at com.kms.katalon.core.main.TestCaseMain.startTestSuite(TestCaseMain.java:149)
	at com.kms.katalon.core.main.TestCaseMain$startTestSuite$0.call(Unknown Source)
	at TempTestSuite1548262393411.run(TempTestSuite1548262393411.groovy:36)


2019-01-23 11:11:23 - [TEST_STEP][PASSED] - callTestCase(findTestCase("UI/General/AdminLogin"), [:], STOP_ON_FAILURE): Call Test Case 'Test Cases/UI/General/AdminLogin' successfully

2019-01-23 11:11:23 - [TEST_CASE][PASSED] - Test Cases/UI/General/AdminLogin: Test Cases/UI/General/AdminLogin

2019-01-23 11:11:23 - [TEST_STEP][PASSED] - openBrowser(""): Browser is opened with url: ''

2019-01-23 11:11:23 - [MESSAGE][WARNING] - A browser is already opened. Closing browser and opening a new one

2019-01-23 11:11:23 - [MESSAGE][INFO] - Starting 'Chrome' driver

2019-01-23 11:11:26 - [MESSAGE][PASSED] - Browser is opened with url: ''

2019-01-23 11:11:26 - [TEST_STEP][PASSED] - maximizeWindow(): Current window maximized

2019-01-23 11:11:27 - [MESSAGE][PASSED] - Current window maximized

2019-01-23 11:11:27 - [TEST_STEP][PASSED] - navigateToUrl(Url): Navigate to 'https://uat.advancedpricing.com/' successfully

2019-01-23 11:11:28 - [MESSAGE][PASSED] - Navigate to 'https://uat.advancedpricing.com/' successfully

2019-01-23 11:11:28 - [TEST_STEP][PASSED] - setText(findTestObject("UI/General/Page_LoginPage/input_User"), UserName): Text 'qaAuto' is set on object 'Object Repository/UI/General/Page_LoginPage/input_User'

2019-01-23 11:11:28 - [MESSAGE][PASSED] - Text 'qaAuto' is set on object 'Object Repository/UI/General/Page_LoginPage/input_User'

2019-01-23 11:11:28 - [TEST_STEP][PASSED] - setText(findTestObject("UI/General/Page_LoginPage/input_Password"), Password): Text 'a9yk100dD' is set on object 'Object Repository/UI/General/Page_LoginPage/input_Password'

2019-01-23 11:11:29 - [MESSAGE][PASSED] - Text 'a9yk100dD' is set on object 'Object Repository/UI/General/Page_LoginPage/input_Password'

2019-01-23 11:11:29 - [TEST_STEP][PASSED] - click(findTestObject("UI/General/Page_LoginPage/button_Login")): Object: 'Object Repository/UI/General/Page_LoginPage/button_Login' is clicked on

2019-01-23 11:11:29 - [MESSAGE][PASSED] - Object: 'Object Repository/UI/General/Page_LoginPage/button_Login' is clicked on

2019-01-23 11:11:29 - [MESSAGE][PASSED] - Call Test Case 'Test Cases/UI/General/AdminLogin' successfully

2019-01-23 11:11:29 - [TEST_STEP][PASSED] - click(findTestObject("UI/Employee/user detail/modify user/Page_AMPS Portal/Page_AMPS Portal/span_Users")): Object: 'Object Repository/UI/Employee/user detail/modify user/Page_AMPS Portal/Page_AMPS Portal/span_Users' is clicked on

2019-01-23 11:11:30 - [MESSAGE][PASSED] - Object: 'Object Repository/UI/Employee/user detail/modify user/Page_AMPS Portal/Page_AMPS Portal/span_Users' is clicked on

2019-01-23 11:11:30 - [TEST_STEP][PASSED] - delay(5): Delayed 5 second(s)

2019-01-23 11:11:35 - [MESSAGE][PASSED] - Delayed 5 second(s)

2019-01-23 11:11:35 - [TEST_STEP][FAILED] - setText(findTestObject("Page_AMPS Portal/input_User Code_code"), "noEditUser"): setText(findTestObject("Page_AMPS Portal/input_User Code_code"), "noEditUser") FAILED.
Reason:
com.kms.katalon.core.exception.StepFailedException: Unable to set text (Root cause: java.lang.IllegalArgumentException: Object is null)
	at com.kms.katalon.core.keyword.internal.KeywordMain.stepFailed(KeywordMain.groovy:36)
	at com.kms.katalon.core.webui.keyword.internal.WebUIKeywordMain.stepFailed(WebUIKeywordMain.groovy:65)
	at com.kms.katalon.core.webui.keyword.internal.WebUIKeywordMain.runKeyword(WebUIKeywordMain.groovy:27)
	at com.kms.katalon.core.webui.keyword.builtin.SetTextKeyword.setText(SetTextKeyword.groovy:65)
	at com.kms.katalon.core.webui.keyword.builtin.SetTextKeyword.execute(SetTextKeyword.groovy:37)
	at com.kms.katalon.core.keyword.internal.KeywordExecutor.executeKeywordForPlatform(KeywordExecutor.groovy:53)
	at com.kms.katalon.core.webui.keyword.WebUiBuiltInKeywords.setText(WebUiBuiltInKeywords.groovy:950)
	at com.kms.katalon.core.webui.keyword.WebUiBuiltInKeywords$setText$2.call(Unknown Source)
	at user can make active another user.run(user can make active another user:22)
	at com.kms.katalon.core.main.ScriptEngine.run(ScriptEngine.java:194)
	at com.kms.katalon.core.main.ScriptEngine.runScriptAsRawText(ScriptEngine.java:119)
	at com.kms.katalon.core.main.TestCaseExecutor.runScript(TestCaseExecutor.java:328)
	at com.kms.katalon.core.main.TestCaseExecutor.doExecute(TestCaseExecutor.java:319)
	at com.kms.katalon.core.main.TestCaseExecutor.processExecutionPhase(TestCaseExecutor.java:298)
	at com.kms.katalon.core.main.TestCaseExecutor.accessMainPhase(TestCaseExecutor.java:290)
	at com.kms.katalon.core.main.TestCaseExecutor.execute(TestCaseExecutor.java:224)
	at com.kms.katalon.core.main.TestSuiteExecutor.accessTestCaseMainPhase(TestSuiteExecutor.java:129)
	at com.kms.katalon.core.main.TestSuiteExecutor.accessTestSuiteMainPhase(TestSuiteExecutor.java:112)
	at com.kms.katalon.core.main.TestSuiteExecutor.execute(TestSuiteExecutor.java:81)
	at com.kms.katalon.core.main.TestCaseMain.startTestSuite(TestCaseMain.java:149)
	at com.kms.katalon.core.main.TestCaseMain$startTestSuite$0.call(Unknown Source)
	at TempTestSuite1548262393411.run(TempTestSuite1548262393411.groovy:36)


2019-01-23 11:11:35 - [MESSAGE][WARNING] - Test object with id 'Object Repository/Page_AMPS Portal/input_User Code_code' does not exist

2019-01-23 11:11:35 - [MESSAGE][WARNING] - Test object with id 'Object Repository/' does not exist

2019-01-23 11:11:35 - [MESSAGE][FAILED] - Unable to set text (Root cause: java.lang.IllegalArgumentException: Object is null)
[[ATTACHMENT|C:\\Users\\David Avalos\\git\\AMPSAutRegression\\Reports\\UI\\user editor\\20190123_105313\\1548263495008.png]]

2019-01-23 11:11:35 - [MESSAGE][FAILED] - setText(findTestObject("Page_AMPS Portal/input_User Code_code"), "noEditUser") FAILED.
Reason:
com.kms.katalon.core.exception.StepFailedException: Unable to set text (Root cause: java.lang.IllegalArgumentException: Object is null)
	at com.kms.katalon.core.keyword.internal.KeywordMain.stepFailed(KeywordMain.groovy:36)
	at com.kms.katalon.core.webui.keyword.internal.WebUIKeywordMain.stepFailed(WebUIKeywordMain.groovy:65)
	at com.kms.katalon.core.webui.keyword.internal.WebUIKeywordMain.runKeyword(WebUIKeywordMain.groovy:27)
	at com.kms.katalon.core.webui.keyword.builtin.SetTextKeyword.setText(SetTextKeyword.groovy:65)
	at com.kms.katalon.core.webui.keyword.builtin.SetTextKeyword.execute(SetTextKeyword.groovy:37)
	at com.kms.katalon.core.keyword.internal.KeywordExecutor.executeKeywordForPlatform(KeywordExecutor.groovy:53)
	at com.kms.katalon.core.webui.keyword.WebUiBuiltInKeywords.setText(WebUiBuiltInKeywords.groovy:950)
	at com.kms.katalon.core.webui.keyword.WebUiBuiltInKeywords$setText$2.call(Unknown Source)
	at user can make active another user.run(user can make active another user:22)
	at com.kms.katalon.core.main.ScriptEngine.run(ScriptEngine.java:194)
	at com.kms.katalon.core.main.ScriptEngine.runScriptAsRawText(ScriptEngine.java:119)
	at com.kms.katalon.core.main.TestCaseExecutor.runScript(TestCaseExecutor.java:328)
	at com.kms.katalon.core.main.TestCaseExecutor.doExecute(TestCaseExecutor.java:319)
	at com.kms.katalon.core.main.TestCaseExecutor.processExecutionPhase(TestCaseExecutor.java:298)
	at com.kms.katalon.core.main.TestCaseExecutor.accessMainPhase(TestCaseExecutor.java:290)
	at com.kms.katalon.core.main.TestCaseExecutor.execute(TestCaseExecutor.java:224)
	at com.kms.katalon.core.main.TestSuiteExecutor.accessTestCaseMainPhase(TestSuiteExecutor.java:129)
	at com.kms.katalon.core.main.TestSuiteExecutor.accessTestSuiteMainPhase(TestSuiteExecutor.java:112)
	at com.kms.katalon.core.main.TestSuiteExecutor.execute(TestSuiteExecutor.java:81)
	at com.kms.katalon.core.main.TestCaseMain.startTestSuite(TestCaseMain.java:149)
	at com.kms.katalon.core.main.TestCaseMain$startTestSuite$0.call(Unknown Source)
	at TempTestSuite1548262393411.run(TempTestSuite1548262393411.groovy:36)]]></system-out>
         <system-err><![CDATA[2019-01-23 11:11:23 - [TEST_CASE][FAILED] - Test Cases/UI/Employee/Users Editor/user can make active another user: Test Cases/UI/Employee/Users Editor/user can make active another user FAILED.
Reason:
com.kms.katalon.core.exception.StepFailedException: Unable to set text (Root cause: java.lang.IllegalArgumentException: Object is null)
	at com.kms.katalon.core.keyword.internal.KeywordMain.stepFailed(KeywordMain.groovy:36)
	at com.kms.katalon.core.webui.keyword.internal.WebUIKeywordMain.stepFailed(WebUIKeywordMain.groovy:65)
	at com.kms.katalon.core.webui.keyword.internal.WebUIKeywordMain.runKeyword(WebUIKeywordMain.groovy:27)
	at com.kms.katalon.core.webui.keyword.builtin.SetTextKeyword.setText(SetTextKeyword.groovy:65)
	at com.kms.katalon.core.webui.keyword.builtin.SetTextKeyword.execute(SetTextKeyword.groovy:37)
	at com.kms.katalon.core.keyword.internal.KeywordExecutor.executeKeywordForPlatform(KeywordExecutor.groovy:53)
	at com.kms.katalon.core.webui.keyword.WebUiBuiltInKeywords.setText(WebUiBuiltInKeywords.groovy:950)
	at com.kms.katalon.core.webui.keyword.WebUiBuiltInKeywords$setText$2.call(Unknown Source)
	at user can make active another user.run(user can make active another user:22)
	at com.kms.katalon.core.main.ScriptEngine.run(ScriptEngine.java:194)
	at com.kms.katalon.core.main.ScriptEngine.runScriptAsRawText(ScriptEngine.java:119)
	at com.kms.katalon.core.main.TestCaseExecutor.runScript(TestCaseExecutor.java:328)
	at com.kms.katalon.core.main.TestCaseExecutor.doExecute(TestCaseExecutor.java:319)
	at com.kms.katalon.core.main.TestCaseExecutor.processExecutionPhase(TestCaseExecutor.java:298)
	at com.kms.katalon.core.main.TestCaseExecutor.accessMainPhase(TestCaseExecutor.java:290)
	at com.kms.katalon.core.main.TestCaseExecutor.execute(TestCaseExecutor.java:224)
	at com.kms.katalon.core.main.TestSuiteExecutor.accessTestCaseMainPhase(TestSuiteExecutor.java:129)
	at com.kms.katalon.core.main.TestSuiteExecutor.accessTestSuiteMainPhase(TestSuiteExecutor.java:112)
	at com.kms.katalon.core.main.TestSuiteExecutor.execute(TestSuiteExecutor.java:81)
	at com.kms.katalon.core.main.TestCaseMain.startTestSuite(TestCaseMain.java:149)
	at com.kms.katalon.core.main.TestCaseMain$startTestSuite$0.call(Unknown Source)
	at TempTestSuite1548262393411.run(TempTestSuite1548262393411.groovy:36)]]></system-err>
      </testcase>
      <testcase name="Test Cases/UI/Employee/Users Editor/User can send a Welcome Email" classname="Test Cases/UI/Employee/Users Editor/User can send a Welcome Email" status="FAILED">
         <failure type="FAILED" message="Test Cases/UI/Employee/Users Editor/User can send a Welcome Email FAILED.
Reason:
com.kms.katalon.core.exception.StepFailedException: Unable to verify object 'Object Repository/UI/Employee/user detail/modify user/Page_AMPS Portal/Page_AMPS Portal/h2_eMail Sent' is present (Root cause: com.kms.katalon.core.exception.StepFailedException: com.kms.katalon.core.webui.exception.WebElementNotFoundException: Web element with id: 'Object Repository/UI/Employee/user detail/modify user/Page_AMPS Portal/Page_AMPS Portal/h2_eMail Sent' located by 'By.xpath: (.//*[normalize-space(text()) and normalize-space(.)='!'])[1]/preceding::h2[1]' not found)
	at com.kms.katalon.core.keyword.internal.KeywordMain.stepFailed(KeywordMain.groovy:36)
	at com.kms.katalon.core.webui.keyword.internal.WebUIKeywordMain.stepFailed(WebUIKeywordMain.groovy:65)
	at com.kms.katalon.core.webui.keyword.internal.WebUIKeywordMain.runKeyword(WebUIKeywordMain.groovy:27)
	at com.kms.katalon.core.webui.keyword.builtin.VerifyElementPresentKeyword.verifyElementPresent(VerifyElementPresentKeyword.groovy:92)
	at com.kms.katalon.core.webui.keyword.builtin.VerifyElementPresentKeyword.execute(VerifyElementPresentKeyword.groovy:68)
	at com.kms.katalon.core.keyword.internal.KeywordExecutor.executeKeywordForPlatform(KeywordExecutor.groovy:53)
	at com.kms.katalon.core.webui.keyword.WebUiBuiltInKeywords.verifyElementPresent(WebUiBuiltInKeywords.groovy:1434)
	at com.kms.katalon.core.webui.keyword.WebUiBuiltInKeywords$verifyElementPresent$8.call(Unknown Source)
	at User can send a Welcome Email.run(User can send a Welcome Email:48)
	at com.kms.katalon.core.main.ScriptEngine.run(ScriptEngine.java:194)
	at com.kms.katalon.core.main.ScriptEngine.runScriptAsRawText(ScriptEngine.java:119)
	at com.kms.katalon.core.main.TestCaseExecutor.runScript(TestCaseExecutor.java:328)
	at com.kms.katalon.core.main.TestCaseExecutor.doExecute(TestCaseExecutor.java:319)
	at com.kms.katalon.core.main.TestCaseExecutor.processExecutionPhase(TestCaseExecutor.java:298)
	at com.kms.katalon.core.main.TestCaseExecutor.accessMainPhase(TestCaseExecutor.java:290)
	at com.kms.katalon.core.main.TestCaseExecutor.execute(TestCaseExecutor.java:224)
	at com.kms.katalon.core.main.TestSuiteExecutor.accessTestCaseMainPhase(TestSuiteExecutor.java:129)
	at com.kms.katalon.core.main.TestSuiteExecutor.accessTestSuiteMainPhase(TestSuiteExecutor.java:112)
	at com.kms.katalon.core.main.TestSuiteExecutor.execute(TestSuiteExecutor.java:81)
	at com.kms.katalon.core.main.TestCaseMain.startTestSuite(TestCaseMain.java:149)
	at com.kms.katalon.core.main.TestCaseMain$startTestSuite$0.call(Unknown Source)
	at TempTestSuite1548262393411.run(TempTestSuite1548262393411.groovy:36)
"/>
         <system-out><![CDATA[2019-01-23 11:11:35 - [TEST_CASE][FAILED] - Test Cases/UI/Employee/Users Editor/User can send a Welcome Email: Test Cases/UI/Employee/Users Editor/User can send a Welcome Email FAILED.
Reason:
com.kms.katalon.core.exception.StepFailedException: Unable to verify object 'Object Repository/UI/Employee/user detail/modify user/Page_AMPS Portal/Page_AMPS Portal/h2_eMail Sent' is present (Root cause: com.kms.katalon.core.exception.StepFailedException: com.kms.katalon.core.webui.exception.WebElementNotFoundException: Web element with id: 'Object Repository/UI/Employee/user detail/modify user/Page_AMPS Portal/Page_AMPS Portal/h2_eMail Sent' located by 'By.xpath: (.//*[normalize-space(text()) and normalize-space(.)='!'])[1]/preceding::h2[1]' not found)
	at com.kms.katalon.core.keyword.internal.KeywordMain.stepFailed(KeywordMain.groovy:36)
	at com.kms.katalon.core.webui.keyword.internal.WebUIKeywordMain.stepFailed(WebUIKeywordMain.groovy:65)
	at com.kms.katalon.core.webui.keyword.internal.WebUIKeywordMain.runKeyword(WebUIKeywordMain.groovy:27)
	at com.kms.katalon.core.webui.keyword.builtin.VerifyElementPresentKeyword.verifyElementPresent(VerifyElementPresentKeyword.groovy:92)
	at com.kms.katalon.core.webui.keyword.builtin.VerifyElementPresentKeyword.execute(VerifyElementPresentKeyword.groovy:68)
	at com.kms.katalon.core.keyword.internal.KeywordExecutor.executeKeywordForPlatform(KeywordExecutor.groovy:53)
	at com.kms.katalon.core.webui.keyword.WebUiBuiltInKeywords.verifyElementPresent(WebUiBuiltInKeywords.groovy:1434)
	at com.kms.katalon.core.webui.keyword.WebUiBuiltInKeywords$verifyElementPresent$8.call(Unknown Source)
	at User can send a Welcome Email.run(User can send a Welcome Email:48)
	at com.kms.katalon.core.main.ScriptEngine.run(ScriptEngine.java:194)
	at com.kms.katalon.core.main.ScriptEngine.runScriptAsRawText(ScriptEngine.java:119)
	at com.kms.katalon.core.main.TestCaseExecutor.runScript(TestCaseExecutor.java:328)
	at com.kms.katalon.core.main.TestCaseExecutor.doExecute(TestCaseExecutor.java:319)
	at com.kms.katalon.core.main.TestCaseExecutor.processExecutionPhase(TestCaseExecutor.java:298)
	at com.kms.katalon.core.main.TestCaseExecutor.accessMainPhase(TestCaseExecutor.java:290)
	at com.kms.katalon.core.main.TestCaseExecutor.execute(TestCaseExecutor.java:224)
	at com.kms.katalon.core.main.TestSuiteExecutor.accessTestCaseMainPhase(TestSuiteExecutor.java:129)
	at com.kms.katalon.core.main.TestSuiteExecutor.accessTestSuiteMainPhase(TestSuiteExecutor.java:112)
	at com.kms.katalon.core.main.TestSuiteExecutor.execute(TestSuiteExecutor.java:81)
	at com.kms.katalon.core.main.TestCaseMain.startTestSuite(TestCaseMain.java:149)
	at com.kms.katalon.core.main.TestCaseMain$startTestSuite$0.call(Unknown Source)
	at TempTestSuite1548262393411.run(TempTestSuite1548262393411.groovy:36)


2019-01-23 11:11:35 - [TEST_STEP][PASSED] - callTestCase(findTestCase("UI/General/AdminLogin"), [:], STOP_ON_FAILURE): Call Test Case 'Test Cases/UI/General/AdminLogin' successfully

2019-01-23 11:11:35 - [TEST_CASE][PASSED] - Test Cases/UI/General/AdminLogin: Test Cases/UI/General/AdminLogin

2019-01-23 11:11:35 - [TEST_STEP][PASSED] - openBrowser(""): Browser is opened with url: ''

2019-01-23 11:11:35 - [MESSAGE][WARNING] - A browser is already opened. Closing browser and opening a new one

2019-01-23 11:11:36 - [MESSAGE][INFO] - Starting 'Chrome' driver

2019-01-23 11:11:38 - [MESSAGE][PASSED] - Browser is opened with url: ''

2019-01-23 11:11:38 - [TEST_STEP][PASSED] - maximizeWindow(): Current window maximized

2019-01-23 11:11:39 - [MESSAGE][PASSED] - Current window maximized

2019-01-23 11:11:39 - [TEST_STEP][PASSED] - navigateToUrl(Url): Navigate to 'https://uat.advancedpricing.com/' successfully

2019-01-23 11:11:41 - [MESSAGE][PASSED] - Navigate to 'https://uat.advancedpricing.com/' successfully

2019-01-23 11:11:41 - [TEST_STEP][PASSED] - setText(findTestObject("UI/General/Page_LoginPage/input_User"), UserName): Text 'qaAuto' is set on object 'Object Repository/UI/General/Page_LoginPage/input_User'

2019-01-23 11:11:41 - [MESSAGE][PASSED] - Text 'qaAuto' is set on object 'Object Repository/UI/General/Page_LoginPage/input_User'

2019-01-23 11:11:41 - [TEST_STEP][PASSED] - setText(findTestObject("UI/General/Page_LoginPage/input_Password"), Password): Text 'a9yk100dD' is set on object 'Object Repository/UI/General/Page_LoginPage/input_Password'

2019-01-23 11:11:41 - [MESSAGE][PASSED] - Text 'a9yk100dD' is set on object 'Object Repository/UI/General/Page_LoginPage/input_Password'

2019-01-23 11:11:41 - [TEST_STEP][PASSED] - click(findTestObject("UI/General/Page_LoginPage/button_Login")): Object: 'Object Repository/UI/General/Page_LoginPage/button_Login' is clicked on

2019-01-23 11:11:41 - [MESSAGE][PASSED] - Object: 'Object Repository/UI/General/Page_LoginPage/button_Login' is clicked on

2019-01-23 11:11:41 - [MESSAGE][PASSED] - Call Test Case 'Test Cases/UI/General/AdminLogin' successfully

2019-01-23 11:11:41 - [TEST_STEP][PASSED] - click(findTestObject("UI/Employee/user detail/modify user/Page_AMPS Portal/Page_AMPS Portal/span_Users")): Object: 'Object Repository/UI/Employee/user detail/modify user/Page_AMPS Portal/Page_AMPS Portal/span_Users' is clicked on

2019-01-23 11:11:42 - [MESSAGE][PASSED] - Object: 'Object Repository/UI/Employee/user detail/modify user/Page_AMPS Portal/Page_AMPS Portal/span_Users' is clicked on

2019-01-23 11:11:42 - [TEST_STEP][PASSED] - delay(5): Delayed 5 second(s)

2019-01-23 11:11:47 - [MESSAGE][PASSED] - Delayed 5 second(s)

2019-01-23 11:11:47 - [TEST_STEP][PASSED] - setText(findTestObject("UI/Employee/user detail/modify user/Page_AMPS Portal/Page_AMPS Portal/input_User Code_code"), "purposeTest"): Text 'purposeTest' is set on object 'Object Repository/UI/Employee/user detail/modify user/Page_AMPS Portal/Page_AMPS Portal/input_User Code_code'

2019-01-23 11:11:47 - [MESSAGE][PASSED] - Text 'purposeTest' is set on object 'Object Repository/UI/Employee/user detail/modify user/Page_AMPS Portal/Page_AMPS Portal/input_User Code_code'

2019-01-23 11:11:47 - [TEST_STEP][PASSED] - click(findTestObject("UI/Employee/user detail/modify user/Page_AMPS Portal/Page_AMPS Portal/button_Filter")): Object: 'Object Repository/UI/Employee/user detail/modify user/Page_AMPS Portal/Page_AMPS Portal/button_Filter' is clicked on

2019-01-23 11:11:47 - [MESSAGE][PASSED] - Object: 'Object Repository/UI/Employee/user detail/modify user/Page_AMPS Portal/Page_AMPS Portal/button_Filter' is clicked on

2019-01-23 11:11:47 - [TEST_STEP][PASSED] - delay(5): Delayed 5 second(s)

2019-01-23 11:11:52 - [MESSAGE][PASSED] - Delayed 5 second(s)

2019-01-23 11:11:52 - [TEST_STEP][PASSED] - click(findTestObject("UI/Employee/user detail/modify user/Page_AMPS Portal/Page_AMPS Portal/i_Status_fa fa-pencil")): Object: 'Object Repository/UI/Employee/user detail/modify user/Page_AMPS Portal/Page_AMPS Portal/i_Status_fa fa-pencil' is clicked on

2019-01-23 11:11:53 - [MESSAGE][PASSED] - Object: 'Object Repository/UI/Employee/user detail/modify user/Page_AMPS Portal/Page_AMPS Portal/i_Status_fa fa-pencil' is clicked on

2019-01-23 11:11:53 - [TEST_STEP][PASSED] - delay(5): Delayed 5 second(s)

2019-01-23 11:11:58 - [MESSAGE][PASSED] - Delayed 5 second(s)

2019-01-23 11:11:58 - [TEST_STEP][PASSED] - click(findTestObject("UI/Employee/user detail/modify user/Page_AMPS Portal/Page_AMPS Portal/a_Access")): Object: 'Object Repository/UI/Employee/user detail/modify user/Page_AMPS Portal/Page_AMPS Portal/a_Access' is clicked on

2019-01-23 11:11:58 - [MESSAGE][PASSED] - Object: 'Object Repository/UI/Employee/user detail/modify user/Page_AMPS Portal/Page_AMPS Portal/a_Access' is clicked on

2019-01-23 11:11:58 - [TEST_STEP][PASSED] - click(findTestObject("UI/Employee/user detail/modify user/Page_AMPS Portal/Page_AMPS Portal/span_All Groups")): Object: 'Object Repository/UI/Employee/user detail/modify user/Page_AMPS Portal/Page_AMPS Portal/span_All Groups' is clicked on

2019-01-23 11:11:58 - [MESSAGE][PASSED] - Object: 'Object Repository/UI/Employee/user detail/modify user/Page_AMPS Portal/Page_AMPS Portal/span_All Groups' is clicked on

2019-01-23 11:11:58 - [TEST_STEP][PASSED] - click(findTestObject("UI/Employee/user detail/modify user/Page_AMPS Portal/Page_AMPS Portal/a_")): Object: 'Object Repository/UI/Employee/user detail/modify user/Page_AMPS Portal/Page_AMPS Portal/a_' is clicked on

2019-01-23 11:11:58 - [MESSAGE][PASSED] - Object: 'Object Repository/UI/Employee/user detail/modify user/Page_AMPS Portal/Page_AMPS Portal/a_' is clicked on

2019-01-23 11:11:58 - [TEST_STEP][PASSED] - click(findTestObject("UI/Employee/user detail/modify user/Page_AMPS Portal/Page_AMPS Portal/a_Basics")): Object: 'Object Repository/UI/Employee/user detail/modify user/Page_AMPS Portal/Page_AMPS Portal/a_Basics' is clicked on

2019-01-23 11:11:58 - [MESSAGE][PASSED] - Object: 'Object Repository/UI/Employee/user detail/modify user/Page_AMPS Portal/Page_AMPS Portal/a_Basics' is clicked on

2019-01-23 11:11:58 - [TEST_STEP][PASSED] - delay(5): Delayed 5 second(s)

2019-01-23 11:12:03 - [MESSAGE][PASSED] - Delayed 5 second(s)

2019-01-23 11:12:03 - [TEST_STEP][PASSED] - setText(findTestObject("UI/Employee/user detail/modify user/Page_AMPS Portal/Page_AMPS Portal/input_Mobile_mobile"), "909-564-2554"): Text '909-564-2554' is set on object 'Object Repository/UI/Employee/user detail/modify user/Page_AMPS Portal/Page_AMPS Portal/input_Mobile_mobile'

2019-01-23 11:12:03 - [MESSAGE][PASSED] - Text '909-564-2554' is set on object 'Object Repository/UI/Employee/user detail/modify user/Page_AMPS Portal/Page_AMPS Portal/input_Mobile_mobile'

2019-01-23 11:12:03 - [TEST_STEP][PASSED] - click(findTestObject("UI/Employee/user detail/modify user/Page_AMPS Portal/Page_AMPS Portal/button_Resend Email")): Object: 'Object Repository/UI/Employee/user detail/modify user/Page_AMPS Portal/Page_AMPS Portal/button_Resend Email' is clicked on

2019-01-23 11:12:04 - [MESSAGE][PASSED] - Object: 'Object Repository/UI/Employee/user detail/modify user/Page_AMPS Portal/Page_AMPS Portal/button_Resend Email' is clicked on

2019-01-23 11:12:04 - [TEST_STEP][FAILED] - verifyElementPresent(findTestObject("UI/Employee/user detail/modify user/Page_AMPS Portal/Page_AMPS Portal/h2_eMail Sent"), 3): verifyElementPresent(findTestObject("UI/Employee/user detail/modify user/Page_AMPS Portal/Page_AMPS Portal/h2_eMail Sent"), 3) FAILED.
Reason:
com.kms.katalon.core.exception.StepFailedException: Unable to verify object 'Object Repository/UI/Employee/user detail/modify user/Page_AMPS Portal/Page_AMPS Portal/h2_eMail Sent' is present (Root cause: com.kms.katalon.core.exception.StepFailedException: com.kms.katalon.core.webui.exception.WebElementNotFoundException: Web element with id: 'Object Repository/UI/Employee/user detail/modify user/Page_AMPS Portal/Page_AMPS Portal/h2_eMail Sent' located by 'By.xpath: (.//*[normalize-space(text()) and normalize-space(.)='!'])[1]/preceding::h2[1]' not found)
	at com.kms.katalon.core.keyword.internal.KeywordMain.stepFailed(KeywordMain.groovy:36)
	at com.kms.katalon.core.webui.keyword.internal.WebUIKeywordMain.stepFailed(WebUIKeywordMain.groovy:65)
	at com.kms.katalon.core.webui.keyword.internal.WebUIKeywordMain.runKeyword(WebUIKeywordMain.groovy:27)
	at com.kms.katalon.core.webui.keyword.builtin.VerifyElementPresentKeyword.verifyElementPresent(VerifyElementPresentKeyword.groovy:92)
	at com.kms.katalon.core.webui.keyword.builtin.VerifyElementPresentKeyword.execute(VerifyElementPresentKeyword.groovy:68)
	at com.kms.katalon.core.keyword.internal.KeywordExecutor.executeKeywordForPlatform(KeywordExecutor.groovy:53)
	at com.kms.katalon.core.webui.keyword.WebUiBuiltInKeywords.verifyElementPresent(WebUiBuiltInKeywords.groovy:1434)
	at com.kms.katalon.core.webui.keyword.WebUiBuiltInKeywords$verifyElementPresent$8.call(Unknown Source)
	at User can send a Welcome Email.run(User can send a Welcome Email:48)
	at com.kms.katalon.core.main.ScriptEngine.run(ScriptEngine.java:194)
	at com.kms.katalon.core.main.ScriptEngine.runScriptAsRawText(ScriptEngine.java:119)
	at com.kms.katalon.core.main.TestCaseExecutor.runScript(TestCaseExecutor.java:328)
	at com.kms.katalon.core.main.TestCaseExecutor.doExecute(TestCaseExecutor.java:319)
	at com.kms.katalon.core.main.TestCaseExecutor.processExecutionPhase(TestCaseExecutor.java:298)
	at com.kms.katalon.core.main.TestCaseExecutor.accessMainPhase(TestCaseExecutor.java:290)
	at com.kms.katalon.core.main.TestCaseExecutor.execute(TestCaseExecutor.java:224)
	at com.kms.katalon.core.main.TestSuiteExecutor.accessTestCaseMainPhase(TestSuiteExecutor.java:129)
	at com.kms.katalon.core.main.TestSuiteExecutor.accessTestSuiteMainPhase(TestSuiteExecutor.java:112)
	at com.kms.katalon.core.main.TestSuiteExecutor.execute(TestSuiteExecutor.java:81)
	at com.kms.katalon.core.main.TestCaseMain.startTestSuite(TestCaseMain.java:149)
	at com.kms.katalon.core.main.TestCaseMain$startTestSuite$0.call(Unknown Source)
	at TempTestSuite1548262393411.run(TempTestSuite1548262393411.groovy:36)


2019-01-23 11:12:07 - [MESSAGE][INFO] - Unable to find the element located by 'By.xpath: (.//*[normalize-space(text()) and normalize-space(.)='!'])[1]/preceding::h2[1]'. Please recheck the objects properties to make sure the desired element is located. 

2019-01-23 11:12:07 - [MESSAGE][FAILED] - com.kms.katalon.core.webui.exception.WebElementNotFoundException: Web element with id: 'Object Repository/UI/Employee/user detail/modify user/Page_AMPS Portal/Page_AMPS Portal/h2_eMail Sent' located by 'By.xpath: (.//*[normalize-space(text()) and normalize-space(.)='!'])[1]/preceding::h2[1]' not found
[[ATTACHMENT|C:\\Users\\David Avalos\\git\\AMPSAutRegression\\Reports\\UI\\user editor\\20190123_105313\\1548263527201.png]]

2019-01-23 11:12:07 - [MESSAGE][FAILED] - Unable to verify object 'Object Repository/UI/Employee/user detail/modify user/Page_AMPS Portal/Page_AMPS Portal/h2_eMail Sent' is present (Root cause: com.kms.katalon.core.exception.StepFailedException: com.kms.katalon.core.webui.exception.WebElementNotFoundException: Web element with id: 'Object Repository/UI/Employee/user detail/modify user/Page_AMPS Portal/Page_AMPS Portal/h2_eMail Sent' located by 'By.xpath: (.//*[normalize-space(text()) and normalize-space(.)='!'])[1]/preceding::h2[1]' not found)
[[ATTACHMENT|C:\\Users\\David Avalos\\git\\AMPSAutRegression\\Reports\\UI\\user editor\\20190123_105313\\1548263527584.png]]

2019-01-23 11:12:07 - [MESSAGE][FAILED] - verifyElementPresent(findTestObject("UI/Employee/user detail/modify user/Page_AMPS Portal/Page_AMPS Portal/h2_eMail Sent"), 3) FAILED.
Reason:
com.kms.katalon.core.exception.StepFailedException: Unable to verify object 'Object Repository/UI/Employee/user detail/modify user/Page_AMPS Portal/Page_AMPS Portal/h2_eMail Sent' is present (Root cause: com.kms.katalon.core.exception.StepFailedException: com.kms.katalon.core.webui.exception.WebElementNotFoundException: Web element with id: 'Object Repository/UI/Employee/user detail/modify user/Page_AMPS Portal/Page_AMPS Portal/h2_eMail Sent' located by 'By.xpath: (.//*[normalize-space(text()) and normalize-space(.)='!'])[1]/preceding::h2[1]' not found)
	at com.kms.katalon.core.keyword.internal.KeywordMain.stepFailed(KeywordMain.groovy:36)
	at com.kms.katalon.core.webui.keyword.internal.WebUIKeywordMain.stepFailed(WebUIKeywordMain.groovy:65)
	at com.kms.katalon.core.webui.keyword.internal.WebUIKeywordMain.runKeyword(WebUIKeywordMain.groovy:27)
	at com.kms.katalon.core.webui.keyword.builtin.VerifyElementPresentKeyword.verifyElementPresent(VerifyElementPresentKeyword.groovy:92)
	at com.kms.katalon.core.webui.keyword.builtin.VerifyElementPresentKeyword.execute(VerifyElementPresentKeyword.groovy:68)
	at com.kms.katalon.core.keyword.internal.KeywordExecutor.executeKeywordForPlatform(KeywordExecutor.groovy:53)
	at com.kms.katalon.core.webui.keyword.WebUiBuiltInKeywords.verifyElementPresent(WebUiBuiltInKeywords.groovy:1434)
	at com.kms.katalon.core.webui.keyword.WebUiBuiltInKeywords$verifyElementPresent$8.call(Unknown Source)
	at User can send a Welcome Email.run(User can send a Welcome Email:48)
	at com.kms.katalon.core.main.ScriptEngine.run(ScriptEngine.java:194)
	at com.kms.katalon.core.main.ScriptEngine.runScriptAsRawText(ScriptEngine.java:119)
	at com.kms.katalon.core.main.TestCaseExecutor.runScript(TestCaseExecutor.java:328)
	at com.kms.katalon.core.main.TestCaseExecutor.doExecute(TestCaseExecutor.java:319)
	at com.kms.katalon.core.main.TestCaseExecutor.processExecutionPhase(TestCaseExecutor.java:298)
	at com.kms.katalon.core.main.TestCaseExecutor.accessMainPhase(TestCaseExecutor.java:290)
	at com.kms.katalon.core.main.TestCaseExecutor.execute(TestCaseExecutor.java:224)
	at com.kms.katalon.core.main.TestSuiteExecutor.accessTestCaseMainPhase(TestSuiteExecutor.java:129)
	at com.kms.katalon.core.main.TestSuiteExecutor.accessTestSuiteMainPhase(TestSuiteExecutor.java:112)
	at com.kms.katalon.core.main.TestSuiteExecutor.execute(TestSuiteExecutor.java:81)
	at com.kms.katalon.core.main.TestCaseMain.startTestSuite(TestCaseMain.java:149)
	at com.kms.katalon.core.main.TestCaseMain$startTestSuite$0.call(Unknown Source)
	at TempTestSuite1548262393411.run(TempTestSuite1548262393411.groovy:36)]]></system-out>
         <system-err><![CDATA[2019-01-23 11:11:35 - [TEST_CASE][FAILED] - Test Cases/UI/Employee/Users Editor/User can send a Welcome Email: Test Cases/UI/Employee/Users Editor/User can send a Welcome Email FAILED.
Reason:
com.kms.katalon.core.exception.StepFailedException: Unable to verify object 'Object Repository/UI/Employee/user detail/modify user/Page_AMPS Portal/Page_AMPS Portal/h2_eMail Sent' is present (Root cause: com.kms.katalon.core.exception.StepFailedException: com.kms.katalon.core.webui.exception.WebElementNotFoundException: Web element with id: 'Object Repository/UI/Employee/user detail/modify user/Page_AMPS Portal/Page_AMPS Portal/h2_eMail Sent' located by 'By.xpath: (.//*[normalize-space(text()) and normalize-space(.)='!'])[1]/preceding::h2[1]' not found)
	at com.kms.katalon.core.keyword.internal.KeywordMain.stepFailed(KeywordMain.groovy:36)
	at com.kms.katalon.core.webui.keyword.internal.WebUIKeywordMain.stepFailed(WebUIKeywordMain.groovy:65)
	at com.kms.katalon.core.webui.keyword.internal.WebUIKeywordMain.runKeyword(WebUIKeywordMain.groovy:27)
	at com.kms.katalon.core.webui.keyword.builtin.VerifyElementPresentKeyword.verifyElementPresent(VerifyElementPresentKeyword.groovy:92)
	at com.kms.katalon.core.webui.keyword.builtin.VerifyElementPresentKeyword.execute(VerifyElementPresentKeyword.groovy:68)
	at com.kms.katalon.core.keyword.internal.KeywordExecutor.executeKeywordForPlatform(KeywordExecutor.groovy:53)
	at com.kms.katalon.core.webui.keyword.WebUiBuiltInKeywords.verifyElementPresent(WebUiBuiltInKeywords.groovy:1434)
	at com.kms.katalon.core.webui.keyword.WebUiBuiltInKeywords$verifyElementPresent$8.call(Unknown Source)
	at User can send a Welcome Email.run(User can send a Welcome Email:48)
	at com.kms.katalon.core.main.ScriptEngine.run(ScriptEngine.java:194)
	at com.kms.katalon.core.main.ScriptEngine.runScriptAsRawText(ScriptEngine.java:119)
	at com.kms.katalon.core.main.TestCaseExecutor.runScript(TestCaseExecutor.java:328)
	at com.kms.katalon.core.main.TestCaseExecutor.doExecute(TestCaseExecutor.java:319)
	at com.kms.katalon.core.main.TestCaseExecutor.processExecutionPhase(TestCaseExecutor.java:298)
	at com.kms.katalon.core.main.TestCaseExecutor.accessMainPhase(TestCaseExecutor.java:290)
	at com.kms.katalon.core.main.TestCaseExecutor.execute(TestCaseExecutor.java:224)
	at com.kms.katalon.core.main.TestSuiteExecutor.accessTestCaseMainPhase(TestSuiteExecutor.java:129)
	at com.kms.katalon.core.main.TestSuiteExecutor.accessTestSuiteMainPhase(TestSuiteExecutor.java:112)
	at com.kms.katalon.core.main.TestSuiteExecutor.execute(TestSuiteExecutor.java:81)
	at com.kms.katalon.core.main.TestCaseMain.startTestSuite(TestCaseMain.java:149)
	at com.kms.katalon.core.main.TestCaseMain$startTestSuite$0.call(Unknown Source)
	at TempTestSuite1548262393411.run(TempTestSuite1548262393411.groovy:36)]]></system-err>
      </testcase>
      <system-out><![CDATA[2019-01-23 11:08:48 - [TEST_SUITE][FAILED] - user editor: Test Cases/UI/Employee/Users Editor/User with no admin role can not edit users FAILED.
Reason:
com.kms.katalon.core.exception.StepFailedException: Unable to set text 'null' of object 'Object Repository/UI/General/Page_LoginPage/input_User' (Root cause: java.lang.IllegalArgumentException: Text is null)
	at com.kms.katalon.core.keyword.internal.KeywordMain.stepFailed(KeywordMain.groovy:36)
	at com.kms.katalon.core.webui.keyword.internal.WebUIKeywordMain.stepFailed(WebUIKeywordMain.groovy:65)
	at com.kms.katalon.core.webui.keyword.internal.WebUIKeywordMain.runKeyword(WebUIKeywordMain.groovy:27)
	at com.kms.katalon.core.webui.keyword.builtin.SetTextKeyword.setText(SetTextKeyword.groovy:65)
	at com.kms.katalon.core.webui.keyword.builtin.SetTextKeyword.execute(SetTextKeyword.groovy:37)
	at com.kms.katalon.core.keyword.internal.KeywordExecutor.executeKeywordForPlatform(KeywordExecutor.groovy:53)
	at com.kms.katalon.core.webui.keyword.WebUiBuiltInKeywords.setText(WebUiBuiltInKeywords.groovy:950)
	at com.kms.katalon.core.webui.keyword.WebUiBuiltInKeywords$setText$2.call(Unknown Source)
	at No Admin Login.run(No Admin Login:22)
	at com.kms.katalon.core.main.ScriptEngine.run(ScriptEngine.java:194)
	at com.kms.katalon.core.main.ScriptEngine.runScriptAsRawText(ScriptEngine.java:119)
	at com.kms.katalon.core.main.TestCaseExecutor.runScript(TestCaseExecutor.java:328)
	at com.kms.katalon.core.main.TestCaseExecutor.doExecute(TestCaseExecutor.java:319)
	at com.kms.katalon.core.main.TestCaseExecutor.processExecutionPhase(TestCaseExecutor.java:298)
	at com.kms.katalon.core.main.TestCaseExecutor.accessMainPhase(TestCaseExecutor.java:290)
	at com.kms.katalon.core.main.TestCaseExecutor.execute(TestCaseExecutor.java:224)
	at com.kms.katalon.core.main.TestCaseMain.runTestCase(TestCaseMain.java:106)
	at com.kms.katalon.core.keyword.builtin.CallTestCaseKeyword$_callTestCase_closure1.doCall(CallTestCaseKeyword.groovy:59)
	at com.kms.katalon.core.keyword.builtin.CallTestCaseKeyword$_callTestCase_closure1.call(CallTestCaseKeyword.groovy)
	at com.kms.katalon.core.keyword.internal.KeywordMain.runKeyword(KeywordMain.groovy:54)
	at com.kms.katalon.core.keyword.builtin.CallTestCaseKeyword.callTestCase(CallTestCaseKeyword.groovy:80)
	at com.kms.katalon.core.keyword.builtin.CallTestCaseKeyword.execute(CallTestCaseKeyword.groovy:44)
	at com.kms.katalon.core.keyword.internal.KeywordExecutor.executeKeywordForPlatform(KeywordExecutor.groovy:53)
	at com.kms.katalon.core.keyword.BuiltinKeywords.callTestCase(BuiltinKeywords.groovy:334)
	at User with no admin role can not edit users.run(User with no admin role can not edit users:16)
	at com.kms.katalon.core.main.ScriptEngine.run(ScriptEngine.java:194)
	at com.kms.katalon.core.main.ScriptEngine.runScriptAsRawText(ScriptEngine.java:119)
	at com.kms.katalon.core.main.TestCaseExecutor.runScript(TestCaseExecutor.java:328)
	at com.kms.katalon.core.main.TestCaseExecutor.doExecute(TestCaseExecutor.java:319)
	at com.kms.katalon.core.main.TestCaseExecutor.processExecutionPhase(TestCaseExecutor.java:298)
	at com.kms.katalon.core.main.TestCaseExecutor.accessMainPhase(TestCaseExecutor.java:290)
	at com.kms.katalon.core.main.TestCaseExecutor.execute(TestCaseExecutor.java:224)
	at com.kms.katalon.core.main.TestSuiteExecutor.accessTestCaseMainPhase(TestSuiteExecutor.java:129)
	at com.kms.katalon.core.main.TestSuiteExecutor.accessTestSuiteMainPhase(TestSuiteExecutor.java:112)
	at com.kms.katalon.core.main.TestSuiteExecutor.execute(TestSuiteExecutor.java:81)
	at com.kms.katalon.core.main.TestCaseMain.startTestSuite(TestCaseMain.java:149)
	at com.kms.katalon.core.main.TestCaseMain$startTestSuite$0.call(Unknown Source)
	at TempTestSuite1548262393411.run(TempTestSuite1548262393411.groovy:36)]]></system-out>
      <system-err><![CDATA[2019-01-23 11:08:48 - [TEST_SUITE][FAILED] - user editor: Test Cases/UI/Employee/Users Editor/User with no admin role can not edit users FAILED.
Reason:
com.kms.katalon.core.exception.StepFailedException: Unable to set text 'null' of object 'Object Repository/UI/General/Page_LoginPage/input_User' (Root cause: java.lang.IllegalArgumentException: Text is null)
	at com.kms.katalon.core.keyword.internal.KeywordMain.stepFailed(KeywordMain.groovy:36)
	at com.kms.katalon.core.webui.keyword.internal.WebUIKeywordMain.stepFailed(WebUIKeywordMain.groovy:65)
	at com.kms.katalon.core.webui.keyword.internal.WebUIKeywordMain.runKeyword(WebUIKeywordMain.groovy:27)
	at com.kms.katalon.core.webui.keyword.builtin.SetTextKeyword.setText(SetTextKeyword.groovy:65)
	at com.kms.katalon.core.webui.keyword.builtin.SetTextKeyword.execute(SetTextKeyword.groovy:37)
	at com.kms.katalon.core.keyword.internal.KeywordExecutor.executeKeywordForPlatform(KeywordExecutor.groovy:53)
	at com.kms.katalon.core.webui.keyword.WebUiBuiltInKeywords.setText(WebUiBuiltInKeywords.groovy:950)
	at com.kms.katalon.core.webui.keyword.WebUiBuiltInKeywords$setText$2.call(Unknown Source)
	at No Admin Login.run(No Admin Login:22)
	at com.kms.katalon.core.main.ScriptEngine.run(ScriptEngine.java:194)
	at com.kms.katalon.core.main.ScriptEngine.runScriptAsRawText(ScriptEngine.java:119)
	at com.kms.katalon.core.main.TestCaseExecutor.runScript(TestCaseExecutor.java:328)
	at com.kms.katalon.core.main.TestCaseExecutor.doExecute(TestCaseExecutor.java:319)
	at com.kms.katalon.core.main.TestCaseExecutor.processExecutionPhase(TestCaseExecutor.java:298)
	at com.kms.katalon.core.main.TestCaseExecutor.accessMainPhase(TestCaseExecutor.java:290)
	at com.kms.katalon.core.main.TestCaseExecutor.execute(TestCaseExecutor.java:224)
	at com.kms.katalon.core.main.TestCaseMain.runTestCase(TestCaseMain.java:106)
	at com.kms.katalon.core.keyword.builtin.CallTestCaseKeyword$_callTestCase_closure1.doCall(CallTestCaseKeyword.groovy:59)
	at com.kms.katalon.core.keyword.builtin.CallTestCaseKeyword$_callTestCase_closure1.call(CallTestCaseKeyword.groovy)
	at com.kms.katalon.core.keyword.internal.KeywordMain.runKeyword(KeywordMain.groovy:54)
	at com.kms.katalon.core.keyword.builtin.CallTestCaseKeyword.callTestCase(CallTestCaseKeyword.groovy:80)
	at com.kms.katalon.core.keyword.builtin.CallTestCaseKeyword.execute(CallTestCaseKeyword.groovy:44)
	at com.kms.katalon.core.keyword.internal.KeywordExecutor.executeKeywordForPlatform(KeywordExecutor.groovy:53)
	at com.kms.katalon.core.keyword.BuiltinKeywords.callTestCase(BuiltinKeywords.groovy:334)
	at User with no admin role can not edit users.run(User with no admin role can not edit users:16)
	at com.kms.katalon.core.main.ScriptEngine.run(ScriptEngine.java:194)
	at com.kms.katalon.core.main.ScriptEngine.runScriptAsRawText(ScriptEngine.java:119)
	at com.kms.katalon.core.main.TestCaseExecutor.runScript(TestCaseExecutor.java:328)
	at com.kms.katalon.core.main.TestCaseExecutor.doExecute(TestCaseExecutor.java:319)
	at com.kms.katalon.core.main.TestCaseExecutor.processExecutionPhase(TestCaseExecutor.java:298)
	at com.kms.katalon.core.main.TestCaseExecutor.accessMainPhase(TestCaseExecutor.java:290)
	at com.kms.katalon.core.main.TestCaseExecutor.execute(TestCaseExecutor.java:224)
	at com.kms.katalon.core.main.TestSuiteExecutor.accessTestCaseMainPhase(TestSuiteExecutor.java:129)
	at com.kms.katalon.core.main.TestSuiteExecutor.accessTestSuiteMainPhase(TestSuiteExecutor.java:112)
	at com.kms.katalon.core.main.TestSuiteExecutor.execute(TestSuiteExecutor.java:81)
	at com.kms.katalon.core.main.TestCaseMain.startTestSuite(TestCaseMain.java:149)
	at com.kms.katalon.core.main.TestCaseMain$startTestSuite$0.call(Unknown Source)
	at TempTestSuite1548262393411.run(TempTestSuite1548262393411.groovy:36)]]></system-err>
   </testsuite>
</testsuites>
