<?xml version="1.0" encoding="UTF-8"?>
<testsuites name="Performance Monitor" time="53" tests="1" failures="1" errors="0">
   <testsuite name="Performance Monitor" tests="1" failures="1" errors="0" time="53" timestamp="2019-01-21 17:52:20" hostname="juan padilla - 172.20.13.17" id="Test Suites/Performance Monitor">
      <properties>
         <property name="deviceName" value=""/>
         <property name="devicePlatform" value=""/>
         <property name="logFolder" value="/Users/juan padilla/git/AMPSAutRegression/Reports/Performance Monitor/20190121_175219"/>
         <property name="logFiles" value="/Users/juan padilla/git/AMPSAutRegression/Reports/Performance Monitor/20190121_175219/execution0.log"/>
         <property name="attachments" value="/Users/juan padilla/git/AMPSAutRegression/Reports/Performance Monitor/20190121_175219/1548114793591.png"/>
         <property name="hostName" value="juan padilla - 172.20.13.17"/>
         <property name="os" value="Mac OS X 64bit"/>
         <property name="katalonVersion" value="5.10.1.1"/>
         <property name="browser" value="Chrome 71.0.3578.98"/>
         <property name="hostAddress" value="172.20.13.17"/>
         <property name="sessionId" value="75b9285a245e6d3a896fe3a1501801f0"/>
         <property name="seleniumVersion" value="3.7.1"/>
         <property name="proxyInformation" value="ProxyInformation{proxyOption=NO_PROXY, proxyServerType=HTTP, password=, proxyServerAddress=, proxyServerPort=0}"/>
         <property name="platform" value="Mac OS X"/>
      </properties>
      <testcase name="Test Cases/UI/Performance Monitor/General Display" classname="Test Cases/UI/Performance Monitor/General Display" status="PASSED">
         <system-out><![CDATA[2019-01-21 17:52:21 - [TEST_CASE][PASSED] - Test Cases/UI/Performance Monitor/General Display: Test Cases/UI/Performance Monitor/General Display

2019-01-21 17:52:21 - [TEST_STEP][PASSED] - actualText = findTestObject("Object Repository/UI/Performance Monitor/Objects Performance Monitor/Page_AMPS Portal/span_Performance Monitor"): null

2019-01-21 17:52:21 - [TEST_STEP][PASSED] - callTestCase(findTestCase("UI/General/AdminLogin"), [:], STOP_ON_FAILURE): Call Test Case 'Test Cases/UI/General/AdminLogin' successfully

2019-01-21 17:52:21 - [TEST_CASE][PASSED] - Test Cases/UI/General/AdminLogin: Test Cases/UI/General/AdminLogin

2019-01-21 17:52:21 - [TEST_STEP][PASSED] - openBrowser(""): Browser is opened with url: ''

2019-01-21 17:52:22 - [MESSAGE][INFO] - Starting 'Chrome' driver

2019-01-21 17:52:22 - [MESSAGE][INFO] - Action delay is set to 0 seconds

2019-01-21 17:52:24 - [MESSAGE][PASSED] - Browser is opened with url: ''

2019-01-21 17:52:24 - [TEST_STEP][PASSED] - maximizeWindow(): Current window maximized

2019-01-21 17:52:24 - [MESSAGE][PASSED] - Current window maximized

2019-01-21 17:52:24 - [TEST_STEP][PASSED] - navigateToUrl(Url): Navigate to 'https://uat.advancedpricing.com/' successfully

2019-01-21 17:52:26 - [MESSAGE][PASSED] - Navigate to 'https://uat.advancedpricing.com/' successfully

2019-01-21 17:52:26 - [TEST_STEP][PASSED] - setText(findTestObject("UI/General/Page_LoginPage/input_User"), UserName): Text 'qaAuto' is set on object 'Object Repository/UI/General/Page_LoginPage/input_User'

2019-01-21 17:52:26 - [MESSAGE][PASSED] - Text 'qaAuto' is set on object 'Object Repository/UI/General/Page_LoginPage/input_User'

2019-01-21 17:52:26 - [TEST_STEP][PASSED] - setText(findTestObject("UI/General/Page_LoginPage/input_Password"), Password): Text 'a9yk100dD' is set on object 'Object Repository/UI/General/Page_LoginPage/input_Password'

2019-01-21 17:52:26 - [MESSAGE][PASSED] - Text 'a9yk100dD' is set on object 'Object Repository/UI/General/Page_LoginPage/input_Password'

2019-01-21 17:52:26 - [TEST_STEP][PASSED] - click(findTestObject("UI/General/Page_LoginPage/button_Login")): Object: 'Object Repository/UI/General/Page_LoginPage/button_Login' is clicked on

2019-01-21 17:52:26 - [MESSAGE][PASSED] - Object: 'Object Repository/UI/General/Page_LoginPage/button_Login' is clicked on

2019-01-21 17:52:26 - [MESSAGE][PASSED] - Call Test Case 'Test Cases/UI/General/AdminLogin' successfully

2019-01-21 17:52:26 - [TEST_STEP][PASSED] - click(findTestObject("Object Repository/UI/Performance Monitor/Objects Performance Monitor/Page_AMPS Portal/span_Performance Monitor")): Object: 'Object Repository/UI/Performance Monitor/Objects Performance Monitor/Page_AMPS Portal/span_Performance Monitor' is clicked on

2019-01-21 17:52:27 - [MESSAGE][PASSED] - Object: 'Object Repository/UI/Performance Monitor/Objects Performance Monitor/Page_AMPS Portal/span_Performance Monitor' is clicked on

2019-01-21 17:52:27 - [TEST_STEP][PASSED] - delay(5): Delayed 5 second(s)

2019-01-21 17:52:32 - [MESSAGE][PASSED] - Delayed 5 second(s)

2019-01-21 17:52:32 - [TEST_STEP][PASSED] - verifyElementPresent(actualText, 0): Object 'Object Repository/UI/Performance Monitor/Objects Performance Monitor/Page_AMPS Portal/span_Performance Monitor' is present

2019-01-21 17:52:32 - [MESSAGE][WARNING] - Timeout '0' is invalid. Using default page load timeout: '30'

2019-01-21 17:52:32 - [MESSAGE][PASSED] - Object 'Object Repository/UI/Performance Monitor/Objects Performance Monitor/Page_AMPS Portal/span_Performance Monitor' is present

2019-01-21 17:52:32 - [TEST_STEP][PASSED] - closeBrowser(): Browser is closed

2019-01-21 17:52:32 - [MESSAGE][PASSED] - Browser is closed]]></system-out>
         <system-err><![CDATA[]]></system-err>
      </testcase>
      <testcase name="Test Cases/UI/Performance Monitor/Verify there is a change on the graphic" classname="Test Cases/UI/Performance Monitor/Verify there is a change on the graphic" status="FAILED">
         <failure type="FAILED" message="Test Cases/UI/Performance Monitor/Verify there is a change on the graphic FAILED.
Reason:
com.kms.katalon.core.exception.StepFailedException: Unable to click on object 'Object Repository/UI/Performance Monitor/Objects Performance Monitor/Page_AMPS Portal/button_Last 3 Months' (Root cause: com.kms.katalon.core.webui.exception.WebElementNotFoundException: Web element with id: 'Object Repository/UI/Performance Monitor/Objects Performance Monitor/Page_AMPS Portal/button_Last 3 Months' located by 'By.xpath: //div[@id='content']/div/div/div/div[3]/div[2]/div/div/div/div/div[2]/div/button[3]' not found)
	at com.kms.katalon.core.keyword.internal.KeywordMain.stepFailed(KeywordMain.groovy:36)
	at com.kms.katalon.core.webui.keyword.internal.WebUIKeywordMain.stepFailed(WebUIKeywordMain.groovy:65)
	at com.kms.katalon.core.webui.keyword.internal.WebUIKeywordMain.runKeyword(WebUIKeywordMain.groovy:27)
	at com.kms.katalon.core.webui.keyword.builtin.ClickKeyword.click(ClickKeyword.groovy:86)
	at com.kms.katalon.core.webui.keyword.builtin.ClickKeyword.execute(ClickKeyword.groovy:67)
	at com.kms.katalon.core.keyword.internal.KeywordExecutor.executeKeywordForPlatform(KeywordExecutor.groovy:53)
	at com.kms.katalon.core.webui.keyword.WebUiBuiltInKeywords.click(WebUiBuiltInKeywords.groovy:616)
	at com.kms.katalon.core.webui.keyword.WebUiBuiltInKeywords$click$3.call(Unknown Source)
	at Verify there is a change on the graphic.run(Verify there is a change on the graphic:25)
	at com.kms.katalon.core.main.ScriptEngine.run(ScriptEngine.java:194)
	at com.kms.katalon.core.main.ScriptEngine.runScriptAsRawText(ScriptEngine.java:119)
	at com.kms.katalon.core.main.TestCaseExecutor.runScript(TestCaseExecutor.java:328)
	at com.kms.katalon.core.main.TestCaseExecutor.doExecute(TestCaseExecutor.java:319)
	at com.kms.katalon.core.main.TestCaseExecutor.processExecutionPhase(TestCaseExecutor.java:298)
	at com.kms.katalon.core.main.TestCaseExecutor.accessMainPhase(TestCaseExecutor.java:290)
	at com.kms.katalon.core.main.TestCaseExecutor.execute(TestCaseExecutor.java:224)
	at com.kms.katalon.core.main.TestSuiteExecutor.accessTestCaseMainPhase(TestSuiteExecutor.java:129)
	at com.kms.katalon.core.main.TestSuiteExecutor.accessTestSuiteMainPhase(TestSuiteExecutor.java:112)
	at com.kms.katalon.core.main.TestSuiteExecutor.execute(TestSuiteExecutor.java:81)
	at com.kms.katalon.core.main.TestCaseMain.startTestSuite(TestCaseMain.java:149)
	at com.kms.katalon.core.main.TestCaseMain$startTestSuite$0.call(Unknown Source)
	at TempTestSuite1548114739108.run(TempTestSuite1548114739108.groovy:36)
"/>
         <system-out><![CDATA[2019-01-21 17:52:32 - [TEST_CASE][FAILED] - Test Cases/UI/Performance Monitor/Verify there is a change on the graphic: Test Cases/UI/Performance Monitor/Verify there is a change on the graphic FAILED.
Reason:
com.kms.katalon.core.exception.StepFailedException: Unable to click on object 'Object Repository/UI/Performance Monitor/Objects Performance Monitor/Page_AMPS Portal/button_Last 3 Months' (Root cause: com.kms.katalon.core.webui.exception.WebElementNotFoundException: Web element with id: 'Object Repository/UI/Performance Monitor/Objects Performance Monitor/Page_AMPS Portal/button_Last 3 Months' located by 'By.xpath: //div[@id='content']/div/div/div/div[3]/div[2]/div/div/div/div/div[2]/div/button[3]' not found)
	at com.kms.katalon.core.keyword.internal.KeywordMain.stepFailed(KeywordMain.groovy:36)
	at com.kms.katalon.core.webui.keyword.internal.WebUIKeywordMain.stepFailed(WebUIKeywordMain.groovy:65)
	at com.kms.katalon.core.webui.keyword.internal.WebUIKeywordMain.runKeyword(WebUIKeywordMain.groovy:27)
	at com.kms.katalon.core.webui.keyword.builtin.ClickKeyword.click(ClickKeyword.groovy:86)
	at com.kms.katalon.core.webui.keyword.builtin.ClickKeyword.execute(ClickKeyword.groovy:67)
	at com.kms.katalon.core.keyword.internal.KeywordExecutor.executeKeywordForPlatform(KeywordExecutor.groovy:53)
	at com.kms.katalon.core.webui.keyword.WebUiBuiltInKeywords.click(WebUiBuiltInKeywords.groovy:616)
	at com.kms.katalon.core.webui.keyword.WebUiBuiltInKeywords$click$3.call(Unknown Source)
	at Verify there is a change on the graphic.run(Verify there is a change on the graphic:25)
	at com.kms.katalon.core.main.ScriptEngine.run(ScriptEngine.java:194)
	at com.kms.katalon.core.main.ScriptEngine.runScriptAsRawText(ScriptEngine.java:119)
	at com.kms.katalon.core.main.TestCaseExecutor.runScript(TestCaseExecutor.java:328)
	at com.kms.katalon.core.main.TestCaseExecutor.doExecute(TestCaseExecutor.java:319)
	at com.kms.katalon.core.main.TestCaseExecutor.processExecutionPhase(TestCaseExecutor.java:298)
	at com.kms.katalon.core.main.TestCaseExecutor.accessMainPhase(TestCaseExecutor.java:290)
	at com.kms.katalon.core.main.TestCaseExecutor.execute(TestCaseExecutor.java:224)
	at com.kms.katalon.core.main.TestSuiteExecutor.accessTestCaseMainPhase(TestSuiteExecutor.java:129)
	at com.kms.katalon.core.main.TestSuiteExecutor.accessTestSuiteMainPhase(TestSuiteExecutor.java:112)
	at com.kms.katalon.core.main.TestSuiteExecutor.execute(TestSuiteExecutor.java:81)
	at com.kms.katalon.core.main.TestCaseMain.startTestSuite(TestCaseMain.java:149)
	at com.kms.katalon.core.main.TestCaseMain$startTestSuite$0.call(Unknown Source)
	at TempTestSuite1548114739108.run(TempTestSuite1548114739108.groovy:36)


2019-01-21 17:52:33 - [TEST_STEP][PASSED] - actualSavings = findTestObject("Object Repository/UI/Performance Monitor/Objects Performance Monitor/Page_AMPS Portal/div_979268824"): null

2019-01-21 17:52:33 - [TEST_STEP][PASSED] - last3MonthsSavings = findTestObject("Object Repository/UI/Performance Monitor/Objects Performance Monitor/Page_AMPS Portal/div_67758396"): null

2019-01-21 17:52:33 - [TEST_STEP][PASSED] - callTestCase(findTestCase("UI/General/AdminLogin"), [:], STOP_ON_FAILURE): Call Test Case 'Test Cases/UI/General/AdminLogin' successfully

2019-01-21 17:52:33 - [TEST_CASE][PASSED] - Test Cases/UI/General/AdminLogin: Test Cases/UI/General/AdminLogin

2019-01-21 17:52:33 - [TEST_STEP][PASSED] - openBrowser(""): Browser is opened with url: ''

2019-01-21 17:52:33 - [MESSAGE][INFO] - Starting 'Chrome' driver

2019-01-21 17:52:34 - [MESSAGE][PASSED] - Browser is opened with url: ''

2019-01-21 17:52:34 - [TEST_STEP][PASSED] - maximizeWindow(): Current window maximized

2019-01-21 17:52:34 - [MESSAGE][PASSED] - Current window maximized

2019-01-21 17:52:34 - [TEST_STEP][PASSED] - navigateToUrl(Url): Navigate to 'https://uat.advancedpricing.com/' successfully

2019-01-21 17:52:36 - [MESSAGE][PASSED] - Navigate to 'https://uat.advancedpricing.com/' successfully

2019-01-21 17:52:36 - [TEST_STEP][PASSED] - setText(findTestObject("UI/General/Page_LoginPage/input_User"), UserName): Text 'qaAuto' is set on object 'Object Repository/UI/General/Page_LoginPage/input_User'

2019-01-21 17:52:36 - [MESSAGE][PASSED] - Text 'qaAuto' is set on object 'Object Repository/UI/General/Page_LoginPage/input_User'

2019-01-21 17:52:36 - [TEST_STEP][PASSED] - setText(findTestObject("UI/General/Page_LoginPage/input_Password"), Password): Text 'a9yk100dD' is set on object 'Object Repository/UI/General/Page_LoginPage/input_Password'

2019-01-21 17:52:36 - [MESSAGE][PASSED] - Text 'a9yk100dD' is set on object 'Object Repository/UI/General/Page_LoginPage/input_Password'

2019-01-21 17:52:36 - [TEST_STEP][PASSED] - click(findTestObject("UI/General/Page_LoginPage/button_Login")): Object: 'Object Repository/UI/General/Page_LoginPage/button_Login' is clicked on

2019-01-21 17:52:36 - [MESSAGE][PASSED] - Object: 'Object Repository/UI/General/Page_LoginPage/button_Login' is clicked on

2019-01-21 17:52:36 - [MESSAGE][PASSED] - Call Test Case 'Test Cases/UI/General/AdminLogin' successfully

2019-01-21 17:52:36 - [TEST_STEP][PASSED] - click(findTestObject("Object Repository/UI/Performance Monitor/Objects Performance Monitor/Page_AMPS Portal/span_Performance Monitor")): Object: 'Object Repository/UI/Performance Monitor/Objects Performance Monitor/Page_AMPS Portal/span_Performance Monitor' is clicked on

2019-01-21 17:52:37 - [MESSAGE][PASSED] - Object: 'Object Repository/UI/Performance Monitor/Objects Performance Monitor/Page_AMPS Portal/span_Performance Monitor' is clicked on

2019-01-21 17:52:37 - [TEST_STEP][PASSED] - delay(5): Delayed 5 second(s)

2019-01-21 17:52:42 - [MESSAGE][PASSED] - Delayed 5 second(s)

2019-01-21 17:52:42 - [TEST_STEP][FAILED] - click(findTestObject("Object Repository/UI/Performance Monitor/Objects Performance Monitor/Page_AMPS Portal/button_Last 3 Months")): click(findTestObject("Object Repository/UI/Performance Monitor/Objects Performance Monitor/Page_AMPS Portal/button_Last 3 Months")) FAILED.
Reason:
com.kms.katalon.core.exception.StepFailedException: Unable to click on object 'Object Repository/UI/Performance Monitor/Objects Performance Monitor/Page_AMPS Portal/button_Last 3 Months' (Root cause: com.kms.katalon.core.webui.exception.WebElementNotFoundException: Web element with id: 'Object Repository/UI/Performance Monitor/Objects Performance Monitor/Page_AMPS Portal/button_Last 3 Months' located by 'By.xpath: //div[@id='content']/div/div/div/div[3]/div[2]/div/div/div/div/div[2]/div/button[3]' not found)
	at com.kms.katalon.core.keyword.internal.KeywordMain.stepFailed(KeywordMain.groovy:36)
	at com.kms.katalon.core.webui.keyword.internal.WebUIKeywordMain.stepFailed(WebUIKeywordMain.groovy:65)
	at com.kms.katalon.core.webui.keyword.internal.WebUIKeywordMain.runKeyword(WebUIKeywordMain.groovy:27)
	at com.kms.katalon.core.webui.keyword.builtin.ClickKeyword.click(ClickKeyword.groovy:86)
	at com.kms.katalon.core.webui.keyword.builtin.ClickKeyword.execute(ClickKeyword.groovy:67)
	at com.kms.katalon.core.keyword.internal.KeywordExecutor.executeKeywordForPlatform(KeywordExecutor.groovy:53)
	at com.kms.katalon.core.webui.keyword.WebUiBuiltInKeywords.click(WebUiBuiltInKeywords.groovy:616)
	at com.kms.katalon.core.webui.keyword.WebUiBuiltInKeywords$click$3.call(Unknown Source)
	at Verify there is a change on the graphic.run(Verify there is a change on the graphic:25)
	at com.kms.katalon.core.main.ScriptEngine.run(ScriptEngine.java:194)
	at com.kms.katalon.core.main.ScriptEngine.runScriptAsRawText(ScriptEngine.java:119)
	at com.kms.katalon.core.main.TestCaseExecutor.runScript(TestCaseExecutor.java:328)
	at com.kms.katalon.core.main.TestCaseExecutor.doExecute(TestCaseExecutor.java:319)
	at com.kms.katalon.core.main.TestCaseExecutor.processExecutionPhase(TestCaseExecutor.java:298)
	at com.kms.katalon.core.main.TestCaseExecutor.accessMainPhase(TestCaseExecutor.java:290)
	at com.kms.katalon.core.main.TestCaseExecutor.execute(TestCaseExecutor.java:224)
	at com.kms.katalon.core.main.TestSuiteExecutor.accessTestCaseMainPhase(TestSuiteExecutor.java:129)
	at com.kms.katalon.core.main.TestSuiteExecutor.accessTestSuiteMainPhase(TestSuiteExecutor.java:112)
	at com.kms.katalon.core.main.TestSuiteExecutor.execute(TestSuiteExecutor.java:81)
	at com.kms.katalon.core.main.TestCaseMain.startTestSuite(TestCaseMain.java:149)
	at com.kms.katalon.core.main.TestCaseMain$startTestSuite$0.call(Unknown Source)
	at TempTestSuite1548114739108.run(TempTestSuite1548114739108.groovy:36)


2019-01-21 17:53:13 - [MESSAGE][INFO] - Unable to find the element located by 'By.xpath: //div[@id='content']/div/div/div/div[3]/div[2]/div/div/div/div/div[2]/div/button[3]'. Please recheck the objects properties to make sure the desired element is located. 

2019-01-21 17:53:14 - [MESSAGE][FAILED] - Unable to click on object 'Object Repository/UI/Performance Monitor/Objects Performance Monitor/Page_AMPS Portal/button_Last 3 Months' (Root cause: com.kms.katalon.core.webui.exception.WebElementNotFoundException: Web element with id: 'Object Repository/UI/Performance Monitor/Objects Performance Monitor/Page_AMPS Portal/button_Last 3 Months' located by 'By.xpath: //div[@id='content']/div/div/div/div[3]/div[2]/div/div/div/div/div[2]/div/button[3]' not found)
[[ATTACHMENT|/Users/juan padilla/git/AMPSAutRegression/Reports/Performance Monitor/20190121_175219/1548114793591.png]]

2019-01-21 17:53:14 - [MESSAGE][FAILED] - click(findTestObject("Object Repository/UI/Performance Monitor/Objects Performance Monitor/Page_AMPS Portal/button_Last 3 Months")) FAILED.
Reason:
com.kms.katalon.core.exception.StepFailedException: Unable to click on object 'Object Repository/UI/Performance Monitor/Objects Performance Monitor/Page_AMPS Portal/button_Last 3 Months' (Root cause: com.kms.katalon.core.webui.exception.WebElementNotFoundException: Web element with id: 'Object Repository/UI/Performance Monitor/Objects Performance Monitor/Page_AMPS Portal/button_Last 3 Months' located by 'By.xpath: //div[@id='content']/div/div/div/div[3]/div[2]/div/div/div/div/div[2]/div/button[3]' not found)
	at com.kms.katalon.core.keyword.internal.KeywordMain.stepFailed(KeywordMain.groovy:36)
	at com.kms.katalon.core.webui.keyword.internal.WebUIKeywordMain.stepFailed(WebUIKeywordMain.groovy:65)
	at com.kms.katalon.core.webui.keyword.internal.WebUIKeywordMain.runKeyword(WebUIKeywordMain.groovy:27)
	at com.kms.katalon.core.webui.keyword.builtin.ClickKeyword.click(ClickKeyword.groovy:86)
	at com.kms.katalon.core.webui.keyword.builtin.ClickKeyword.execute(ClickKeyword.groovy:67)
	at com.kms.katalon.core.keyword.internal.KeywordExecutor.executeKeywordForPlatform(KeywordExecutor.groovy:53)
	at com.kms.katalon.core.webui.keyword.WebUiBuiltInKeywords.click(WebUiBuiltInKeywords.groovy:616)
	at com.kms.katalon.core.webui.keyword.WebUiBuiltInKeywords$click$3.call(Unknown Source)
	at Verify there is a change on the graphic.run(Verify there is a change on the graphic:25)
	at com.kms.katalon.core.main.ScriptEngine.run(ScriptEngine.java:194)
	at com.kms.katalon.core.main.ScriptEngine.runScriptAsRawText(ScriptEngine.java:119)
	at com.kms.katalon.core.main.TestCaseExecutor.runScript(TestCaseExecutor.java:328)
	at com.kms.katalon.core.main.TestCaseExecutor.doExecute(TestCaseExecutor.java:319)
	at com.kms.katalon.core.main.TestCaseExecutor.processExecutionPhase(TestCaseExecutor.java:298)
	at com.kms.katalon.core.main.TestCaseExecutor.accessMainPhase(TestCaseExecutor.java:290)
	at com.kms.katalon.core.main.TestCaseExecutor.execute(TestCaseExecutor.java:224)
	at com.kms.katalon.core.main.TestSuiteExecutor.accessTestCaseMainPhase(TestSuiteExecutor.java:129)
	at com.kms.katalon.core.main.TestSuiteExecutor.accessTestSuiteMainPhase(TestSuiteExecutor.java:112)
	at com.kms.katalon.core.main.TestSuiteExecutor.execute(TestSuiteExecutor.java:81)
	at com.kms.katalon.core.main.TestCaseMain.startTestSuite(TestCaseMain.java:149)
	at com.kms.katalon.core.main.TestCaseMain$startTestSuite$0.call(Unknown Source)
	at TempTestSuite1548114739108.run(TempTestSuite1548114739108.groovy:36)]]></system-out>
         <system-err><![CDATA[2019-01-21 17:52:32 - [TEST_CASE][FAILED] - Test Cases/UI/Performance Monitor/Verify there is a change on the graphic: Test Cases/UI/Performance Monitor/Verify there is a change on the graphic FAILED.
Reason:
com.kms.katalon.core.exception.StepFailedException: Unable to click on object 'Object Repository/UI/Performance Monitor/Objects Performance Monitor/Page_AMPS Portal/button_Last 3 Months' (Root cause: com.kms.katalon.core.webui.exception.WebElementNotFoundException: Web element with id: 'Object Repository/UI/Performance Monitor/Objects Performance Monitor/Page_AMPS Portal/button_Last 3 Months' located by 'By.xpath: //div[@id='content']/div/div/div/div[3]/div[2]/div/div/div/div/div[2]/div/button[3]' not found)
	at com.kms.katalon.core.keyword.internal.KeywordMain.stepFailed(KeywordMain.groovy:36)
	at com.kms.katalon.core.webui.keyword.internal.WebUIKeywordMain.stepFailed(WebUIKeywordMain.groovy:65)
	at com.kms.katalon.core.webui.keyword.internal.WebUIKeywordMain.runKeyword(WebUIKeywordMain.groovy:27)
	at com.kms.katalon.core.webui.keyword.builtin.ClickKeyword.click(ClickKeyword.groovy:86)
	at com.kms.katalon.core.webui.keyword.builtin.ClickKeyword.execute(ClickKeyword.groovy:67)
	at com.kms.katalon.core.keyword.internal.KeywordExecutor.executeKeywordForPlatform(KeywordExecutor.groovy:53)
	at com.kms.katalon.core.webui.keyword.WebUiBuiltInKeywords.click(WebUiBuiltInKeywords.groovy:616)
	at com.kms.katalon.core.webui.keyword.WebUiBuiltInKeywords$click$3.call(Unknown Source)
	at Verify there is a change on the graphic.run(Verify there is a change on the graphic:25)
	at com.kms.katalon.core.main.ScriptEngine.run(ScriptEngine.java:194)
	at com.kms.katalon.core.main.ScriptEngine.runScriptAsRawText(ScriptEngine.java:119)
	at com.kms.katalon.core.main.TestCaseExecutor.runScript(TestCaseExecutor.java:328)
	at com.kms.katalon.core.main.TestCaseExecutor.doExecute(TestCaseExecutor.java:319)
	at com.kms.katalon.core.main.TestCaseExecutor.processExecutionPhase(TestCaseExecutor.java:298)
	at com.kms.katalon.core.main.TestCaseExecutor.accessMainPhase(TestCaseExecutor.java:290)
	at com.kms.katalon.core.main.TestCaseExecutor.execute(TestCaseExecutor.java:224)
	at com.kms.katalon.core.main.TestSuiteExecutor.accessTestCaseMainPhase(TestSuiteExecutor.java:129)
	at com.kms.katalon.core.main.TestSuiteExecutor.accessTestSuiteMainPhase(TestSuiteExecutor.java:112)
	at com.kms.katalon.core.main.TestSuiteExecutor.execute(TestSuiteExecutor.java:81)
	at com.kms.katalon.core.main.TestCaseMain.startTestSuite(TestCaseMain.java:149)
	at com.kms.katalon.core.main.TestCaseMain$startTestSuite$0.call(Unknown Source)
	at TempTestSuite1548114739108.run(TempTestSuite1548114739108.groovy:36)]]></system-err>
      </testcase>
      <system-out><![CDATA[2019-01-21 17:52:20 - [TEST_SUITE][FAILED] - Performance Monitor: Test Cases/UI/Performance Monitor/Verify there is a change on the graphic FAILED.
Reason:
com.kms.katalon.core.exception.StepFailedException: Unable to click on object 'Object Repository/UI/Performance Monitor/Objects Performance Monitor/Page_AMPS Portal/button_Last 3 Months' (Root cause: com.kms.katalon.core.webui.exception.WebElementNotFoundException: Web element with id: 'Object Repository/UI/Performance Monitor/Objects Performance Monitor/Page_AMPS Portal/button_Last 3 Months' located by 'By.xpath: //div[@id='content']/div/div/div/div[3]/div[2]/div/div/div/div/div[2]/div/button[3]' not found)
	at com.kms.katalon.core.keyword.internal.KeywordMain.stepFailed(KeywordMain.groovy:36)
	at com.kms.katalon.core.webui.keyword.internal.WebUIKeywordMain.stepFailed(WebUIKeywordMain.groovy:65)
	at com.kms.katalon.core.webui.keyword.internal.WebUIKeywordMain.runKeyword(WebUIKeywordMain.groovy:27)
	at com.kms.katalon.core.webui.keyword.builtin.ClickKeyword.click(ClickKeyword.groovy:86)
	at com.kms.katalon.core.webui.keyword.builtin.ClickKeyword.execute(ClickKeyword.groovy:67)
	at com.kms.katalon.core.keyword.internal.KeywordExecutor.executeKeywordForPlatform(KeywordExecutor.groovy:53)
	at com.kms.katalon.core.webui.keyword.WebUiBuiltInKeywords.click(WebUiBuiltInKeywords.groovy:616)
	at com.kms.katalon.core.webui.keyword.WebUiBuiltInKeywords$click$3.call(Unknown Source)
	at Verify there is a change on the graphic.run(Verify there is a change on the graphic:25)
	at com.kms.katalon.core.main.ScriptEngine.run(ScriptEngine.java:194)
	at com.kms.katalon.core.main.ScriptEngine.runScriptAsRawText(ScriptEngine.java:119)
	at com.kms.katalon.core.main.TestCaseExecutor.runScript(TestCaseExecutor.java:328)
	at com.kms.katalon.core.main.TestCaseExecutor.doExecute(TestCaseExecutor.java:319)
	at com.kms.katalon.core.main.TestCaseExecutor.processExecutionPhase(TestCaseExecutor.java:298)
	at com.kms.katalon.core.main.TestCaseExecutor.accessMainPhase(TestCaseExecutor.java:290)
	at com.kms.katalon.core.main.TestCaseExecutor.execute(TestCaseExecutor.java:224)
	at com.kms.katalon.core.main.TestSuiteExecutor.accessTestCaseMainPhase(TestSuiteExecutor.java:129)
	at com.kms.katalon.core.main.TestSuiteExecutor.accessTestSuiteMainPhase(TestSuiteExecutor.java:112)
	at com.kms.katalon.core.main.TestSuiteExecutor.execute(TestSuiteExecutor.java:81)
	at com.kms.katalon.core.main.TestCaseMain.startTestSuite(TestCaseMain.java:149)
	at com.kms.katalon.core.main.TestCaseMain$startTestSuite$0.call(Unknown Source)
	at TempTestSuite1548114739108.run(TempTestSuite1548114739108.groovy:36)]]></system-out>
      <system-err><![CDATA[2019-01-21 17:52:20 - [TEST_SUITE][FAILED] - Performance Monitor: Test Cases/UI/Performance Monitor/Verify there is a change on the graphic FAILED.
Reason:
com.kms.katalon.core.exception.StepFailedException: Unable to click on object 'Object Repository/UI/Performance Monitor/Objects Performance Monitor/Page_AMPS Portal/button_Last 3 Months' (Root cause: com.kms.katalon.core.webui.exception.WebElementNotFoundException: Web element with id: 'Object Repository/UI/Performance Monitor/Objects Performance Monitor/Page_AMPS Portal/button_Last 3 Months' located by 'By.xpath: //div[@id='content']/div/div/div/div[3]/div[2]/div/div/div/div/div[2]/div/button[3]' not found)
	at com.kms.katalon.core.keyword.internal.KeywordMain.stepFailed(KeywordMain.groovy:36)
	at com.kms.katalon.core.webui.keyword.internal.WebUIKeywordMain.stepFailed(WebUIKeywordMain.groovy:65)
	at com.kms.katalon.core.webui.keyword.internal.WebUIKeywordMain.runKeyword(WebUIKeywordMain.groovy:27)
	at com.kms.katalon.core.webui.keyword.builtin.ClickKeyword.click(ClickKeyword.groovy:86)
	at com.kms.katalon.core.webui.keyword.builtin.ClickKeyword.execute(ClickKeyword.groovy:67)
	at com.kms.katalon.core.keyword.internal.KeywordExecutor.executeKeywordForPlatform(KeywordExecutor.groovy:53)
	at com.kms.katalon.core.webui.keyword.WebUiBuiltInKeywords.click(WebUiBuiltInKeywords.groovy:616)
	at com.kms.katalon.core.webui.keyword.WebUiBuiltInKeywords$click$3.call(Unknown Source)
	at Verify there is a change on the graphic.run(Verify there is a change on the graphic:25)
	at com.kms.katalon.core.main.ScriptEngine.run(ScriptEngine.java:194)
	at com.kms.katalon.core.main.ScriptEngine.runScriptAsRawText(ScriptEngine.java:119)
	at com.kms.katalon.core.main.TestCaseExecutor.runScript(TestCaseExecutor.java:328)
	at com.kms.katalon.core.main.TestCaseExecutor.doExecute(TestCaseExecutor.java:319)
	at com.kms.katalon.core.main.TestCaseExecutor.processExecutionPhase(TestCaseExecutor.java:298)
	at com.kms.katalon.core.main.TestCaseExecutor.accessMainPhase(TestCaseExecutor.java:290)
	at com.kms.katalon.core.main.TestCaseExecutor.execute(TestCaseExecutor.java:224)
	at com.kms.katalon.core.main.TestSuiteExecutor.accessTestCaseMainPhase(TestSuiteExecutor.java:129)
	at com.kms.katalon.core.main.TestSuiteExecutor.accessTestSuiteMainPhase(TestSuiteExecutor.java:112)
	at com.kms.katalon.core.main.TestSuiteExecutor.execute(TestSuiteExecutor.java:81)
	at com.kms.katalon.core.main.TestCaseMain.startTestSuite(TestCaseMain.java:149)
	at com.kms.katalon.core.main.TestCaseMain$startTestSuite$0.call(Unknown Source)
	at TempTestSuite1548114739108.run(TempTestSuite1548114739108.groovy:36)]]></system-err>
   </testsuite>
</testsuites>
