<?xml version="1.0" encoding="UTF-8"?>
<testsuites name="Files" time="34" tests="1" failures="1" errors="0">
   <testsuite name="Files" tests="1" failures="1" errors="0" time="34" timestamp="2019-01-23 10:59:53" hostname="david avalos - TDG-MBL-MTY0359.tiempodev.local" id="Test Suites/UI/Files">
      <properties>
         <property name="deviceName" value=""/>
         <property name="devicePlatform" value=""/>
         <property name="logFolder" value="C:\\Users\\David Avalos\\git\\AMPSAutRegression\\Reports\\UI\\Files\\20190123_105313"/>
         <property name="logFiles" value="C:\\Users\\David Avalos\\git\\AMPSAutRegression\\Reports\\UI\\Files\\20190123_105313\\execution0.log"/>
         <property name="attachments" value="C:\\Users\\David Avalos\\git\\AMPSAutRegression\\Reports\\UI\\Files\\20190123_105313\\1548262804536.png"/>
         <property name="hostName" value="david avalos - TDG-MBL-MTY0359.tiempodev.local"/>
         <property name="os" value="Windows 10 64bit"/>
         <property name="katalonVersion" value="5.10.1.1"/>
         <property name="browser" value="Chrome 71.0.3578.98"/>
         <property name="hostAddress" value="192.168.1.97"/>
         <property name="sessionId" value="771be902fcaecc76de14ad375af7b70e"/>
         <property name="seleniumVersion" value="3.7.1"/>
         <property name="proxyInformation" value="ProxyInformation{proxyOption=NO_PROXY, proxyServerType=HTTP, password=, proxyServerAddress=, proxyServerPort=0}"/>
         <property name="platform" value="Windows 10"/>
      </properties>
      <testcase name="Test Cases/UI/Employee/Files/Upload file" classname="Test Cases/UI/Employee/Files/Upload file" status="FAILED">
         <failure type="FAILED" message="Test Cases/UI/Employee/Files/Upload file FAILED.
Reason:
com.kms.katalon.core.exception.StepFailedException: Unable to upload file '/Users/David Avalos/Downloads/eb61f4ad-6215-4f42-9c70-9ac4439222d1.jpeg' to object 'Object Repository/UI/Employee/Files/Element_1547578954950' (Root cause: org.openqa.selenium.WebDriverException: unknown error: path is not absolute: /Users/David Avalos/Downloads/eb61f4ad-6215-4f42-9c70-9ac4439222d1.jpeg
  (Session info: chrome=71.0.3578.98)
  (Driver info: chromedriver=2.43.600210 (68dcf5eebde37173d4027fa8635e332711d2874a),platform=Windows NT 10.0.15063 x86_64) (WARNING: The server did not provide any stacktrace information)
Command duration or timeout: 0 milliseconds
Build info: version: '3.7.1', revision: '8a0099a', time: '2017-11-06T21:07:36.161Z'
System info: host: 'TDG-MBL-MTY0359', ip: '192.168.1.97', os.name: 'Windows 10', os.arch: 'amd64', os.version: '10.0', java.version: '1.8.0_181'
Driver info: com.kms.katalon.selenium.driver.CChromeDriver
Capabilities {acceptInsecureCerts: false, acceptSslCerts: false, applicationCacheEnabled: false, browserConnectionEnabled: false, browserName: chrome, chrome: {chromedriverVersion: 2.43.600210 (68dcf5eebde371..., userDataDir: C:\Users\DAVIDA~1\AppData\L...}, cssSelectorsEnabled: true, databaseEnabled: false, goog:chromeOptions: {debuggerAddress: localhost:60457}, handlesAlerts: true, hasTouchScreen: false, javascriptEnabled: true, locationContextEnabled: true, mobileEmulationEnabled: false, nativeEvents: true, networkConnectionEnabled: false, pageLoadStrategy: normal, platform: XP, platformName: XP, rotatable: false, setWindowRect: true, takesHeapSnapshot: true, takesScreenshot: true, unexpectedAlertBehaviour: , unhandledPromptBehavior: , version: 71.0.3578.98, webStorageEnabled: true}
Session ID: 3bd0329052b780f6fbaea13b1b92a019)
	at com.kms.katalon.core.keyword.internal.KeywordMain.stepFailed(KeywordMain.groovy:36)
	at com.kms.katalon.core.webui.keyword.internal.WebUIKeywordMain.stepFailed(WebUIKeywordMain.groovy:65)
	at com.kms.katalon.core.webui.keyword.internal.WebUIKeywordMain.runKeyword(WebUIKeywordMain.groovy:27)
	at com.kms.katalon.core.webui.keyword.builtin.UploadFileKeyword.uploadFile(UploadFileKeyword.groovy:87)
	at com.kms.katalon.core.webui.keyword.builtin.UploadFileKeyword.execute(UploadFileKeyword.groovy:68)
	at com.kms.katalon.core.keyword.internal.KeywordExecutor.executeKeywordForPlatform(KeywordExecutor.groovy:53)
	at com.kms.katalon.core.webui.keyword.WebUiBuiltInKeywords.uploadFile(WebUiBuiltInKeywords.groovy:2945)
	at com.kms.katalon.core.webui.keyword.WebUiBuiltInKeywords$uploadFile$6.call(Unknown Source)
	at Upload file.run(Upload file:50)
	at com.kms.katalon.core.main.ScriptEngine.run(ScriptEngine.java:194)
	at com.kms.katalon.core.main.ScriptEngine.runScriptAsRawText(ScriptEngine.java:119)
	at com.kms.katalon.core.main.TestCaseExecutor.runScript(TestCaseExecutor.java:328)
	at com.kms.katalon.core.main.TestCaseExecutor.doExecute(TestCaseExecutor.java:319)
	at com.kms.katalon.core.main.TestCaseExecutor.processExecutionPhase(TestCaseExecutor.java:298)
	at com.kms.katalon.core.main.TestCaseExecutor.accessMainPhase(TestCaseExecutor.java:290)
	at com.kms.katalon.core.main.TestCaseExecutor.execute(TestCaseExecutor.java:224)
	at com.kms.katalon.core.main.TestSuiteExecutor.accessTestCaseMainPhase(TestSuiteExecutor.java:129)
	at com.kms.katalon.core.main.TestSuiteExecutor.accessTestSuiteMainPhase(TestSuiteExecutor.java:112)
	at com.kms.katalon.core.main.TestSuiteExecutor.execute(TestSuiteExecutor.java:81)
	at com.kms.katalon.core.main.TestCaseMain.startTestSuite(TestCaseMain.java:149)
	at com.kms.katalon.core.main.TestCaseMain$startTestSuite$0.call(Unknown Source)
	at TempTestSuite1548262393201.run(TempTestSuite1548262393201.groovy:36)
"/>
         <system-out><![CDATA[2019-01-23 10:59:53 - [TEST_CASE][FAILED] - Test Cases/UI/Employee/Files/Upload file: Test Cases/UI/Employee/Files/Upload file FAILED.
Reason:
com.kms.katalon.core.exception.StepFailedException: Unable to upload file '/Users/David Avalos/Downloads/eb61f4ad-6215-4f42-9c70-9ac4439222d1.jpeg' to object 'Object Repository/UI/Employee/Files/Element_1547578954950' (Root cause: org.openqa.selenium.WebDriverException: unknown error: path is not absolute: /Users/David Avalos/Downloads/eb61f4ad-6215-4f42-9c70-9ac4439222d1.jpeg
  (Session info: chrome=71.0.3578.98)
  (Driver info: chromedriver=2.43.600210 (68dcf5eebde37173d4027fa8635e332711d2874a),platform=Windows NT 10.0.15063 x86_64) (WARNING: The server did not provide any stacktrace information)
Command duration or timeout: 0 milliseconds
Build info: version: '3.7.1', revision: '8a0099a', time: '2017-11-06T21:07:36.161Z'
System info: host: 'TDG-MBL-MTY0359', ip: '192.168.1.97', os.name: 'Windows 10', os.arch: 'amd64', os.version: '10.0', java.version: '1.8.0_181'
Driver info: com.kms.katalon.selenium.driver.CChromeDriver
Capabilities {acceptInsecureCerts: false, acceptSslCerts: false, applicationCacheEnabled: false, browserConnectionEnabled: false, browserName: chrome, chrome: {chromedriverVersion: 2.43.600210 (68dcf5eebde371..., userDataDir: C:\Users\DAVIDA~1\AppData\L...}, cssSelectorsEnabled: true, databaseEnabled: false, goog:chromeOptions: {debuggerAddress: localhost:60457}, handlesAlerts: true, hasTouchScreen: false, javascriptEnabled: true, locationContextEnabled: true, mobileEmulationEnabled: false, nativeEvents: true, networkConnectionEnabled: false, pageLoadStrategy: normal, platform: XP, platformName: XP, rotatable: false, setWindowRect: true, takesHeapSnapshot: true, takesScreenshot: true, unexpectedAlertBehaviour: , unhandledPromptBehavior: , version: 71.0.3578.98, webStorageEnabled: true}
Session ID: 3bd0329052b780f6fbaea13b1b92a019)
	at com.kms.katalon.core.keyword.internal.KeywordMain.stepFailed(KeywordMain.groovy:36)
	at com.kms.katalon.core.webui.keyword.internal.WebUIKeywordMain.stepFailed(WebUIKeywordMain.groovy:65)
	at com.kms.katalon.core.webui.keyword.internal.WebUIKeywordMain.runKeyword(WebUIKeywordMain.groovy:27)
	at com.kms.katalon.core.webui.keyword.builtin.UploadFileKeyword.uploadFile(UploadFileKeyword.groovy:87)
	at com.kms.katalon.core.webui.keyword.builtin.UploadFileKeyword.execute(UploadFileKeyword.groovy:68)
	at com.kms.katalon.core.keyword.internal.KeywordExecutor.executeKeywordForPlatform(KeywordExecutor.groovy:53)
	at com.kms.katalon.core.webui.keyword.WebUiBuiltInKeywords.uploadFile(WebUiBuiltInKeywords.groovy:2945)
	at com.kms.katalon.core.webui.keyword.WebUiBuiltInKeywords$uploadFile$6.call(Unknown Source)
	at Upload file.run(Upload file:50)
	at com.kms.katalon.core.main.ScriptEngine.run(ScriptEngine.java:194)
	at com.kms.katalon.core.main.ScriptEngine.runScriptAsRawText(ScriptEngine.java:119)
	at com.kms.katalon.core.main.TestCaseExecutor.runScript(TestCaseExecutor.java:328)
	at com.kms.katalon.core.main.TestCaseExecutor.doExecute(TestCaseExecutor.java:319)
	at com.kms.katalon.core.main.TestCaseExecutor.processExecutionPhase(TestCaseExecutor.java:298)
	at com.kms.katalon.core.main.TestCaseExecutor.accessMainPhase(TestCaseExecutor.java:290)
	at com.kms.katalon.core.main.TestCaseExecutor.execute(TestCaseExecutor.java:224)
	at com.kms.katalon.core.main.TestSuiteExecutor.accessTestCaseMainPhase(TestSuiteExecutor.java:129)
	at com.kms.katalon.core.main.TestSuiteExecutor.accessTestSuiteMainPhase(TestSuiteExecutor.java:112)
	at com.kms.katalon.core.main.TestSuiteExecutor.execute(TestSuiteExecutor.java:81)
	at com.kms.katalon.core.main.TestCaseMain.startTestSuite(TestCaseMain.java:149)
	at com.kms.katalon.core.main.TestCaseMain$startTestSuite$0.call(Unknown Source)
	at TempTestSuite1548262393201.run(TempTestSuite1548262393201.groovy:36)


2019-01-23 10:59:54 - [TEST_STEP][PASSED] - openBrowser(""): Browser is opened with url: ''

2019-01-23 10:59:54 - [MESSAGE][INFO] - Starting 'Chrome' driver

2019-01-23 10:59:54 - [MESSAGE][INFO] - Action delay is set to 0 seconds

2019-01-23 10:59:57 - [MESSAGE][PASSED] - Browser is opened with url: ''

2019-01-23 10:59:57 - [TEST_STEP][PASSED] - navigateToUrl("https://uat.advancedpricing.com/"): Navigate to 'https://uat.advancedpricing.com/' successfully

2019-01-23 10:59:58 - [MESSAGE][PASSED] - Navigate to 'https://uat.advancedpricing.com/' successfully

2019-01-23 10:59:58 - [TEST_STEP][PASSED] - maximizeWindow(): Current window maximized

2019-01-23 11:00:00 - [MESSAGE][PASSED] - Current window maximized

2019-01-23 11:00:00 - [TEST_STEP][PASSED] - setText(findTestObject("UI/Employee/Files/input_AMPS Portal Sign In_code"), "qaAuto"): Text 'qaAuto' is set on object 'Object Repository/UI/Employee/Files/input_AMPS Portal Sign In_code'

2019-01-23 11:00:00 - [MESSAGE][PASSED] - Text 'qaAuto' is set on object 'Object Repository/UI/Employee/Files/input_AMPS Portal Sign In_code'

2019-01-23 11:00:00 - [TEST_STEP][PASSED] - setEncryptedText(findTestObject("UI/Employee/Files/input_AMPS Portal Sign In_pass"), "yjiIhAfFXTz0yohvbOLmCA=="): Text ****** has been set on object 'Object Repository/UI/Employee/Files/input_AMPS Portal Sign In_pass'

2019-01-23 11:00:00 - [MESSAGE][PASSED] - Text ****** has been set on object 'Object Repository/UI/Employee/Files/input_AMPS Portal Sign In_pass'

2019-01-23 11:00:00 - [TEST_STEP][PASSED] - click(findTestObject("UI/Employee/Files/input_Forgot Password_btn btn-")): Object: 'Object Repository/UI/Employee/Files/input_Forgot Password_btn btn-' is clicked on

2019-01-23 11:00:00 - [MESSAGE][PASSED] - Object: 'Object Repository/UI/Employee/Files/input_Forgot Password_btn btn-' is clicked on

2019-01-23 11:00:00 - [TEST_STEP][PASSED] - click(findTestObject("UI/Employee/Files/a_Files")): Object: 'Object Repository/UI/Employee/Files/a_Files' is clicked on

2019-01-23 11:00:01 - [MESSAGE][PASSED] - Object: 'Object Repository/UI/Employee/Files/a_Files' is clicked on

2019-01-23 11:00:01 - [TEST_STEP][PASSED] - delay(3): Delayed 3 second(s)

2019-01-23 11:00:04 - [MESSAGE][PASSED] - Delayed 3 second(s)

2019-01-23 11:00:04 - [TEST_STEP][PASSED] - today = new java.util.Date(): null

2019-01-23 11:00:04 - [TEST_STEP][PASSED] - attribute = getText(findTestObject("UI/Employee/Files/h1_DateHeader")): Text of object 'Object Repository/UI/Employee/Files/h1_DateHeader' is: 'Files - Wednesday, January 23rd 2019'

2019-01-23 11:00:04 - [MESSAGE][PASSED] - Text of object 'Object Repository/UI/Employee/Files/h1_DateHeader' is: 'Files - Wednesday, January 23rd 2019'

2019-01-23 11:00:04 - [TEST_STEP][PASSED] - println(attribute): null

2019-01-23 11:00:04 - [TEST_STEP][PASSED] - attribute.contains(today.format("EEEE") + ", " + today.format("MMMM") + " " + today.format("dd")): null

2019-01-23 11:00:04 - [TEST_STEP][PASSED] - attribute.contains(today.format("yyyy")): null

2019-01-23 11:00:04 - [TEST_STEP][FAILED] - uploadFile(findTestObject("UI/Employee/Files/Element_1547578954950"), "/Users/David Avalos/Downloads/eb61f4ad-6215-4f42-9c70-9ac4439222d1.jpeg"): uploadFile(findTestObject("UI/Employee/Files/Element_1547578954950"), "/Users/David Avalos/Downloads/eb61f4ad-6215-4f42-9c70-9ac4439222d1.jpeg") FAILED.
Reason:
com.kms.katalon.core.exception.StepFailedException: Unable to upload file '/Users/David Avalos/Downloads/eb61f4ad-6215-4f42-9c70-9ac4439222d1.jpeg' to object 'Object Repository/UI/Employee/Files/Element_1547578954950' (Root cause: org.openqa.selenium.WebDriverException: unknown error: path is not absolute: /Users/David Avalos/Downloads/eb61f4ad-6215-4f42-9c70-9ac4439222d1.jpeg
  (Session info: chrome=71.0.3578.98)
  (Driver info: chromedriver=2.43.600210 (68dcf5eebde37173d4027fa8635e332711d2874a),platform=Windows NT 10.0.15063 x86_64) (WARNING: The server did not provide any stacktrace information)
Command duration or timeout: 0 milliseconds
Build info: version: '3.7.1', revision: '8a0099a', time: '2017-11-06T21:07:36.161Z'
System info: host: 'TDG-MBL-MTY0359', ip: '192.168.1.97', os.name: 'Windows 10', os.arch: 'amd64', os.version: '10.0', java.version: '1.8.0_181'
Driver info: com.kms.katalon.selenium.driver.CChromeDriver
Capabilities {acceptInsecureCerts: false, acceptSslCerts: false, applicationCacheEnabled: false, browserConnectionEnabled: false, browserName: chrome, chrome: {chromedriverVersion: 2.43.600210 (68dcf5eebde371..., userDataDir: C:\Users\DAVIDA~1\AppData\L...}, cssSelectorsEnabled: true, databaseEnabled: false, goog:chromeOptions: {debuggerAddress: localhost:60457}, handlesAlerts: true, hasTouchScreen: false, javascriptEnabled: true, locationContextEnabled: true, mobileEmulationEnabled: false, nativeEvents: true, networkConnectionEnabled: false, pageLoadStrategy: normal, platform: XP, platformName: XP, rotatable: false, setWindowRect: true, takesHeapSnapshot: true, takesScreenshot: true, unexpectedAlertBehaviour: , unhandledPromptBehavior: , version: 71.0.3578.98, webStorageEnabled: true}
Session ID: 3bd0329052b780f6fbaea13b1b92a019)
	at com.kms.katalon.core.keyword.internal.KeywordMain.stepFailed(KeywordMain.groovy:36)
	at com.kms.katalon.core.webui.keyword.internal.WebUIKeywordMain.stepFailed(WebUIKeywordMain.groovy:65)
	at com.kms.katalon.core.webui.keyword.internal.WebUIKeywordMain.runKeyword(WebUIKeywordMain.groovy:27)
	at com.kms.katalon.core.webui.keyword.builtin.UploadFileKeyword.uploadFile(UploadFileKeyword.groovy:87)
	at com.kms.katalon.core.webui.keyword.builtin.UploadFileKeyword.execute(UploadFileKeyword.groovy:68)
	at com.kms.katalon.core.keyword.internal.KeywordExecutor.executeKeywordForPlatform(KeywordExecutor.groovy:53)
	at com.kms.katalon.core.webui.keyword.WebUiBuiltInKeywords.uploadFile(WebUiBuiltInKeywords.groovy:2945)
	at com.kms.katalon.core.webui.keyword.WebUiBuiltInKeywords$uploadFile$6.call(Unknown Source)
	at Upload file.run(Upload file:50)
	at com.kms.katalon.core.main.ScriptEngine.run(ScriptEngine.java:194)
	at com.kms.katalon.core.main.ScriptEngine.runScriptAsRawText(ScriptEngine.java:119)
	at com.kms.katalon.core.main.TestCaseExecutor.runScript(TestCaseExecutor.java:328)
	at com.kms.katalon.core.main.TestCaseExecutor.doExecute(TestCaseExecutor.java:319)
	at com.kms.katalon.core.main.TestCaseExecutor.processExecutionPhase(TestCaseExecutor.java:298)
	at com.kms.katalon.core.main.TestCaseExecutor.accessMainPhase(TestCaseExecutor.java:290)
	at com.kms.katalon.core.main.TestCaseExecutor.execute(TestCaseExecutor.java:224)
	at com.kms.katalon.core.main.TestSuiteExecutor.accessTestCaseMainPhase(TestSuiteExecutor.java:129)
	at com.kms.katalon.core.main.TestSuiteExecutor.accessTestSuiteMainPhase(TestSuiteExecutor.java:112)
	at com.kms.katalon.core.main.TestSuiteExecutor.execute(TestSuiteExecutor.java:81)
	at com.kms.katalon.core.main.TestCaseMain.startTestSuite(TestCaseMain.java:149)
	at com.kms.katalon.core.main.TestCaseMain$startTestSuite$0.call(Unknown Source)
	at TempTestSuite1548262393201.run(TempTestSuite1548262393201.groovy:36)


2019-01-23 11:00:04 - [MESSAGE][FAILED] - Unable to upload file '/Users/David Avalos/Downloads/eb61f4ad-6215-4f42-9c70-9ac4439222d1.jpeg' to object 'Object Repository/UI/Employee/Files/Element_1547578954950' (Root cause: org.openqa.selenium.WebDriverException: unknown error: path is not absolute: /Users/David Avalos/Downloads/eb61f4ad-6215-4f42-9c70-9ac4439222d1.jpeg
  (Session info: chrome=71.0.3578.98)
  (Driver info: chromedriver=2.43.600210 (68dcf5eebde37173d4027fa8635e332711d2874a),platform=Windows NT 10.0.15063 x86_64) (WARNING: The server did not provide any stacktrace information)
Command duration or timeout: 0 milliseconds
Build info: version: '3.7.1', revision: '8a0099a', time: '2017-11-06T21:07:36.161Z'
System info: host: 'TDG-MBL-MTY0359', ip: '192.168.1.97', os.name: 'Windows 10', os.arch: 'amd64', os.version: '10.0', java.version: '1.8.0_181'
Driver info: com.kms.katalon.selenium.driver.CChromeDriver
Capabilities {acceptInsecureCerts: false, acceptSslCerts: false, applicationCacheEnabled: false, browserConnectionEnabled: false, browserName: chrome, chrome: {chromedriverVersion: 2.43.600210 (68dcf5eebde371..., userDataDir: C:\Users\DAVIDA~1\AppData\L...}, cssSelectorsEnabled: true, databaseEnabled: false, goog:chromeOptions: {debuggerAddress: localhost:60457}, handlesAlerts: true, hasTouchScreen: false, javascriptEnabled: true, locationContextEnabled: true, mobileEmulationEnabled: false, nativeEvents: true, networkConnectionEnabled: false, pageLoadStrategy: normal, platform: XP, platformName: XP, rotatable: false, setWindowRect: true, takesHeapSnapshot: true, takesScreenshot: true, unexpectedAlertBehaviour: , unhandledPromptBehavior: , version: 71.0.3578.98, webStorageEnabled: true}
Session ID: 3bd0329052b780f6fbaea13b1b92a019)
[[ATTACHMENT|C:\\Users\\David Avalos\\git\\AMPSAutRegression\\Reports\\UI\\Files\\20190123_105313\\1548262804536.png]]

2019-01-23 11:00:04 - [MESSAGE][FAILED] - uploadFile(findTestObject("UI/Employee/Files/Element_1547578954950"), "/Users/David Avalos/Downloads/eb61f4ad-6215-4f42-9c70-9ac4439222d1.jpeg") FAILED.
Reason:
com.kms.katalon.core.exception.StepFailedException: Unable to upload file '/Users/David Avalos/Downloads/eb61f4ad-6215-4f42-9c70-9ac4439222d1.jpeg' to object 'Object Repository/UI/Employee/Files/Element_1547578954950' (Root cause: org.openqa.selenium.WebDriverException: unknown error: path is not absolute: /Users/David Avalos/Downloads/eb61f4ad-6215-4f42-9c70-9ac4439222d1.jpeg
  (Session info: chrome=71.0.3578.98)
  (Driver info: chromedriver=2.43.600210 (68dcf5eebde37173d4027fa8635e332711d2874a),platform=Windows NT 10.0.15063 x86_64) (WARNING: The server did not provide any stacktrace information)
Command duration or timeout: 0 milliseconds
Build info: version: '3.7.1', revision: '8a0099a', time: '2017-11-06T21:07:36.161Z'
System info: host: 'TDG-MBL-MTY0359', ip: '192.168.1.97', os.name: 'Windows 10', os.arch: 'amd64', os.version: '10.0', java.version: '1.8.0_181'
Driver info: com.kms.katalon.selenium.driver.CChromeDriver
Capabilities {acceptInsecureCerts: false, acceptSslCerts: false, applicationCacheEnabled: false, browserConnectionEnabled: false, browserName: chrome, chrome: {chromedriverVersion: 2.43.600210 (68dcf5eebde371..., userDataDir: C:\Users\DAVIDA~1\AppData\L...}, cssSelectorsEnabled: true, databaseEnabled: false, goog:chromeOptions: {debuggerAddress: localhost:60457}, handlesAlerts: true, hasTouchScreen: false, javascriptEnabled: true, locationContextEnabled: true, mobileEmulationEnabled: false, nativeEvents: true, networkConnectionEnabled: false, pageLoadStrategy: normal, platform: XP, platformName: XP, rotatable: false, setWindowRect: true, takesHeapSnapshot: true, takesScreenshot: true, unexpectedAlertBehaviour: , unhandledPromptBehavior: , version: 71.0.3578.98, webStorageEnabled: true}
Session ID: 3bd0329052b780f6fbaea13b1b92a019)
	at com.kms.katalon.core.keyword.internal.KeywordMain.stepFailed(KeywordMain.groovy:36)
	at com.kms.katalon.core.webui.keyword.internal.WebUIKeywordMain.stepFailed(WebUIKeywordMain.groovy:65)
	at com.kms.katalon.core.webui.keyword.internal.WebUIKeywordMain.runKeyword(WebUIKeywordMain.groovy:27)
	at com.kms.katalon.core.webui.keyword.builtin.UploadFileKeyword.uploadFile(UploadFileKeyword.groovy:87)
	at com.kms.katalon.core.webui.keyword.builtin.UploadFileKeyword.execute(UploadFileKeyword.groovy:68)
	at com.kms.katalon.core.keyword.internal.KeywordExecutor.executeKeywordForPlatform(KeywordExecutor.groovy:53)
	at com.kms.katalon.core.webui.keyword.WebUiBuiltInKeywords.uploadFile(WebUiBuiltInKeywords.groovy:2945)
	at com.kms.katalon.core.webui.keyword.WebUiBuiltInKeywords$uploadFile$6.call(Unknown Source)
	at Upload file.run(Upload file:50)
	at com.kms.katalon.core.main.ScriptEngine.run(ScriptEngine.java:194)
	at com.kms.katalon.core.main.ScriptEngine.runScriptAsRawText(ScriptEngine.java:119)
	at com.kms.katalon.core.main.TestCaseExecutor.runScript(TestCaseExecutor.java:328)
	at com.kms.katalon.core.main.TestCaseExecutor.doExecute(TestCaseExecutor.java:319)
	at com.kms.katalon.core.main.TestCaseExecutor.processExecutionPhase(TestCaseExecutor.java:298)
	at com.kms.katalon.core.main.TestCaseExecutor.accessMainPhase(TestCaseExecutor.java:290)
	at com.kms.katalon.core.main.TestCaseExecutor.execute(TestCaseExecutor.java:224)
	at com.kms.katalon.core.main.TestSuiteExecutor.accessTestCaseMainPhase(TestSuiteExecutor.java:129)
	at com.kms.katalon.core.main.TestSuiteExecutor.accessTestSuiteMainPhase(TestSuiteExecutor.java:112)
	at com.kms.katalon.core.main.TestSuiteExecutor.execute(TestSuiteExecutor.java:81)
	at com.kms.katalon.core.main.TestCaseMain.startTestSuite(TestCaseMain.java:149)
	at com.kms.katalon.core.main.TestCaseMain$startTestSuite$0.call(Unknown Source)
	at TempTestSuite1548262393201.run(TempTestSuite1548262393201.groovy:36)]]></system-out>
         <system-err><![CDATA[2019-01-23 10:59:53 - [TEST_CASE][FAILED] - Test Cases/UI/Employee/Files/Upload file: Test Cases/UI/Employee/Files/Upload file FAILED.
Reason:
com.kms.katalon.core.exception.StepFailedException: Unable to upload file '/Users/David Avalos/Downloads/eb61f4ad-6215-4f42-9c70-9ac4439222d1.jpeg' to object 'Object Repository/UI/Employee/Files/Element_1547578954950' (Root cause: org.openqa.selenium.WebDriverException: unknown error: path is not absolute: /Users/David Avalos/Downloads/eb61f4ad-6215-4f42-9c70-9ac4439222d1.jpeg
  (Session info: chrome=71.0.3578.98)
  (Driver info: chromedriver=2.43.600210 (68dcf5eebde37173d4027fa8635e332711d2874a),platform=Windows NT 10.0.15063 x86_64) (WARNING: The server did not provide any stacktrace information)
Command duration or timeout: 0 milliseconds
Build info: version: '3.7.1', revision: '8a0099a', time: '2017-11-06T21:07:36.161Z'
System info: host: 'TDG-MBL-MTY0359', ip: '192.168.1.97', os.name: 'Windows 10', os.arch: 'amd64', os.version: '10.0', java.version: '1.8.0_181'
Driver info: com.kms.katalon.selenium.driver.CChromeDriver
Capabilities {acceptInsecureCerts: false, acceptSslCerts: false, applicationCacheEnabled: false, browserConnectionEnabled: false, browserName: chrome, chrome: {chromedriverVersion: 2.43.600210 (68dcf5eebde371..., userDataDir: C:\Users\DAVIDA~1\AppData\L...}, cssSelectorsEnabled: true, databaseEnabled: false, goog:chromeOptions: {debuggerAddress: localhost:60457}, handlesAlerts: true, hasTouchScreen: false, javascriptEnabled: true, locationContextEnabled: true, mobileEmulationEnabled: false, nativeEvents: true, networkConnectionEnabled: false, pageLoadStrategy: normal, platform: XP, platformName: XP, rotatable: false, setWindowRect: true, takesHeapSnapshot: true, takesScreenshot: true, unexpectedAlertBehaviour: , unhandledPromptBehavior: , version: 71.0.3578.98, webStorageEnabled: true}
Session ID: 3bd0329052b780f6fbaea13b1b92a019)
	at com.kms.katalon.core.keyword.internal.KeywordMain.stepFailed(KeywordMain.groovy:36)
	at com.kms.katalon.core.webui.keyword.internal.WebUIKeywordMain.stepFailed(WebUIKeywordMain.groovy:65)
	at com.kms.katalon.core.webui.keyword.internal.WebUIKeywordMain.runKeyword(WebUIKeywordMain.groovy:27)
	at com.kms.katalon.core.webui.keyword.builtin.UploadFileKeyword.uploadFile(UploadFileKeyword.groovy:87)
	at com.kms.katalon.core.webui.keyword.builtin.UploadFileKeyword.execute(UploadFileKeyword.groovy:68)
	at com.kms.katalon.core.keyword.internal.KeywordExecutor.executeKeywordForPlatform(KeywordExecutor.groovy:53)
	at com.kms.katalon.core.webui.keyword.WebUiBuiltInKeywords.uploadFile(WebUiBuiltInKeywords.groovy:2945)
	at com.kms.katalon.core.webui.keyword.WebUiBuiltInKeywords$uploadFile$6.call(Unknown Source)
	at Upload file.run(Upload file:50)
	at com.kms.katalon.core.main.ScriptEngine.run(ScriptEngine.java:194)
	at com.kms.katalon.core.main.ScriptEngine.runScriptAsRawText(ScriptEngine.java:119)
	at com.kms.katalon.core.main.TestCaseExecutor.runScript(TestCaseExecutor.java:328)
	at com.kms.katalon.core.main.TestCaseExecutor.doExecute(TestCaseExecutor.java:319)
	at com.kms.katalon.core.main.TestCaseExecutor.processExecutionPhase(TestCaseExecutor.java:298)
	at com.kms.katalon.core.main.TestCaseExecutor.accessMainPhase(TestCaseExecutor.java:290)
	at com.kms.katalon.core.main.TestCaseExecutor.execute(TestCaseExecutor.java:224)
	at com.kms.katalon.core.main.TestSuiteExecutor.accessTestCaseMainPhase(TestSuiteExecutor.java:129)
	at com.kms.katalon.core.main.TestSuiteExecutor.accessTestSuiteMainPhase(TestSuiteExecutor.java:112)
	at com.kms.katalon.core.main.TestSuiteExecutor.execute(TestSuiteExecutor.java:81)
	at com.kms.katalon.core.main.TestCaseMain.startTestSuite(TestCaseMain.java:149)
	at com.kms.katalon.core.main.TestCaseMain$startTestSuite$0.call(Unknown Source)
	at TempTestSuite1548262393201.run(TempTestSuite1548262393201.groovy:36)]]></system-err>
      </testcase>
      <testcase name="Test Cases/UI/Employee/Files/Uploader" classname="Test Cases/UI/Employee/Files/Uploader" status="PASSED">
         <system-out><![CDATA[2019-01-23 11:00:04 - [TEST_CASE][PASSED] - Test Cases/UI/Employee/Files/Uploader: Test Cases/UI/Employee/Files/Uploader

2019-01-23 11:00:05 - [TEST_STEP][PASSED] - openBrowser(""): Browser is opened with url: ''

2019-01-23 11:00:05 - [MESSAGE][WARNING] - A browser is already opened. Closing browser and opening a new one

2019-01-23 11:00:05 - [MESSAGE][INFO] - Starting 'Chrome' driver

2019-01-23 11:00:07 - [MESSAGE][PASSED] - Browser is opened with url: ''

2019-01-23 11:00:07 - [TEST_STEP][PASSED] - navigateToUrl("https://uat.advancedpricing.com/login?next=%2F"): Navigate to 'https://uat.advancedpricing.com/login?next=%2F' successfully

2019-01-23 11:00:09 - [MESSAGE][PASSED] - Navigate to 'https://uat.advancedpricing.com/login?next=%2F' successfully

2019-01-23 11:00:09 - [TEST_STEP][PASSED] - maximizeWindow(): Current window maximized

2019-01-23 11:00:10 - [MESSAGE][PASSED] - Current window maximized

2019-01-23 11:00:10 - [TEST_STEP][PASSED] - setText(findTestObject("UI/Employee/Files/input_AMPS Portal Sign In_code"), "qaAuto"): Text 'qaAuto' is set on object 'Object Repository/UI/Employee/Files/input_AMPS Portal Sign In_code'

2019-01-23 11:00:10 - [MESSAGE][PASSED] - Text 'qaAuto' is set on object 'Object Repository/UI/Employee/Files/input_AMPS Portal Sign In_code'

2019-01-23 11:00:10 - [TEST_STEP][PASSED] - setEncryptedText(findTestObject("UI/Employee/Files/input_AMPS Portal Sign In_pass"), "yjiIhAfFXTz0yohvbOLmCA=="): Text ****** has been set on object 'Object Repository/UI/Employee/Files/input_AMPS Portal Sign In_pass'

2019-01-23 11:00:10 - [MESSAGE][PASSED] - Text ****** has been set on object 'Object Repository/UI/Employee/Files/input_AMPS Portal Sign In_pass'

2019-01-23 11:00:10 - [TEST_STEP][PASSED] - click(findTestObject("UI/Employee/Files/input_Forgot Password_btn btn-")): Object: 'Object Repository/UI/Employee/Files/input_Forgot Password_btn btn-' is clicked on

2019-01-23 11:00:10 - [MESSAGE][PASSED] - Object: 'Object Repository/UI/Employee/Files/input_Forgot Password_btn btn-' is clicked on

2019-01-23 11:00:10 - [TEST_STEP][PASSED] - click(findTestObject("UI/Employee/Uploader/a_Uploader")): Object: 'Object Repository/UI/Employee/Uploader/a_Uploader' is clicked on

2019-01-23 11:00:11 - [MESSAGE][PASSED] - Object: 'Object Repository/UI/Employee/Uploader/a_Uploader' is clicked on

2019-01-23 11:00:11 - [TEST_STEP][PASSED] - delay(2): Delayed 2 second(s)

2019-01-23 11:00:13 - [MESSAGE][PASSED] - Delayed 2 second(s)

2019-01-23 11:00:13 - [TEST_STEP][PASSED] - today = new java.util.Date(): null

2019-01-23 11:00:13 - [TEST_STEP][PASSED] - click(findTestObject("UI/Employee/Uploader/button_Add New User")): Object: 'Object Repository/UI/Employee/Uploader/button_Add New User' is clicked on

2019-01-23 11:00:13 - [MESSAGE][PASSED] - Object: 'Object Repository/UI/Employee/Uploader/button_Add New User' is clicked on

2019-01-23 11:00:13 - [TEST_STEP][PASSED] - setText(findTestObject("UI/Employee/Uploader/Calendar_NewUser"), "12/12/2020"): Text '12/12/2020' is set on object 'Object Repository/UI/Employee/Uploader/Calendar_NewUser'

2019-01-23 11:00:13 - [MESSAGE][PASSED] - Text '12/12/2020' is set on object 'Object Repository/UI/Employee/Uploader/Calendar_NewUser'

2019-01-23 11:00:13 - [TEST_STEP][PASSED] - setText(findTestObject("UI/Employee/Uploader/input_Name_name"), "TESTh"): Text 'TESTh' is set on object 'Object Repository/UI/Employee/Uploader/input_Name_name'

2019-01-23 11:00:14 - [MESSAGE][PASSED] - Text 'TESTh' is set on object 'Object Repository/UI/Employee/Uploader/input_Name_name'

2019-01-23 11:00:14 - [TEST_STEP][PASSED] - sendKeys(null, Keys.chord(TAB)): Keys 'TAB + ' sent to object: 'tempBody'

2019-01-23 11:00:14 - [MESSAGE][WARNING] - Test object with id 'Object Repository/' does not exist

2019-01-23 11:00:14 - [MESSAGE][PASSED] - Keys 'TAB + ' sent to object: 'tempBody'

2019-01-23 11:00:14 - [TEST_STEP][PASSED] - click(findTestObject("UI/Employee/Uploader/input_Name_name")): Object: 'Object Repository/UI/Employee/Uploader/input_Name_name' is clicked on

2019-01-23 11:00:14 - [MESSAGE][PASSED] - Object: 'Object Repository/UI/Employee/Uploader/input_Name_name' is clicked on

2019-01-23 11:00:14 - [TEST_STEP][PASSED] - setText(findTestObject("UI/Employee/Uploader/input_Email_email"), "test@test.com"): Text 'test@test.com' is set on object 'Object Repository/UI/Employee/Uploader/input_Email_email'

2019-01-23 11:00:14 - [MESSAGE][PASSED] - Text 'test@test.com' is set on object 'Object Repository/UI/Employee/Uploader/input_Email_email'

2019-01-23 11:00:14 - [TEST_STEP][PASSED] - delay(2): Delayed 2 second(s)

2019-01-23 11:00:16 - [MESSAGE][PASSED] - Delayed 2 second(s)

2019-01-23 11:00:16 - [TEST_STEP][PASSED] - setText(findTestObject("UI/Employee/Uploader/input_Email_email"), "test@test.com"): Text 'test@test.com' is set on object 'Object Repository/UI/Employee/Uploader/input_Email_email'

2019-01-23 11:00:16 - [MESSAGE][PASSED] - Text 'test@test.com' is set on object 'Object Repository/UI/Employee/Uploader/input_Email_email'

2019-01-23 11:00:16 - [TEST_STEP][PASSED] - click(findTestObject("UI/Employee/Uploader/button_Save (1)")): Object: 'Object Repository/UI/Employee/Uploader/button_Save (1)' is clicked on

2019-01-23 11:00:16 - [MESSAGE][PASSED] - Object: 'Object Repository/UI/Employee/Uploader/button_Save (1)' is clicked on

2019-01-23 11:00:16 - [TEST_STEP][PASSED] - delay(4): Delayed 4 second(s)

2019-01-23 11:00:20 - [MESSAGE][PASSED] - Delayed 4 second(s)

2019-01-23 11:00:20 - [TEST_STEP][PASSED] - doubleClick(findTestObject("UI/Employee/Uploader/strong_User created.")): Object: 'Object Repository/UI/Employee/Uploader/strong_User created.' is double clicked on

2019-01-23 11:00:20 - [MESSAGE][PASSED] - Object: 'Object Repository/UI/Employee/Uploader/strong_User created.' is double clicked on

2019-01-23 11:00:20 - [TEST_STEP][PASSED] - click(findTestObject("UI/Employee/Uploader/button_Close")): Object: 'Object Repository/UI/Employee/Uploader/button_Close' is clicked on

2019-01-23 11:00:20 - [MESSAGE][PASSED] - Object: 'Object Repository/UI/Employee/Uploader/button_Close' is clicked on

2019-01-23 11:00:20 - [TEST_STEP][PASSED] - delay(1): Delayed 1 second(s)

2019-01-23 11:00:21 - [MESSAGE][PASSED] - Delayed 1 second(s)

2019-01-23 11:00:21 - [TEST_STEP][PASSED] - click(findTestObject("UI/Employee/Uploader/i_Expires_fa fa-check aria-hid")): Object: 'Object Repository/UI/Employee/Uploader/i_Expires_fa fa-check aria-hid' is clicked on

2019-01-23 11:00:22 - [MESSAGE][PASSED] - Object: 'Object Repository/UI/Employee/Uploader/i_Expires_fa fa-check aria-hid' is clicked on

2019-01-23 11:00:22 - [TEST_STEP][PASSED] - delay(1): Delayed 1 second(s)

2019-01-23 11:00:23 - [MESSAGE][PASSED] - Delayed 1 second(s)

2019-01-23 11:00:23 - [TEST_STEP][PASSED] - click(findTestObject("UI/Employee/Uploader/span_There is no data to displ")): Object: 'Object Repository/UI/Employee/Uploader/span_There is no data to displ' is clicked on

2019-01-23 11:00:23 - [MESSAGE][PASSED] - Object: 'Object Repository/UI/Employee/Uploader/span_There is no data to displ' is clicked on

2019-01-23 11:00:23 - [TEST_STEP][PASSED] - click(findTestObject("UI/Employee/Uploader/span__dropdown")): Object: 'Object Repository/UI/Employee/Uploader/span__dropdown' is clicked on

2019-01-23 11:00:23 - [MESSAGE][PASSED] - Object: 'Object Repository/UI/Employee/Uploader/span__dropdown' is clicked on

2019-01-23 11:00:23 - [TEST_STEP][PASSED] - click(findTestObject("UI/Employee/Uploader/th_FileName")): Object: 'Object Repository/UI/Employee/Uploader/th_FileName' is clicked on

2019-01-23 11:00:23 - [MESSAGE][PASSED] - Object: 'Object Repository/UI/Employee/Uploader/th_FileName' is clicked on

2019-01-23 11:00:23 - [TEST_STEP][PASSED] - click(findTestObject("UI/Employee/Uploader/td_There is no data to display")): Object: 'Object Repository/UI/Employee/Uploader/td_There is no data to display' is clicked on

2019-01-23 11:00:23 - [MESSAGE][PASSED] - Object: 'Object Repository/UI/Employee/Uploader/td_There is no data to display' is clicked on

2019-01-23 11:00:23 - [TEST_STEP][PASSED] - click(findTestObject("UI/Employee/Uploader/span_Date_dropdown")): Object: 'Object Repository/UI/Employee/Uploader/span_Date_dropdown' is clicked on

2019-01-23 11:00:23 - [MESSAGE][PASSED] - Object: 'Object Repository/UI/Employee/Uploader/span_Date_dropdown' is clicked on

2019-01-23 11:00:23 - [TEST_STEP][PASSED] - click(findTestObject("UI/Employee/Uploader/th_Size")): Object: 'Object Repository/UI/Employee/Uploader/th_Size' is clicked on

2019-01-23 11:00:23 - [MESSAGE][PASSED] - Object: 'Object Repository/UI/Employee/Uploader/th_Size' is clicked on

2019-01-23 11:00:23 - [TEST_STEP][PASSED] - click(findTestObject("UI/Employee/Uploader/button_Close")): Object: 'Object Repository/UI/Employee/Uploader/button_Close' is clicked on

2019-01-23 11:00:23 - [MESSAGE][PASSED] - Object: 'Object Repository/UI/Employee/Uploader/button_Close' is clicked on

2019-01-23 11:00:23 - [TEST_STEP][PASSED] - delay(2): Delayed 2 second(s)

2019-01-23 11:00:25 - [MESSAGE][PASSED] - Delayed 2 second(s)

2019-01-23 11:00:25 - [TEST_STEP][PASSED] - setText(findTestObject("UI/Employee/Uploader/input_Search By Name or Email_"), "sfrancis@wellsystems.com"): Text 'sfrancis@wellsystems.com' is set on object 'Object Repository/UI/Employee/Uploader/input_Search By Name or Email_'

2019-01-23 11:00:25 - [MESSAGE][PASSED] - Text 'sfrancis@wellsystems.com' is set on object 'Object Repository/UI/Employee/Uploader/input_Search By Name or Email_'

2019-01-23 11:00:25 - [TEST_STEP][PASSED] - delay(1): Delayed 1 second(s)

2019-01-23 11:00:26 - [MESSAGE][PASSED] - Delayed 1 second(s)

2019-01-23 11:00:26 - [TEST_STEP][PASSED] - click(findTestObject("UI/Employee/Uploader/button_Filter")): Object: 'Object Repository/UI/Employee/Uploader/button_Filter' is clicked on

2019-01-23 11:00:26 - [MESSAGE][PASSED] - Object: 'Object Repository/UI/Employee/Uploader/button_Filter' is clicked on

2019-01-23 11:00:26 - [TEST_STEP][PASSED] - click(findTestObject("UI/Employee/Uploader/i_Expires_fa fa-times aria-hid")): Object: 'Object Repository/UI/Employee/Uploader/i_Expires_fa fa-times aria-hid' is clicked on

2019-01-23 11:00:27 - [MESSAGE][PASSED] - Object: 'Object Repository/UI/Employee/Uploader/i_Expires_fa fa-times aria-hid' is clicked on

2019-01-23 11:00:27 - [TEST_STEP][PASSED] - click(findTestObject("UI/Employee/Uploader/span_Size_dropdown")): Object: 'Object Repository/UI/Employee/Uploader/span_Size_dropdown' is clicked on

2019-01-23 11:00:27 - [MESSAGE][PASSED] - Object: 'Object Repository/UI/Employee/Uploader/span_Size_dropdown' is clicked on

2019-01-23 11:00:27 - [TEST_STEP][PASSED] - click(findTestObject("UI/Employee/Uploader/th_Size (1)")): Object: 'Object Repository/UI/Employee/Uploader/th_Size (1)' is clicked on

2019-01-23 11:00:27 - [MESSAGE][PASSED] - Object: 'Object Repository/UI/Employee/Uploader/th_Size (1)' is clicked on

2019-01-23 11:00:27 - [TEST_STEP][PASSED] - click(findTestObject("UI/Employee/Uploader/span_330.3 KB")): Object: 'Object Repository/UI/Employee/Uploader/span_330.3 KB' is clicked on

2019-01-23 11:00:27 - [MESSAGE][PASSED] - Object: 'Object Repository/UI/Employee/Uploader/span_330.3 KB' is clicked on

2019-01-23 11:00:27 - [TEST_STEP][PASSED] - click(findTestObject("UI/Employee/Uploader/th_Size (1)")): Object: 'Object Repository/UI/Employee/Uploader/th_Size (1)' is clicked on

2019-01-23 11:00:27 - [MESSAGE][PASSED] - Object: 'Object Repository/UI/Employee/Uploader/th_Size (1)' is clicked on

2019-01-23 11:00:27 - [TEST_STEP][PASSED] - click(findTestObject("UI/Employee/Uploader/span_358.4 KB")): Object: 'Object Repository/UI/Employee/Uploader/span_358.4 KB' is clicked on

2019-01-23 11:00:27 - [MESSAGE][PASSED] - Object: 'Object Repository/UI/Employee/Uploader/span_358.4 KB' is clicked on

2019-01-23 11:00:27 - [TEST_STEP][PASSED] - click(findTestObject("UI/Employee/Uploader/button_Close")): Object: 'Object Repository/UI/Employee/Uploader/button_Close' is clicked on

2019-01-23 11:00:27 - [MESSAGE][PASSED] - Object: 'Object Repository/UI/Employee/Uploader/button_Close' is clicked on

2019-01-23 11:00:27 - [TEST_STEP][PASSED] - closeBrowser(): Browser is closed

2019-01-23 11:00:28 - [MESSAGE][PASSED] - Browser is closed]]></system-out>
         <system-err><![CDATA[]]></system-err>
      </testcase>
      <system-out><![CDATA[2019-01-23 10:59:53 - [TEST_SUITE][FAILED] - Files: Test Cases/UI/Employee/Files/Upload file FAILED.
Reason:
com.kms.katalon.core.exception.StepFailedException: Unable to upload file '/Users/David Avalos/Downloads/eb61f4ad-6215-4f42-9c70-9ac4439222d1.jpeg' to object 'Object Repository/UI/Employee/Files/Element_1547578954950' (Root cause: org.openqa.selenium.WebDriverException: unknown error: path is not absolute: /Users/David Avalos/Downloads/eb61f4ad-6215-4f42-9c70-9ac4439222d1.jpeg
  (Session info: chrome=71.0.3578.98)
  (Driver info: chromedriver=2.43.600210 (68dcf5eebde37173d4027fa8635e332711d2874a),platform=Windows NT 10.0.15063 x86_64) (WARNING: The server did not provide any stacktrace information)
Command duration or timeout: 0 milliseconds
Build info: version: '3.7.1', revision: '8a0099a', time: '2017-11-06T21:07:36.161Z'
System info: host: 'TDG-MBL-MTY0359', ip: '192.168.1.97', os.name: 'Windows 10', os.arch: 'amd64', os.version: '10.0', java.version: '1.8.0_181'
Driver info: com.kms.katalon.selenium.driver.CChromeDriver
Capabilities {acceptInsecureCerts: false, acceptSslCerts: false, applicationCacheEnabled: false, browserConnectionEnabled: false, browserName: chrome, chrome: {chromedriverVersion: 2.43.600210 (68dcf5eebde371..., userDataDir: C:\Users\DAVIDA~1\AppData\L...}, cssSelectorsEnabled: true, databaseEnabled: false, goog:chromeOptions: {debuggerAddress: localhost:60457}, handlesAlerts: true, hasTouchScreen: false, javascriptEnabled: true, locationContextEnabled: true, mobileEmulationEnabled: false, nativeEvents: true, networkConnectionEnabled: false, pageLoadStrategy: normal, platform: XP, platformName: XP, rotatable: false, setWindowRect: true, takesHeapSnapshot: true, takesScreenshot: true, unexpectedAlertBehaviour: , unhandledPromptBehavior: , version: 71.0.3578.98, webStorageEnabled: true}
Session ID: 3bd0329052b780f6fbaea13b1b92a019)
	at com.kms.katalon.core.keyword.internal.KeywordMain.stepFailed(KeywordMain.groovy:36)
	at com.kms.katalon.core.webui.keyword.internal.WebUIKeywordMain.stepFailed(WebUIKeywordMain.groovy:65)
	at com.kms.katalon.core.webui.keyword.internal.WebUIKeywordMain.runKeyword(WebUIKeywordMain.groovy:27)
	at com.kms.katalon.core.webui.keyword.builtin.UploadFileKeyword.uploadFile(UploadFileKeyword.groovy:87)
	at com.kms.katalon.core.webui.keyword.builtin.UploadFileKeyword.execute(UploadFileKeyword.groovy:68)
	at com.kms.katalon.core.keyword.internal.KeywordExecutor.executeKeywordForPlatform(KeywordExecutor.groovy:53)
	at com.kms.katalon.core.webui.keyword.WebUiBuiltInKeywords.uploadFile(WebUiBuiltInKeywords.groovy:2945)
	at com.kms.katalon.core.webui.keyword.WebUiBuiltInKeywords$uploadFile$6.call(Unknown Source)
	at Upload file.run(Upload file:50)
	at com.kms.katalon.core.main.ScriptEngine.run(ScriptEngine.java:194)
	at com.kms.katalon.core.main.ScriptEngine.runScriptAsRawText(ScriptEngine.java:119)
	at com.kms.katalon.core.main.TestCaseExecutor.runScript(TestCaseExecutor.java:328)
	at com.kms.katalon.core.main.TestCaseExecutor.doExecute(TestCaseExecutor.java:319)
	at com.kms.katalon.core.main.TestCaseExecutor.processExecutionPhase(TestCaseExecutor.java:298)
	at com.kms.katalon.core.main.TestCaseExecutor.accessMainPhase(TestCaseExecutor.java:290)
	at com.kms.katalon.core.main.TestCaseExecutor.execute(TestCaseExecutor.java:224)
	at com.kms.katalon.core.main.TestSuiteExecutor.accessTestCaseMainPhase(TestSuiteExecutor.java:129)
	at com.kms.katalon.core.main.TestSuiteExecutor.accessTestSuiteMainPhase(TestSuiteExecutor.java:112)
	at com.kms.katalon.core.main.TestSuiteExecutor.execute(TestSuiteExecutor.java:81)
	at com.kms.katalon.core.main.TestCaseMain.startTestSuite(TestCaseMain.java:149)
	at com.kms.katalon.core.main.TestCaseMain$startTestSuite$0.call(Unknown Source)
	at TempTestSuite1548262393201.run(TempTestSuite1548262393201.groovy:36)]]></system-out>
      <system-err><![CDATA[2019-01-23 10:59:53 - [TEST_SUITE][FAILED] - Files: Test Cases/UI/Employee/Files/Upload file FAILED.
Reason:
com.kms.katalon.core.exception.StepFailedException: Unable to upload file '/Users/David Avalos/Downloads/eb61f4ad-6215-4f42-9c70-9ac4439222d1.jpeg' to object 'Object Repository/UI/Employee/Files/Element_1547578954950' (Root cause: org.openqa.selenium.WebDriverException: unknown error: path is not absolute: /Users/David Avalos/Downloads/eb61f4ad-6215-4f42-9c70-9ac4439222d1.jpeg
  (Session info: chrome=71.0.3578.98)
  (Driver info: chromedriver=2.43.600210 (68dcf5eebde37173d4027fa8635e332711d2874a),platform=Windows NT 10.0.15063 x86_64) (WARNING: The server did not provide any stacktrace information)
Command duration or timeout: 0 milliseconds
Build info: version: '3.7.1', revision: '8a0099a', time: '2017-11-06T21:07:36.161Z'
System info: host: 'TDG-MBL-MTY0359', ip: '192.168.1.97', os.name: 'Windows 10', os.arch: 'amd64', os.version: '10.0', java.version: '1.8.0_181'
Driver info: com.kms.katalon.selenium.driver.CChromeDriver
Capabilities {acceptInsecureCerts: false, acceptSslCerts: false, applicationCacheEnabled: false, browserConnectionEnabled: false, browserName: chrome, chrome: {chromedriverVersion: 2.43.600210 (68dcf5eebde371..., userDataDir: C:\Users\DAVIDA~1\AppData\L...}, cssSelectorsEnabled: true, databaseEnabled: false, goog:chromeOptions: {debuggerAddress: localhost:60457}, handlesAlerts: true, hasTouchScreen: false, javascriptEnabled: true, locationContextEnabled: true, mobileEmulationEnabled: false, nativeEvents: true, networkConnectionEnabled: false, pageLoadStrategy: normal, platform: XP, platformName: XP, rotatable: false, setWindowRect: true, takesHeapSnapshot: true, takesScreenshot: true, unexpectedAlertBehaviour: , unhandledPromptBehavior: , version: 71.0.3578.98, webStorageEnabled: true}
Session ID: 3bd0329052b780f6fbaea13b1b92a019)
	at com.kms.katalon.core.keyword.internal.KeywordMain.stepFailed(KeywordMain.groovy:36)
	at com.kms.katalon.core.webui.keyword.internal.WebUIKeywordMain.stepFailed(WebUIKeywordMain.groovy:65)
	at com.kms.katalon.core.webui.keyword.internal.WebUIKeywordMain.runKeyword(WebUIKeywordMain.groovy:27)
	at com.kms.katalon.core.webui.keyword.builtin.UploadFileKeyword.uploadFile(UploadFileKeyword.groovy:87)
	at com.kms.katalon.core.webui.keyword.builtin.UploadFileKeyword.execute(UploadFileKeyword.groovy:68)
	at com.kms.katalon.core.keyword.internal.KeywordExecutor.executeKeywordForPlatform(KeywordExecutor.groovy:53)
	at com.kms.katalon.core.webui.keyword.WebUiBuiltInKeywords.uploadFile(WebUiBuiltInKeywords.groovy:2945)
	at com.kms.katalon.core.webui.keyword.WebUiBuiltInKeywords$uploadFile$6.call(Unknown Source)
	at Upload file.run(Upload file:50)
	at com.kms.katalon.core.main.ScriptEngine.run(ScriptEngine.java:194)
	at com.kms.katalon.core.main.ScriptEngine.runScriptAsRawText(ScriptEngine.java:119)
	at com.kms.katalon.core.main.TestCaseExecutor.runScript(TestCaseExecutor.java:328)
	at com.kms.katalon.core.main.TestCaseExecutor.doExecute(TestCaseExecutor.java:319)
	at com.kms.katalon.core.main.TestCaseExecutor.processExecutionPhase(TestCaseExecutor.java:298)
	at com.kms.katalon.core.main.TestCaseExecutor.accessMainPhase(TestCaseExecutor.java:290)
	at com.kms.katalon.core.main.TestCaseExecutor.execute(TestCaseExecutor.java:224)
	at com.kms.katalon.core.main.TestSuiteExecutor.accessTestCaseMainPhase(TestSuiteExecutor.java:129)
	at com.kms.katalon.core.main.TestSuiteExecutor.accessTestSuiteMainPhase(TestSuiteExecutor.java:112)
	at com.kms.katalon.core.main.TestSuiteExecutor.execute(TestSuiteExecutor.java:81)
	at com.kms.katalon.core.main.TestCaseMain.startTestSuite(TestCaseMain.java:149)
	at com.kms.katalon.core.main.TestCaseMain$startTestSuite$0.call(Unknown Source)
	at TempTestSuite1548262393201.run(TempTestSuite1548262393201.groovy:36)]]></system-err>
   </testsuite>
</testsuites>
